['48', '135', '317', '106', '332', '65', '289', '211', '57', '298', '152', '342', '153', '217', '316', '311']
['255', '281', '284', '76', '252', '250', '80', '141', '258', '87', '339', '186', '62', '180', '336']
['230', '84', '322', '189', '25', '299', '111', '26', '204', '126', '220', '273']
['345', '279', '113', '257', '361', '70', '43', '270', '160', '50', '210', '343', '20']
['144', '33', '13', '363', '344', '15', '314', '351', '109', '243', '169', '288', '209', '1', '174', '185', '190', '115', '231', '83', '335', '9']
['122', '224', '193', '244', '354', '12', '105', '146', '326', '229', '263', '27', '52', '47', '353', '147', '124', '162']
['38', '73', '179', '32', '151', '306', '219', '58', '182', '37', '359', '348', '56']
['170', '85', '201', '125', '177', '272', '239', '237', '121', '242', '325', '166', '346', '61', '79']
['23', '357', '2', '93', '295', '97', '131', '69', '66', '184', '283', '90', '39', '42', '35', '225']
['172', '92', '108', '276', '154', '321', '120', '349', '167', '291', '318', '271', '95', '163', '205', '81', '206']
['286', '213', '127', '71', '301', '199', '187', '181', '305', '218', '168', '260', '261']
['18', '266', '304', '45', '247', '277', '178', '171', '159', '138', '195', '53', '102', '28', '75', '41', '333', '293', '191']
['116', '282', '355', '330', '259', '118', '240', '196', '100']
['137', '222', '188', '360', '207', '234', '134', '315', '238', '327', '155', '362', '323', '77', '287', '132']
['16', '19', '358', '212', '297', '46', '21', '55', '249', '110', '60', '78', '214', '310', '246', '347']
['107', '341', '340', '51', '49', '142', '350', '329', '324', '6', '82', '136', '164']
['278', '0', '296', '22', '183', '140', '356', '36', '104', '11', '3', '256', '91', '233', '175', '74', '312', '280', '352', '309']
['267', '64', '194', '123', '89', '24', '285', '198', '303', '4', '148']
['208', '300', '241', '319', '173', '203', '128', '313', '307', '119', '10', '67', '227', '29', '202', '129', '157', '88', '158', '200']
['165', '112', '292', '130', '139', '197', '328', '262', '294', '236', '94', '245']
['265', '101', '99', '302', '149', '235', '103', '338', '268', '221']
['143', '98', '251', '96', '320', '215', '54', '133', '269', '44', '216', '337', '34']
['17', '31', '331', '228', '274', '254', '334', '72', '63', '226', '223', '232', '156', '308', '248', '290', '161']
['117', '30', '114', '5', '8', '68', '192', '7', '59', '86', '264', '145', '14', '150', '176', '253', '40', '275']
