['33', '250', '398', '400', '177', '493', '142', '149', '52', '386', '393', '38', '194', '111', '319', '435']
['57', '205', '184', '138', '388', '189', '258', '117']
['397', '132', '204', '180', '127', '406', '83', '453', '2', '490', '422', '387', '137', '58', '332', '407', '295', '466', '468', '270']
['314', '22', '234', '269', '24', '200', '197', '271', '462', '297', '458', '82', '243', '39', '313', '364', '249', '179']
['135', '394', '144', '485', '131', '308', '376', '241', '424', '104', '11', '368']
['65', '285', '17', '222', '175', '264', '476', '95', '317', '433', '102', '296', '362', '133']
['392', '274', '487', '112', '408', '55', '141', '213', '339', '356', '136', '465', '126', '51', '232', '224', '134']
['53', '105', '383', '421', '99', '63', '14', '324', '341', '253', '301', '150', '12', '361', '306', '162', '214']
['338', '345', '49', '8', '128', '80', '160', '114', '106', '212', '34', '46', '478']
['185', '481', '216', '307', '499', '384', '359', '340', '445', '472', '246', '171', '156', '118', '342', '329', '365', '311']
['43', '121', '277', '480', '4', '230', '315', '497', '494', '268', '450', '85', '170', '444', '27', '286', '190', '262', '474']
['207', '220', '172', '0', '100', '310', '484', '37', '169', '32', '119', '192', '471']
['441', '229', '349', '267', '176', '191', '335', '492', '217', '139', '173', '496', '318', '116', '377']
['56', '153', '26', '248', '147', '226', '292', '460', '455', '309', '30', '411', '227', '9', '327', '183', '15', '266', '130', '348', '145', '40', '334', '423', '418']
['50', '10', '42', '120', '416', '346', '210', '168', '48']
['304', '148', '21', '350', '351', '25', '158', '240', '263', '59', '108', '438', '489', '23', '181', '151', '223', '202']
['396', '36', '363', '447', '459', '81', '457', '436', '236', '96', '174']
['178', '251', '88', '369', '312', '255', '252', '109', '486', '367', '260', '77', '228', '373', '124', '293', '157', '440', '6', '357']
['71', '343', '470', '86', '97', '31', '402', '370', '452', '221', '316', '299', '479', '415', '279', '257', '337']
['193', '278', '380', '374', '218', '69', '434', '412', '354', '280', '72', '420', '167', '16', '328']
['320', '76', '188', '322', '93', '439', '54', '437', '289', '491', '290', '78']
['231', '89', '107', '35', '79', '198', '391', '44', '129', '13', '414', '429', '143', '463', '239', '261']
['469', '347', '475', '206', '41', '245', '456', '201', '70', '366', '84', '451', '272', '64', '87', '196', '122', '209', '244']
['60', '73', '379', '389', '186', '495', '28', '482', '353', '300', '19', '275', '417', '199', '287', '284', '409', '164', '225']
['498', '298', '1', '161', '7', '90', '483', '446', '242', '208', '155', '336', '74', '146', '427', '461', '454', '20', '372', '103', '430', '233', '281', '330', '123', '163', '395']
['61', '302', '426', '152', '399', '159', '305', '219', '419', '385', '405', '211', '256', '333', '237', '410', '467']
['94', '182', '235', '3', '140', '166', '29', '68', '98', '276', '247', '375', '254', '303', '47', '431']
['381', '45', '282', '283', '358', '187', '115', '401', '91', '378', '355', '352', '215', '67', '110', '448', '323', '321', '66', '238', '288']
['291', '331', '488', '432', '165', '413', '62', '477', '5']
['473', '371', '425', '442', '449', '195', '203', '101', '294', '390', '18', '404', '75', '113']
['403', '92', '464', '344', '382', '326', '259', '443', '154', '125', '428', '325', '273', '360', '265']
