['abn', 'aci', 'acm', 'afk', 'ahm', 'aip', 'aiz', 'ajv', 'alu', 'amp', 'anx', 'ast']
['abo', 'ack', 'ais', 'ajh', 'aou', 'aqz']
['ada', 'agu', 'ahd', 'ajq', 'ala', 'aqd', 'arr', 'asa', 'asn']
['aar', 'aat', 'aca', 'aih', 'akc', 'alx', 'amn', 'aqp', 'are', 'asd']
['aah', 'abv', 'acj', 'adz', 'aep', 'ahu', 'aiv', 'aqj']
['abg', 'aby', 'adn', 'afc', 'afd', 'aie', 'ald', 'amw', 'anc', 'anz', 'aox', 'apb', 'arh']
['aau', 'abc', 'abe', 'aet', 'agh', 'aiq', 'ajz', 'ake', 'akl', 'akv', 'amg', 'ang', 'aps', 'ari', 'ars', 'aso']
['abz', 'afb', 'ain', 'akt', 'amx', 'aoo', 'aot']
['acu', 'afs', 'agx', 'aho', 'aia', 'ajc', 'aqk', 'aqm', 'arg', 'asg']
['adb', 'adh', 'agl', 'aht', 'alt', 'anm']
['aaf', 'abk', 'abq', 'adv', 'aff', 'afn', 'afq', 'ajx', 'akw', 'ann', 'anv', 'app', 'arz']
['adx', 'aei', 'ahc', 'aiu', 'ajm', 'aol', 'aqe', 'arv']
['aas', 'abs', 'ade', 'aef', 'aes', 'afa', 'afy', 'ahh', 'aib', 'aim', 'alw', 'aoi', 'apv']
['abt', 'acx', 'aen', 'ajn', 'aky', 'als', 'aph', 'ark', 'arl']
['aac', 'afg', 'age', 'ahj', 'ahw']
['aan', 'abu', 'adi', 'aey', 'ajk', 'ano', 'apd', 'apl']
['aco', 'aem', 'agb', 'agg', 'amf', 'anh', 'aob', 'aqf', 'arq', 'atd']
['aap', 'acs', 'aee', 'aeg', 'aev', 'akb', 'akf', 'alb', 'ali', 'amj', 'amm', 'anj', 'aoe', 'aql', 'asr', 'atf']
['aai', 'agc', 'agz', 'ajs', 'all', 'amz', 'anr', 'aog', 'apm', 'apx', 'arx']
['act', 'acz', 'aec', 'ael', 'ahx', 'ahy', 'akh', 'aof']
['aaz', 'abb', 'abj', 'afu', 'ajw', 'aom', 'apj', 'apz', 'aqt', 'asi']
['abr', 'aej', 'aeo', 'afl', 'agn', 'agy', 'ahk', 'aij', 'alv', 'amd', 'apa', 'apk', 'arb']
['aid', 'ajy', 'any', 'aod', 'aop', 'aoy', 'asz']
['aad', 'aal', 'abx', 'ace', 'adu', 'aea', 'aex', 'afe', 'aja', 'amk', 'apq', 'aro']
['add', 'adp', 'afi', 'afw', 'aml', 'aqh', 'arw', 'asq', 'ate']
['aao', 'aif', 'amh', 'aoc', 'asb', 'asc', 'asf']
['aba', 'akz', 'aoa', 'ape', 'ard', 'ase', 'ata']
['acv', 'aew', 'aez', 'agf', 'ahl', 'aks', 'alr', 'anb', 'aqi', 'arc']
['acy', 'aeu', 'agd', 'aji', 'aju', 'amo', 'amy', 'apn', 'apt', 'apy', 'aqb', 'art', 'ask', 'asm']
['abh', 'abw', 'aha', 'ahr', 'ajg', 'aki', 'akn', 'anf', 'asv', 'asy']
['abi', 'agt', 'ahg', 'aii', 'ajb', 'akj', 'ank', 'arn']
['acw', 'aed', 'afo', 'ajo', 'amb', 'apc', 'api', 'aqw', 'asx']
['acd', 'adf', 'aek', 'air', 'ajj', 'akg', 'akr', 'aov', 'apf', 'apr', 'aqx']
['ady', 'afh', 'afz', 'ait', 'ajp', 'aku', 'amc', 'ane', 'asj', 'asl', 'ass', 'atc']
['aax', 'aeq', 'afm', 'agi', 'agk', 'aig', 'aik', 'ajf', 'alc', 'ama', 'amu', 'apw', 'aqa', 'aqc', 'aqg', 'aqo', 'aqu', 'aqv', 'arp']
['ahz', 'akx', 'alk', 'ams', 'apu']
['adg', 'adk', 'agr', 'aix', 'akk', 'alg', 'amv', 'and', 'anq', 'aqq', 'aqs']
['aab', 'abl', 'acp', 'aeb', 'ajr', 'ajt', 'akm', 'akq', 'anp', 'aok', 'aon', 'aow', 'aqr']
['aak', 'aay', 'ado', 'aeh', 'aiw', 'aka', 'ako', 'alz', 'amq']
['aag', 'aaw', 'abp', 'afj', 'agm', 'agw', 'ahn', 'aiy', 'ale', 'alm', 'aos', 'aqy', 'ara', 'arf', 'arj']
['aae', 'acb', 'acc', 'acr', 'agq', 'aje', 'akp']
['acq', 'afr', 'aga', 'agp', 'ahv', 'amr', 'anl']
['aav', 'acg', 'adr', 'ahb', 'ajd', 'aly', 'amt', 'aoz', 'apg', 'aru', 'asu']
['aaa', 'aaj', 'ags', 'agv', 'ahq', 'aio', 'alh', 'alp', 'ant', 'aqn']
['abf', 'ahf', 'ahp', 'alf', 'ami', 'arm', 'ary']
['acn', 'adc', 'ads', 'aln', 'alo', 'ans', 'aoj', 'aoq', 'atb']
['aaq', 'abm', 'acf', 'acl', 'adj', 'ahi', 'ahs', 'akd', 'alq', 'aoh', 'aor', 'apo', 'asp']
['adm', 'adq', 'afp', 'aic']
['aft', 'afv', 'afx', 'ago', 'ail', 'ajl', 'alj', 'ame', 'ana', 'ani', 'asw']
['aam', 'abd', 'ach', 'adl', 'adt', 'adw', 'aer', 'agj', 'ahe', 'anu', 'anw', 'ash']
