[]
['20', '157', '165', '206', '214', '226', '228']
['104', '204']
['107', '108', '114', '230', '265']
['36', '80', '130', '264']
['119', '133', '202']
['43', '67', '87', '122', '139', '153', '163', '184']
['19', '158', '253', '266']
['27', '150', '198']
['229', '231']
['141']
['88', '90', '152', '168', '251']
['17', '69', '136', '267']
['47', '76', '169']
['38', '227']
['2', '63', '66']
['13', '179', '225']
['60', '91', '109', '110']
['1', '5', '186', '260']
['9', '41', '86', '94', '146', '216', '252']
['182']
['117']
['22', '37', '79']
['55', '166']
[]
['98', '194', '243']
['92', '128', '197']
['99', '116', '196', '224', '247', '269']
['61', '149']
['53', '54', '159', '176']
['232']
['48', '58', '151', '180']
['12', '71', '102', '221']
['8', '28', '72', '93', '121']
['45', '83', '118']
['40', '200', '203']
['25', '59', '161', '164', '185']
['24', '233']
['142', '172', '237']
['52', '111', '145', '235', '245']
['14', '218', '238']
['16', '56', '193', '210', '215']
['74', '131', '147', '190']
['120', '127', '183', '236', '246']
['4', '7', '15', '32', '262']
['49', '89']
['31', '207', '208', '249']
['68', '78', '217', '220', '248']
['250']
['6', '162']
['205', '211']
['84', '85']
['34', '100', '223', '239', '256']
['123', '143', '191', '219', '257']
['42', '171', '201']
['174']
['29', '73', '134', '135', '244']
['0', '160']
['21', '70', '199', '212', '261']
['18', '62', '106']
['112', '115', '148']
['170', '187']
['64', '65', '95', '103']
['10', '155', '173']
['23', '129', '156', '222', '255']
['75', '101', '140', '192', '263']
['96', '97', '181', '189']
['144']
['105']
['3', '46']
['125', '188', '213', '259']
['113', '240']
['33', '51', '132', '154', '234', '254']
['50', '124', '126', '177']
['26']
['57', '77', '175', '209', '241']
['35', '137', '167', '258']
['81']
['82', '268']
['11', '44', '138', '178']
['30', '39', '195', '242']
