['432', '137', '494', '200', '236', '367', '114', '90', '93']
['61', '409', '131', '39', '340', '419']
['28', '481', '154', '16']
['74', '13', '111', '334', '109']
['85', '142', '197', '387', '43', '53', '443', '224', '97', '94']
['143', '176', '294', '339']
['415', '140', '62', '20']
['192', '144', '329']
['41', '284', '412']
['283', '216', '320', '448', '221']
['172', '69', '455', '311', '381', '376', '343']
['498', '299', '270', '11']
['314', '291', '31', '460', '108', '260', '146', '255']
['427', '452', '273', '206', '309', '346', '259']
['36', '150', '159', '341']
['267', '399']
['434', '217', '489', '68', '184', '429']
['440', '467', '182', '371', '470', '52', '282', '319']
['499', '287', '404', '48', '302', '80']
['186', '110']
['461', '338', '209', '497', '335']
['196', '354', '336', '288', '238', '289', '453', '297', '279']
['116', '479', '240', '382']
['21', '345']
['473', '125']
['70', '141', '438', '54', '490']
['480']
['32', '413', '213', '463', '352', '397']
['194', '226', '135', '102', '337', '388', '27']
['161', '160', '466', '414', '372', '318']
['357', '383', '296', '149', '30', '127']
['211', '256', '166', '303', '88', '457', '126', '472']
['430', '242', '451', '492', '175', '243', '191']
['79', '298', '34', '368', '96', '347', '495']
['47', '24', '75', '22', '38', '193', '322']
['500']
['60', '237', '402', '128', '35', '251']
['4', '375', '315', '2', '252', '14', '478', '56', '45', '17', '57', '278']
['450', '280', '151']
['245', '313', '168', '188']
['324', '167', '392']
['73', '15']
['7', '6', '458', '359', '439']
['405', '426', '444', '380', '293', '171', '407']
['356', '416', '181', '285', '202']
['411', '122', '310', '342', '333', '51', '425', '406']
['99', '428']
['100', '86', '394', '265']
['59', '377', '3', '321', '153']
['491', '262', '268', '400', '353', '446', '18']
['327', '390', '177', '12']
['219', '170', '129', '157']
[]
['156', '50', '71', '386']
['437', '64', '483', '121', '229', '208', '44']
['462', '468', '351', '408', '253']
['482', '218', '84', '360', '330', '133', '477', '454', '249', '212']
['195', '95', '486']
['207', '292', '165']
['158', '358', '456', '436', '379', '325', '316']
['220', '26', '23', '215']
['162', '203', '123']
['124', '366', '10', '225', '248', '301', '199', '277']
['300', '257', '107', '476', '295', '78']
['198', '120', '304', '378', '471']
['231', '485', '82', '118', '132']
['106', '174', '147', '33', '323']
['91', '369', '115', '308', '145', '445']
['98', '89', '183']
['312', '205', '130']
['67', '474', '83']
['5', '266', '442']
['113']
['306', '424', '449']
['307', '441', '19', '484', '362', '223', '230', '29']
['487', '163', '66', '365']
['164', '204', '459', '187']
['92', '417', '396', '138', '63', '493', '239']
['233', '465', '250', '290', '272']
['261', '421', '374']
['393', '235', '317', '264']
['185', '391', '328', '8', '180', '254']
['398', '331', '364']
['65', '258', '395', '46']
['422', '179', '103', '281', '214', '447', '469', '496', '1', '40', '423', '361', '435']
['222']
['58', '228', '25']
['389', '410', '117', '418', '105']
['464', '190', '348', '241']
[]
['475', '72', '104', '152', '37']
['87', '189', '234', '305', '244']
['81', '155', '9', '227', '77', '355', '275']
['178', '332', '269', '433']
['169', '274']
['363', '42', '232', '246', '384']
['101', '431', '119', '488', '134']
['370', '173', '385', '55', '349', '76', '148', '247', '112', '350', '401', '276', '286']
['139', '326', '136', '271', '373', '344', '420', '403', '201']
['49', '263', '210']
