['bAf', 'W4L', 'U0Z', 'b99', 'Kn8', '1uW', 'bLd', 'aLB', 'uQL', 'fKV']
['fQ3', 'GpL', 'kte', '4p5', '5qS', 'zgJ', 'btz', 'CU9', 'lKO', 'Twl', 'JVP', '4LY']
['xpw', '1QY', 'gEp', 'zEh', 'h6l', 'HvR', '3kn', '6pB', 'SMj', '4fp', 'ewc', 'uGP']
['ISX', 'cmd', 'dLc', 's3z', 'ZxX', 'Epk', 'AJT', 'JLF', 'yAp', '1RB', 'WB2', 'VAV']
['IJ1', 'dvU', 'PiG', 'Hxo', 'BPL', 'nkl', 'gTC', 'vca', 'rGT', 'xx7', '4KN', 'iW8']
['Zc5', 'klv', '69w', 'Jgp', 'mIe', 'tK7', 'KRy', '6ro', 'rMd', '8uz', 'H68', '96X']
['oSh', 'pf5', 'Ns3', 'jWX', '5U2', 'ttO', 'iS6', 'bDO', 'rz4', 'gfv', 'nRH', 'YNK']
['dSZ', 'zfK', '1xS', 'Qtt', 'c3v', 'n99', 'hct', 'Ke0', 'PJa', 'wwD', 'tpP', 'oSw']
['VPb', 'sfk', 'JYa', 'G2k', 'mcI', 'Tn8', 'oPH', 'b9f']
['ptf', 'MQT', 'PPi', 'gkI', 'kYz', 'kiK', 'ULj', '00m', 'EJD', 'UmG', 'fFE', 'FzE']
['nqI', 'XMr', '4Nd', 'Eou', 'zfD', 'jGk', 'u9Q', 's6M', 'SFn']
['txp', '17Q', 'X9s', 'tFU', 'zTH', 'emD', 'hYw', '0ID', 'qmj', 'rmu']
['Hyj', 'mUL', 'YMC', 'uVg', 'oak', 'KGR', '6Hl', 'WLo', 'uZt', 'cDc', 'uii', 'Qti']
['NGB', 'oUs', 'Fmb', 'jEj', 'g08', 'eGG', 'jFu', 'AHs', 'Fws', '9ug', 'rC8', 'BV4']
['2mv', 'AKr', 'FkC', 'X5J', '9F9', 'm5j', 'gE4', 'i9C', 'SmS', 'BDE', 'z1H', '5n5']
['Ihb', 'aTI', 'GUX', 'U0P', 'vJC', 'nc0', 'lsG', 'kZ0', 'ZNv', 'Ql9', 'ZVF', 'D40']
['5Li', 'AK4', 'nf5', 'O2z', 'IZQ', 'Wmv', '5zB', '6Ip']
['1gc', 'QDa', 'Qa3', 'qLD', 'W2Z', 'Afe', 'Swe', 'iTo', '0RD', 'e6S', 'e8d']
['XHa', '28R', 'iGU', 'MNb', 'YFC', 'x8V', 's1n', '19T', 'a55', 'J8r', 'j3s', 'N08']
['8VG', 'hHB', 'wqW', 'Z7b', 'uH4', 'xLA', 'E2A', 'WXJ', 'Itn', 'USE', 'NiX', 'e8H']
['1aX', 'F9o', '8uu', 'Mvm', 'mGb', '0oy', 'LTB', '5jv', 'PlJ', 'MrD', 'stN', 'mRG']
['3QX', '4nb', '27J', 'iFt', 'X5a', 'EJa', 'mFO', 'TUB', 'b7z', '6sH', 'VZ7', 'OCL']
['blA', 'vyM', 'tKI', 'rXN', 'qDy', 'Qyh', 'D5B', 'Xim', 'W8n', 'ZQL', '8nm', '5i6']
['0gI', 'tEu', 'aZv', 'SiL', 'rYU', 'mLF', 'UDc', 'AcJ', 'i4H', 'Y2z', '81k', 'HkK']
['FEQ', 'mLL', 'fFJ', 'hiF', 'JcP', 'FbA', '9NA']
['P8b', 'UPL', 'PqY', 'rgC', 'hQH', 'h3r', 'tfQ', 'psG', 'sKX', 'JWV', 'KS2', '2UA']
['xRH', 'nQj', 'Bfu', 'pTi', 'Pas', '6na', 'nQv']
['EoI', 'YUZ', 'iiE', 'VCH', 'KZy', 'gVV', 'Gu6', 'oZQ', 'GRw', '2vJ', 'gEU', 'cEk']
['Jla', 'H9O', 'iba', 'I2S', 'HWv']
['etm', 'wgA', 'NqO', 'YEe', 'SV9', 'QhQ', 'Hi0', 'YBr', 'euj', 'ZY3']
['VoJ', 'a4K', '70K', 'x86', 'NXP', 'ZFU', '8j5', 'LiP', 'CYA', 'JfN', '4gy', 'v6U']
['cFa', 'yLV', 'XlR', 'xxJ', 'ziA']
['QEF', 'u1N', 'f9z', 'xqY', 'ux2', 'JyM', 'qkE', 'PQT', 'gWT', 'B99', 'VVW', 'kT2']
['CwC', 'qPq', 'slQ', 'dNX', 'Ot9', 'PoH', 'xz4', 'hdp', 'L1u', 'IU6', '0Qs', 'tm4']
['DoC', 'upV', 'U4K', 'Hbr', 'NyP', 'I2i', 'WLk', 'd60', 'bA6', 'czy', 'wGp', 'dlb']
