['Christan', 'Catharine', 'Annelise', 'Calla', 'Anjela', 'Ambur', 'Alexandrina', 'Cammi', 'Brandy', 'Annora']
['Bernardine', 'Penny', 'Babbie', 'Anastassia', 'Angil', 'Binni', 'Bobbye', 'Belva', 'Blinnie', 'Babette']
['Ardra', 'Bettine', 'Barbabra', 'Cacilia', 'Ali', 'Berty', 'Aveline', 'Chelsey', 'Betteann', 'Aile']
['Bellanca', 'Carmine', 'Benita', 'Bibbie', 'Bobbee', 'Bobby', 'Bernardina', 'Arliene', 'Bethany', 'Asia']
['Carlee', 'Camella', 'Amanda', 'Christal', 'Blythe', 'Amargo', 'Catherine', 'Abra', 'Barbaraanne', 'Bridgette']
['Carena', 'Amy', 'Alice', 'Abby', 'Barbra', 'Alexia', 'Cody', 'Adelice']
['Camel', 'Addi', 'Carlye', 'Berni', 'Bryna', 'Annabel', 'Carlyn', 'Alanah', 'Anne', 'Carmelita']
['Anet', 'Cele', 'Alyda', 'Berri', 'Betti', 'Cathrine', 'Callida', 'Beverie', 'Christel', 'Anica']
['Allissa', 'Alikee', 'Chanda', 'Annadiane', 'Arlene', 'Carole', 'Ara', 'Bess', 'Ardene', 'Carlynn']
['Babbette', 'Bessy', 'Christyna', 'Allegra', 'Anni', 'Astrix', 'Bobette', 'Ashlen', 'Cariotta', 'Aurore']
['Aubine', 'Cesya', 'Cherise', 'Ashlie', 'Austina', 'Cassy', 'Carrissa', 'Athene', 'Brandea', 'Augusta']
['Candis', 'Adelheid', 'Chiarra', 'Angela', 'Aubrette', 'Cammy', 'Cami', 'Brigid', 'Alisun', 'Caryn']
['Angie', 'Alayne', 'Allix', 'Bill', 'Anallese', 'Billy', 'Amabel', 'Andrea', 'Cheslie', 'Ashli']
['Charlot', 'Andi', 'Charleen', 'Alie', 'Caren', 'Bernadine', 'Benetta', 'Arlina', 'Calli', 'Aili']
['Annabelle', 'Carolyn', 'Billie', 'Ada', 'Billi', 'Brandise', 'Aliza', 'Berna']
['Ardella', 'Bertine', 'Bobinette', 'Caryl', 'David', 'Bobbie', 'Calida', 'Beatrice', 'Candra', 'Adoree']
['Carmel', 'Angel', 'Caril', 'Charin', 'Alejandra', 'Berta', 'Andriana', 'Ariela', 'Bride', 'Alexi']
['Brigida', 'Andree', 'Alvira', 'Bert', 'Annabela', 'Chiquia', 'Alysa', 'Bliss', 'Anatola', 'Athena']
['Anabal', 'Celestyn', 'Barbey', 'Arlie', 'Bunny']
['April', 'Bonnee', 'Bernete', 'Alissa', 'Alverta', 'Aeriel', 'Cherilyn', 'Anabelle', 'Cherrita', 'Chelsy']
['Ailene', 'Charity', 'Auroora', 'Brier', 'Aurelea', 'Bunni', 'Audy', 'Agnola', 'Babara']
['Caro', 'Charyl', 'Catie', 'Aaren', 'Annamaria', 'Agace', 'Charmion', 'Almeda', 'Adorne', 'Brandie']
['Brandi', 'Celie', 'Casandra', 'Anthiathia', 'Caroljean', 'Blanche', 'Alys', 'Alix', 'Belita', 'Babita']
['Antoinette', 'Agatha', 'Carri', 'Betty', 'Christye', 'Avis', 'Alicea', 'Blancha', 'Angelina', 'Ardeen']
['Analiese', 'Babs', 'Caralie', 'Celestine', 'Carolina', 'Cal', 'Catlaina', 'Christabella', 'Aimil', 'Caron']
['Catlee', 'Carina', 'Cherye', 'Brittaney', 'Bamby', 'Cassondra', 'Casie', 'Catriona', 'Anastasia', 'Bren']
