['19', '111', '116', '180', '243']
['120']
['209', '229']
['8', '9', '107', '162']
['3', '23', '30', '51', '59', '212']
['66', '144', '193', '195']
['81', '135']
['110', '167']
[]
['42', '152']
['2', '71', '175', '179', '202']
['187']
['94', '205']
['22', '37', '58', '198', '226']
['95']
['196']
['78', '182']
['62', '132', '160', '242', '249']
['148', '232']
[]
['12', '13', '17']
['21', '56', '70', '84', '157']
['105', '189']
['5', '24']
['46', '211']
['106', '159']
['142']
['36', '64', '151', '169']
['79', '201', '204', '208']
['99', '136']
['87', '134', '227']
['53', '77', '156', '250']
['112', '197', '203', '234']
['68', '113', '124', '238', '239']
['11', '119']
[]
['166', '170']
['0', '18', '33', '125', '126', '176']
[]
['69', '97']
['26', '34']
['73', '85']
['10', '91', '118', '194']
['4', '88', '150', '214']
['98']
['32', '186', '247']
[]
['72']
['109', '147']
['14', '29', '44', '82', '237']
['143']
['52']
[]
['139', '218']
['40', '129', '224']
['83', '191']
['158', '163', '236']
['41', '164', '199']
['161', '185']
['49', '117', '244']
['16', '60']
['168', '216']
['67', '108', '127', '138', '140']
['39', '45', '172', '210', '219']
['43', '61', '154', '188', '213']
['90', '165', '173', '230']
['25']
['15', '133', '137', '141', '241']
[]
['128', '215']
['54', '200']
['55', '225']
['63']
['171', '181']
['1', '103']
['38', '75', '235']
['146', '178', '245']
['28', '92', '102', '122', '145']
['93', '183', '228']
[]
[]
['48', '57', '233']
['123']
['74', '96']
['27', '50', '121']
[]
['114', '207', '248']
['80', '89', '153', '174']
['6', '240']
[]
['86', '190', '192']
['20', '101']
['65']
['35', '222']
['149', '206']
['47', '104', '155']
['31', '221', '246']
['76', '100', '115', '130', '131', '177', '184', '217', '231']
['7', '220', '223']
[]
