['7', '36', '100', '104', '125', '138', '149', '156', '166', '175', '218', '237', '261', '265', '297', '312', '313', '315', '331', '349', '372', '376', '388', '402', '432', '437', '466', '490', '493']
['15', '45', '47', '53', '71', '75', '81', '84', '101', '126', '127', '142', '162', '209', '240', '257', '281', '327', '337', '377', '383', '436', '445', '454', '456', '458', '463']
['24', '26', '51', '63', '73', '83', '120', '129', '150', '205', '206', '245', '274', '289', '322', '335', '375', '390', '410', '441', '452', '457', '464', '487', '492']
['8', '25', '44', '48', '50', '74', '89', '107', '135', '171', '184', '194', '197', '200', '203', '207', '278', '310', '343', '382', '397', '422', '430', '442', '447', '462']
['5', '19', '37', '98', '118', '119', '154', '185', '246', '247', '250', '258', '262', '270', '272', '284', '299', '304', '324', '353', '398', '443', '444', '477', '484', '486']
['6', '23', '61', '121', '152', '174', '188', '222', '229', '241', '266', '268', '283', '285', '295', '296', '319', '334', '352', '363', '406', '474', '485', '489']
['28', '77', '86', '95', '109', '124', '131', '137', '141', '147', '168', '235', '251', '269', '280', '309', '348', '367', '393', '409', '423', '425', '496', '498']
['38', '42', '43', '79', '80', '99', '102', '112', '128', '167', '180', '202', '212', '227', '277', '292', '300', '303', '329', '330', '341', '345', '358', '362', '416', '440', '478']
['10', '16', '40', '67', '88', '96', '105', '169', '170', '177', '190', '193', '198', '208', '223', '225', '224', '231', '233', '238', '259', '291', '307', '347', '355', '401', '424', '433', '449', '453', '465']
['9', '20', '22', '35', '49', '123', '140', '153', '163', '199', '204', '211', '214', '217', '263', '271', '298', '305', '371', '385', '404', '411', '412', '415', '418', '420', '429', '499']
['13', '14', '18', '30', '31', '46', '66', '85', '122', '134', '143', '161', '181', '210', '213', '215', '249', '302', '339', '359', '364', '378', '379', '384', '413', '460', '473', '488']
['3', '29', '55', '130', '145', '157', '159', '164', '186', '244', '254', '336', '361', '386', '389', '396', '419', '438', '470', '476', '481', '497']
['27', '41', '54', '69', '82', '94', '117', '132', '155', '160', '182', '191', '201', '236', '242', '264', '273', '308', '340', '366', '448', '451', '472', '475', '495']
['4', '60', '65', '115', '136', '165', '189', '230', '287', '293', '294', '346', '350', '380', '387', '399', '405', '408', '426', '434', '467', '469']
['12', '17', '21', '144', '148', '158', '176', '196', '219', '221', '228', '239', '253', '275', '306', '325', '374', '407', '428', '468', '479']
['11', '33', '78', '90', '92', '103', '113', '114', '146', '151', '232', '234', '248', '260', '276', '282', '290', '311', '320', '332', '342', '344', '357', '360', '392', '414', '427', '494']
['52', '56', '59', '64', '91', '93', '106', '111', '116', '172', '216', '220', '243', '286', '317', '326', '328', '333', '394', '417', '435', '459', '461', '491']
['32', '34', '39', '62', '70', '72', '76', '139', '173', '179', '252', '256', '301', '314', '323', '354', '356', '373', '403', '446', '480']
['0', '2', '57', '58', '68', '87', '108', '110', '133', '226', '318', '338', '351', '365', '370', '381', '391', '395', '400', '421', '431', '455', '483']
['1', '97', '178', '183', '187', '192', '195', '255', '267', '279', '288', '316', '321', '368', '369', '439', '450', '471', '482']
