['153', '219', '385', '405']
['349']
['139', '207', '231']
['246']
['221', '271', '299']
['73', '183', '237']
['57', '103', '152']
['213', '311', '325', '412', '423']
['81', '163', '174', '204', '228']
['345', '426']
['52', '68', '286', '298', '381']
['10', '323', '418']
['70', '344', '398', '407']
['12', '92']
['21', '27', '28', '130', '290']
['177', '424']
['149', '217', '380', '389', '394']
['2', '146', '273', '297']
['173', '266']
['31', '91', '192', '263', '291']
['113', '270', '387', '416']
['96', '211', '226', '413']
['37', '98', '131', '194', '201']
['118', '134', '302']
['47', '316', '356']
['67', '161', '248', '375', '376']
['206', '420']
['93']
['16', '132', '142', '397']
['20', '386', '408']
['249', '259', '332']
['223', '261', '312', '354']
['29', '35', '126', '138', '151']
['80', '224', '378']
['46', '51', '122', '306', '341']
['111', '287', '319', '340', '368']
['8', '9', '196', '240', '244']
['361', '377']
['406']
['75', '147', '154', '251', '343']
['5', '179', '222', '363']
['53', '95', '374']
['79', '218']
['241', '245', '371']
['310', '366', '379']
['32', '64', '65', '203', '229']
['38', '109', '156', '234', '358']
['191', '403']
[]
['115', '186', '236', '265', '393']
['36', '66', '388', '421']
['106', '133', '144', '350']
['84', '272', '331']
['100', '169', '233', '342', '362']
['86', '193', '239', '283']
['85', '101', '320', '335', '364']
['48', '284', '355']
['17', '23', '78', '277', '293']
['145']
['13', '54', '82', '391', '401']
['39', '49', '165', '168', '276']
['116', '304', '360', '425']
['44', '45', '264', '274', '333']
['178', '202', '208', '269', '278']
['42', '63', '254', '346']
['327']
['71', '135', '140']
['105', '167', '330']
['212', '267', '324', '384']
['60', '119', '328', '402']
['40', '348', '370', '373', '383']
['88', '157', '160']
['114', '227', '322', '409', '414']
['6', '58', '162']
['83', '189', '253', '285', '392']
['367', '390']
['72', '123', '141', '232', '282']
['125', '252', '400']
['1', '164', '216', '419']
['357', '399']
['18', '50', '200', '230', '296']
['313', '329']
['33', '104', '369', '404']
['185', '257', '301', '395']
['99', '108', '117', '171', '262']
['166', '315']
['41', '238', '258', '351']
['15', '242', '255', '294', '382']
['77', '143', '158', '182', '279']
['334']
['281']
['14', '220', '295', '321', '352']
['55', '159', '353']
[]
['89', '102', '338']
['235', '292']
['339', '372']
['127', '180', '190', '209', '326']
['7', '69', '136', '150', '197']
['26', '181']
['61', '317', '359']
['76', '112', '148', '175', '214']
['110', '129', '137', '184']
['87', '288', '309', '410']
['59', '195', '215', '305']
['19', '124', '172', '199']
['347']
['34', '256', '300', '417']
['0', '275', '280', '336', '422']
['3', '107', '250']
['25', '97', '243', '396']
['22', '24', '30', '187', '205']
['4', '155', '247', '268']
['56', '337']
['120', '318']
['62', '90', '94', '314']
['43', '128', '176', '411']
['170', '225']
['74', '121', '307']
['188', '198', '210', '260']
['11', '289', '365', '415']
['303', '308']
