['7', '36', '99', '104', '125', '138', '149', '156', '165', '175', '217', '237', '261', '265', '296', '311', '313', '315', '331', '349', '373', '376', '388']
['15', '45', '47', '53', '72', '75', '81', '84', '101', '126', '127', '143', '162', '209', '240', '257', '282', '328', '337', '377', '383']
['25', '26', '51', '64', '73', '83', '121', '128', '151', '205', '206', '246', '273', '288', '322', '336', '375', '389', '391']
['8', '24', '44', '49', '50', '74', '89', '106', '136', '172', '184', '195', '197', '200', '203', '207', '278', '310', '342', '364', '382', '396']
['5', '19', '37', '98', '118', '119', '154', '185', '245', '247', '250', '259', '262', '270', '272', '284', '299', '305', '324', '338', '353', '384', '398']
['6', '23', '61', '120', '152', '174', '187', '222', '229', '241', '267', '268', '283', '285', '295', '297', '319', '334', '352', '363']
['28', '77', '87', '95', '109', '124', '131', '137', '141', '147', '168', '235', '251', '269', '280', '309', '348', '367', '393']
['38', '41', '43', '78', '80', '100', '102', '112', '129', '167', '180', '201', '212', '227', '277', '292', '300', '303', '329', '330', '341', '345', '357', '362', '380']
['9', '16', '40', '67', '88', '96', '105', '169', '170', '177', '190', '193', '198', '208', '223', '224', '225', '231', '232', '239', '258', '291', '307', '347', '355']
['10', '20', '22', '35', '48', '123', '140', '153', '163', '199', '204', '210', '214', '218', '263', '271', '298', '304', '371', '379', '385']
['13', '14', '17', '30', '31', '46', '66', '68', '85', '122', '133', '134', '142', '161', '181', '211', '213', '215', '249', '302', '339', '359', '365', '370', '378']
['3', '29', '55', '130', '145', '157', '158', '164', '186', '244', '254', '335', '361', '386', '390', '397']
['27', '42', '54', '56', '69', '82', '93', '110', '117', '132', '155', '160', '182', '191', '202', '236', '242', '264', '274', '308', '340', '350', '366']
['4', '60', '65', '114', '135', '166', '189', '226', '230', '287', '293', '294', '318', '346', '351', '381', '387', '395', '399']
['12', '18', '21', '86', '144', '148', '159', '176', '196', '219', '221', '228', '238', '252', '275', '306', '325', '374']
['1', '11', '34', '79', '90', '92', '103', '113', '115', '146', '150', '233', '234', '248', '260', '276', '281', '290', '312', '321', '332', '343', '344', '358', '360']
['52', '57', '58', '59', '63', '91', '94', '107', '111', '116', '171', '216', '220', '243', '286', '317', '326', '327', '333', '394']
['32', '33', '39', '62', '70', '71', '76', '139', '173', '178', '253', '256', '301', '314', '323', '354', '356', '372', '392']
['0', '400']
['2', '97', '108', '179', '183', '188', '192', '194', '255', '266', '279', '289', '316', '320', '368', '369']
