['1', '427', '364', '353', '321', '297', '271', '11127', '251', '236', '213', '189', '182', '133', '1118', '120', '64', '38', '41', '28', '32', '12']
['0', '447', '432', '433', '435', '437', '11125', '406', '391', '342', '330', '333', '305', '262', '245', '249', '233', '235', '215', '196', '190', '158', '114', '110', '100', '103', '104', '80', '74', '48']
['450', '449', '394', '374', '363', '338', '323', '313', '314', '311', '303', '11117', '276', '265', '11116', '241', '222', '201', '175', '86', '69']
['448', '439', '419', '408', '410', '316', '301', '281', '263', '227', '228', '221', '203', '176', '111', '84', '23', '25', '10']
['451', '367', '341', '11128', '207', '152', '97', '1113', '37', '21']
['458', '461', '434', '423', '405', '378', '354', '325', '312', '292', '285', '240', '224', '205', '153', '92', '95', '90', '77', '78', '50', '34']
['456', '459', '2', '445', '399', '390', '395', '386', '382', '365', '335', '289', '220', '211', '212', '171', '165', '154', '149', '142', '126', '112', '54', '55', '24', '8']
['11126', '415', '418', '393', '388', '359', '348', '320', '317', '286', '261', '246', '128', '1117', '123', '109', '98', '101', '71', '19', '7', '1111', '11113']
['452', '444', '436', '416', '403', '11124', '387', '368', '357', '350', '345', '340', '308', '302', '298', '277', '272', '268', '252', '209', '202', '177', '170', '11110', '36']
['453', '455', '414', '409', '407', '380', '257', '226', '218', '208', '191', '192', '172', '167', '148', '136', '139', '94', '72', '52']
['440', '443', '426', '411', '397', '358', '266', '258', '231', '223', '178', '166', '156', '150', '144', '131', '89', '79', '70', '66', '45', '1114', '11', '1112']
['4', '425', '412', '299', '288', '259', '242', '199', '146', '106', '73', '76', '63', '47', '39', '30']
['460', '375', '377', '355', '351', '337', '318', '274', '267', '183', '185', '173', '134', '102', '65', '56', '15']
['462', '424', '396', '385', '389', '383', '331', '332', '293', '279', '260', '247', '244', '210', '6', '141', '135', '118', '99', '87', '67', '57', '33']
['464', '454', '404', '366', '362', '347', '339', '315', '291', '269', '184', '169', '160', '143', '137', '105', '91', '14', '20']
['5', '428', '431', '11121', '346', '329', '284', '278', '280', '250', '239', '243', '229', '230', '214', '11112', '193', '180', '181', '155', '81', '42']
['442', '429', '401', '384', '369', '352', '296', '282', '270', '219', '11111', '198', '157', '140', '132', '107', '93', '60', '31', '16', '17', '13']
['466', '441', '373', '360', '356', '327', '11119', '11115', '234', '186', '187', '188', '1119', '159', '151', '130', '117', '82', '29', '18']
['463', '457', '446', '417', '370', '309', '310', '304', '294', '275', '253', '256', '217', '206', '194', '195', '145', '129', '119', '124', '116', '88', '83', '75', '49', '51', '53', '46']
['3', '438', '413', '402', '398', '372', '376', '349', '334', '326', '11120', '319', '306', '11118', '287', '254', '232', '197', '200', '174', '161', '164', '122', '68', '43', '9', '11129']
['467', '430', '421', '392', '379', '343', '344', '328', '295', '238', '237', '204', '179', '163', '113', '1116', '59', '61', '44', '22']
['465', '420', '422', '400', '381', '371', '361', '336', '307', '300', '273', '264', '216', '168', '138', '108', '85', '1115', '58', '26', '11114']
['11123', '11122', '324', '322', '290', '283', '255', '248', '225', '162', '147', '127', '121', '125', '115', '96', '62', '35', '40', '27']
