['WSD', 'XIY', 'NOP', 'YKF', 'UZY', 'KLM', 'BCI', 'MCI', 'VYF', 'JSL', 'PDU', 'DWU', 'YDT', 'MUL', 'UDD', 'MZP', 'DCZ', 'JII', 'NNG', 'IKW', 'YNR', 'ELJ', 'EQX', 'TMR', 'CNU']
['YYG', 'YSP', 'KNO', 'WJI', 'IKB', 'HGF', 'DAT', 'KNZ', 'VQR', 'FKU', 'OCI', 'QVI', 'RYA', 'AZD', 'YDL', 'XEN', 'ESU', 'UKO', 'LOQ', 'TKB', 'CGQ', 'FSW', 'EBY', 'ECG', 'YVQ']
['LLX', 'JXZ', 'EKJ', 'MSC', 'ULP', 'SCK', 'OEN', 'JZA', 'ZGL', 'VFM', 'AIM', 'AJB', 'CGD', 'OHR', 'TFT', 'PME', 'IKN', 'HXF', 'IAM', 'GEF', 'RKH', 'IPV', 'RUR', 'FDS', 'WWL']
['FTE', 'POJ', 'XRV', 'IPK', 'IIY', 'SQR', 'TMD', 'IYH', 'IQJ', 'LUT', 'PVS', 'WLU', 'HUN', 'RYE', 'JKL', 'QMI', 'RIA', 'JME', 'WER', 'EOF', 'QIB', 'FCJ', 'YKR', 'VTH', 'WMY']
['VAC', 'HTW', 'BLK', 'PVQ', 'BHL', 'OXU', 'VZX', 'RNM', 'AQN', 'KMP', 'SGO', 'UNW', 'XVQ', 'MIN', 'WJS', 'MUV', 'AUL', 'SUT', 'YSD', 'TUK', 'EEA', 'AGI', 'HIG', 'QYA', 'GUQ']
['WCD', 'TFQ', 'ITN', 'FTI', 'CCY', 'XEO', 'RJS', 'XDE', 'HPV', 'CUZ', 'VFV', 'NLS', 'KZQ', 'FWB', 'ACJ', 'QFE', 'JTZ', 'JWQ', 'VWR', 'MOH', 'SUQ', 'HXZ', 'YYU', 'KXZ', 'QZB']
['MVS', 'THJ', 'RDG', 'TVZ', 'HJA', 'IEK', 'PBP', 'SRP', 'HGD', 'ZQN', 'DAW', 'YER', 'DHT', 'TWL', 'RYT', 'LBW', 'XOE', 'JXM', 'VRD', 'CAO', 'QAM', 'ZCY', 'IIT', 'AHE', 'CHA']
['NFI', 'BBZ', 'SCS', 'WHJ', 'VCY', 'UOM', 'NLI', 'XXQ', 'QJK', 'EPR', 'LJA', 'OII', 'SAQ', 'PTX', 'BZI', 'HCD', 'GLR', 'HQB', 'TBT', 'VMJ', 'DRX', 'FOD', 'IFO', 'AWX', 'TBN']
['NXU', 'KEQ', 'MSE', 'GWT', 'YKH', 'BCW', 'JMO', 'ZFU', 'SNM', 'SCX', 'FTL', 'ALL', 'TFN', 'YUG', 'FXI', 'FJH', 'JHO', 'NWB', 'NHA', 'ZCF', 'ZFO', 'MIE', 'QTQ', 'UEN', 'UFK']
['AYK', 'LZE', 'TQB', 'RSJ', 'FHI', 'ZKY', 'FWA', 'SFK', 'SYQ', 'YHX', 'ODG', 'EDP', 'EDD', 'RIX', 'TVY', 'BRY', 'YPX', 'WWT', 'KLV', 'KVY', 'KAJ', 'MNB', 'IUY', 'BJR', 'APD']
['NGH', 'DFW', 'KMD', 'CDW', 'CEY', 'EAA', 'PGE', 'ARM', 'WGY', 'GUR', 'NUG', 'JZV', 'GMF', 'CRF', 'LHQ', 'FXX', 'ROL', 'CXP', 'GGA', 'QQN', 'SDF', 'UCH', 'TLC', 'SRB', 'XQI']
['FPT', 'SMM', 'RKO', 'VMW', 'QCJ', 'ACP', 'LWA', 'UMO', 'CJB', 'SFJ', 'PCL', 'JMT', 'RBJ', 'OVZ', 'MMS', 'MVB', 'OON', 'SQS', 'ZFK', 'CZB', 'AMV', 'UIO', 'BFH', 'RNU', 'GUN']
['LWH', 'PYK', 'KUO', 'LMU', 'UTL', 'PIL', 'WKY', 'GPL', 'YTQ', 'MLN', 'CDZ', 'FCU', 'QBJ', 'ABC', 'POR', 'LTC', 'KLS', 'GGP', 'GBL', 'FPR', 'SGT', 'JDC', 'PAX', 'CIH', 'TQM']
['CHR', 'ZNQ', 'WDF', 'FJL', 'CFP', 'NPS', 'HMT', 'YWW', 'UKF', 'QNG', 'MLH', 'YLS', 'HHK', 'YTR', 'UGW', 'ZIT', 'XCX', 'MJR', 'SFD', 'HNC', 'HYW', 'MAC', 'KJN', 'MBZ', 'QLI']
['UHE', 'MYN', 'EUK', 'JGS', 'UZU', 'QRE', 'VXB', 'JVR', 'GFL', 'XJW', 'LGP', 'POC', 'QLH', 'VWX', 'NDI', 'WZL', 'ZJU', 'XFW', 'XHQ', 'SCZ', 'IPG', 'RZW', 'RUP', 'ZRO', 'WYK']
['UHU', 'AYJ', 'LZP', 'ZBF', 'DMH', 'WTX', 'TDJ', 'IPY', 'SNW', 'GPH', 'ALI', 'XWK', 'NJD', 'OFJ', 'QTJ', 'GSB', 'NXI', 'ARV', 'CFJ', 'DNE', 'PAS', 'FWN', 'ZPA', 'KSW', 'KVD']
['PKK', 'INO', 'DMP', 'RSG', 'TGH', 'BDX', 'ZBU', 'DTW', 'EWG', 'DOT', 'SDH', 'EBB', 'EZU', 'QIK', 'NSI', 'QTR', 'IFU', 'WED', 'PMO', 'IUE', 'TGW', 'GUE', 'GGM', 'EBA', 'BTJ']
['PJW', 'YSM', 'NQL', 'PAU', 'PON', 'WCB', 'MJV', 'YKQ', 'FUR', 'DZR', 'YYJ', 'WUI', 'FEV', 'ASO', 'XKQ', 'DYU', 'GYM', 'DXK', 'ALG', 'PGO', 'NDJ', 'IDJ', 'MED', 'BIN', 'CYA']
['FMU', 'FOW', 'ELO', 'SFB', 'DJA', 'HPH', 'BEQ', 'QDB', 'HZF', 'YYC', 'OZT', 'HBC', 'NTW', 'JJB', 'XVF', 'DTS', 'MUO', 'SUP', 'LZI', 'OLD', 'XPW', 'JZY', 'YOA', 'MWQ', 'NDB']
['IYD', 'YEN', 'LXJ', 'PZA', 'JUQ', 'RXD', 'SNS', 'KDV', 'XNY', 'DMN', 'WIF', 'YAR', 'GXJ', 'FQC', 'QEP', 'ONX', 'LHD', 'NGI', 'DTU', 'TSS', 'GUT', 'KLZ', 'IDO', 'JOQ', 'FXH']
