['197', '116', '166', '191', '252', '264', '205', '179', '261', '242', '173', '349', '161', '58', '100', '356', '281', '357', '177', '152']
['317', '386', '122', '56', '270', '127', '300', '288', '118', '243', '129', '4', '259', '371', '40', '278', '192', '311']
['95', '303', '245', '142', '236', '143', '2', '70', '234', '60', '338', '322', '20', '344', '196']
['358', '226', '178', '81', '45', '200', '182', '79', '110', '66', '163', '62', '256', '74', '336', '223']
['269', '359', '147', '239', '94', '14', '399', '321', '337', '34', '306', '361', '395', '158']
['366', '189', '260', '108', '71', '155', '389', '204', '5', '240', '364', '315', '373', '174', '13', '325', '263', '16', '119', '157']
['131', '117', '84', '188', '342', '7', '253', '324', '140', '52', '128', '111', '228', '199']
['352', '159', '88', '72', '255', '246', '277', '65', '339', '25', '396', '26', '335', '48', '154', '275', '331', '346', '292', '54']
['92', '221', '345', '304', '121', '78', '218', '93', '370', '313', '320', '103', '156', '181', '27', '381', '133', '332', '216', '3']
['185', '285', '224', '210', '153', '383', '353', '164', '268', '340', '249', '49', '169', '109', '355', '291', '379', '12', '98', '134']
['9', '241', '289', '160', '334', '297', '146', '42', '372', '213', '254', '190', '17', '145', '398', '308', '374', '101', '144', '193']
['369', '258', '198', '212', '171', '209', '220', '257', '22', '180', '67', '211', '76', '323', '305', '262', '132', '284', '149', '167']
['162', '347', '272', '266', '314', '312', '384', '30', '274', '53', '15', '148', '287', '194', '328', '316', '64', '397', '229', '130']
['309', '294', '222', '57', '327', '138', '125', '23', '46', '227', '187', '307', '168', '11', '123', '348', '37', '375', '354', '283']
['290', '230', '97', '82', '350', '176', '8', '135', '50', '296', '21', '41', '44', '38', '19', '329', '333', '10', '89', '33']
['99', '280', '250', '63', '68', '298', '90', '175', '202', '360', '115', '201', '237', '73', '170', '104', '330', '244']
['126', '225', '368', '91', '141', '203', '113', '18', '302', '47', '219', '102', '75', '24', '112', '217']
['206', '310', '391', '6', '214', '388', '215', '276', '31', '390', '319', '247', '248', '365', '392', '120', '55', '29', '362', '377']
['1', '96', '265', '380', '208', '105', '86', '61', '43', '69', '295', '87', '114', '251', '32', '80', '83', '231', '351', '286']
['124', '271', '151', '343', '195', '318', '393', '186', '293', '77', '273', '233']
['341', '299', '106', '59', '387', '376', '301', '400', '394', '137', '35', '367', '378', '382', '85', '238', '165']
['207', '385', '183', '326', '172', '279', '282', '139', '150', '39', '184', '232', '28', '136', '51', '107', '36', '235', '363', '267']
