['40', '61', '65', '140', '195', '224', '234', '255', '327', '361', '487']
['41', '63', '227', '242', '389', '442']
['80', '177', '186', '250', '286', '415', '459', '468', '477']
['17', '19', '54', '215', '262', '309', '325', '431', '446', '472']
['7', '49', '62', '103', '121', '202', '229', '421']
['32', '52', '93', '132', '133', '212', '289', '334', '340', '363', '383', '391', '449', '466']
['20', '29', '31', '115', '163', '259', '264', '271', '281', '319', '344', '409', '450', '460', '476']
['53', '131', '222', '225', '276', '335', '379', '387']
['72', '148', '180', '197', '208', '426', '428', '448', '479']
['81', '85', '167', '201', '305', '347']
['5', '36', '37', '99', '135', '144', '146', '257', '282', '348', '359', '406', '467']
['101', '113', '184', '221', '246', '375', '420', '463']
['18', '44', '83', '110', '108', '130', '154', '189', '209', '220', '308', '374', '412']
['45', '77', '119', '247', '284', '298', '397', '452', '453']
['2', '136', '161', '191']
['11', '47', '86', '128', '244', '352', '393', '401']
['67', '118', '157', '162', '318', '345', '365', '422', '458', '497']
['15', '70', '109', '111', '125', '261', '265', '287', '295', '322', '324', '349', '369', '427', '485', '499']
['8', '159', '181', '252', '300', '337', '355', '371', '402', '404', '465']
['71', '79', '105', '117', '205', '206', '267', '370']
['25', '28', '35', '150', '237', '256', '377', '399', '416', '435', '481']
['43', '114', '120', '142', '169', '176', '192', '217', '307', '316', '388', '400', '444']
['211', '258', '362', '367', '380', '384', '494']
['3', '12', '51', '56', '98', '104', '127', '134', '235', '312', '407', '456']
['76', '91', '138', '152', '323', '424', '464', '484']
['14', '213', '320', '366', '470', '478']
['27', '285', '364', '394', '445', '474', '492']
['73', '126', '129', '158', '194', '280', '296', '339', '425', '433', '437']
['78', '124', '160', '231', '254', '326', '336', '403', '410', '414', '418', '461', '471', '475', '498']
['26', '50', '182', '200', '241', '268', '273', '343', '489', '493']
['34', '175', '185', '216', '236', '269', '350', '455']
['75', '107', '141', '155', '248', '314', '392', '398', '439', '491']
['55', '74', '116', '226', '243', '266', '279', '390', '395', '408', '440', '469']
['102', '137', '204', '228', '249', '278', '306', '315', '342', '482', '473', '486', '496']
['23', '122', '143', '164', '166', '214', '218', '240', '288', '313', '332', '413', '417', '419', '423', '430', '436', '438', '457']
['207', '283', '299', '330', '411']
['84', '89', '173', '232', '270', '292', '333', '341', '354', '432', '434']
['1', '38', '68', '106', '251', '253', '272', '277', '353', '373', '378', '376']
['10', '24', '87', '112', '230', '260', '274', '311', '328']
['6', '22', '42', '139', '168', '179', '196', '233', '290', '301', '385', '441', '443', '447', '451']
['4', '46', '48', '60', '172', '239', '275']
['69', '147', '156', '171', '203', '329', '351']
['21', '58', '95', '183', '238', '310', '331', '386', '396', '462', '488']
['0', '9', '174', '178', '199', '223', '294', '304', '357', '429']
['33', '188', '198', '291', '321', '454']
['66', '82', '96', '302', '303', '356', '368', '381', '495']
['16', '39', '57', '64', '88', '190', '193', '263', '293', '372', '382', '405', '483']
['92', '94', '145', '210']
['149', '151', '153', '170', '219', '245', '297', '317', '338', '346', '490']
['13', '30', '59', '90', '97', '100', '123', '165', '187', '358', '360', '480']
