['9', '10', '86', '91', '143', '269', '405', '432', '493']
['1', '45', '113', '177', '211', '252', '328', '375', '461', '484']
['44', '194', '326', '353', '372', '379', '401', '411']
['33', '41']
['3', '31', '119', '183', '260', '365', '383']
['87', '121', '179', '181', '215', '253', '474', '494']
['192', '272', '288', '289', '337']
['21', '149', '189', '229', '357', '399', '400', '454']
['76', '232', '466']
['262', '406', '478', '483']
['27', '43', '54', '85', '213', '259', '280', '335', '427']
['81', '176', '277', '460', '468']
['246', '282', '386']
['98', '128', '212', '370', '408', '462']
['112', '139', '159', '172', '201', '219', '347', '430', '464']
['89', '244', '381', '384', '412', '428']
['2', '35', '122', '220', '344']
['36', '74', '117', '129', '349', '395', '414', '480']
['29', '114', '116', '205', '214', '343', '417', '455']
['23', '135', '226', '249', '256', '338', '351', '373', '486']
['238', '313', '387', '435']
['71', '115', '147', '167', '180', '299', '403', '451']
['38', '83', '174', '218', '223', '236', '368', '392', '404', '456', '475']
['55', '157', '254', '274', '444']
['52', '198', '200', '209', '258', '318', '327', '371', '467']
['37', '130', '261', '266', '278', '321', '329']
['11', '26', '79', '82', '134', '150', '186', '323', '336', '413', '440', '448']
['49', '77', '155', '158', '276', '472']
['66', '96', '196', '331', '424']
['132', '301', '436']
['12', '56', '120', '131', '227', '330', '378', '459', '469', '471']
['333', '350']
['190', '230', '242', '275', '296', '302', '449', '487']
['108', '291', '363']
['50', '64', '110', '295', '315']
['13', '247', '304', '317', '431']
['166', '182', '281', '391', '393', '437', '479']
['376']
['69', '152', '163', '308', '310']
['4', '136', '243', '257', '311', '346', '390', '433', '446', '485']
['95', '111', '169', '334', '367', '374', '492']
['28', '99', '125', '267', '306', '415']
['14', '88', '161', '231', '268', '285', '352', '382']
['103', '235', '442', '447', '491', '496']
['47', '70', '101', '160']
['7', '75', '118', '170', '345', '452', '482']
['78', '93', '187', '195']
['73', '105', '171', '380', '489']
['62', '164', '168', '199', '239', '265', '283', '425', '434', '443', '495']
['53', '63', '141', '263', '305', '369']
['20', '30', '60', '94', '185', '293', '297', '300', '325', '356', '416', '457', '465']
['5', '92', '104', '144', '217', '309', '463']
['102', '124', '142', '162', '191', '204', '307', '342', '441', '453']
['16', '97', '100', '303', '319', '324', '355', '394', '398', '407', '439', '490']
['17', '151', '222', '237', '270', '420', '445']
['109', '175', '312', '364', '426']
['22', '80', '248', '271', '359', '421', '450', '481']
['193', '332', '348', '419', '477']
['58', '173', '316', '340']
['18', '46', '178', '197', '298', '320', '388', '423', '438']
['188', '233', '358']
['6', '32', '57', '84', '133', '224', '240', '286', '294', '354', '366', '385', '470']
['15', '25', '140', '154', '241', '361']
['34', '48', '51', '137', '165', '202', '396', '473']
['24', '42', '65', '290', '429', '458']
['61', '123', '145', '203', '225', '251', '273', '279', '284', '322', '418']
['216', '221', '409', '422', '476', '488']
['0', '127', '146', '206', '250', '402']
['19', '245', '360', '397']
['107', '184', '287', '362']
['40', '67', '90', '126', '148', '210', '234', '314', '410']
['156', '255', '377', '389']
['8', '39', '59', '68', '228', '292', '339']
['72', '106', '138', '153', '207', '208', '264', '341']
