['13', '37', '44', '47', '67', '96', '138', '151', '160', '167', '204', '222', '244', '270', '279', '292', '326', '340', '343', '385', '415', '429', '454']
['14', '38', '135', '163', '172', '176', '186', '189', '211', '264', '278', '308', '358', '376', '383', '393', '414', '423', '430', '449', '457', '465', '471']
['27', '91', '106', '173', '179', '184', '197', '206', '212', '351', '374', '396', '399', '409', '425', '447', '462', '467', '477', '479', '483']
['58', '68', '79', '113', '116', '144', '156', '180', '191', '215', '219', '256', '261', '301', '347', '420', '421', '444', '456', '459', '466', '474', '482']
['19', '31', '34', '45', '71', '90', '169', '182', '235', '302', '318', '325', '364', '387', '435', '452', '461', '472', '473', '475', '476', '484']
['7', '17', '56', '75', '76', '82', '84', '110', '131', '145', '216', '220', '245', '249', '260', '265', '277', '296', '366', '372', '411', '442', '445']
['29', '52', '92', '118', '120', '162', '201', '226', '232', '247', '321', '324', '345', '395', '446', '453']
['22', '40', '46', '74', '95', '97', '109', '141', '194', '217', '234', '293', '295', '300', '330', '336', '342', '344', '367', '379', '391', '408', '436']
['1', '72', '85', '101', '107', '108', '114', '159', '174', '190', '193', '231', '242', '246', '259', '280', '284', '298', '309', '357', '362', '392', '404']
['10', '23', '26', '94', '140', '142', '143', '155', '158', '198', '205', '224', '240', '241', '248', '266', '297', '299', '313', '327', '328', '335', '382']
['12', '32', '66', '69', '88', '130', '147', '148', '166', '171', '177', '185', '188', '214', '258', '268', '286', '291', '305', '332', '350', '363', '365']
['5', '33', '42', '51', '61', '77', '83', '98', '136', '150', '170', '175', '178', '207', '208', '228', '255', '269', '319', '346', '373', '388', '412']
['41', '48', '50', '55', '117', '125', '134', '153', '165', '213', '221', '233', '250', '263', '283', '303', '310', '331', '341', '353', '394', '419', '427']
['21', '60', '87', '102', '119', '195', '238', '257', '267', '287', '307', '320', '333', '337', '348', '349', '361', '398', '401', '402', '424', '428', '441']
['3', '11', '20', '25', '36', '73', '122', '199', '200', '230', '243', '262', '274', '275', '288', '312', '354', '356', '375', '390', '406', '413', '416']
['15', '24', '35', '62', '104', '124', '126', '154', '168', '209', '229', '251', '253', '276', '285', '355', '359', '377', '422', '437', '448', '450', '469']
['9', '16', '81', '115', '121', '127', '128', '152', '183', '202', '294', '306', '329', '380', '434', '451', '485']
['2', '28', '30', '39', '59', '65', '70', '86', '105', '146', '161', '181', '223', '225', '239', '311', '317', '322', '339', '371', '378', '386', '405']
['8', '53', '57', '89', '93', '99', '157', '192', '218', '227', '254', '272', '273', '290', '314', '360', '368', '381', '384', '389', '407', '417', '438']
['43', '78', '112', '137', '149', '196', '203', '236', '289', '316', '369', '403', '418', '440', '455', '463', '464', '470', '481']
['4', '6', '64', '80', '123', '133', '139', '187', '210', '237', '252', '282', '304', '323', '352', '400', '431', '432', '460', '468', '478', '480']
['18', '49', '54', '63', '100', '103', '111', '129', '132', '164', '271', '281', '315', '334', '338', '370', '397', '410', '426', '433', '439', '443', '458']
