['9', '55', '136', '141']
['151', '245']
['104', '114']
['53', '145']
['1', '25', '225']
['97']
['240']
['163']
['222']
['242']
['35', '89']
['183']
[]
['192']
['132']
[]
['129']
[]
['185', '186']
['137']
['6']
['158']
['94']
[]
['105']
['79']
[]
['75', '84', '211']
['39']
['205']
['43', '113', '134']
['38']
['101']
['119']
['162']
[]
['237']
['62', '238']
['146']
[]
[]
['36', '42']
[]
[]
[]
['123']
['230']
['221']
['54', '210']
['14', '231']
['71']
['168']
[]
['69']
['64', '235']
['41', '138']
['233']
[]
['92']
['24']
[]
[]
['156']
['19', '22', '200']
['106']
['82', '86']
['12']
['7', '66']
[]
['107', '160']
[]
['27', '112']
[]
['90', '232']
['195']
['37', '117']
[]
['207']
['46', '91', '191']
['161', '243']
['150', '159']
['28', '148']
[]
['21', '147']
['13', '197']
['239']
['103']
['44']
['215']
[]
[]
['50', '164']
['219']
[]
[]
['23', '248']
['110', '174']
['88', '201']
['111', '170', '209', '217']
['157']
['26', '241']
['17', '57', '78', '135']
[]
['18', '40']
['99', '109']
['121', '173']
['8']
['31']
['172']
['213']
[]
['73', '102', '140']
[]
['67']
['198', '234']
[]
['116']
[]
['128', '149', '206']
['58', '76']
['203', '212', '226']
['188']
['175']
['20', '83']
[]
['229']
['214']
['49']
['15', '155']
['125', '204']
[]
[]
['16']
['52', '72']
['80', '247']
['56', '184']
['177', '178']
['48', '133']
['216']
[]
['32']
['60']
['218', '249']
[]
['98', '118']
['202']
[]
['165', '187']
[]
['5', '29', '208']
[]
['74', '127']
['236']
['0', '47', '120']
[]
['224']
[]
['4', '70', '96', '131']
['220']
[]
[]
[]
[]
[]
['45']
['10', '93', '143', '166']
['34', '100', '122', '190']
['68', '153', '182', '223']
['3', '81', '179', '246']
['108', '144']
['87']
['126']
['51']
[]
[]
['115', '142', '176', '180', '194']
['167', '193']
[]
[]
['59', '95']
[]
['77', '139']
['11', '33']
[]
['30']
['2', '61', '124']
['63', '169']
[]
['181', '228', '244']
[]
['171']
['199']
['65', '85']
['196']
['152', '189']
[]
['154', '227']
[]
[]
['130']
