['Laura', 'Amy', 'Margaret', 'Jordyn', 'Gianna', 'Camille', 'Madeleine', 'Kristin', 'Marie', 'Layla']
['Claire', 'Mikayla', 'Vivian', 'Aliyah', 'Lilly', 'Annabelle', 'Macie', 'Chyna', 'Luz', 'Clare']
['Lily', 'Valeria', 'Alison', 'Lisa', 'Bryanna', 'Kiley', 'Alina', 'Jayden', 'Carrie', 'Sylvia']
['Jacqueline', 'Caroline', 'Gabriella', 'Jayla', 'Carolyn', 'Meagan', 'Lacey', 'Elisabeth', 'Yasmine', 'Paulina']
['Sierra', 'Mia', 'Cassidy', 'Hayley', 'Alexia', 'Yesenia', 'Celeste', 'Janelle', 'Kaley', 'Miracle']
['Marissa', 'Leah', 'Britney', 'Ashlyn', 'Lindsay', 'Dominique', 'Deja', 'Mikaela', 'Kasey', 'Zoey']
['Faith', 'Trinity', 'Mariah', 'Carly', 'Serena', 'Deanna', 'Brenna', 'Wendy', 'Josie', 'Lizbeth']
['Katie', 'Brooklyn', 'Carolina', 'Whitney', 'Clarissa', 'Eliza', 'Carla', 'Tamia', 'Lesley', 'Emilie']
['Caitlyn', 'Selena', 'Kate', 'Fatima', 'Elise', 'Madyson', 'Paris', 'Chasity', 'Nichole', 'Piper']
['Heather', 'Riley', 'Mallory', 'Genesis', 'Heidi', 'Cara', 'Litzy', 'Jaclyn', 'Sasha', 'Tayler']
['Brooke', 'Zoe', 'Kelsey', 'Summer', 'Desiree', 'Holly', 'Kara', 'Imani', 'Denise', 'Tatyana']
['Brittney', 'Kaitlin', 'Cierra', 'Priscilla', 'Kira', 'Sharon', 'Kali', 'Angelique', 'Justine', 'Larissa']
['Jenna', 'Leslie', 'Arianna', 'Jamie', 'Peyton', 'Avery', 'Claudia', 'Kyla', 'Kirsten', 'Tessa']
['Alexandria', 'Alicia', 'Payton', 'Meredith', 'Esther', 'Marina', 'Kiersten', 'Malia', 'Angie', 'Brooklynn']
['Danielle', 'Alondra', 'Delaney', 'Jazmine', 'Colleen', 'Tianna', 'Genevieve', 'Perla', 'Melina', 'Arielle']
['Courtney', 'Sabrina', 'Crystal', 'Alejandra', 'Rylee', 'Melody', 'Kelsie', 'Tyra', 'Irene', 'Sonia']
['Miranda', 'Diamond', 'Karla', 'Casey', 'Daniella', 'Allie', 'Janet', 'Regan', 'Sage', 'Ann']
['Brittany', 'Jade', 'Karen', 'Daniela', 'Hanna', 'Nia', 'Dana', 'Emilee', 'Heaven', 'Gisselle']
['Katelyn', 'Kathleen', 'Patricia', 'Anne', 'Teresa', 'Jaden', 'Alisha', 'Theresa', 'Felicity', 'Taryn']
['Gabriela', 'Erika', 'Shannon', 'Sofia', 'Alexus', 'Tatiana', 'Kassidy', 'Tyler', 'Kaila', 'Adrienne']
['Melissa', 'Christina', 'Catherine', 'Amaya', 'Ciara', 'Marisa', 'Alice', 'Maddison', 'Annika', 'Alyson']
['Kathryn', 'Karina', 'Cynthia', 'Kendra', 'Adrianna', 'Jazmin', 'Joanna', 'Cindy', 'Ashton', 'Jenny']
['Sandra', 'Kailey', 'Krista', 'Iris', 'Abbey', 'Karissa', 'Alanna', 'Kenya', 'Athena', 'Shyanne']
['Gabrielle', 'Sara', 'Molly', 'Erica', 'Isabelle', 'Evelyn', 'Rebekah', 'Ava', 'Natasha', 'Kaitlynn']
['Adriana', 'Kennedy', 'Ariel', 'Maggie', 'Julissa', 'Johanna', 'Deborah', 'Elaina', 'Marilyn', 'Devin']
['Erin', 'Haylee', 'Anahi', 'Carissa', 'Kaleigh', 'Fiona', 'Zaria', 'Kailee', 'Barbara', 'Julianne']
['Kaylee', 'Mariana', 'Carley', 'Serenity', 'Lexi', 'Skye', 'Alma', 'Lorena', 'Esperanza', 'Tierra']
['Angel', 'Brenda', 'Mya', 'Amelia', 'Tara', 'Gillian', 'Kayleigh', 'Hailee', 'Ayanna', 'Janae']
['Jocelyn', 'Bianca', 'Abby', 'Josephine', 'Liliana', 'Haleigh', 'Harley', 'Susan', 'Precious', 'Kaylin']
['Angela', 'Isabel', 'Rachael', 'Sadie', 'Reagan', 'Ashlee', 'Tabitha', 'Lesly', 'Tania', 'Charity']
['Breanna', 'Natalia', 'Elena', 'Tori', 'Miriam', 'Alaina', 'Marisol', 'Aurora', 'Nora', 'Eve']
['Jillian', 'Michaela', 'Julie', 'Cameron', 'Eva', 'Jacquelyn', 'Jayda', 'Kiera', 'Pamela', 'Felicia']
['Tiffany', 'Lillian', 'Sophie', 'Carmen', 'Charlotte', 'Shayla', 'Lucy', 'Mckayla', 'Phoebe', 'Rhiannon']
['Lydia', 'Camryn', 'Skyler', 'Bridget', 'Dakota', 'Destinee', 'Ivy', 'Ellie', 'Brandi', 'Emely']
['Paige', 'Valerie', 'Mckenna', 'Savanna', 'Giselle', 'Ruby', 'Sidney', 'Mercedes', 'Georgia', 'Gloria']
['Alana', 'Katlyn', 'Monique', 'Kierra', 'Joy', 'Brisa', 'Aileen', 'Kelli', 'Sydnee', 'Madelynn']
['Kiara', 'Meghan', 'Asia', 'Makenna', 'Rosa', 'Cristina', 'Kaylie', 'Ashlynn', 'Brandy', 'Mayra']
['Mary', 'Briana', 'Maya', 'Bethany', 'Hallie', 'Rose', 'Logan', 'Addison', 'Clara', 'Jessie']
['Madeline', 'Shelby', 'Angelica', 'Angelina', 'Kiana', 'Annie', 'Paola', 'Linda', 'Eleanor', 'Yasmin']
['Michelle', 'Bailey', 'Alexa', 'Naomi', 'April', 'Lauryn', 'Juliana', 'Alissa', 'Kamryn', 'Ruth']
['Jordan', 'Cheyenne', 'Cassandra', 'Audrey', 'Kristina', 'Kassandra', 'Callie', 'Amari', 'Elisa', 'Eden']
['Melanie', 'Jasmin', 'Kyra', 'Christine', 'Julianna', 'Cheyanne', 'Martha', 'India', 'Ellen', 'Cora']
['Makayla', 'Kylie', 'Daisy', 'Katelynn', 'Cecilia', 'Gina', 'Tiara', 'Francesca', 'Jane', 'Halle']
['Amber', 'Andrea', 'Nina', 'Aubrey', 'Gracie', 'Jaqueline', 'Baylee', 'Tiana', 'Noelle', 'Chelsey']
['Autumn', 'Nancy', 'Allyson', 'Ashleigh', 'Virginia', 'Tia', 'Lucia', 'Carlie', 'Macey', 'Marlene']
['Kelly', 'Madelyn', 'Kristen', 'Krystal', 'Helen', 'Hunter', 'Tatum', 'Alayna', 'Bailee', 'Madisyn']
['Vanessa', 'Jada', 'Lindsey', 'Ariana', 'Mckenzie', 'Katrina', 'Guadalupe', 'Anastasia', 'Cassie', 'Tamara']
['Ana', 'Chelsea', 'Kendall', 'Nadia', 'Leilani', 'Regina', 'Cristal', 'Eliana', 'Breana', 'Toni']
['Esmeralda', 'Kylee', 'Makenzie', 'Raven', 'Ella', 'Shania', 'Raquel', 'Renee', 'Madalyn', 'Viviana']
['Kimberly', 'Caitlin', 'Diana', 'Skylar', 'Veronica', 'Hope', 'Monica', 'Aaliyah', 'Macy', 'Talia']
