['19', '111', '116', '180', '243', '273', '283', '324', '384']
['120', '303', '336', '345', '426', '491']
['209', '229', '271', '306']
['8', '9', '107', '162', '291']
['3', '23', '30', '51', '59', '212', '334', '365', '369', '451']
['66', '144', '193', '195']
['81', '135', '366', '481']
['110', '167', '327']
['312', '357', '445']
['42', '152', '407', '452', '485']
['2', '71', '175', '179', '202', '261', '454']
['187', '267', '299', '367']
['94', '205', '333', '408', '425', '437', '466', '483']
['22', '37', '58', '198', '226', '385', '456']
['95', '265', '280', '343']
['196', '360']
['78', '182', '259', '413', '442', '492']
['62', '132', '160', '242', '249', '258', '279', '305']
['148', '232', '278', '371', '373', '473']
['253', '275']
['12', '13', '17', '339', '374']
['21', '56', '70', '84', '157', '317', '320', '359', '389']
['105', '189', '300', '335']
['5', '24']
['46', '211']
['106', '159', '257', '268', '436']
['142']
['36', '64', '151', '169', '266', '423']
['79', '201', '204', '208', '270', '440', '441']
['99', '136', '330', '411', '469', '493']
['87', '134', '227', '269', '304', '361']
['53', '77', '156', '250', '326', '394', '457', '486']
['112', '197', '203', '234', '332', '364', '368']
['68', '113', '124', '238', '239', '409', '447']
['11', '119', '284', '325', '386', '396', '484']
['446']
['166', '170', '251', '376', '427', '475']
['0', '18', '33', '125', '126', '176', '292', '307', '310', '378', '379', '477']
['293', '372', '495']
['69', '97', '309', '472']
['26', '34', '490']
['73', '85']
['10', '91', '118', '194', '488']
['4', '88', '150', '214', '272', '342', '399']
['98', '388', '400', '406', '417']
['32', '186', '247', '340', '420', '430', '459', '494']
['461', '480']
['72', '254', '282', '443']
['109', '147', '252', '421', '455']
['14', '29', '44', '82', '237', '296', '463']
['143', '316', '355', '476']
['52', '285', '337', '393']
[]
['139', '218', '390', '470']
['40', '129', '224', '276', '331', '448', '471']
['83', '191', '277', '290', '377']
['158', '163', '236', '308', '328', '347', '370', '404', '467', '482']
['41', '164', '199']
['161', '185', '375']
['49', '117', '244', '380', '398', '468', '499']
['16', '60', '351', '381']
['168', '216', '434']
['67', '108', '127', '138', '140', '313', '405', '432']
['39', '45', '172', '210', '219', '401']
['43', '61', '154', '188', '213']
['90', '165', '173', '230', '262']
['25', '298', '362', '464', '498']
['15', '133', '137', '141', '241', '294']
['256', '346', '358']
['128', '215', '321']
['54', '200', '444']
['55', '225', '478']
['63']
['171', '181', '465']
['1', '103', '286', '287', '344', '352', '391', '428']
['38', '75', '235', '318']
['146', '178', '245', '264']
['28', '92', '102', '122', '145', '356', '415']
['93', '183', '228', '383', '387']
['289', '323', '487']
['301', '319', '414', '496']
['48', '57', '233', '297', '302', '412']
['123', '397', '453']
['74', '96', '295', '474']
['27', '50', '121', '260', '322', '338', '353', '363', '382', '392', '395', '416', '460']
['479']
['114', '207', '248']
['80', '89', '153', '174', '422']
['6', '240', '314', '431']
[]
['86', '190', '192', '438', '462']
['20', '101', '329', '433', '449']
['65', '255', '350', '424', '429', '439', '458']
['35', '222', '263', '450']
['149', '206']
['47', '104', '155', '354', '497']
['31', '221', '246', '349', '410']
['76', '100', '115', '130', '131', '177', '184', '217', '231', '274', '403', '418', '489']
['7', '220', '223', '288', '311', '341', '402', '419', '435']
['281', '315', '348']
