['9980', '9791']
['41', '84', '129']
['9951', '9773', '235']
['9979', '9818']
[]
['51', '219']
['9906', '101', '116']
['77', '126', '9757']
['137']
['9943', '9850', '9814', '196', '247']
['200']
['3', '9788']
['9991', '9929', '9917', '183', '9756']
['9998', '87', '9867']
['9888', '9835']
['67', '139']
['61', '9859']
['92', '9817', '9770']
['34', '9915', '198', '9768']
['9', '9923', '9903', '172']
['9966', '70', '9801']
['9889', '123', '225', '9752']
['9930', '90', '180']
['9905']
['6', '142', '158', '206']
['91', '9873', '162', '189', '9751']
['19', '9759']
['9912', '9769']
['2', '9957', '63', '115', '9855', '232']
['9933', '76', '9878', '9829', '221', '249']
['22', '89', '146', '179', '9761']
['9762']
['168']
['47', '157']
['52', '163', '181', '197']
['18', '9877', '9856', '9800']
['9803']
[]
['9852', '182', '208', '9784']
['9989', '9952', '113', '161', '9794']
['9970', '55', '118', '9796', '9789']
['9961', '9913', '9892', '9858', '147', '242']
['15', '9976', '85', '131']
['104', '108', '9886']
['9968', '9883', '9798']
['9922', '9916', '105', '120', '9793']
['9779']
['9986', '9890', '194', '9765']
['86', '9885', '9755']
['9975']
['11', '9984', '20', '210']
['88', '9809']
['9879']
['9988', '46', '9898']
['72', '99', '149']
['58', '9827', '9805']
['9993', '32', '9862']
['96', '102', '9783']
['9942', '94', '216', '9778']
['31', '107', '9841', '213']
['9812']
['110', '160']
['9822', '9786']
['9992', '135', '231']
['9935', '151']
['9950', '159']
['9977', '40', '9959', '60', '9902', '164', '9828']
['9857', '9849']
['9953', '9909', '245']
['21', '9973', '9932', '9908', '9846']
['25', '9955', '136']
['9945', '170', '222', '237']
['152']
['132']
['9900', '171']
['9985', '66', '174']
['9870', '9847', '154']
['9983', '74', '95', '211']
['9914', '9874']
['9960', '9944', '122']
['42', '9876', '193', '227']
['125']
['9987', '9910', '9785', '217', '9766']
['9971', '44', '9819', '9813', '199', '228']
['9934', '109']
['9946', '62', '82', '143', '9820', '190', '9764', '240']
['9948', '9925', '100', '9787']
['9941', '9936', '9924', '9907']
['9919', '148', '9830', '218']
['4', '37', '9927', '167', '9802', '9776']
['112', '9810', '9777', '229']
['16']
['9893', '9837', '9821']
['9826', '191', '224']
['9995', '9896', '133', '166']
['53', '9854', '9851', '9807', '234']
['150', '155', '9845', '9832', '192']
['24', '45', '9797', '9780']
['9963', '9899', '9844']
['9964', '9840', '9808']
['9823', '214']
['9871', '184']
['35', '59', '117']
['140', '195', '209']
['26', '93', '248']
['119', '207']
['9997', '9978', '9969', '176']
['28', '83', '187']
[]
['9887', '9831', '201', '9790', '9775']
['64', '9806', '226', '233']
['9853']
['36', '9836', '186', '241']
['57', '9750', '9781']
['9839', '9824', '188']
['9937', '68', '9869', '9865', '238']
['9999', '9949', '138', '145']
['9868']
['9928', '141', '185']
['9918', '177']
['9947', '9861']
['33', '69', '9872', '134', '9864']
['30', '106', '203', '244']
['49', '9931']
['9811']
['9967', '73']
['114', '9884', '9881']
['65', '178']
['13', '75', '212']
['9863', '9816', '9795']
['9926', '9804', '9772']
[]
['12', '9956', '250']
[]
['8', '9974', '9866', '9771', '9754']
['9972', '56', '9782', '9774']
['9848', '156', '204', '9763', '239', '9753']
['9994', '10', '169']
['29', '9767']
['17', '81', '202', '215']
['111', '9843']
['9815']
['9938']
['23', '80', '220']
['9990', '14', '9921', '98']
['27', '97', '9894', '9860']
['9825']
['9901', '9758']
['54', '9842', '9799']
['9958', '9920', '153']
['9996', '38', '43', '103', '9882', '175', '9760', '246']
['9940', '130']
['9982', '9904', '9875', '144']
['48', '78', '79', '223']
['9891', '165']
['7']
['9911', '9880', '121', '173']
['50', '71']
['9897']
['9939']
['9981', '9962']
['9954', '9834', '230']
['39', '9838']
['9833', '9792', '243']
['9965', '205']
['1', '5', '9895', '124', '127', '128', '236']
