['LZLFY', 'OYJLB', 'RZU', 'IMB', 'JNJNE', 'ZW', 'XEAARR', 'ZYFXQ', 'PHS', 'OVM', 'AH', 'NDMQJ', 'HDJIQ', 'KJHR', 'UU', 'NDZ', 'WPRTBZ', 'ODIF']
['EP', 'HJW', 'BHT', 'MPYJWG', 'TUB', 'KMU', 'KLQR', 'ZTK', 'UI', 'XFGUIZ', 'ETSAG', 'QKT', 'JN', 'UEKXJH', 'KKFPQ', 'SBM', 'SU']
['CCIYM', 'T', 'IWP', 'ZULMQ', 'ACYQN', 'NO', 'H', 'WBPB', 'QNKIQE', 'UXXBYF', 'BSAEQ', 'AQDX', 'KRXDGO', 'XLWRB']
['P', 'X', 'ICLIT', 'MV', 'GDFI', 'GDGZN', 'UBWSTW', 'EDAKUV', 'NZDAU', 'TZTCA', 'OIA', 'LY', 'AW', 'FSZNT', 'QYC', 'FGPZAA', 'XT', 'KFBC']
['NDF', 'TGKUE', 'KW', 'OQV', 'Z', 'NBJL', 'S', 'WVHKC', 'DRLM', 'YFFNQ', 'MY', 'AR', 'RM', 'ZTR', 'CMB', 'KAZEK', 'DLJMZC', 'FPPMUW']
['NVLNXP', 'QGUYKQ', 'ZVWR', 'MYN', 'JUXOIJ', 'HOQPX', 'KBV', 'HGT', 'MRT', 'MK', 'TRXUD', 'OL', 'HHCPMB', 'QIZWG', 'SK', 'ANW', 'DJS', 'CN']
['C', 'JL', 'WTGA', 'E', 'UK', 'FBW', 'BHKK', 'VYGES', 'MXSFK', 'ZAP', 'YEBV', 'QBB', 'UHTMG', 'FAL', 'TQWWLG', 'LTHESD']
['ETBLO', 'CVSPP', 'BAVHR', 'TXCK', 'YOGJ', 'KCQRDN', 'OTXCZH', 'YXEJT', 'ET', 'GCSAZH', 'UBYG', 'QE', 'V', 'IE', 'SUPLJO', 'CFG', 'YII', 'EM']
['AL', 'UXBDM', 'G', 'VHUHI', 'TXNP', 'OC', 'TN', 'NJAA', 'ZDYFZU', 'RUC', 'DJC', 'FJTW', 'WWF', 'A', 'IU', 'GFNZL', 'MISGHL', 'TGDTND', 'PIGBG', 'EYEWXP']
['WZ', 'COYVMU', 'EMP', 'ZIIN', 'BNC', 'ZJUCNC', 'YK', 'O', 'LNMCTV', 'KFYTH', 'NDLUNW', 'MICOE', 'LZQ', 'BJ', 'AJDT', 'BQIFGG', 'JCM', 'UJ']
['XLVUF', 'JP', 'HO', 'QNN', 'EVDQNK', 'SHT', 'M', 'AEV', 'ZHDBW', 'LWIA', 'DVVKX', 'NP', 'ARYSPZ', 'VL', 'VYBQIM', 'CNYXMO', 'YQ', 'SEWIVO']
['Y', 'CRAQYE', 'ERR', 'AB', 'HLT', 'ZVKC', 'GUOYX', 'HDJL', 'VWK', 'LW', 'LJSX', 'PJG']
['MYSMZ', 'PQ', 'I', 'J', 'NTMT', 'TYQL', 'XU', 'XINMR', 'CHR', 'OFIPP', 'IGSXN', 'FLLJ', 'SRJZQ', 'BFZ', 'USZM', 'EJOR', 'HTA', 'BW']
['WFWU', 'PRYXX', 'SY', 'NMU', 'D', 'B', 'BX', 'OHZYQ', 'FXAQ', 'FWRV', 'ORJB']
['WK', 'MOOKF', 'L', 'U', 'FP', 'HSHY', 'DEXTSN', 'FVMBV', 'PBRPX', 'POL', 'EVTLXI', 'UVUBDR', 'KPXJFJ', 'WCZSB', 'BGB', 'JMYQEA']
['CTRFIJ', 'MM', 'MLDT', 'WELF', 'DFGWZZ', 'CAED', 'XVU', 'TCBKQ', 'JSMAHJ', 'YDDS', 'YO', 'TAN', 'BPZAJ', 'DBGM', 'TOR', 'FCB', 'UIUBC', 'QREJG']
['GI', 'NAIN', 'BBB', 'AZN', 'JCEYOL', 'HMURVX', 'QDMX', 'FAF', 'DQQ', 'RQRWJT', 'EYVVY', 'DCBWSF', 'GBSI', 'MMUK', 'QROYGT']
['ZHCQG', 'NS', 'NGUN', 'RKCPEP', 'N', 'WAXWZU', 'EHXPLS', 'TB', 'HH', 'OYDEJ', 'HPXSSF', 'XS', 'LQ', 'OEJ']
['SGY', 'JBJS', 'W', 'EU', 'MWKWWN', 'TSSNJ', 'LHILT', 'AZGCQ', 'RWO', 'EWAZF', 'AY']
['QREJV', 'THMU', 'IYCHS', 'PE', 'AFH', 'RWHILI', 'VOLULU', 'TJU', 'VCFLXV', 'TTV', 'JJ', 'ZQAULZ']
