['Jerome', 'Hildegard']
['Alonzo', 'Harriett', 'Roger', 'Nancy', 'Douglas']
['Maybell', 'Jessica']
['Vicky', 'Cynthia', 'Danielle', 'Felipe', 'Maxine']
['Delia', 'Hilton', 'Shelly', 'Brandon', 'Rueben', 'Aileen']
['Earl', 'Megan', 'Leola', 'Susan', 'Harold']
['Carol', 'Wilfredo', 'Ray', 'Gerard']
['Josie', 'Gene', 'Leo', 'Luis']
['Norma', 'Roy', 'Shawn']
['Annie', 'Linda', 'Nicholas']
['Rory', 'Gladys']
['Rocio', 'Nellie', 'Kay']
['Clifford', 'Jewell', 'Paula', 'Vera', 'Thelma', 'Cathleen']
['Horace', 'Trenton']
['Lauren', 'Eric', 'Doretha', 'Edwin']
['Arturo', 'Clyde', 'Rebecca', 'Manuel']
['Pat', 'Jeremy', 'Emilee', 'Alex', 'Johnnie', 'Brian', 'Christian']
['Doris', 'Daniel', 'Michael', 'Quentin']
['Melanie', 'Alan', 'Tim', 'Steven', 'Dan', 'Lacey', 'Barry']
[]
['Albert']
['Salvatore', 'Hillary', 'Rachel', 'Lucille', 'Sally']
['Rick', 'Shirley', 'Samantha', 'Bobby']
['Tommie', 'Wade']
['Esther', 'Beverly', 'Devon', 'Christopher']
['Wilbur', 'Kathryn', 'Catherine', 'Laurie', 'Karen', 'Lorene']
['Bernard', 'Marge', 'Jodi', 'Frida']
['Mari', 'Aron']
['Nathaniel', 'Lisa', 'Casandra', 'Thomas']
['Mario', 'John', 'Barbara', 'Carina']
['Bessie', 'Newton']
['Jason', 'Heather', 'Lucia', 'Peter', 'Sheila', 'Sam']
['Pearl', 'Cyndy', 'Allen', 'Ted', 'Ruth']
['Raquel', 'Carlton', 'Antonio', 'Melissa']
['Larry', 'Walter', 'Hazel', 'Lori', 'Arthur']
['Derrick', 'Kelly', 'Eva']
['Tanya', 'Marion', 'Victor', 'Lorena', 'Vance']
['Dewayne', 'Adam', 'Carolyn', 'Todd', 'Sulema']
['Bernadette', 'Carole', 'Phillip']
['Emily', 'Phyllis', 'Gail']
['Lorenzo', 'Rena']
['Judith', 'Melony']
['Fredrick', 'Reggie', 'Bruce', 'Barbra']
['Krista', 'Lela', 'Curtis']
['Minnie', 'Stacy', 'Kimberly', 'Kurt', 'Ericka']
['Corinne', 'George', 'Geraldine']
['Lakesha', 'Christine', 'Jessie', 'Roberto', 'Stephanie', 'Anna']
['Randy']
['Joy', 'Kenny', 'Gerald', 'Marie', 'Fletcher', 'Laura', 'Molly']
['Mona', 'Zachary', 'Mildred', 'Maryann', 'Joel', 'Gordon', 'Beatrice']
['Erica', 'Gary', 'Olive']
['Louise', 'Lillie', 'Sara', 'Carla']
['Dawn', 'Pauline', 'Sheldon']
['Cindy', 'Rod', 'Katherine']
['Peggy', 'Brett', 'Leigh', 'Heidi', 'Kelvin', 'Patrice']
['Tabatha', 'Randall', 'Antoinette', 'Vicente', 'Janice', 'Lena', 'Deandre']
['Ralph', 'Rhonda']
['Desiree']
['James', 'Diane']
['William', 'Cedric', 'Samuel', 'Maria']
['Harry', 'Fred', 'Debra', 'Janet', 'Marjorie', 'Kristen']
['Tiara', 'Julius', 'Elizabeth', 'Jasmine', 'Deborah']
[]
['Charles', 'Jane']
['Tracy', 'Henry', 'Edward', 'Milton', 'Joseph', 'Juan', 'Chris']
['Matilda', 'Sharon']
['Louis', 'Sarah', 'Johnathan']
['Carlos']
['Carl', 'Kristina', 'Craig', 'Shante', 'Betty', 'Jeffrey', 'Ivan']
['Gregory', 'Adrian', 'Cleo']
['Katrina', 'Raymond', 'Rafael', 'Cameron', 'Lidia']
['Tommy', 'Sheryl', 'Julie']
['Isabelle', 'Victoria']
['Andre', 'Lucy']
['Tomas']
['Renee']
['Isaac', 'Loretta', 'Kathryne', 'Tonya', 'Hugo', 'Cesar', 'Esperanza']
['Ernest', 'Gilbert', 'Philip', 'Jeffery', 'Anne']
['Argentina', 'Darrin']
['Mireya', 'Justine', 'Jim', 'Miriam']
['Stanley', 'Melvin', 'Kathleen', 'Robert', 'Claudia', 'Brooks']
['Alvin', 'Emerson', 'Harriet', 'Mavis', 'Donna', 'Lawrence']
['Carroll', 'Ethel', 'Blanche', 'Frances', 'Angel', 'Jennifer', 'Chester']
['Benjamin', 'Patricia', 'Sandra', 'Porfirio']
['Latonya', 'Johnny', 'Beatriz']
['Irene', 'Helen', 'Lexie']
['Bonita']
['Erma', 'Daphne']
['Brenda', 'Keith', 'Richard']
['Abdul', 'Fay', 'Eduardo', 'Lester']
['Elvera', 'Martin', 'Theresa', 'Crystal']
['Kelli', 'Jayne', 'Ada', 'Lydia', 'Matthew']
['Maureen', 'Bernie']
['Regina', 'Timothy', 'Levi']
['Brittany', 'Lottie', 'Anita', 'Vickie', 'Jacqueline']
['Teresa', 'Patrick', 'Jean', 'Andrea']
['Marcus']
['Joe', 'Lowell', 'Grace', 'Erik']
['Guadalupe', 'Darryl', 'Evelyn', 'Justin', 'Byron', 'Russel']
['Josephine', 'Dolores', 'Jonathon', 'Noma', 'Jerry', 'Vanessa']
['Marta', 'Warren', 'Iris']
['Kim', 'Damian', 'Ruthie', 'Clara', 'Carrie', 'Esta']
['Jonathan', 'Carmen']
['Tammy', 'Pamela', 'Katie', 'Colleen']
['Houston', 'Dorothy', 'Anthony', 'Billie', 'Bernice']
['Dwayne', 'Ladonna', 'Jami', 'Mamie', 'Myra', 'Jammie', 'Marybeth']
['Michelle', 'Mae', 'Weldon', 'Eunice', 'Gloria']
['Austin', 'Shane', 'Hector']
['Kenneth', 'Colin', 'Mei', 'Dottie', 'Donald', 'Lizzie', 'Gale']
['Antonietta', 'Julia', 'Cara']
['Terry']
['Mitchell', 'Cheryl', 'Patsy', 'Cheri', 'Joan', 'Kyle', 'Martha']
['David', 'Jewel', 'Ashley', 'Tom']
['Christiana', 'Paul', 'Mark', 'Stephen', 'Alberta', 'Joyce', 'Jeff']
['Chelsea', 'Dennis', 'Mary', 'Ella', 'Debbie', 'Virgie', 'Toni']
[]
['Scotty', 'Claire', 'Charlotte', 'Evan', 'Monica']
['Margaret', 'Matt', 'Alice', 'Virginia']
['Ronald', 'Merle', 'Octavia', 'Frank', 'Joshua', 'Steve']
['Marla', 'Kristine', 'Jeanette']
['Shaun', 'Roberta', 'Oscar', 'Shawna']
['Dena', 'Arline', 'Robin', 'Ricardo']
['Amanda']
['Wanda']
