['88', '14', '200', '186', '15', '27', '68', '304', '176', '232', '191', '53']
['85', '98', '37', '40', '56', '296', '207', '275', '373', '51', '100', '82']
['184', '234', '7', '320', '179', '108', '278', '3', '215', '262', '292']
['66', '8', '241', '375', '194', '337', '236', '112', '242', '277', '17', '335', '357']
['338', '119', '164', '113', '246', '158', '330', '6', '31', '47', '92', '313', '279', '183', '69']
['142', '73', '101', '90', '309', '83', '285', '226', '34']
['286', '95', '133', '64', '297', '270', '89', '1', '204', '77', '347', '123', '26', '331', '30']
['150', '301', '185', '190', '210', '203', '370', '18', '80', '371', '57', '71', '342']
['295', '126', '257', '161', '75', '315', '212', '328', '177']
['340', '41', '59', '81', '290', '216', '367', '350', '160', '369', '94', '24', '225']
['305', '76', '173', '72', '45', '321', '107', '213', '329', '294']
['238', '333', '147', '86', '239', '311', '327', '198', '91']
['99', '289', '365', '28', '136', '274', '130', '43']
['35', '13', '49', '153', '169', '155', '121', '223', '280', '374', '103']
['62', '314', '78', '247', '261', '19', '67', '63', '146', '199']
['273', '256', '120', '307', '5', '55', '189', '61', '138', '217', '341']
['140', '312', '310', '178', '368', '266', '118', '131', '281', '102', '145', '129']
['10', '332', '104', '208', '181', '245', '299', '182', '237', '195', '322', '58', '348', '318']
['128', '254', '25', '248', '114', '139', '298', '343', '291', '259']
['282', '258', '162', '175', '251', '111', '287', '300', '303', '93', '74', '363', '271', '361', '23', '132']
['106', '206', '284', '283', '351', '260', '202', '317', '196', '134']
['205', '267', '276', '152', '124', '230', '141', '105', '137', '228', '356', '127']
['170', '355', '263', '235']
['269', '110', '339', '209', '116', '109', '166', '11', '29', '33', '143', '224']
['345', '319', '38', '249', '96', '50', '211', '135', '154', '316', '159', '44', '42', '60', '372', '240']
['172', '21', '252', '4', '144', '354', '231', '264', '352', '324', '362', '306', '244', '48', '87', '349']
['70', '171', '16', '46', '187', '353']
['222', '197', '20', '323', '22', '167', '272', '255', '233', '148', '157', '336', '192']
['229', '366', '193', '344', '293', '54', '32', '214', '359', '165', '65', '39']
['84', '218', '364', '358', '125', '219', '163', '52', '243', '79', '334', '227', '174', '221']
['2', '149', '360', '288', '180', '122', '201', '302', '326', '12', '115', '308', '268', '151']
['346', '220', '36', '9', '250', '168', '117', '265', '325', '156', '97', '188', '253']
