['49', '87', '108', '156', '157', '165', '186', '218']
['7', '22', '23', '26', '37', '71', '222', '227', '231']
['60', '75', '243']
['24', '97', '98', '101', '230']
['2', '9', '18', '59', '92', '122', '123', '129', '149', '152']
['93', '114', '120', '141', '237', '242']
['47', '70', '117', '125', '154', '183', '204', '248']
['20', '21', '64', '100', '113', '151', '164', '178', '220']
['33', '88', '153', '177', '200', '224', '232']
['17', '81', '99', '185', '202', '206', '207', '209', '214']
['42', '80', '107', '124', '169', '179', '236']
['1', '167', '180', '198']
['13', '58', '77', '223', '225']
['94', '143', '193', '213', '233']
['10', '109', '162', '234', '239']
['5', '51', '56', '57', '116', '160', '221']
['28', '55', '121', '163', '217', '229', '245']
['16', '19', '35', '126', '150', '201']
['0', '197', '215']
['48', '89', '127', '144', '241']
['34', '44', '52', '78', '195']
['31', '46', '54', '133', '135', '166', '212', '246']
['68', '79', '90', '110', '161', '228']
['4', '14', '40', '130', '159', '187', '203']
['15', '39', '74', '95', '103', '118', '140', '155', '170']
['41', '45', '63', '65', '112', '172', '175']
['36', '38', '106', '128', '145', '147', '176', '196', '205', '238']
['3', '8', '43', '86', '138', '181', '247']
['50', '131', '171', '199', '210']
['11', '12', '53', '111', '119', '168', '192', '216', '240', '249']
['25', '62', '182', '219', '226']
['61', '102', '134', '173', '184', '194']
['6', '27', '32', '69', '72', '104', '132', '142']
['76']
['29', '30', '82', '136', '235']
['66', '73', '85', '91', '105', '137', '189', '191']
['190', '208']
['83', '84', '96', '115']
['139', '146', '158', '188', '211']
['67', '148', '174', '244']
