['1', '5', '11', '14', '59', '71', '80', '84', '98', '122', '130', '170', '171', '194']
['19', '68', '82', '126', '168', '178', '207']
['47', '65', '117', '135', '158', '250']
['3', '29', '36', '40', '60', '67', '75', '78', '97', '106', '141', '148', '179', '190', '202', '247']
['16', '21', '96', '103', '124', '139', '187', '191', '208', '240']
['37', '61', '66', '70', '77', '87', '102', '140', '169', '184', '193']
['34', '42', '58', '62', '73', '138', '175', '215', '248']
['45', '49', '53', '104', '107', '118', '133', '153', '159', '163', '197', '209', '231', '235']
['23', '54', '79', '136', '146', '162', '180', '192']
['25', '50', '63', '149', '157', '160', '172', '241', '243']
['12', '17', '74', '86', '108', '115', '167', '200', '213']
['9', '26', '35', '127', '137', '147', '154', '196', '204', '223', '226']
['38', '44', '90', '110', '123', '166', '212', '220', '246']
['4', '43', '55', '69', '81', '91', '92', '129', '131', '152', '165', '230', '236']
['6', '22', '41', '113', '116', '176', '183', '201', '203', '205', '242']
['28', '46', '94', '174', '211', '227']
['13', '48', '76', '105', '109', '119', '134', '195', '234']
['7', '27', '32', '33', '99', '101', '112', '125', '142', '218', '222', '233']
['2', '18', '121', '150', '161', '173', '177', '206', '221', '249']
['10', '83', '95', '144', '156', '185', '214', '224', '232', '239', '245']
['30', '52', '56', '57', '72', '111', '186', '189', '217', '219', '229']
['15', '39', '88', '181', '228', '238']
['85', '93', '128', '132', '143', '151', '155', '182']
['8', '20', '24', '51', '100', '114', '145', '198', '210', '216', '225']
['31', '64', '89', '120', '164', '188', '199', '237', '244']
