['D65E29', '83ACF7', 'B32674', '1D9893', '77B9A5', 'A34095', 'E3583F', '2EDC82', '6BF4D3', '992AEE', '463E2C', '49EEB4', '43F505', 'B4257C', 'E9F19A', '40C7FF', '4EBF50', '7CC3A7', '865328', 'C69699']
['5ABFA9', '99392B', '6C5208', 'B8B01F', '01E026', '24A4D1', '76131B', 'E46F9E', 'F1B367', '55B952', 'EB90EE', '5C4F81', '66B93A', '1D0C35', 'EC2626', '943005', '0B99EF', '4A32EA', '66C38E', '6E7E64']
['05473A', 'F8B91A', 'D9180C', '7FE1F2', '4BD8B1', 'D8492F', '6C1A62', 'EFBA0C', '4C0FCD', '9C4F00', '52BFE5', 'D83AF7', '03B42D', '81A856', '9ABAFB', '4430C2', '4E8355', 'A4F4BB', '81DA52', '8E8C76']
['9B09E5', '1D4417', '3963FC', 'C07CCC', '696B37', 'E7EFA5', '94C20E', '6246E1', 'DDB7C8', 'EB9D60', '7848BA', '1866E0', '035E05', '848C87', '0C4437', '1743CD', '7B325B', '5E4F6B', '2E4B9D', 'D324E7']
['22394B', '73271F', '99E133', '93D432', 'B56D74', '2B3DD7', '1986A0', '861E09', 'D2BDB6', '219F75', 'FCB503', '88FFF8', '593840', 'B6FA16', '5C91EE', '81A0D3', '6C3CD5', '39CAB7', '8DF985', '8806E7']
['923B8C', '98B1CA', 'BB986B', '9D6554', '929578', '099A40', '0264AF', 'A911EF', 'BC38A8', 'FBB00D', '83752D', '0AC7A0', 'F3EDD7', '26C6B9', 'ABE83F', '5F88E7', '36FCBF', '6E3DED', '73F93C', 'D79D49']
['88E0AE', 'A0DDCD', 'E4F6EF', 'FFD642', '1330B3', 'CD5322', '2C02B7', 'D50881', 'AC34B5', '3FAE1E', '9C4CA5', '628552', '74ADA7', '00C269', '2E6B38', '2961DB', '0FE5DD', '255208', '0E6FA7', '1CAAAC']
['26B294', 'D6DD9E', 'FF3177', '2D4D61', '9BAC71', '6833E8', 'B2C27D', '189812', 'F2B7FD', '9DF876', '1656DC', '90E78E', '14A3E7', '1350AD', 'B78EF9', 'B00B7F', 'C1CAB9', '1E571E', '0AFD91', '5E2607']
['A89402', 'F9011B', 'D8A834', 'D363AB', '7AADBC', 'AF83FA', '38EA17', 'B6ACFC', '7FADE3', 'DDA295', 'D0E36A', '94AED5', '882258', '608F21', '97D861', 'C5416A', 'D78522', '5A5DE8', 'E93252', 'AB96B9']
['A4FCD1', 'E479C8', '398310', '7C730C', '0FC6EE', '244528', 'C8F1A7', 'EF37A6', '9C0B9D', '92C42A', '4FCF52', 'E15D93', 'E77DD8', '5451FF', '29D22B', 'CC66B0', 'FCD63D', '8EC8D8', '0E78AA', 'AAAF0B']
['0231A4', '5C016B', '5BC875', 'B2C529', '026256', 'F85131', '9D8AD8', '3B6837', '292CB3', 'D049CD', 'CBE0EA', '7C8A3D', 'FAB638', '75C017', '58ED2B', '539972', 'FE7E47', '1D528C', '6D4DDC', '400D20']
['9330C0', '3D046E', '5C5B8D', 'B2CB4D', '3D830C', '326662', 'EB7E6A', 'C60FE7', '56B4C2', '81E0FA', 'E0044F', 'D2F8E5', '823C51', 'E81232', 'F4EDF8', 'F7F9CB', 'AD6105', '5D5C76', '029563', 'B0C2D3']
['09FFA6', '5332A9', '0CFFC9', '2D56C1', '49EB71', 'E492E0', '565E46', 'C0A19A', '8F75EC', '75002A', '8FF839', '28CCA5', 'E191B0', 'CD374A', '7B306C', 'EE9200', '935873', '940AC5', 'DB6CBF', '1D216B']
['45CE10', '3228BB', '8ECA84', 'F37211', '43FE78', 'DBF47C', '30C157', '7F8E1D', '739ABF', '4AE7C7', 'A5F27A', '3CB50A', '187923', '4C1D36', '19EFAF', 'B0F05D', 'B13536', 'DE6241', '9CE56C', 'CB5EDA']
['38515C', 'F13455', '10BBE1', '1D39ED', '1FBE40', '15AA36', '833C34', 'CC9A13', '66F8EA', '42EE34', 'D2EB79', '52FB79', '6EEE66', '69FD70', '5A681E', '5BEDDF', '3F75A9', '747199', '593AF4', 'E2701A']
['052CC7', 'F61AD7', '71AC6D', '206150', 'FD1DAC', 'E277CB', '0D6A28', '068D28', '718436', '51197D', '503A55', '77042F', '672145', '30EA83', '478A7C', '1F4650', '0525B9', '2F46CD', 'D78532', 'DF5F9C']
['C2A74D', '89372A', '26DA83', '2B8F4B', '7334F9', '511040', '18D668', 'D98FB6', 'EED7BB', 'E8A38A', 'C19610', '46371B', '47063A', '34ACF3', '8BEC15', '118FE2', 'CC08F5', '66547C', '85CFC7', 'CE0D10']
['BA7ED0', '41AFC9', '60B803', '4DBE20', '1F6554', 'C96CD6', 'DCB902', 'B2A692', '54C37C', '72D023', '95F017', 'F448AE', '82BD08', 'E8C5B8', '1A770B', 'A03FB7', '2819EE', 'C4882F', '770A4C', '037831']
['B49939', '33ABEE', 'BA6187', 'DBDDB5', '8254EB', 'D31361', '4BBAFA', '1C3933', '3E7F60', 'C3678B', '5D4F2F', '04279E', 'CED5FC', 'CC4384', 'C9EF6D', 'C54164', 'D0E5BE', 'C0EA59', '414B77', '82F466']
['316244', '2215AE', 'BE5B1D', '9C5DCF', '5ADC6D', '09944C', '177A03', 'F33ACF', '3235BA', '31C6A3', '5AF312', 'FC75E7', 'FBF275', '3EF396', '369765', '87EE7F', '920715', 'EDB261', 'A1D29E', '34E9FE']
['20C0D0', '78E144', '2DE42A', 'C748A2', 'DF44F5', '113E1F', '468F31', '57FCD8', '77EB41', '420711', 'F1DB81', '2BEC39', '7D4045', 'F9EB1F', '8AC55C', '25B295', '6D4C8F', '917501', 'F28C7F', '71AE93']
['7647CD', '05F2DC', 'E1B665', '3D4600', 'F4C13E', '9923B4', '380FF7', 'B85F11', '552199', '8883AC', 'E1A380', 'D6F426', 'B166D1', 'C34593', '09CFE9', 'EC35B5', '5248A9', '35DA72', '9FCB42', '3E6399']
['5A3E90', '00CD58', '160ED4', '78DB65', '1600AD', '6DCBC8', 'D883C0', '1B06C5', '4AC817', '2B8E0B', 'FECCAB', 'FD33F7', '1DD8D0', 'F32B0B', '98497D', '80F9BC', '31B801', 'B4BD91', '1E0B30', '31B17E']
['82B105', '62BC31', '273165', 'FB3B86', 'EB3718', 'F545E1', '5C0D69', '605983', '846154', '2F584A', 'D8849E', '29267F', '4D74EB', 'E33128', '5B4152', 'E4C3BA', 'CA893B', 'A4EAD9', 'DFE9C6', '2D2248']
['0C3AFF', '8963E1', 'BCD2F5', 'BB9072', '4BC7D0', '364B78', '26DB4C', '601CA7', 'B38307', '0A3E48', '29BFBC', '18AEFC', '6AFCAC', '3A0D10', '89A551', 'BE3703', '893D61', '8D43AD', 'EEF23E', '415552']
