['1', '9', '34', '44', '106', '137', '171', '181', '197', '259']
['131', '177', '230']
['37', '78', '85', '89', '201', '229', '237', '258', '265', '284', '292', '296', '299']
['42', '45', '76', '83', '105', '167', '179', '205', '223', '253']
['6', '11', '69', '99', '119', '159', '244', '308', '309']
['39', '61', '123', '196', '248', '254', '263', '305']
['38', '49', '122', '125', '158', '176', '199', '208', '222']
['5', '50', '68', '153', '190', '216', '218', '232', '280']
['23', '53', '64', '72', '100', '227', '239', '250']
['17', '48', '79', '108', '109', '121', '151', '156', '175', '195', '225', '267', '269', '294', '304']
['3', '4', '19', '66', '102', '111', '132', '133', '160', '192', '194', '260', '301']
['94', '98', '113', '138', '143', '183', '211', '286', '306']
['13', '40', '140', '145', '147', '219', '241', '249', '261']
['7', '28', '71', '84', '90', '101', '127', '173', '182', '185', '187', '188', '217', '243', '274', '290']
['52', '146', '165', '214', '215']
['18', '25', '43', '67', '87', '112', '115', '120', '128', '256']
['57', '92', '107', '135', '206', '307']
['15', '35', '51', '54', '55', '63', '136', '155', '184', '220', '247', '257', '266', '285', '288']
['2', '60', '65', '73', '80', '191', '203', '224', '262', '291']
['22', '41', '70', '144', '162', '209', '302']
['33', '96', '114', '149', '174', '180', '234']
['31', '95', '139', '157', '235', '236', '255', '270', '273', '281', '287']
['27', '58', '74', '97', '124', '148', '169', '172', '189', '204', '210', '228', '275', '277', '289']
['0', '26', '93', '117', '118', '141', '198', '212', '233', '268', '282', '283']
['8', '10', '14', '24', '46', '59', '88', '110', '150', '166', '168', '170', '245', '251', '271', '272']
['77', '104', '134', '164', '202', '226', '238', '246', '298', '303']
['21', '47', '56', '81', '91', '178', '186', '193', '207', '242', '293', '295', '297']
['12', '29', '32', '62', '103', '130', '200', '276', '278']
['16', '154', '161', '264', '300']
['20', '36', '75', '82', '116', '126', '129', '152', '279']
['30', '86', '142', '163', '213', '221', '231', '240', '252']
