['Carroll', 'Carri', 'Casi', 'Shoshana', 'Erica', 'Marlena', 'Tanitansy', 'Ulrike', 'Jen', 'Georgeanne', 'Johanna', 'Nicki', 'Tamra', 'Valli', 'Sile']
['Brigitte', 'Rivkah', 'Willi', 'Tiffany', 'Idalina', 'Erminia', 'Patty', 'Quintana', 'Nicoli', 'Elvera', 'Jacqui', 'Opal', 'Rosamond', 'Sheila', 'Cassandra']
['Austina', 'Charita', 'Agnese', 'Jaynell', 'Ranice', 'Helyn', 'Selinda', 'Stormi', 'Rosana', 'Allene', 'Oliy', 'Brunhilda', 'Allie', 'Marabel', 'Demetria']
['Moyna', 'Row', 'Corinne', 'Clemence', 'Kathy', 'Charmine', 'Neile', 'Gae', 'Frankie', 'Briny', 'Flory', 'Tiffy', 'Ingunna', 'Nancie', 'Korney']
['Stesha', 'Roslyn', 'Clarissa', 'Rhody', 'Lorie', 'Meggi', 'Nedda', 'Sula', 'Dominica', 'Marisa', 'Gianina', 'Antonietta', 'Andromache', 'Tallie', 'Stephannie']
['Cheslie', 'Karie', 'Adriane', 'Lira', 'Danni', 'Dita', 'Agatha', 'Rita', 'Cristionna', 'Pammy', 'Maxie', 'Lulu', 'Mufinella', 'Zenia', 'Martina']
['Ruperta', 'Eve', 'Jesse', 'Rosene', 'Caryn', 'Laverne', 'Anastassia', 'Silva', 'Georgiana', 'Ramonda', 'Fawnia', 'Starlin', 'Nelie', 'Bekki', 'Bonita']
['Beatrice', 'Morena', 'Cristen', 'Missy', 'Fania', 'Teddi', 'Oralee', 'Chelsy', 'Netty', 'Kaitlin', 'Tarra', 'Lani', 'Britney', 'Mariellen', 'Leanora']
['Estella', 'Livy', 'Rhodia', 'Hedwiga', 'Vicky', 'Eran', 'Nanon', 'Mechelle', 'Mei', 'Gabbie', 'Jolie', 'Latisha', 'Cassondra', 'Vinni', 'Reggi']
['Drusy', 'Lesly', 'Estele', 'Dorine', 'Avivah', 'Sonni', 'Tani', 'Fernande', 'Tamara', 'Diahann', 'Aviva', 'Randie', 'Bertie', 'Natalya', 'Matilde']
['Inga', 'Paulina', 'Kittie', 'Shirl', 'Sandie', 'Doroteya', 'Vanni', 'Veradis', 'Birgitta', 'Addi', 'Clemmie', 'Kania', 'Sada', 'Fran', 'Della']
['Alexandrina', 'Daphene', 'Andie', 'Terese', 'Babara', 'Athena', 'Hortense', 'Colline', 'Marris', 'Julie', 'Millisent', 'Arlee', 'Kellsie', 'Lyda', 'Euphemia']
['Yovonnda', 'Kathleen', 'Sherrie', 'Alia', 'Marlie', 'Vonni', 'Mirna', 'Risa', 'Roxane', 'Agnes', 'Lorena', 'Brear', 'Gwennie', 'Madelena', 'Cindie']
['Marcie', 'Sileas', 'Agneta', 'Faythe', 'Idelle', 'Marcella', 'Janice', 'Angelica', 'Tim', 'Desiri', 'Alyson', 'Britteny', 'Maddalena', 'Haley', 'Lisette']
['Tiphanie', 'Emelda', 'Winifred', 'Gerry', 'Diane', 'Kathryn', 'Jessamyn', 'Lydie', 'Serena', 'Zulema', 'Josepha', 'Belle', 'Yoshi', 'Kellie', 'Anabal']
['Gaby', 'Dena', 'Anabelle', 'Camala', 'Yetta', 'Malva', 'Anabel', 'Paige', 'Joanna', 'Sadye', 'Melinde', 'Lorain', 'Melloney', 'Jemie', 'Lotte']
['Carla', 'Cherilynn', 'Amalee', 'Kiele', 'Kaitlynn', 'Monique', 'Katti', 'Gavra', 'Cristabel', 'Annice', 'Stefa', 'Brook', 'Conchita', 'Noell', 'Bernice']
['Kara', 'Doris', 'Mair', 'Harriet', 'Leda', 'Marijo', 'Dotti', 'Ansley', 'Yolanda', 'Debora', 'Adiana', 'Catha', 'Fredericka', 'Edith', 'Kala']
['Orsa', 'Rowena', 'Shanie', 'Claudie', 'Dee', 'Gale', 'Jorrie', 'Xylina', 'Noreen', 'Nissie', 'Dyane', 'Corly', 'Thia', 'Collete', 'Ronnica']
['Joelly', 'Bridgette', 'Eulalie', 'Peg', 'Lynnet', 'Brittan', 'Sofie', 'Myrtle', 'Krissy', 'Else', 'Eolanda', 'Mella', 'Delly', 'Cathryn', 'Anette']
