['46', '77', '373']
['20', '327']
['58', '139', '168']
['71', '148', '220']
['210', '243']
['70', '300']
['6', '114']
['74', '260', '395']
[]
['116', '192', '301', '323']
['47', '119', '276']
[]
['14', '102', '232', '354']
[]
['170']
['28', '42', '298']
['121']
['363', '388']
['185', '247', '315']
['183', '214', '337']
['78', '249', '339']
['211', '213', '239']
['223', '268']
['3', '32', '34', '280', '310', '334']
['154', '397']
['262', '312', '368']
['164', '238', '240', '347', '379']
['177', '236', '328']
['84', '293', '320', '399']
['272', '398']
['62', '89', '151', '179', '252', '359']
['24', '51', '132', '217']
['135', '304', '345', '390']
['104', '159', '182']
['54', '79', '257', '372']
['136', '333', '342']
['113', '144', '341']
['83', '90', '117', '124', '128']
['30', '195', '292']
['180']
['184']
[]
[]
[]
['356']
['21', '118', '200', '329']
['134', '307']
['169', '242', '295', '361']
['56', '282', '386']
['19', '344']
['95', '246', '317', '392']
['12', '382']
['208', '244', '284', '385', '391']
['145', '172', '313', '360']
['130']
['55']
['105', '140', '157', '205', '269', '311', '318', '321']
['109', '158', '308', '336']
['123', '270', '278', '370']
['188', '253', '332']
['10']
['72', '76', '289', '362']
['52', '93']
['202', '267']
['125', '349', '394']
['115', '126', '153']
['309']
['91', '222']
['100', '371']
['44', '85', '143', '174']
['120', '230', '316']
['156']
['138', '226', '330', '365']
[]
['191', '229', '285']
['25', '94', '228']
['97', '163']
['81', '196', '237']
['255', '324']
['146', '215']
['355', '364']
['16', '92', '294']
['80', '322']
['49']
['33', '225', '235', '261', '263', '277']
['26', '38', '314', '319', '380']
['165', '166']
['53', '59', '108', '281', '326']
['209', '287', '338']
[]
['248']
['67', '219', '299']
['233', '305']
['106', '175', '340']
['36']
['31', '331']
['147', '273']
['87']
['4', '227', '250', '279']
['348', '352']
['15', '35', '48', '57', '112', '142', '351']
['23', '96', '204', '265', '346']
[]
[]
[]
['231', '264', '367', '375']
['11', '22', '286', '369']
[]
[]
['8']
[]
['187']
['9', '218', '393']
['122', '149', '389']
['353']
['190', '384']
['41', '141', '155', '194', '206', '290']
['45', '160', '266']
['171', '199', '224', '275', '350']
['173', '254', '288', '378', '396']
['271', '283']
['251', '303', '358']
['161', '176', '193', '221', '325']
['5', '27', '73', '111']
['0', '186', '216']
['343', '387']
['63', '65', '129']
[]
['150', '207', '357']
['86', '110', '127', '167', '203']
['40', '297']
['37', '99', '181', '258', '335']
['50', '103', '178', '381']
['17', '60', '241']
['107', '302']
['2', '66', '75']
['133', '137', '212']
['198', '201']
['61', '64', '101', '256', '296']
['1', '259']
['43', '189']
['18', '366', '377']
['197', '291']
['29', '98']
['68', '131', '245']
['274', '306']
['69', '162', '234']
['82', '374', '376']
['152', '383']
['7', '13', '39', '88']
