['165', '196', '55']
['333', '347', '355', '402', '223', '401', '400', '25']
['416', '311', '76', '247', '412', '307', '38', '114']
['111', '126', '403', '269', '283', '357', '450', '383', '185']
['470', '233', '353', '395', '474', '228', '342', '410', '286', '463']
['288', '301', '267', '385', '434', '143', '332', '29', '326', '399', '424']
['52', '72', '117', '274', '308', '398', '148', '245', '376', '180', '125', '409', '489', '220', '438']
['112', '358', '163']
['30', '484', '44', '50', '133', '168', '153', '481', '159']
['37', '113', '284', '436', '57', '20', '172', '89']
['7', '280', '15', '346', '448', '41', '173', '496', '415', '339', '467']
['449', '290', '195', '371', '374', '140', '312', '97', '68', '268', '201']
['364', '382', '352', '423', '451', '131', '365', '71', '186', '264']
['387', '64', '327', '393', '418', '109', '34', '54']
['222', '335', '411', '351', '405', '212', '16', '317']
['118', '408', '90', '441', '425', '388', '127']
['0', '94', '164', '407', '421', '459', '200', '234', '206', '139', '258', '458', '174']
['86', '73', '137', '495', '53', '95', '199', '305', '103', '354', '254']
['146', '237', '369', '384', '136', '344', '110', '443', '190', '115']
['249', '128', '177', '427', '119', '493', '79']
['310', '130', '273', '209', '26', '325', '40', '241', '238', '279']
['378', '478', '2', '202', '62', '227', '491', '251']
['192', '430', '225', '431', '205']
['101', '309', '462', '116', '472']
['154', '464', '83', '231', '224', '316', '102', '135', '380']
['31', '5', '35', '80', '47', '417', '396']
['104', '120', '18', '132', '372', '379', '331', '455', '397', '473', '198', '340', '12', '161', '302', '144', '454', '271']
['328', '345', '141', '468', '306', '314', '236', '303']
['60', '169', '362', '93', '230', '482', '285']
['13', '170', '359', '277', '121', '276', '440', '158', '204', '21']
['203', '261', '487', '56', '210', '232', '469', '428', '263', '485', '292', '426', '248', '253', '36', '91']
['160', '58', '77', '92', '275', '343', '363', '179', '243', '483', '182', '19', '281']
['49', '445', '191', '42', '188', '337', '420', '239', '348', '99']
['69', '433', '213', '439', '366', '235']
['81', '329', '229', '262', '28', '167', '108']
['498', '147', '475', '171', '367']
['11', '259', '215', '392', '45', '156', '150', '368', '377', '435', '32', '319', '214', '33']
['252', '442', '256', '460', '452', '298', '142']
['341', '432', '84', '492', '389', '59', '466']
['208', '488', '295', '471', '98', '218', '105', '291']
['67', '480', '87', '320', '138', '304', '494']
['194', '437', '272', '370', '107', '246', '318', '22', '446', '189', '181', '444', '330']
['293', '461', '155', '453', '3', '63', '88', '145', '149']
['1', '61', '250', '9', '197', '39', '27', '78', '477', '260', '299']
['75', '183', '338', '219', '324', '456', '14', '313', '349']
['187', '360', '270', '176', '6', '152', '74']
['265', '289', '406', '413', '323', '479', '386', '48', '51']
['266', '419', '70', '24', '226', '375', '96', '242', '17', '66']
['4', '162', '334', '373', '151', '497', '178']
['278', '65', '124', '123', '207', '414']
['122', '106', '296', '82']
['217', '240', '294', '476', '447', '8', '297', '490']
['244', '257', '175', '46', '134', '429']
['129', '457', '390', '10', '282', '394']
['216', '166', '193', '422', '499', '350', '465', '381', '211', '300', '255', '356']
['23', '361', '184', '404', '315', '85', '221', '100']
['157', '486', '287']
['391', '321', '336', '43', '322']
