['jjj', 'll', 'ooo', 'u', 'ww', 'CCCCCC', 'K', 'LL', 'KKK', 'OOO', 'SSSS', 'VVVVVVV', 'XXX', 'ZZ', 'ZZZ']
['dddddddd', 'ff', 'iiii', 'llllllll', 'mm', 'mmmmm', 'rrrrrr', 'FFFFFF', 'FFFFFFFF', 'LLLLLLLL', 'N', 'PPPPPPP', 'TTTTT', 'SSSSSSS', 'UU', 'VV', '66', '7777777']
['d', 'cccc', 'lll', 'kkkkkkk', 'mmmmmmmm', 'rrrrr', 'ss', 'yyyyyyyy', 'CC', 'HH', 'IIIIIII', 'LLL', 'KKKK', 'LLLLLLL', 'KKKKKKKK', 'MM', 'NNN', 'RR', 'XX', 'WWWWWWW', '222', '77777']
['ddddddd', 'h', 'ggggggg', 'kk', 'rr', 'rrr', 'rrrr', 'xxxxx', 'EEEEE', 'JJJJJ', 'KKKKKK', 'KKKKKKK', 'NN', 'RRR', 'TTTT', 'TTTTTT', 'VVVV', '4444', '44444444']
['bb', 'jjjjjjjj', 'kkkkk', 'pppppp', 'vv', 'zzzz', 'zzzzzz', 'HHHHH', 'LLLL', 'MMMMMMMM', 'SSS']
['aaaaa', 'cc', 'gggg', 'kkk', 'nnn', 'MMM', 'PP', 'SS', 'XXXXXXX', '22222', '44', '444444', '66666', '666666', '8']
['ee', 'hhhhhhhh', 'k', 'oo', 'vvvv', 'CCC', 'CCCCCCCC', 'EEEEEEE', 'PPPPPP', 'UUUUU', 'VVVVV', 'W', 'WW', 'Z', '111111', '66666666', '888', '77777777']
['ddddd', 'dddddd', 'hhh', 'ggggg', 'nnnnnnnn', 'tttt', 'BBBBBB', 'AAAAAAA', 'F', 'GGGGGGG', 'JJJ', 'QQQQQQ', 'V', 'UUUU', 'YYYYY', '111', '4', '55555']
['kkkkkk', 'ttt', 'uuuu', 'uuuuuuu', 'yyyy', 'DDDD', 'G', 'GGG', 'HHHHHH', 'LLLLLL', '1111111']
['bbbbbbb', 'dddd', 'eeeee', 'lllllll', 't', 'FFFF', 'JJ', 'IIII', 'JJJJ', 'O', 'RRRRR', 'RRRRRRRR', 'TTT', 'XXXXXXXX', '33333333', '55', '88888']
['bbbbb', 'ii', 'l', 'lllll', 'nnnnnn', 'rrrrrrrr', 'wwww', 'zzzzz', 'DDDDDDDD', 'EEE', 'EEEEEE', 'IIIIIIII', 'NNNNNN', 'PPP', 'OOOO', 'U', 'X', '2', '2222222', '88']
['mmm', 'vvvvv', 'BBBBBBBB', 'GGGGGG', 'IIIII', 'NNNNN', 'NNNNNNN', 'SSSSSS', '11111111']
['g', 'iiiiii', 'nnnn', 'ooooo', 'ppppp', 'q', 'qqqqqqq', 'ssssssss', 'v', 'wwwwwww', 'yyyyyy', 'yyyyyyy', 'OOOOO', 'OOOOOOOO', 'RRRRRRR', 'TT', 'TTTTTTTT', 'XXXXXX']
['ffffff', 'gggggggg', 'iii', 'qqqqqqqq', 'xxxxxxxx', 'zz', 'yyyyy', 'KK', 'NNNN', 'MMMMMM', 'T', '555555', '777777']
['aaa', 'aaaaaaa', 'y', 'yyy', 'FFFFF', 'II', 'JJJJJJJ', 'NNNNNNNN', 'RRRRRR', 'UUUUUU', 'XXXX', '1111', '222222', '444', '7777']
['bbbb', 'aaaaaa', 'eee', 'jjjjjj', 'n', 'mmmm', 'qqq', 's', 'tttttt', 'vvv', 'w', 'z', 'A', 'AAAA', 'BBBBBBB', 'DDD', 'CCCCC', 'E', 'HHH', 'MMMMMMM', 'PPPPP', 'QQQQ', '11', '33']
['ffff', 'ssss', 'sssss', 'yy', 'BBBBB', 'PPPP', 'Q', 'ZZZZZZZ', '666']
['fffff', 'ffffffff', 'ggg', 'iiiiiii', 'uuuuuu', 'wwwww', 'B', 'KKKKK', 'LLLLL', 'UUUUUUU', '1', '3', '88888888']
['aaaaaaaa', 'fff', 'fffffff', 'eeeeeeee', 'hhhhh', 'jjjjj', 'ooooooo', 'www', 'D', 'DDDDD', 'HHHH', 'GGGGG', 'JJJJJJJJ', 'P', 'QQQ', 'TTTTTTT', 'UUUUUUUU', 'Y', 'YY', 'YYYYYYYY']
['a', 'cccccc', 'eeee', 'gg', 'kkkk', 'pppp', 'ppppppp', 'r', 'x', 'BBB', 'AAAAA', 'QQ', 'QQQQQ', 'SSSSSSSS', 'ZZZZZ', 'ZZZZZZ', 'ZZZZZZZZ']
['c', 'hhhhhh', 'iiiiiiii', 'oooooo', 'qq', 'qqqqq', 'ttttt', 'ssssss', 'AAAAAA', 'MMMMM', 'VVVVVVVV', 'WWW', 'WWWWWW', '44444', '3333333', '555', '5555', '55555555']
['aa', 'f', 'm', 'mmmmmm', 'xxxxxxx', 'AA', 'BB', 'CCCC', 'H', 'JJJJJJ', 'QQQQQQQQ', '333']
['ccc', 'iiiii', 'llllll', 'nnnnn', 'mmmmmmm', 'nnnnnnn', 'o', 'p', 'oooo', 'tt', 'xxxx', 'zzz', 'BBBB', 'FF', 'GGGGGGGG', 'XXXXX', 'WWWWWWWW', '333333', '5', '888888']
['dd', 'eeeeee', 'kkkkkkkk', 'qqqqqq', 'sss', 'uuu', 'uuuuuuuu', 'xx', 'xxx', 'C', 'EE', 'HHHHHHHH', 'L', 'S', 'SSSSS', '4444444']
['hhhhhhh', 'nn', 'pppppppp', 'rrrrrrr', 'ttttttt', 'xxxxxx', 'zzzzzzzz', 'DD', 'EEEEEEEE', 'I', 'YYYYYYY', '6666', '5555555']
['b', 'bbb', 'ccccc', 'e', 'hhhh', 'gggggg', 'llll', 'uu', 'vvvvvvv', 'GG', 'MMMM', 'QQQQQQQ', 'YYYY', '22', '3333', '6', '777']
['ddd', 'eeeeeee', 'hh', 'jjjjjjj', 'oooooooo', 'sssssss', 'vvvvvv', 'wwwwwwww', 'AAA', 'AAAAAAAA', 'DDDDDD', 'FFF', 'OOOOOO', 'OOOOOOO', 'PPPPPPPP', 'VVV', '33333']
['aaaa', 'bbbbbb', 'ccccccc', 'cccccccc', 'j', 'pp', 'ppp', 'DDDDDDD', 'EEEE', 'FFFFFFF', 'HHHHHHH', 'III', 'VVVVVV', '7', '77', '8888']
['jj', 'qqqq', 'uuuuu', 'vvvvvvvv', 'zzzzzzz', 'J', 'R', 'RRRR', 'WWWW', 'YYY', '2222', '11111', '8888888']
['bbbbbbbb', 'i', 'jjjj', 'tttttttt', 'wwwwww', 'CCCCCCC', 'GGGG', 'IIIIII', 'M', 'OO', 'UUU', 'WWWWW', 'ZZZZ', 'YYYYYY', '22222222', '6666666']
