['Elinor', 'Reta', 'Zita', 'Mariette', 'Giralda', 'Lynnett', 'Blake', 'Jasmin', 'Charis', 'Bibbie', 'HelenElizabeth', 'Tiffani', 'Erinna', 'Frankie', 'Sue', 'Brynne', 'Corinna', 'Nomi', 'Trista']
['Gerianna', 'AnnaDiana', 'Starr', 'Susi', 'Elayne', 'Siusan', 'Robena', 'Matilda', 'Lisbeth', 'Miquela', 'Pierrette', 'Marlyn', 'Kiersten', 'Mia']
['Jess', 'Emilee', 'Evangeline', 'Fayth', 'Ginger', 'Eve', 'Genna', 'Dulcea', 'Isabelle', 'Jodi', 'Corella', 'Zorana', 'Cinnamon', 'Ashely', 'Cherry', 'Phil', 'Camille', 'Ortensia']
['Carlye', 'Brandise', 'Bria', 'Rosina', 'Valerie', 'Prudi', 'Debbie', 'Bell', 'SheilaKathryn', 'Delila', 'Elisabet', 'Mariejeanne', 'Jaime', 'Eddi', 'Minnnie', 'Tamarah', 'Leora', 'Kacey', 'Melva']
['Brigid', 'Anjanette', 'Kalindi', 'Lia', 'Vilma', 'AnnaDiane', 'Reggi', 'Heather', 'Jessika', 'Therine', 'Costanza', 'Kettie', 'Ashli', 'Kial', 'Dulcie', 'Cory', 'Courtnay', 'Marjie', 'Merline']
['Analise', 'Shayne', 'Cynde', 'Riannon', 'Marylou', 'Gigi', 'Brynna', 'Gayle', 'Paulette', 'Ray', 'Sephira', 'Faith', 'Cordy', 'Catina', 'Nolana', 'Siobhan', 'Libby', 'Helenka', 'Erna']
['Serena', 'Valentine', 'Libbi', 'Denyse', 'Zoe', 'Tova', 'Wilow', 'Fayina', 'Shayna', 'Neila', 'Kora', 'Mina', 'Tilda', 'Gussy', 'Dolores', 'Gwendolen', 'Rosalind', 'Madalena']
['Lois', 'Evvy', 'Leilah', 'Randene', 'Philomena', 'Saundra', 'Anthe', 'Di', 'Jaclyn', 'Suellen', 'Harrie', 'Joycelin', 'Sophie', 'Laraine', 'Winifred', 'Shelli', 'Constantina', 'Jobina', 'Wilone']
['Pandora', 'Jeniffer', 'Jenna', 'Inna', 'Toni', 'Cristina', 'Dana', 'Kay', 'Hatty', 'Kylen', 'Erma', 'Kippy', 'Lilla', 'Grazia', 'Harriett', 'Lorna', 'Donella', 'Martguerita', 'Nerissa']
['Avivah', 'Drucill', 'Tessy', 'Moyra', 'Lorrin', 'Stefa', 'Genni', 'Marley', 'Sharron', 'Fredelia', 'Laura', 'Flori', 'Ealasaid', 'Yalonda', 'Janey', 'Kerstin']
['Licha', 'Kata', 'Pia', 'Heidie', 'Ardenia', 'Chelsea', 'Sheree', 'Alvina', 'Carree', 'Marice', 'Carmelia', 'Nicoli', 'Verina', 'Hendrika', 'Noelyn', 'Linette', 'Natalina', 'Johnette', 'Sallyanne']
['Ivie', 'Idalina', 'Hyacinth', 'Lisabeth', 'Lillis', 'Biddie', 'Emmy', 'Joly', 'Darcee', 'Marla', 'Idell', 'Renae', 'Pansie', 'Lona', 'Vin', 'Christin', 'Merrielle', 'Fawne', 'Lauretta']
['Herminia', 'Thalia', 'Arliene', 'Kinna', 'Lita', 'Brandie', 'Ethelind', 'Lettie', 'Kania', 'Phedra', 'Lorinda', 'Jeralee', 'Sofia', 'Katalin', 'Tanhya', 'Kelcey', 'Romonda']
['Janette', 'Maddalena', 'Neilla', 'Bobbie', 'Rachel', 'Tatiana', 'Goldina', 'Maryl', 'Cammie', 'Geri', 'Melodie', 'Jane', 'Feliza', 'Annalee', 'Jessamyn', 'Rozanna', 'Eula', 'Karisa', 'Myrilla']
['Jeannine', 'Jada', 'Madonna', 'Lori', 'Nelia', 'Gaynor', 'Terra', 'Marcia', 'Nora', 'Freda', 'Lanni', 'Tamarra', 'Willabella', 'Tresa', 'Laurice', 'Sharla', 'Marigold', 'Vanessa', 'Emmalynne']
['Ondrea', 'Deeann', 'Betteanne', 'Caryn', 'Callie', 'Lyn', 'Mehetabel', 'Claudina', 'Wendeline', 'Daisi', 'Keri', 'Vallie', 'Midge', 'Lindsy', 'Sibylle', 'Andriette', 'Pippy', 'Viva', 'Ellie']
['Jeannie', 'Reeva', 'Christabel', 'Anya', 'Pavla', 'Tanya', 'Christina', 'Vickie', 'Kassia', 'Dayle', 'Rosalinde', 'Amitie', 'Essa', 'Ashlen', 'Almeda', 'Camilla']
['Alyce', 'Rasla', 'Stepha', 'Tersina', 'Cate', 'Tybi', 'Loria', 'Roseann', 'Patti', 'Danell', 'Nevsa', 'Cordie', 'Kaylyn', 'Rosene', 'Gwenette', 'Meris', 'Crystie', 'Barbaraanne', 'Sayre']
['Thomasina', 'Eadie', 'Meggy', 'Emelina', 'Shelby', 'Barbe', 'Lacey', 'Gerrilee', 'Joleen', 'Chris', 'Dianna', 'Natala', 'Carline', 'Paulina', 'Lavinia', 'Cecelia', 'Raye', 'Phillis', 'Tobi']
['Oliy', 'Bonnee', 'Shay', 'Goldi', 'Giselle', 'Misti', 'Nerta', 'Madelyn', 'Geralda', 'Billy', 'Nadine', 'Liz', 'Mable', 'Katha', 'Honey', 'Brenn', 'Raven']
['Sara', 'Amabel', 'Magdaia', 'Raine', 'Megan', 'Rebbecca', 'Imogen', 'Maryjo', 'Jacquenette', 'Uta', 'Kristin', 'Penny', 'Trude', 'Shani', 'Dulcia', 'Lorena', 'Chrystel', 'Sheilah']
['Garland', 'Mareah', 'Jeannette', 'Sherline', 'Silva', 'Lina', 'Joannes', 'Renelle', 'Deny', 'Kellen', 'Leona', 'Natka', 'Sheeree', 'Kathlin', 'Pollyanna', 'Vonny', 'Bessy', 'Clemmy', 'Debby']
['Sheena', 'Andree', 'Jolie', 'Karlotta', 'Edeline', 'Vi', 'Edi', 'Koressa', 'Coretta', 'Karol', 'Jsandye', 'Allsun', 'Aubrette', 'Susana', 'Arleyne', 'Paula']
['Katleen', 'Lorraine', 'Devinne', 'Lila', 'Clari', 'Tressa', 'Madelin', 'Jennica', 'Ardine', 'Laverne', 'Cayla', 'Laverna', 'Tammy', 'Constantia', 'Shaina']
['Coral', 'Shelia', 'Veronike', 'Milena', 'Henriette', 'Patience', 'Gabriell', 'Ula', 'Livia', 'Henrietta', 'Laureen', 'Esmaria', 'Toma', 'Annie', 'Una', 'Clemmie', 'Corey', 'Vivia', 'Jorey']
