['7', '45', '116', '131', '161', '185', '209', '234', '242', '274', '295', '302', '336', '368', '428', '447', '460', '463', '464', '468', '489']
['14', '27', '36', '37', '39', '41', '42', '72', '83', '132', '144', '147', '181', '224', '236', '240', '252', '254', '276', '288', '296', '378', '379']
['16', '29', '86', '102', '115', '140', '163', '165', '166', '175', '179', '194', '202', '215', '233', '246', '269', '293', '309', '406', '433', '491']
['28', '31', '61', '62', '64', '168', '177', '207', '225', '260', '261', '268', '280', '310', '389', '404', '443', '473', '475', '481', '488', '493']
['17', '107', '143', '235', '284', '344', '396', '403', '449', '455', '459', '471', '482', '486', '499']
['10', '13', '38', '53', '71', '94', '120', '151', '164', '192', '199', '245', '257', '282', '324', '345', '353', '392', '398', '401', '410', '413', '414']
['8', '11', '23', '25', '82', '87', '90', '98', '117', '149', '189', '217', '267', '272', '273', '319', '329', '332', '341', '348', '360', '370', '376']
['43', '57', '60', '85', '92', '125', '126', '160', '169', '200', '223', '237', '362', '373', '387', '393', '421', '466', '483', '485', '490', '492', '494']
['18', '24', '40', '58', '69', '81', '91', '108', '123', '128', '135', '142', '172', '178', '186', '203', '210', '226', '286', '294', '311', '318', '458']
['19', '21', '56', '63', '73', '96', '231', '259', '265', '285', '297', '298', '320', '331', '340', '356', '359', '400', '422', '442', '444', '497', '498']
['32', '35', '44', '65', '75', '124', '216', '220', '250', '270', '312', '330', '334', '342', '350', '365', '409', '415', '420', '430', '451', '454', '456']
['6', '55', '66', '187', '188', '221', '247', '291', '352', '384', '423', '426', '427', '453', '461']
['12', '103', '105', '121', '129', '139', '158', '212', '303', '305', '321', '354', '394', '425', '429', '434', '476', '479']
['0', '54', '74', '89', '93', '99', '145', '146', '193', '205', '222', '238', '249', '271', '287', '347', '355', '382', '391', '407', '431', '435', '469']
['2', '20', '70', '106', '114', '137', '141', '167', '191', '219', '228', '304', '317', '338', '349', '383', '397', '424', '478', '484', '487']
['15', '46', '49', '118', '136', '155', '198', '204', '206', '241', '244', '248', '262', '263', '275', '279', '299', '314', '315', '357', '367', '417', '448']
['34', '47', '79', '88', '109', '130', '184', '196', '208', '218', '266', '278', '290', '335', '346', '366', '385', '390', '399', '438', '467', '470', '480']
['4', '33', '101', '112', '122', '153', '156', '232', '253', '306', '307', '308', '323', '337', '343', '364', '381', '395', '412', '418', '441', '446', '465']
['1', '9', '26', '59', '110', '173', '174', '180', '182', '213', '227', '230', '264', '283', '300', '301', '351', '363', '369', '374', '380', '408', '419']
['22', '30', '67', '68', '76', '77', '100', '104', '127', '148', '152', '157', '159', '170', '195', '201', '251', '289', '292', '322', '325', '328', '333']
['5', '48', '51', '84', '95', '133', '134', '154', '183', '243', '255', '256', '281', '313', '327', '377', '432', '437', '439', '450', '472', '495', '496']
['3', '50', '52', '78', '97', '111', '113', '138', '171', '176', '211', '214', '277', '316', '358', '372', '386', '388', '405', '411', '416', '436', '445']
['80', '119', '150', '162', '190', '197', '229', '239', '258', '326', '339', '361', '371', '375', '402', '440', '452', '457', '462', '474', '477']
