['Jayne', 'Tommy', 'Lyman', 'Dario', 'Sheri', 'Tessa', 'Sandy', 'Kirby', 'Sammy', 'Dante', 'Moshe', 'April']
['Jonah', 'Felix', 'Josie', 'Margo', 'Cyrus', 'Chang', 'Perry', 'Gayle', 'Tasha', 'Maude', 'Jared', 'Lorna', 'Dwain', 'Elvia', 'Emily']
['Sadie', 'David', 'Donny', 'Casey', 'Bobbi', 'Chris', 'Brent', 'Chong', 'Corey', 'Julio', 'Lanny', 'Tonya']
['Julia', 'Nelda', 'Aline', 'Cindy', 'Trent', 'Ahmad', 'Jamar', 'Renee', 'Patti', 'Shaun', 'Tonia', 'Mario', 'Tanya', 'Joann', 'Daron', 'Jacob']
['Terry', 'Ernie', 'Britt', 'Paige', 'Odell', 'Chase', 'Sonja', 'Leann', 'Elvin', 'Nancy']
['Zelma', 'Emery', 'Melba', 'Danny', 'Fidel', 'Linda', 'Orval', 'Randy', 'Alice', 'Pearl']
['Tracy', 'Holly', 'Avery', 'Hazel', 'Ilene', 'Rhoda', 'Marci', 'Ronny', 'Bette', 'Hilda', 'Billy', 'Roman']
['Quinn', 'Ervin', 'Karin', 'Marty', 'Alvin', 'Wendi', 'Darin', 'Queen', 'Kevin', 'Leila', 'Elena', 'Major', 'Nadia', 'Karen']
['Maura', 'Adele', 'Marla', 'Laura', 'Carla', 'Clark', 'Edwin', 'Sybil', 'Willy', 'Alton', 'Clara', 'Tyron', 'Lacey', 'Garry', 'Grant', 'Olive', 'Terri', 'Percy', 'Clint', 'Sofia']
['Naomi', 'Myron', 'Allan', 'Josef', 'Erika', 'Aaron', 'Jamel', 'Kathy', 'Annie', 'Janis', 'Randi', 'Cliff', 'Kelly', 'Donna']
['Ellen', 'Becky', 'Steve', 'Mitzi', 'Ollie', 'Moses', 'Carly', 'Daisy', 'Amado', 'Clyde', 'Peter', 'Sally', 'Audra', 'Robin', 'Pedro', 'Amber', 'Twila']
['Della', 'Lydia', 'Lorie', 'Brian', 'Brock', 'Erica', 'Katie', 'Fritz', 'Wanda', 'Eddie']
['Janet', 'Mikel', 'Dixie', 'Lauri', 'Wyatt', 'Essie', 'Freda', 'Davis', 'Arlen', 'Teddy', 'Mitch', 'Robyn', 'Tammi', 'Pansy', 'Brant']
['Devin', 'Cesar', 'Wally', 'Ariel', 'Bryce', 'Rusty', 'Homer', 'Berta']
['Candy', 'Elmer', 'Issac', 'Erick', 'Effie', 'Monty', 'Mamie', 'Ruben', 'Debra', 'Timmy', 'Merle', 'Micah']
['Jaime', 'Bryan', 'Basil', 'James', 'Nikki', 'Helga', 'Elias', 'Wilma', 'Dusty', 'Roxie', 'Verna', 'Adela', 'Benny']
['Leona', 'Marcy', 'Malik', 'Viola', 'Vilma', 'Elsie', 'Joyce', 'Leroy', 'Louis', 'Wendy', 'Deann', 'Rufus', 'Jason']
['Doris', 'Vicky', 'Roger', 'Irvin', 'Ebony', 'Bruno', 'Claud', 'Brady', 'Shane', 'Mason']
['Lucio', 'Barry', 'Greta', 'Kayla', 'Staci', 'Bryon', 'Maria', 'Buddy', 'Mandy', 'Misty']
['Mable', 'Rhett', 'Betsy', 'Sonny', 'Craig', 'Flora', 'Hyman']
