['283']
['173', '192']
['54']
['56', '150']
['13', '83']
[]
['251', '360']
[]
['177', '272']
['224']
['41', '57']
[]
['88']
[]
['102']
['91', '198', '279', '309']
[]
[]
['228']
['235', '238', '344']
['101', '217']
['77']
['347']
['196']
['117']
['53', '233', '303']
[]
['92', '106', '169', '339']
['60', '170']
[]
[]
['96']
['195']
['243']
['24']
['259']
['304']
[]
['8', '17', '34', '79', '179']
['161', '346']
['167', '189']
['45', '165']
[]
['302']
['118']
['97', '123', '129', '237']
['120', '282']
['340']
['172', '197']
['317']
['40']
[]
[]
['19', '274']
['10', '82', '247']
[]
['68', '109', '134']
[]
['58', '205', '216', '288', '334']
['76', '332']
['187', '207']
['325']
[]
['116']
['204', '353', '357']
['86']
['236']
['210']
['28', '151']
['352']
['214', '297', '301']
['154']
[]
[]
['55', '67', '149']
[]
['184']
['0']
['222']
[]
[]
['75', '264']
['182']
['354']
[]
[]
['270']
['139']
['186']
[]
['202']
['52', '136']
[]
['25', '63', '345']
[]
[]
['1', '5']
['37']
['315']
['29', '148']
['248']
[]
['286']
['219']
['108']
[]
['321']
['51', '176', '311', '327', '356']
['4', '140']
[]
['48', '230']
['64', '191', '287']
['107', '318']
['181']
[]
['135']
['180']
['284', '355', '359']
['115', '329']
['12', '49']
['152', '290', '319']
['257']
[]
[]
['124']
[]
['114', '227', '231', '268', '273']
['44', '285']
[]
[]
['178']
['122', '155']
['168', '269']
['261', '326', '350']
['215']
['244']
[]
['43', '246', '277']
[]
[]
['36']
['263', '306']
['249']
[]
['333', '348']
['234']
['72']
['21', '32', '203', '218']
['174']
['281']
['62']
['266']
[]
['183']
['23', '144', '166']
[]
['119']
[]
['255']
[]
['253', '260']
[]
[]
['265']
[]
['146', '158', '351']
[]
['46', '70']
['39', '226']
['65', '328']
['232']
['6', '130']
[]
['245', '341']
['104']
['99', '220']
['22']
['163']
['190']
['98']
['81', '125', '162', '267']
[]
[]
[]
['85']
['111', '132', '314', '316']
[]
[]
['185']
[]
['331']
['342']
['42', '193']
[]
['221']
['313']
['361']
['127']
['159']
['199']
['35', '300']
['20', '209']
['241', '275']
['2']
['211', '276']
['160']
['250']
[]
['3']
['141']
[]
['143', '296']
['38', '223']
['69']
['100']
['33', '208', '312']
['78', '271']
['142', '147', '256']
['71', '133']
[]
['93', '258']
['349']
['188', '320']
[]
['293']
['74', '80', '157']
['16', '84', '362']
['310']
['87']
['18', '59', '337']
['50']
[]
['229']
[]
['292']
['31', '305', '343']
['201', '240', '323']
['291']
[]
['11', '131']
['110', '145']
[]
[]
[]
['15', '89']
['298']
['137', '175', '336']
['105', '239']
[]
[]
['113', '278']
['103', '289', '295']
['9']
['138', '338']
[]
['73', '90', '164', '225', '299']
['252', '262']
['94', '213']
['66']
['126', '308']
['322']
[]
[]
['254']
['26', '171']
['95']
['153']
['14', '280']
['7', '128']
['200', '242']
[]
['330']
['61', '335']
[]
['324']
['121']
['112', '294']
[]
['206']
['27', '307']
[]
[]
['30', '156']
[]
['194']
['47', '212', '358']
