['Marialy', 'Avigail', 'Dorcas', 'Sihaam', 'Taegan', 'Mckaylin', 'Katalina', 'Chidi', 'Raeleigh', 'Shamaiya', 'Maude', 'Reynaldo']
['Artie', 'Tajuan', 'Sharlene', 'Anouk', 'Cicily', 'Khila']
['Kobe', 'Kamora', 'Sanae', 'Desteni', 'Lamariah', 'Marnae', 'Azeriah', 'Stefanny', 'Jaydah', 'Zayquan', 'Coulson', 'Jaimarie', 'Margie', 'Ramses', 'Bailynn', 'Jazir', 'Jaleena', 'Nalaya']
['Dereck', 'Dainen', 'Jasahn', 'Yu', 'Farah', 'Jesalyn', 'Amonti', 'Tobechi', 'Laticia', 'Kaymi', 'Lakiyah']
['Gertrude', 'Juliano', 'Shy', 'Jomary', 'Fe']
['Tafari', 'Lilienne', 'Salmaan', 'Raphael', 'Adeleine', 'Larry', 'Renyah', 'Matt', 'Rayne']
['Jesus', 'Rey', 'Feven', 'Kaira', 'Jeru']
['Camill', 'Bailei', 'Sagan', 'Bright', 'Jerel', 'Liann', 'Ingrid', 'Jaleesa', 'Lukis', 'Satomi', 'Kaeleen', 'Kinzie', 'Casondra', 'Helaman', 'Azavier']
['Nishta', 'Tobias', 'Jeremias', 'Joed', 'Ayahna', 'Mykenna', 'Inaki', 'Serra', 'Farha', 'Dashun', 'Kapena']
['Abdulrehman', 'Tayseer', 'Merary', 'Quintasia', 'Trinitey', 'Deidre', 'Marcellino', 'Kirrah', 'Montana']
['Cliff', 'Evia', 'Davidjr', 'Yajahira', 'Suri', 'Jamaad', 'Natsumi', 'Anwesha', 'Selena', 'Kvaughn']
['Emmely', 'Jovey', 'Gunther', 'Artyom', 'Miley', 'Rielly', 'Aman', 'Monserath', 'Zuzanna', 'Nohely', 'Julia', 'Alaija', 'Kaushik', 'Endi']
['Mumin', 'Navia', 'Avielle', 'Marcellius', 'Brenya', 'Jahlen', 'Anagha', 'Sabastion', 'Tayyab', 'Kaymarie', 'Guy', 'Alieyah', 'Dajana', 'Antonin']
['Ricky', 'Atika', 'Rohil', 'Rexford', 'Jaeline', 'Antwane', 'Alyiana', 'Nethra', 'Niemah', 'Katarina']
['Kalum', 'Zaahir', 'Lauralynn', 'Haya', 'Jema', 'Emmanuela', 'Arsalan', 'Kimball', 'Noha']
['Shardae', 'Chyna', 'Casandra', 'Jamiyla', 'Zackrey', 'Kenzo', 'Shamiyah', 'Sinia']
['Anela', 'Nakeya', 'Milene', 'Mylani', 'Tralyn', 'Cynae', 'Keion', 'Jekeria']
['Meryl', 'Caliegh', 'Fabrizzio', 'Tam', 'Zamyah', 'Alainna', 'Antrone', 'Noami', 'Estephanie', 'Janesha', 'Jax', 'Trystian', 'Coi']
['Basha', 'Veena', 'Vedika', 'Zinia', 'Kairy', 'Spartan', 'Danyca', 'Hashem', 'Leighann', 'Shelbee', 'Venezia']
['Halo', 'Seiry', 'Demetreus', 'Jamonte', 'Sussy', 'Markise', 'Tashvi', 'Jakelin', 'Liat', 'Quintavious', 'Jalyiah', 'Apollonia', 'Anadalay', 'Akasha', 'Abhinav']
['Chanze', 'Eddieberto', 'Eleah', 'Lilyonna']
['Jarem', 'Ori', 'Lazaria', 'Colie', 'Lynia', 'Dea', 'Ganon', 'Amr', 'Hakop', 'Dhalia', 'Benito', 'Kariana', 'Vanesa']
['Rosalio', 'Coraline', 'Terriona', 'Andriy', 'Jos', 'Deedra', 'Vinnie', 'Ailene', 'Detravion', 'Jerriah', 'Aanyah', 'Ron', 'Malaja']
['Jatziry', 'Doyle', 'Adysen', 'Jaquis', 'Evangelyne', 'Byron']
['Kaeley', 'Masud', 'Lizmari', 'Jabes', 'Khalee', 'Kaleo', 'Donnovan', 'Kensleigh', 'Dell', 'Serenety', 'Aayana', 'Kameryn']
['Jaaziah', 'Vyncent', 'Zahriyah', 'Sydelle', 'Leib', 'Stafford', 'Yonason', 'Deriyon', 'Kenzington', 'Emilie', 'Fox', 'Ally']
['Guadalupe', 'Bristol', 'Leilah', 'Timia', 'Eliziah', 'Gor', 'Loni', 'Ishmel', 'Kemily']
['Zolin', 'Nayara', 'Keni', 'Thaddius', 'Lailani', 'Mikelle', 'Hallei']
['Alayasia', 'Larrissa', 'Saheim', 'Khloee', 'Kenniyah', 'Braeley', 'Ancel', 'Carine', 'Ameerah', 'Jacob', 'Shalonda', 'Mircale', 'Asa']
['Abaan', 'Kitty', 'Nancy', 'Makyra', 'Jersi', 'Britnee', 'Michaell', 'Gwendolynn']
['Khamil', 'Elisah', 'Aarohi', 'Shakila', 'Jamaine', 'Elway', 'Hannelore', 'Amritha', 'Treyson', 'Iris', 'Delara', 'Anastacio', 'Oviya', 'Griffon']
['Zykerria', 'Adanna', 'Aleiyah', 'Sevren', 'Quentyn', 'Marik', 'Denize', 'Bow', 'Lealand', 'Armita']
['Michai', 'Yavian', 'Delisha', 'Blaine', 'Sevastian', 'Srinath', 'Mailen', 'Hayven', 'Cyris']
['Mylie', 'Cylah', 'Jophy', 'Ettel', 'Sashya', 'Alison', 'Tasi', 'Eeliyah', 'Marrius', 'Handsome']
['Adaley', 'Taigen', 'Taye', 'Litsy', 'Derionna', 'Zoiee', 'Jaquan', 'Hugo', 'Abriyana', 'Leni', 'Aryeh']
['Lada', 'Dhyan', 'Yarisbel', 'Adaisha', 'Ahnaya', 'Devaun', 'Shanaiya', 'Jezzelle', 'Vivica', 'Marck', 'Keili', 'Nidhi', 'Jameisha', 'Jemiah', 'Aysenur']
['Brydan', 'Amor', 'Mikyla', 'Kyston', 'Crystina', 'Azzareya', 'Jailon', 'Charlett', 'Orren']
['Johnavan', 'Seleen', 'Mykaylah', 'Jebediah', 'Alyze', 'Shahid', 'Jdan', 'Jamear', 'Donnelle', 'Thien', 'Kellon', 'Tacori', 'Nakari', 'Giannie', 'Soniah', 'Cordai', 'Hesham', 'Cisco']
['Adriene', 'Kayliann', 'Brinleigh', 'Ryleeann', 'Trenise', 'Mylez', 'Citlally']
['Olive', 'Dragon', 'Jahred', 'Natasia', 'Merissa', 'Mikaelah', 'Sameeha', 'Ebany']
['Ellarie', 'Aylana', 'Isaak', 'Gracia', 'Oluwatobi', 'Aibhilin', 'Sayd', 'Salif', 'Dominika', 'Sheniyah', 'Kirubel', 'Abdulraheem']
['Carsten', 'Carena', 'Daxx', 'Asha', 'Jasiya', 'Shanell', 'Treyonna', 'Marifer', 'Gyzelle', 'Prakruti', 'Janine', 'Harlem']
['Emree', 'Sincere', 'Tahir', 'Aley', 'Jandre', 'Aizik', 'Giankarlo', 'Keemya', 'Dyami', 'Siena', 'Keyvin', 'Soriya', 'Shannel', 'Nitzia', 'Kenzlie']
['Samauri', 'Mezmariah', 'Zyeir', 'Raymir', 'Analiah']
['Takia', 'Keyin', 'Dusan', 'Kyo', 'Yaire', 'Yarithza', 'Tanyla', 'Kay']
['Jayme', 'Jarrell', 'Merlina', 'Jalilah', 'Thadius', 'Tyannah', 'Xaviel', 'Rock', 'Osmin', 'Nakaya', 'Mikea', 'Mariaelena']
['Charlize', 'Dessie', 'Ilyn', 'Shiala', 'Dairon', 'Daxen', 'Elysha', 'Deliany', 'Fidel', 'Jirah', 'Marwan', 'Abdoulaziz', 'Gauge', 'Tralaya', 'Shamyia']
