['69', '83', '116', '160', '178', '234', '288', '291', '292', '324', '358', '381', '389']
['31', '35', '70', '95', '98', '104', '139', '251', '255', '303', '305', '333', '361', '364', '370', '371']
['17', '22', '85', '92', '110', '137', '146', '206', '226', '259', '284', '293', '294', '301', '302', '306', '309', '339', '387', '396']
['29', '49', '60', '82', '131', '133', '135', '185', '248', '281', '298', '300', '307', '359', '363', '375']
['3', '79', '88', '123', '163', '199', '203', '265', '295', '318', '356']
['8', '18', '54', '84', '101', '308', '323', '354', '397']
['34', '63', '80', '114', '167', '228', '238', '252', '331', '376', '377', '384', '386']
['25', '27', '53', '56', '111', '151', '219', '220', '241', '268', '277', '346', '369', '374']
['90', '149', '166', '172', '198', '231', '256', '260', '267', '299']
['13', '23', '40', '93', '145', '247', '275', '278', '279', '320', '345', '351', '357']
['9', '66', '81', '89', '107', '143', '182', '201', '239', '244', '250', '286', '315', '325', '326', '368', '385']
['100', '169', '223', '266', '280', '313', '317', '362']
['48', '74', '103', '120', '121', '128', '140', '158', '161', '188', '202', '204', '328', '334', '349', '355', '367', '395']
['43', '62', '68', '142', '191', '195', '200', '290', '311', '314', '353']
['4', '12', '192', '196', '249', '274', '285', '319', '347', '378', '391']
['7', '10', '36', '75', '97', '102', '132', '144', '155', '165', '176', '193', '208', '214', '221', '229', '232', '240', '261', '316', '329', '342']
['39', '150', '152', '194', '217', '327', '336']
['41', '47', '52', '76', '170', '184', '209', '296', '297', '380']
['14', '37', '45', '46', '57', '73', '124', '180', '225', '233', '263', '264', '287', '321', '340', '365', '382']
['0', '26', '38', '50', '86', '119', '125', '129', '177', '213', '216', '338', '344', '366']
['16', '59', '78', '122', '130', '136', '153', '154', '218', '312', '383', '388', '394']
['2', '33', '96', '106', '189', '210', '211', '230', '257', '283', '350']
['20', '72', '91', '105', '108', '109', '112', '113', '118', '147', '183', '197', '215', '243', '270', '341', '393']
['19', '42', '94', '138', '148', '164', '174', '179', '181', '224', '242', '271', '289', '352', '360']
['61', '99', '127', '141', '157', '187', '207', '227', '254', '272']
['1', '5', '24', '32', '55', '58', '87', '162', '173', '258', '310', '348']
['21', '44', '51', '77', '126', '156', '171', '190', '212', '222', '235', '245', '330', '332', '335', '373']
['6', '11', '28', '30', '65', '115', '117', '237', '246', '253', '269', '276', '379']
['67', '134', '168', '175', '205', '273', '337', '343', '390']
['15', '64', '71', '159', '186', '236', '262', '282', '304', '322', '372', '392']
