['14', '38', '146', '180', '211', '221', '231', '259', '276', '318', '341', '367', '398', '419', '430', '445', '455']
['18', '32', '78', '113', '129', '236', '253', '319', '326', '388', '423', '440', '490']
['40', '42', '68', '91', '94', '104', '128', '160', '161', '200', '234', '258', '284', '313', '315', '339', '340', '345', '386', '441', '443', '480']
['22', '24', '43', '60', '72', '85', '86', '87', '140', '152', '155', '192', '197', '206', '213', '267', '297', '314', '393', '415', '431', '448', '495']
['0', '48', '67', '156', '248', '287', '329', '338', '349', '368', '435', '475']
['64', '74', '109', '115', '144', '157', '222', '232', '310', '380', '414']
['21', '31', '44', '49', '88', '92', '103', '132', '243', '265', '298', '308', '311', '360', '389', '411', '433', '456', '461', '479']
['45', '101', '165', '181', '218', '224', '244', '304', '328', '336', '351', '396']
['10', '34', '131', '134', '159', '177', '228', '239', '252', '269', '291', '332', '350', '369', '464']
['17', '36', '47', '107', '193', '233', '274', '279', '288', '312', '337', '363', '365', '373', '376', '394', '409', '413', '459']
['7', '13', '28', '105', '198', '235', '278', '283', '334', '352', '375', '417', '422', '427', '460']
['26', '52', '77', '98', '136', '261', '281', '320', '335', '362', '382', '410', '483', '484', '486', '487', '489']
['25', '116', '135', '139', '145', '169', '188', '209', '273', '331', '342', '347', '416', '421', '451']
['30', '65', '93', '118', '143', '185', '196', '225', '245', '263', '271', '275', '305', '424', '432', '438', '453', '467', '481']
['20', '58', '70', '81', '99', '121', '174', '207', '250', '254', '359', '406', '429', '439', '442', '458', '478']
['2', '5', '51', '79', '122', '123', '130', '149', '178', '249', '270', '285', '306', '324', '372', '384', '405', '449', '466', '476', '482']
['1', '3', '11', '33', '39', '61', '76', '84', '90', '147', '151', '158', '163', '184', '204', '220', '227', '251', '292', '330', '407', '477']
['6', '37', '69', '73', '186', '187', '190', '203', '223', '230', '266', '301', '333', '348', '370', '371', '390', '457', '463', '485']
['12', '55', '59', '83', '102', '126', '137', '138', '141', '208', '210', '219', '246', '272', '280', '286', '316', '374', '397', '399', '412', '425', '446', '469']
['16', '27', '89', '112', '153', '154', '172', '199', '212', '215', '242', '262', '325', '361', '377', '391', '408', '434', '470']
['9', '46', '80', '96', '97', '108', '117', '120', '142', '170', '201', '237', '260', '293', '302', '323', '343', '379', '450']
['214', '247', '257', '289', '295', '321', '346', '355', '381', '392', '395', '404', '473', '488', '493']
['8', '56', '71', '125', '148', '182', '195', '277', '300', '309', '426', '452', '474']
['50', '166', '194', '241', '299', '401', '436', '454', '465']
['19', '35', '57', '114', '162', '167', '171', '191', '226', '240', '256', '264', '268', '282', '327', '354', '402', '447', '462', '468', '491', '494']
['4', '15', '75', '95', '100', '110', '111', '124', '150', '173', '179', '216', '217', '322', '344', '358', '385', '418', '472']
['41', '53', '82', '168', '175', '183', '307', '353', '357', '366', '420', '444']
['29', '62', '66', '119', '127', '176', '202', '205', '290', '296', '317', '356', '364', '383', '387', '400', '403', '428', '437']
['23', '54', '63', '106', '133', '164', '189', '229', '238', '255', '294', '303', '378', '471', '492']
