['Cathy', 'Donna', 'Stephanie', 'Morris', 'Carol', 'Scot', 'Leigh', 'Frederick']
['Barbara', 'Priscilla', 'Michelle', 'Molly']
['Rosie', 'Kathleen', 'Sarita', 'Lulu', 'Selma']
['Roberto', 'Marlene', 'Ricky']
['Bonnie', 'Gordon', 'Thelma', 'Nancy']
['Loraine', 'Morgan', 'Jeffrey', 'Deanna', 'Ouida']
['Laurie', 'Natalie', 'Jacque', 'Jonathan']
['David']
['Thomas', 'Richard', 'Alice']
['Fredrick', 'Rosalyn']
['Ronald', 'Jose', 'Edwin', 'Robyn', 'Connie', 'Judy', 'Maria']
['Ursula', 'Charlotte', 'Ashley']
['Reuben', 'Theodore']
['Catherine', 'Dennis', 'Lisha', 'Melanie']
['Dale', 'Andres', 'Alex']
['Adam', 'Edward', 'Wallace', 'Rafael']
['Juan', 'Charles', 'Constance', 'Audrey', 'Ivonne', 'Nina', 'Miles']
['Melissa', 'Norman', 'Jodi', 'Monica', 'Sofia']
['Bessie', 'Krysten', 'Deborah']
['Rachel', 'Jennifer', 'Bradley', 'Winnifred', 'Garrett', 'Willis']
['Lynne', 'Kathryn', 'Imogene']
['Martin', 'Corey', 'Ward']
['Evelyn', 'Tara', 'John', 'Gerald', 'Antonio', 'Lillian', 'Janet', 'Emery', 'Tommy', 'Lloyd', 'Josephine', 'Rick']
['Michele', 'Bobby', 'Brian', 'Margarito', 'Sheryl']
['Kaitlyn', 'Teresa', 'Gwen', 'Lucy']
['Rolf', 'Wayne', 'Emily', 'Rosa', 'Philip', 'Derek', 'Mildred', 'Rebecca', 'Burl', 'Kimberly']
['Patricia', 'Pete', 'Christine', 'Lydia', 'Reinaldo', 'Jane', 'Jorge', 'Ana', 'Kristin']
['Mark', 'Christian', 'Lorraine', 'Susan', 'Cory', 'Mable']
['Moses', 'Pablo', 'Wilma', 'Esther']
['Nicole', 'Clarence']
['Kylie', 'Shannon', 'George', 'Kenneth', 'Suzie', 'Margert']
['Hedwig', 'Beth', 'Andrew', 'Lawrence']
['Gregory', 'Victor', 'Selina', 'Lessie', 'Roberta', 'Willie']
['Inez']
['Kerri', 'Judith', 'Ellen', 'Cecile', 'Alfred', 'Sally']
['Booker', 'Kevin']
['Anna']
['Lucille']
['Justin', 'Randolph']
['Samuel', 'Jesus', 'Carole', 'Craig']
['Troy', 'Stanley', 'Francisco', 'Laurence']
['Mabel', 'Jayme', 'Viola']
['Martha', 'Gary', 'Cindy', 'Jacob']
['Fred', 'Lana']
['Karren', 'Marilyn', 'Carl', 'Christina']
['Brandon', 'Georgette', 'Eugenia', 'Danny']
['Walter', 'Andre']
['Winifred', 'Geraldine', 'Roosevelt', 'Rosalee', 'Janene']
['Jesse', 'Fernando', 'Ronda', 'Latisha', 'Jimmy', 'Carmelita', 'Marco']
['Shirley', 'Sharon', 'Tony', 'Marian', 'Amy']
['Olivia', 'April', 'Guy', 'Toni', 'Joanne', 'Cassie', 'Rhonda']
['Alison', 'Steven', 'Miguel', 'Mae', 'Hugh']
['Lane', 'Robin', 'Heather', 'Ralph']
['Kirk', 'Bertha', 'Phillip', 'Gail', 'Herbert']
['Juanita', 'Lahoma', 'Timothy', 'Raphael']
['Mary', 'Eric', 'Beulah']
['Michael', 'Mike', 'Joshua', 'Arturo']
['Freda', 'Wanda']
['Debra', 'Tamika', 'Kisha', 'Lucie', 'Gilda']
['Glen', 'Gladys']
['Joni', 'Carmen']
['Myron', 'Ruby', 'Joann', 'Jean', 'Sherri']
['Chris']
['Ernest', 'Derrick', 'Eva', 'Domingo', 'Wendy']
['Ann', 'Annalee', 'Paula', 'Angelica', 'Sam']
['Vella', 'Clyde', 'Leona', 'Cesar', 'Stacie', 'Bethany']
['Kristine', 'Stephen', 'Ernestine', 'Tanya', 'Stephany']
['Virginia', 'Mack', 'Belinda', 'Christopher', 'Keri', 'Susanna']
['Veronica']
['Angela', 'Fredda', 'Raeann']
['Stacy', 'Tuan', 'Gerardo', 'Eugene']
['Lena', 'Marlin', 'Adele', 'Daniel', 'Peggy', 'Theresa', 'Maryann', 'Clarissa']
['Roy', 'Nola', 'Ida', 'Lyle']
['Darrell', 'Curtis', 'Larry', 'Raymond', 'Jeff', 'Amos']
['Alicia', 'Marie', 'Kellie']
['Alvin', 'Reggie']
['Annette', 'Leanne']
['Ryan', 'William', 'Pamela', 'Bruce', 'Dawna', 'Lonnie', 'Gertrude']
['Jeffery', 'Harvey', 'Grant']
['Dana', 'Clayton']
['Marcella', 'Kim']
['Tracy', 'Diana']
['Ray', 'Warren', 'Eleanor']
['Crystal', 'Del', 'Calvin']
['Karen', 'Polly']
['Mario', 'Margaret', 'Louis', 'Lewis']
['Beverly', 'Phyllis', 'Wilson']
['Berta', 'Marcelino', 'Lori', 'Cecilia']
['Sylvester', 'Therese', 'Laura']
['Dorothea', 'Ingeborg']
['Pat', 'Darlene', 'Nelson', 'Dorothy']
['Leticia', 'Linda', 'Erik', 'Jeremy']
['Brenda', 'Cornelius']
['Kelly', 'Eura', 'Don', 'Carlos']
['Paul', 'Marjorie', 'Harold', 'Matt', 'Betty']
['Robert', 'Wesley', 'Peter', 'Ellis', 'Jeanine']
['Pamella', 'Cheryl', 'Marion', 'Patrick', 'Elia']
['Andrea']
['Joseph', 'Ruth', 'James', 'Travis']
['Douglas', 'Katherine', 'Donald', 'Sylvia', 'Elizabeth', 'Lilian']
['Raul']
['Dawn', 'Everett', 'Blair', 'Irene', 'Dean']
['Jo', 'Helen', 'Mireya', 'Steve', 'Cassandra']
['Terry', 'Gloria', 'Norma']
['Frank', 'Reginald', 'Elsie']
['Tim', 'Emmie']
['Irving', 'Joe', 'Jessica', 'Anthony', 'Matthew']
['Ollie', 'Quintin', 'Maureen', 'Danielle', 'Caridad', 'Kerrie', 'Seth']
['Pauline', 'Albert', 'Jason', 'Roger', 'Doris', 'Glennie', 'Will']
['Glenna', 'Alexander', 'Marquerite']
['Myriam', 'Bernard']
