['7', '36', '99', '104', '128', '141', '127', '156', '165', '175', '217', '237', '267', '271', '296', '311', '313', '315', '331', '349', '373', '385', '397', '402', '432', '437', '466', '489', '493']
['15', '45', '47', '53', '72', '75', '81', '84', '101', '129', '130', '146', '162', '209', '240', '263', '282', '328', '337', '386', '392', '436', '445', '455', '456', '458', '463']
['25', '26', '51', '64', '73', '83', '121', '131', '151', '205', '206', '246', '254', '288', '322', '336', '384', '398', '410', '440', '452', '457', '464', '487', '492']
['8', '24', '44', '49', '50', '74', '89', '106', '139', '172', '184', '195', '197', '200', '203', '207', '278', '310', '342', '391', '380', '422', '430', '442', '448', '461']
['5', '19', '37', '98', '118', '119', '154', '185', '245', '247', '256', '265', '268', '251', '253', '284', '299', '305', '324', '353', '382', '443', '444', '477', '484', '486']
['6', '23', '61', '120', '152', '174', '187', '222', '229', '241', '273', '274', '283', '285', '295', '297', '319', '334', '352', '363', '406', '475', '485', '490']
['28', '77', '87', '95', '109', '124', '134', '140', '144', '125', '168', '235', '257', '250', '280', '309', '348', '367', '377', '409', '423', '425', '496', '497']
['38', '41', '43', '78', '80', '100', '102', '112', '132', '167', '180', '201', '212', '227', '277', '292', '300', '303', '329', '330', '341', '345', '357', '362', '416', '441', '478']
['9', '16', '40', '67', '88', '96', '105', '169', '170', '177', '190', '193', '198', '208', '223', '224', '225', '231', '232', '239', '264', '291', '307', '347', '355', '401', '424', '434', '449', '453', '465']
['10', '20', '22', '35', '48', '123', '143', '153', '163', '199', '204', '210', '214', '218', '269', '252', '298', '304', '371', '394', '405', '411', '413', '415', '418', '419', '429', '499']
['13', '14', '17', '30', '31', '46', '66', '85', '122', '137', '145', '161', '181', '211', '213', '215', '249', '302', '339', '359', '365', '387', '388', '393', '412', '460', '473', '488']
['3', '29', '55', '133', '148', '157', '158', '164', '186', '244', '260', '335', '361', '395', '399', '381', '420', '438', '470', '476', '481', '498']
['27', '42', '54', '69', '82', '93', '117', '135', '155', '160', '182', '191', '202', '236', '242', '270', '255', '308', '340', '366', '447', '451', '472', '474', '495']
['4', '60', '65', '114', '138', '166', '189', '230', '287', '293', '294', '346', '351', '390', '396', '383', '404', '408', '427', '433', '467', '468']
['12', '18', '21', '147', '126', '159', '176', '196', '219', '221', '228', '238', '258', '275', '306', '325', '374', '407', '428', '469', '479']
['11', '34', '79', '90', '92', '103', '113', '115', '149', '150', '233', '234', '248', '266', '276', '281', '290', '312', '321', '332', '343', '344', '358', '360', '376', '414', '426', '494']
['52', '57', '59', '63', '91', '94', '107', '111', '116', '171', '216', '220', '243', '286', '317', '326', '327', '333', '378', '417', '435', '459', '462', '491']
['32', '33', '39', '62', '70', '71', '76', '142', '173', '178', '259', '262', '301', '314', '323', '354', '356', '372', '403', '446', '480']
['0', '1', '56', '58', '68', '86', '108', '110', '136', '226', '318', '338', '350', '364', '370', '389', '375', '379', '400', '421', '431', '454', '482']
['2', '97', '179', '183', '188', '192', '194', '261', '272', '279', '289', '316', '320', '368', '369', '439', '450', '471', '483']
