['Earnest', 'Alethia', 'Amada', 'Leila', 'Annamarie', 'Sheldon', 'Selma', 'Vernon', 'Lyndon', 'Anabel']
['Eugene', 'Kendall', 'Oneida', 'Alton', 'Caitlyn', 'Phylis', 'Joan', 'Sharla', 'Naomi', 'Lisa', 'Jae', 'Herlinda']
['Angeline', 'Clarence', 'Rima', 'Lue', 'Aaron', 'Raul', 'Raleigh', 'Gerard', 'Hortense', 'Dora', 'Jennie', 'Taneka', 'Antonette', 'Trey', 'Antonina', 'Christiane', 'Tammi', 'Susannah']
['Pinkie', 'Xuan', 'Toya', 'Elvia', 'Tamisha', 'Stephani', 'Marvis', 'Grant', 'Lyn', 'Harvey', 'Dion', 'Almeta', 'Esperanza']
['Byron', 'Kyung', 'Jade', 'Kitty', 'Adah', 'Logan', 'Chang', 'Elenora', 'Mariano', 'Elvie']
['Zoraida', 'Clinton', 'Beverley', 'Bonnie', 'Reita', 'Deirdre', 'Marcos']
['Zena', 'Hiroko', 'Joanne', 'Claretha', 'Flavia', 'Elfrieda', 'Enola', 'Alexandra', 'Vada']
['Mariette', 'Saul', 'Gerardo', 'Jan', 'Dewitt', 'Hillary', 'Pearlie', 'Jay', 'Russell', 'Joye', 'Jama']
['Savanna', 'Tracie', 'Rodrigo', 'Trena', 'Marilynn', 'Tameika', 'Alfred', 'In', 'Chance', 'Spencer']
['Annabel', 'Darnell', 'Cortney', 'Son', 'Alvera', 'Marion', 'Isabel', 'Clarice', 'Tanisha', 'Clyde']
['Marvin', 'Helene', 'Martin', 'Lorelei', 'Antoinette', 'Dewayne', 'Vivien', 'Clara', 'Cleotilde', 'Audie', 'Percy', 'Kirstin', 'Ambrose', 'Randall', 'Rita']
['Shonda', 'Chas', 'Nadia', 'Loren', 'Neida', 'Oma', 'Danial']
['Tina', 'Danita', 'Destiny', 'Kimbra', 'Irma', 'Naida', 'Elicia', 'Alane', 'Glenda', 'Wes', 'Porter', 'Hayden', 'Nohemi', 'Leonard']
['Claudie', 'Ema', 'Sharell', 'Alicia', 'German', 'Leilani', 'Verona', 'Renea', 'Brendon', 'Elliott']
['Sharlene', 'Piedad', 'Michaela', 'Alvin', 'Freddie', 'Mariah', 'Frederic', 'Angella']
['Chan', 'Tarah', 'Rachel', 'An', 'Doyle', 'Gisela', 'Emmanuel', 'Charisse', 'Treena', 'Vernia', 'Eloisa', 'Hassan', 'Griselda', 'Sharilyn', 'Sharan', 'Dagmar', 'Lashay', 'Marcie', 'Artie', 'Shavon', 'Easter']
['Felix', 'Marcella', 'Debora', 'Nieves', 'Edmond', 'Susan', 'Jeanette']
['Refugio', 'Carmon', 'Xavier', 'Kay', 'Charmaine', 'Rosalba', 'Kelly', 'Tamala', 'Houston']
['Kristopher', 'Alexa', 'Madison', 'Dong', 'Lucas', 'Dusti', 'Chun', 'Kim', 'Florencio', 'Fanny', 'Leontine', 'Osvaldo', 'Murray', 'Hyun', 'Juliet']
['Carson', 'Dorene', 'Millicent', 'Inga', 'Garret', 'Arcelia', 'Ocie', 'Eustolia', 'Lezlie', 'Lizabeth', 'Altagracia', 'Pa']
['Tressa', 'Ryann', 'Lana', 'Rachael', 'Marquis', 'Rolando', 'Oscar', 'Miranda', 'Imogene', 'Allena']
['Yevette', 'Tiffani', 'Winford', 'Odell', 'Bertha', 'Kris', 'Jacque', 'Hershel', 'June', 'Terry']
['Kristi', 'Cassie', 'Lilly', 'Margart', 'Latia', 'Shelton', 'Roxane', 'Kylie', 'Retta', 'Honey', 'Theo', 'Lauren', 'Renetta', 'Florinda', 'Darrel']
['Deana', 'Whitney', 'Laticia', 'Valorie', 'Jefferey', 'Delmar', 'Meagan', 'Aretha', 'Rosalee', 'Oswaldo', 'Kareem', 'Janetta', 'Tai']
['Elena', 'Lasonya', 'Garland', 'Robert', 'Jeffrey', 'Ella', 'Lola', 'Lucia', 'Hui', 'Clarinda']
['Nicole', 'Hilario', 'Princess', 'Horace', 'Clarissa', 'Heide', 'Louella', 'Irena', 'Orval', 'Vincenzo', 'Tyisha']
['Marci', 'Marquitta', 'Clifton', 'Sherwood', 'Kasey', 'Marlo', 'Jina', 'Jami', 'Johnny', 'Nathalie', 'Camelia', 'Dorthea', 'Leonida', 'Stanford']
['Kurtis', 'Ok', 'Olevia', 'Darwin', 'Eve', 'Laraine', 'Randa', 'Eufemia', 'Jesus', 'Merrill', 'Louise', 'Loria']
['Lamonica', 'Carolee', 'Glenna', 'Alex', 'Riley', 'Stanley', 'Nickolas', 'Milissa']
['Jeremy', 'Loura', 'Ron', 'Joelle', 'Travis', 'Chester', 'Latoya', 'Cristi', 'Junior', 'Shaun']
