['39', '60', '64', '140', '194', '223', '233', '255', '327', '361', '487']
['40', '62', '226', '241', '384', '441']
['78', '176', '185', '250', '286', '419', '459', '468', '481']
['17', '19', '52', '215', '262', '309', '325', '431', '446', '471']
['7', '47', '61', '103', '119', '202', '229', '425']
['32', '50', '91', '132', '133', '212', '289', '334', '340', '363', '387', '391', '449', '466']
['20', '28', '30', '123', '163', '259', '264', '271', '281', '318', '344', '408', '450', '460', '482']
['51', '131', '221', '224', '279', '335', '378', '383']
['72', '148', '179', '196', '208', '426', '428', '448', '474']
['79', '85', '167', '201', '305', '350']
['5', '36', '42', '99', '135', '143', '146', '257', '282', '351', '359', '405', '467']
['101', '112', '184', '228', '246', '375', '420', '463']
['18', '44', '82', '109', '122', '130', '154', '189', '209', '220', '308', '372', '411']
['45', '75', '117', '247', '284', '304', '397', '452', '453']
['2', '136', '160', '191']
['13', '46', '86', '128', '244', '352', '393', '401']
['66', '116', '157', '162', '317', '345', '365', '421', '458', '497']
['15', '70', '108', '110', '125', '261', '265', '287', '294', '321', '324', '347', '368', '427', '485', '499']
['8', '158', '181', '252', '297', '337', '355', '370', '402', '413', '465']
['71', '77', '106', '115', '205', '206', '267', '369']
['25', '27', '35', '150', '236', '256', '376', '399', '415', '435', '476']
['43', '113', '118', '141', '169', '180', '192', '217', '307', '315', '390', '400', '443']
['211', '258', '362', '367', '379', '388', '493']
['3', '11', '49', '56', '98', '104', '127', '134', '234', '322', '406', '456']
['81', '93', '138', '152', '323', '423', '464', '484']
['14', '213', '319', '366', '470', '473']
['26', '285', '364', '394', '445', '472', '494']
['73', '126', '129', '161', '193', '278', '303', '339', '424', '433', '444']
['76', '124', '159', '165', '242', '254', '326', '336', '403', '409', '414', '417', '461', '478', '480', '498']
['33', '48', '182', '199', '240', '268', '273', '343', '489', '492']
['34', '175', '188', '216', '235', '269', '348', '455']
['74', '107', '144', '155', '248', '313', '392', '398', '438', '491']
['55', '83', '114', '225', '243', '266', '277', '385', '395', '407', '439', '469']
['102', '137', '204', '227', '249', '280', '306', '314', '342', '477', '479', '486', '496']
['23', '120', '142', '164', '166', '214', '218', '239', '288', '312', '332', '412', '416', '418', '422', '430', '436', '437', '457']
['207', '283', '296', '330', '410']
['84', '88', '173', '231', '270', '292', '333', '341', '354', '432', '434']
['1', '37', '67', '105', '251', '253', '272', '276', '353', '374', '377', '386']
['10', '24', '92', '111', '230', '260', '274', '311', '328']
['6', '22', '41', '139', '168', '178', '195', '232', '290', '298', '382', '440', '442', '447', '451']
['4', '53', '54', '69', '172', '238', '275']
['68', '147', '156', '171', '203', '329', '349']
['21', '58', '95', '183', '237', '310', '331', '389', '396', '462', '488']
['0', '9', '174', '177', '198', '222', '293', '301', '357', '429']
['31', '187', '197', '291', '320', '360', '454']
['65', '80', '96', '299', '300', '356', '373', '380', '495']
['16', '38', '57', '63', '87', '190', '200', '263', '302', '371', '381', '404', '483']
['90', '94', '145', '210']
['149', '151', '153', '170', '219', '245', '295', '316', '338', '346', '490']
['12', '29', '59', '89', '97', '100', '121', '186', '358', '475']
