['ALQ', 'AQE', 'ALC', 'AFN', 'AKY', 'ALA', 'ADI', 'ALX', 'ADV', 'ALN', 'ABN', 'APP', 'AJD', 'ACL', 'AKN', 'ALB', 'ADC', 'AFR', 'AMF']
['APJ', 'ACM', 'AHK', 'APN', 'ABZ', 'AOX', 'AFS', 'AEF', 'APW', 'AHQ', 'AMI', 'ALP', 'APB', 'AJX', 'AOY', 'ANJ', 'AEL', 'AOP', 'AJI']
['AET', 'AAD', 'ABM', 'AKL', 'AQK', 'AKD', 'ABS', 'ALR', 'AHC', 'AFL', 'AKH', 'AGB', 'APA', 'AJO', 'ALF', 'AKZ', 'AFZ', 'ALL', 'AOF']
['AOW', 'AMY', 'AQL', 'AEU', 'ANS', 'AII', 'AKQ', 'ACN', 'AIJ', 'AFF', 'AEI', 'AKS', 'AEN', 'AHE', 'ACX', 'ALK', 'AMH', 'ABD', 'AIS']
['ADL', 'AEB', 'APX', 'APH', 'AFP', 'AMD', 'AHJ', 'AEO', 'AMX', 'AEV', 'AIN', 'APU', 'AAP']
['APD', 'ACD', 'AGN', 'ANT', 'AGO', 'ACC', 'API', 'ADQ', 'AKU', 'AKW', 'AAB', 'AIZ', 'ANQ', 'ALJ', 'AHV', 'AFV', 'ACO', 'APR', 'AGR']
['ACP', 'AOQ', 'AAG', 'AQD', 'ADU', 'ADK', 'AQI', 'AIU', 'AME', 'AHY', 'ABB', 'AIA', 'AKA', 'ACQ', 'ANB', 'AKF', 'APL', 'AMZ', 'AQO']
['ANZ', 'APG', 'AJQ', 'ANN', 'ALW', 'AGQ', 'AAX', 'AJV', 'AAH', 'ANX', 'AHH', 'ACR', 'AGU', 'ADS', 'AOV', 'AOO', 'ALG', 'ALE', 'AJS']
['ALO', 'AJH', 'AAS', 'AJT', 'AFB', 'ABH', 'ANY', 'AJG', 'AGT', 'AAV', 'ANL', 'AFM', 'AHU', 'AKC', 'AOM', 'ADF', 'AJZ', 'AGF', 'APY']
['AAW', 'AQN', 'AAJ', 'ADN', 'AHX', 'AIV', 'ANP', 'ADH', 'ANE', 'ABE', 'AGK', 'AEX', 'AGC', 'AHL', 'APO', 'ANR', 'AEE', 'ABY', 'AHR']
['ADW', 'AQA', 'AAR', 'AIB', 'AFU', 'AGH', 'AKJ', 'ADB', 'AAI', 'AMC', 'AHF', 'AEZ', 'ACB', 'AQF', 'AOZ', 'AKX', 'AOC', 'ACY', 'AIW']
['AOD', 'APC', 'AEC', 'ACZ', 'ANI', 'AKG', 'AGM', 'AFQ', 'ABF', 'APV', 'ANC', 'ADA', 'AGX', 'AIR', 'AOS', 'AMG', 'AND', 'AGV', 'APZ']
['AMM', 'APF', 'AOH', 'ABA', 'AFJ', 'AIC', 'AMU', 'ALI', 'AHO', 'AOE', 'AJA', 'ALS', 'AFO', 'AJW', 'ALY', 'AOU', 'ACA', 'AAL', 'AKM']
['ADP', 'AIP', 'AHN', 'AJL', 'AAE', 'AFC', 'AMO', 'AQC', 'ADE', 'ACS', 'AMW', 'AGJ', 'ABQ', 'AHZ', 'AOG', 'AHD', 'AIQ', 'ALH', 'ALT']
['AGE', 'AHA', 'AKR', 'APT', 'AMK', 'AQM', 'AIG', 'AEQ', 'AHW', 'AEH', 'AOL', 'AHB', 'AES', 'ACW', 'AJE', 'ANV', 'ABW', 'APM', 'AIO']
['AEG', 'ABX', 'AKP', 'ACG', 'ABT', 'AMP', 'ADY', 'ADG', 'ACJ', 'ADD', 'ACU', 'ABL', 'AHP', 'AAA', 'AHT', 'AFG', 'AEP', 'AGL', 'ACE']
['AIK', 'AAK', 'AOT', 'AFE', 'AAT', 'AJU', 'ALZ', 'ABP', 'ANG', 'AJM', 'ABV', 'AGZ', 'AHI', 'AEA', 'AEK', 'ANW', 'AGS', 'AFW', 'ACH']
['ALM', 'AJJ', 'AOK', 'AKI', 'ADX', 'AMV', 'AFI', 'AKO', 'ABI', 'AIT', 'ALD', 'AHG', 'ABU', 'AIL', 'APS', 'AJB', 'AJN', 'AEW', 'AJY']
['AEY', 'AMB', 'APK', 'ANH', 'AMR', 'ALV', 'AIF', 'AEM', 'AAO', 'AFX', 'AOB', 'ACK', 'ABR', 'AGP', 'ANM', 'ADO', 'ALU', 'ADZ', 'AML']
['AJR', 'AQJ', 'AFD', 'AHM', 'APE', 'ACV', 'ACI', 'AIH', 'AAC', 'AAY', 'AQG', 'ACT', 'AJC', 'AIM', 'AMA', 'AHS', 'AGG', 'AFY', 'AGI']
['ANO', 'AQH', 'AMQ', 'ANF', 'AMT', 'AAN', 'ADJ', 'AIY', 'ABO', 'AMS', 'AON', 'ABC', 'AER', 'AGD', 'ADT', 'ABJ', 'ABG', 'AKV', 'AAF']
['AKB', 'AMJ', 'AFH', 'AED', 'ADR', 'AMN', 'AIE', 'APQ', 'AID', 'AIX', 'AAM', 'AJK', 'ABK', 'AEJ', 'AFK', 'AFT', 'AOA', 'ACF', 'AKE']
['AGY', 'ANU', 'ANK', 'AKT', 'AAZ', 'AFA', 'AJF', 'ANA', 'AAU', 'AAQ', 'AJP', 'AGA', 'AOJ', 'AOI', 'AKK', 'AQB', 'AGW', 'AOR', 'ADM']
