['39', '60', '64', '140', '194', '223']
['40', '62', '226', '241']
['78', '127', '176', '185']
['17', '19', '52', '215']
['7', '47', '61', '103', '119', '202']
['32', '50', '91', '132', '133', '192']
['20', '28', '30', '123', '146', '163']
['51', '131', '221', '224']
['72', '148', '179', '196', '208', '248']
['79', '85', '167', '201']
['5', '36', '42', '99', '135', '143']
['101', '112', '184', '228', '238', '246']
['18', '44', '82', '109', '122', '130']
['45', '75', '117', '247']
['2', '136', '160', '191']
['13', '46', '86', '128', '209', '244']
['66', '116', '157', '162', '200', '239']
['15', '70', '108', '110', '125']
['8', '121', '158', '181']
['71', '77', '106', '115', '205', '206']
['25', '27', '35', '150', '236']
['43', '113', '118', '141', '169', '180']
['211']
['3', '11', '49', '56', '98', '104']
['81', '93', '138', '152', '186', '212']
['14', '213', '229']
['26']
['73', '126', '129', '161', '193']
['76', '124', '159', '165', '242']
['33', '48', '182', '199', '240']
['34', '175', '188', '195', '216', '235']
['74', '107', '134', '144', '155', '217']
['55', '83', '114', '225', '234', '243']
['102', '137', '204', '227', '249']
['23', '120', '142', '164', '166', '189']
['207', '214', '232']
['84', '88', '173', '231']
['1', '37', '67', '105']
['10', '24', '92', '111', '218', '230']
['6', '22', '41', '139', '168', '178']
['4', '53', '54', '69', '172', '220']
['68', '147', '154', '156', '171', '203']
['21', '58', '95', '183', '237']
['0', '9', '174', '177', '198', '222']
['31', '187', '197']
['65', '80', '96', '233']
['16', '38', '57', '63', '87', '190']
['90', '94', '145', '210']
['149', '151', '153', '170', '219', '245']
['12', '29', '59', '89', '97', '100']
