['26', '50', '396']
['126', '347', '432']
['117']
[]
['305']
['79', '113', '189']
['92', '161', '232', '307', '405']
['171', '264', '352']
['72', '174', '233']
['76', '137']
['121', '124', '388']
['30', '346']
['392']
['270', '349', '371']
['151']
[]
['417']
['48', '142']
['27', '365']
[]
['278', '298', '342']
['82', '145', '155', '166', '267', '412']
['323']
['47']
['42']
['134']
['45', '219']
['400']
['223']
['386']
[]
['2', '295']
['329']
['303']
['377']
['36', '208']
['7', '390']
['24', '146']
['289']
['261', '301']
['37', '369']
['256', '313', '353']
[]
['59', '139', '148', '185', '241']
['198']
['274', '391']
['4', '242', '438']
['276']
['243', '381']
['119', '211']
['379', '384', '397']
['107', '334', '372', '373']
[]
['116', '176']
['229']
['115']
['327']
['299', '375']
['271', '317']
['22', '304']
['443', '444']
['430']
['32', '55', '65', '88', '99', '172', '192', '366', '406']
[]
['14', '257']
['402', '420', '440']
['68', '85', '156', '310']
['11', '419']
['180', '204', '277']
[]
['18', '181', '436']
['25', '49', '283', '408']
['58', '284']
['357']
['175', '222', '424']
[]
['195', '266']
[]
['191', '272', '409', '411', '445']
['144', '215', '330']
['154']
['52', '108']
['442']
['162']
['358']
['110']
['190']
['387']
['382']
[]
['164', '194', '332']
['165', '251', '255', '368', '404']
['133', '410']
['66', '364']
[]
[]
['39', '70', '228']
['28', '158', '376']
['100', '227']
[]
['71', '296', '351']
[]
[]
['140', '291', '359']
['306', '399']
['439']
['21', '355', '441']
['131', '231', '240', '275', '429']
['179', '282', '354']
['80', '254', '428']
['236', '437']
['244']
['89', '114', '221', '434']
['31']
['109']
[]
[]
['163', '193']
['57', '414', '446']
['101']
['12', '98', '426']
['6', '53', '311']
['10', '206', '318', '324']
['75', '316']
['416', '433']
['160', '418']
['54', '129', '338', '350']
['81']
['127']
['62', '374']
['197']
['202', '225']
['245']
['269']
['94', '123', '205', '422']
['104', '238']
[]
['149', '207', '362', '393', '427']
['5']
['319']
['93']
[]
['226']
['435']
['360']
['183', '218', '290', '413', '415']
['84']
['159', '341']
['111', '326']
['96', '136', '210', '300', '337']
['177', '279', '288', '348']
['141', '265']
['345', '356', '361']
['106']
['152', '431']
['214', '253', '312', '395']
[]
[]
['3', '51', '105', '216', '287']
['220', '263']
['43']
['103', '247']
['239', '285', '389']
['249', '380', '425']
['38', '398']
['77', '147']
['168', '217', '302']
['170', '200']
[]
['35']
['95']
['230']
[]
[]
['46', '184', '363']
['69', '331']
['9', '23', '150', '234']
['252']
['13', '187', '281', '308']
['40', '199', '213', '273', '343', '403']
['188', '309', '322']
['125', '201', '407']
[]
['74']
['20', '237', '344']
['143', '293', '297', '339']
['15', '196']
['86', '157', '314', '421']
['268']
['97']
['63', '250', '394']
['122', '130', '235']
['16']
['112', '224', '325', '328']
['246', '294', '423']
['1', '60', '335']
['29']
['44', '64', '128', '401']
['83', '153', '212']
[]
['248', '315']
['33', '67', '385']
['186']
['73', '203']
['132', '280', '370']
['259', '260']
[]
['135', '169', '336', '340']
['19', '118']
[]
['41', '333']
['258']
['87', '286', '383']
['61', '78', '91']
[]
['34', '120', '138', '262']
['182']
['90']
['178', '209', '320']
['17', '56']
['173']
['167', '367']
['8', '102', '321', '378']
['292']
