['470', '38', '190', '403', '484', '125', '242']
['382', '240', '112', '126', '203', '335', '376']
['386', '138', '62', '415', '165']
['179', '441', '218', '230', '151']
['94', '166', '33', '374', '308', '21', '77']
['271', '323', '449', '103']
['437', '424', '347', '304']
['336', '426', '134']
['422', '260', '124', '192']
['410', '221', '78', '313', '372']
['350', '274', '320', '495', '182', '434', '319']
['499', '56', '331', '74', '64', '49']
['143', '211', '84', '66', '129', '402', '34']
['19', '388', '352', '491', '136', '439', '249']
['27', '398', '71', '15']
['311', '197', '24']
['109', '100', '228', '72', '87', '338']
['478', '16', '306', '181', '377', '430', '93']
['359', '457', '475', '438', '137', '243']
['432', '106', '384']
['295', '207', '324', '355', '380', '455', '8']
['326', '25', '86', '285', '399', '161', '10']
['367', '169', '189', '333']
['401', '37', '184']
['178', '11', '450']
['368', '30', '229', '186', '102']
['358', '80']
['46', '459', '490', '492', '299', '158']
['255', '214', '343', '268', '167', '317', '257']
['289', '440', '127', '276', '454', '247']
['316', '196', '360', '404', '421', '118']
['39', '282', '280', '363', '391', '135', '234']
['206', '288', '26', '73', '291', '5', '110']
['462', '394', '315', '298', '244', '476', '486']
['219', '269', '185', '50', '239', '413', '159']
['1', '227']
['264', '431', '226', '156', '162', '330']
['213', '385', '6', '13', '245', '70', '188']
['458', '69', '195']
['142', '477', '231', '89']
['278', '348', '32']
['263', '43']
['472', '246', '393', '389', '378']
['494', '76', '241', '468', '267', '28', '412']
['474', '357', '356', '417', '180', '133']
['364', '479', '396', '59', '322', '370', '157']
['411', '354']
['371', '447', '217', '0']
['92', '108', '290', '31', '469']
['141', '140', '303', '261', '498', '397', '302']
['104', '191', '254', '58', '273']
['164', '148', '147', '310']
['145']
['54', '97', '252', '487']
['175', '292', '465', '408', '111', '130', '200']
['277', '170', '153', '419', '480']
['82', '446', '45', '353', '44', '220', '390']
['223', '41', '346']
['453', '79', '42']
['433', '212', '400', '96', '121', '287', '154']
['312', '407', '366', '337']
['460', '265', '318', '91']
['270', '395', '193', '496', '61', '349', '3']
['51', '344', '187', '294', '493', '98']
['334', '325', '99', '381', '272', '296']
['429', '321', '233', '150', '22']
['361', '132', '204', '163', '266', '481']
['258', '238', '105', '236', '107', '7', '88']
['452', '172', '202', '286']
['300', '173', '307', '328', '369']
['9', '362', '205']
['120', '201', '83']
['57']
['466', '262', '259']
['194', '90', '284', '119', '4', '309', '482']
['40', '155', '14', '146']
['436', '68', '293', '461', '75']
['253', '209', '2', '35', '489', '373', '171']
['427', '456', '425', '485', '248', '444']
['48', '251', '275', '55', '483']
['314', '451', '345', '464']
['52', '442', '23', '216', '340', '176']
['81', '60', '435']
['379', '467', '305', '342']
['117', '256', '152', '418', '95', '20', '160']
['168']
['332', '473', '463', '85']
['67', '420', '235', '210', '416']
['123', '414', '224', '101', '387']
['149']
['341', '12', '488', '392', '375', '301']
['113', '122', '36', '351', '63']
['144', '409', '405', '237', '383', '131', '339']
['199', '448', '232', '18']
['281', '329', '215']
['29', '139', '208', '47', '250', '174']
['198', '222', '445', '327', '428', '297', '365']
['177', '128', '279', '225', '443', '65', '115']
['497', '406', '423', '116', '283', '471', '17']
['183', '114', '53']
