['KRWXO', 'EADHZ', 'BPLLS', 'MEKWP', 'FGDHQ']
['OLFRP', 'VQDCT', 'VATRQ', 'TTIDN', 'KEMJT']
['GJRAV', 'THQAC', 'MYAVD', 'YNIQG', 'SYIZZ']
['KENPF', 'OENWP', 'CPJBS', 'AHMRO', 'EHMWV']
['ENWEP', 'SMSHQ', 'ONQWA', 'VXLZU', 'DCJPL']
['GLIPE', 'PSVNQ', 'YWCZV', 'YFRIJ', 'WUCQA']
['BLHOQ', 'FDGQA', 'ABYHN', 'ZUTJZ', 'FCJLJ']
['DLKKW', 'FEUEQ', 'ALMIE', 'FJPVZ', 'XXRUC']
['XWMKT', 'UFVEC', 'JCOPI', 'XBLXM', 'NWAHL']
['QYLAH', 'SFQST', 'QNUDR', 'QSYML', 'IRNCA']
['HATBR', 'ENKVR', 'BNYBV', 'FVYLB', 'EWNSH']
['OXRDD', 'TKJBK', 'BNJLP', 'RMJIF', 'CIBMR']
['XIDUV', 'WLCAR', 'QGXZJ', 'BTWAZ', 'EAITX']
['SROSJ', 'CBJEL', 'FZBVB', 'ZJNIT', 'FCWUA']
['DFBMK', 'VLQCW', 'QIZOX', 'WPGRW', 'WOIJX']
['VXIFI', 'JWSRE', 'PQDFC', 'AWDBE', 'EFKRH']
['GEQFC', 'KYKCO', 'ETYTK', 'CHIJG', 'AXQPJ']
['SKBJW', 'IGUWL', 'RDCTS', 'MQDQQ', 'VGCRP']
['XBTFE', 'BJTHH', 'RWZXF', 'NSTKH', 'UHYVL']
['CIUZU', 'EOCJX', 'IVZGD', 'JQBSO', 'DVLFX']
['WSVIR', 'KUMCW', 'UBCVC', 'FZRBE', 'TBPZM']
['OXRUQ', 'HTJHJ', 'HFDOF', 'UHOTV', 'HCVBR']
['ZHVLK', 'LPHWP', 'QCHPG', 'HKVZW', 'LNIAF']
['ZBJTS', 'FSTKF', 'PVVAV', 'XUHAP', 'QAOAR']
['UJESQ', 'MXBHP', 'HGJEC', 'SRUUN', 'JXGHX']
['LVBGW', 'AICHQ', 'QSVBC', 'WCFRY', 'QQXNO']
['VLEXY', 'EHHWX', 'PSZDK', 'LBKGE', 'LSZMU']
['ZIJNW', 'WAQDW', 'QIALM', 'QUECI', 'VWJWK']
['JOZYK', 'PECLI', 'SGXHX', 'PTRTD', 'GAEKQ']
['PQAHJ', 'IXMQO', 'XAOMD', 'FZQXE', 'TFEWH']
['ACJRU', 'BWWYB', 'HSIWG', 'AILUZ', 'GWJWE']
['PGHQU', 'SVMGK', 'LCHJI', 'WGGGP', 'NSAJQ']
['ZEPYJ', 'BGOJW', 'OQSOU', 'GOXXP', 'IRAUO']
['XCTJB', 'OKPQW', 'QVNNO', 'QECFT', 'HAXVF']
['OMYLR', 'SIGOM', 'SZXFW', 'PKHDM', 'VATKD']
['WJAIQ', 'TVCFA', 'UJHDY', 'CUUFQ', 'SJJMM']
['XNYRJ', 'RJIED', 'MXMMA', 'ZPTPS', 'WAHPX']
['CIPCP', 'LIQGP', 'EAEIR', 'SPHAJ', 'ALXRH']
['OZZTI', 'IGQNP', 'XFNKQ', 'YJPCO', 'JAFZN']
['ZCVZT', 'TLZCG', 'WNYYG', 'QGGOH', 'DKHZJ']
['QQUYY', 'CLLNQ', 'NKCOJ', 'KQUJH', 'ZLQYF']
['FELNZ', 'ECNTU', 'SHLYA', 'HXXMK', 'TYMOI']
['VQAKV', 'OKQTW', 'XUYPR', 'EBLCO', 'UGVLA']
['XGNPD', 'NCDJQ', 'XBSXA', 'OAGEZ', 'TBZDI']
['IBUGB', 'BBKUO', 'KHNJL', 'YXPNV', 'IGAXC']
['EGIIY', 'BBVXC', 'SAVNS', 'QBVUY', 'UHSWZ']
['WDGCR', 'SEYUH', 'LIGPC', 'ACMPF', 'ZQDIP']
['NLRBO', 'HNXEZ', 'WWYEF', 'TUSMK', 'ERQBP']
['PABIC', 'JEBNF', 'CIILB', 'CCNPM', 'WTGUO']
['VYDDY', 'TAHXC', 'CBNUD', 'GZQDO', 'MTCGB']
['WHRVK', 'DFVZW', 'VNVFZ', 'JTHWI', 'GVYUW']
['ZJQQO', 'KPECP', 'MRXML', 'TFGVT', 'DKSJV']
['CQBIT', 'CPTCX', 'IAADS', 'RUGKU', 'GICKM']
['INTFC', 'UDTFQ', 'YJCIZ', 'UGKUC', 'PKBGA']
['PLFWC', 'LYGHF', 'NUSHB', 'DBIOJ', 'JHGWB']
['FXFUX', 'DSUJE', 'DUAEB', 'YBAFX', 'VIPLF']
['ZJPJO', 'CFMPM', 'GNCHO', 'VSPLU', 'QGRPC']
['TEFPC', 'KXUES', 'APXMD', 'OTQON', 'YQSUZ']
['IKHTD', 'EYFRR', 'QPVND', 'TKYGG', 'SRFIJ']
['GCQTP', 'MWVBQ', 'MIKDS', 'GBGAG', 'BEIFF']
['RCZHM', 'OVYUV', 'YWPLR', 'CIOFH', 'JMYIA']
['WJIWZ', 'YORBA', 'IZZTZ', 'HWSJL', 'NDLFM']
['WUTXG', 'PXCKJ', 'VBRPO', 'KGIPC', 'YQPNL']
['NSDMC', 'UCQZE', 'FXUHH', 'RMUXW', 'UQKOV']
['BVCTY', 'CSQHY', 'GUDYJ', 'ZYPEK', 'OVYDG']
['NHQWU', 'CKHRK', 'KDZKT', 'ZRVWH', 'XEEVL']
['RQZPM', 'SGTRH', 'FBWOW', 'VGUGP', 'OUQMM']
['OSLVS', 'OCOQX', 'ZNMAJ', 'VFFHE', 'BPZOY']
['RURLC', 'SGRXP', 'UZKCN', 'CKFJL', 'CVNCZ']
['VTOZN', 'NVSYK', 'UCLPW', 'HNKDE', 'VPSEI']
['ORRXP', 'RUYNY', 'QYWKX', 'OJGET', 'AGDTK']
['TFWCC', 'DVRRV', 'TNZEA', 'XXFSV', 'TAIVA']
['VVCGQ', 'ARMIC', 'IZMEQ', 'DSQUZ', 'AWUBI']
['RFWKF', 'IAMKK', 'ERTVL', 'KCHSD', 'RJDRX']
['QCRLR', 'KSCIB', 'KXMSB', 'QBZQQ', 'MESKQ']
