['114', '80', '200', '19', '314', '147', '124', '326', '337', '382', '120', '97', '285', '201', '277', '211', '55', '33', '375', '115', '317', '131', '374']
['312', '333', '140', '28', '364', '255', '3', '355', '67', '315', '188', '226', '83', '18', '38', '348', '15', '39', '47', '396', '9']
['189', '313', '288', '190', '249', '158', '107', '332', '327', '392', '367', '102', '168', '225', '185', '276', '208', '335', '196']
['345', '361', '58', '187', '173', '75', '377', '261', '264', '329', '372', '161', '292', '262', '347', '126', '305', '330', '29', '224', '85']
['265', '86', '399', '192', '328', '40', '266', '56', '236', '174', '177', '78', '181', '389', '62', '84', '230', '123', '272', '91', '170']
['299', '271', '380', '1', '22', '94', '179', '391', '250', '159', '72', '228', '286', '282', '108', '390', '237', '252', '27', '184']
['293', '263', '242', '269', '395', '244', '169', '95', '17', '215', '134', '59', '152', '60', '92', '270', '373', '221', '353']
['260', '191', '178', '111', '100', '199', '35', '219', '287', '336', '279', '183', '46', '106', '32', '193', '210', '223', '69', '43', '154', '387', '63', '243']
['310', '153', '52', '207', '87', '175', '113', '142', '247', '151', '344', '105', '6', '357', '125', '340', '103', '180', '359', '66', '259', '166', '307', '13', '73']
['365', '0', '371', '12', '318', '139', '48', '273', '351', '96', '339', '301', '128', '138', '98', '116', '42', '112', '30', '127']
['366', '350', '203', '319', '342', '133', '397', '34', '8', '21', '99', '268', '246', '322', '278', '304', '257', '74', '343', '110', '163', '370', '338']
['341', '49', '362', '89', '275', '368', '303', '331', '386', '238', '10', '11', '64', '4', '141', '118']
['291', '172', '363', '213', '233', '51', '281', '216', '137', '253', '376', '82', '245', '156', '258', '182', '334', '214', '204', '144']
['132', '155', '104', '346', '45', '267', '148', '316', '41', '297', '385', '311', '136', '79', '394', '195']
['241', '57', '323', '354', '165', '135', '290', '24', '325', '289', '218', '398', '381', '356', '217', '393']
['358', '171', '239', '296', '220', '280', '2', '129', '186', '70', '31', '212', '384', '388', '121', '349', '194', '65', '14', '117', '222', '93', '383', '284', '145']
['302', '309', '321', '206', '360', '101', '88', '274', '119', '229', '251', '379', '231', '109', '90', '205', '234', '202', '295']
['25', '320', '5', '23', '256', '160', '149', '81', '308', '167', '130', '369', '235', '20', '143', '352', '50', '298']
['176', '53', '232', '26', '324', '122', '68', '227', '248', '209', '77', '164', '54', '162', '37', '61', '76', '283', '197']
['146', '378', '198', '157', '44', '294', '306', '36', '254', '240', '150', '71', '7', '16', '300']
