['608', '224', '532', '653', '694', '889', '420', '907', '764', '452', '697', '597', '429']
['481', '797', '600', '80', '805', '299']
['539', '487', '187', '266', '374', '698', '417', '205', '625', '685', '796']
['354', '432', '478', '246', '233', '148', '926', '170', '841', '534', '762', '190', '854']
['857', '72', '10', '96', '646', '40', '502', '767', '66', '286', '949', '149', '411']
['427', '135', '688', '960', '57', '241', '398', '137']
['249', '391', '554', '522', '565', '262', '223']
['988', '848', '598', '426', '138', '409', '142', '572', '993', '499']
['503', '159', '738', '217', '399', '482', '920', '561']
['590', '393', '974', '560', '2', '576', '862']
['418', '647', '324', '65', '973', '293', '908', '681', '359', '140']
['886', '780', '94', '510', '207', '772', '272']
['878', '168', '621', '986', '725', '574', '964', '121', '568', '347', '651', '915', '997']
['297', '252', '788', '794', '18', '419', '110', '312', '405', '63', '861', '909']
['521', '248', '771', '446', '751', '68', '269']
['29', '265', '167', '305', '5', '390', '451', '467', '3', '114', '83', '918']
['351', '584', '567', '831', '25', '900', '259', '715', '529', '342', '868']
['829', '922', '366', '139', '881', '879', '7', '547', '708', '891', '980', '753', '6']
['852', '982', '979', '643', '17', '870', '693', '470', '526']
['436', '977', '231', '404', '150', '461', '928', '122', '314', '629', '60']
['91', '92', '204', '486', '36', '523', '894', '953', '663', '782', '718', '381', '16']
['786', '176', '86', '284', '834', '905', '129', '682', '734', '251', '61', '235', '655']
['282', '337', '441', '873', '669', '835', '633', '498', '853', '636']
['500', '559', '479', '343', '321', '20']
['414', '832', '851', '172', '438', '466']
['783', '152', '654', '906', '649', '82', '364', '458', '666', '471', '961', '813', '476']
['998', '394', '119', '816', '684', '365', '339', '254', '469', '589']
['75', '934', '100', '634', '437', '619', '494', '162', '583']
['927', '749', '304', '311', '978', '860', '488', '845', '899', '531', '846', '367', '731']
['582', '864', '157', '84', '648', '790', '541', '308', '650', '626']
['516', '803', '937', '606', '815', '940', '480', '164', '41', '892', '9', '659', '691']
['216', '624', '947', '990', '933', '882', '884', '281', '599', '79', '112', '483', '64']
['199', '415', '62', '665', '291', '45', '70', '825', '699', '976', '800', '777', '406']
['22', '425', '733', '586', '895', '720', '213', '603', '946', '564', '897', '468', '14']
['368', '258', '784', '671', '570', '811', '588', '548', '741', '67', '196', '766', '132']
['951', '617', '644', '325', '182', '445']
['809', '505', '696', '107', '460', '497', '776', '638', '386', '614', '203']
['144', '42', '58', '34', '814', '477', '163', '557', '801', '240', '826', '449', '489']
['421', '238', '765', '353', '173', '758', '689', '789', '898']
['887', '838', '410', '52', '473', '465', '407', '875', '752', '218', '134']
['389', '844', '972', '687', '232', '675', '54', '674']
['257', '520', '382', '806']
['131', '395', '46', '921', '735', '919', '348', '357']
['108', '885', '128', '856', '701', '206', '683', '256', '501', '910', '30']
['435', '807', '719', '724', '954', '484', '717', '124', '430', '768', '222', '839']
['439', '178', '652', '237', '310', '992', '787', '43', '641', '544', '552', '360', '847']
['327', '184', '819', '11', '462', '71', '177', '962', '820']
['903', '877', '141', '340', '966', '955', '950']
['242', '99', '50', '453', '991', '631', '727', '320', '965', '763', '795', '77']
['37', '542', '295', '690', '267', '186', '798', '416', '255']
['118', '13', '328', '113', '179', '56', '285', '781', '472', '941', '987']
['155', '15', '507', '799', '578', '729', '537', '12', '679', '371']
['376', '622', '319', '247', '239', '105', '902']
['506', '85', '154', '413', '345', '127']
['945', '710', '202', '26', '817', '774', '336', '197', '517', '785', '775', '169', '171']
['620', '4', '271', '511', '317', '732', '331', '508', '876']
['48', '959', '709', '459', '323', '350', '408', '818', '525', '161', '778', '635', '375']
['602', '73', '431', '158', '970', '543', '455']
['369', '917', '322', '493', '703', '968', '234', '755']
['585', '165', '313', '104', '604', '464', '230', '76', '32', '210', '101', '812', '711']
['569', '103', '191', '97', '226', '193', '0']
['78', '932', '151', '958', '556', '535', '888', '423', '444', '329', '443', '261']
['87', '935', '791', '219', '117', '433', '866', '587', '712', '736', '527', '38']
['283', '344', '504', '983', '728', '664', '740', '338', '591', '424']
['260', '229', '463', '580', '637', '563', '737', '496', '770', '913', '509', '843', '440']
['377', '23', '95', '396', '836', '837', '280', '975', '821']
['326', '540', '546', '277', '948', '51', '936', '607', '628', '880']
['827', '883', '220', '994', '388', '384', '944', '185', '842', '174', '611']
['356', '984', '288', '925', '361', '963', '102', '678', '601']
['863', '263', '303', '808', '657', '123', '221', '730', '422']
['623', '630', '658', '383', '456', '893']
['562', '309', '55', '160', '957', '474', '721', '746', '296', '830', '189']
['145', '743', '403', '627', '333', '485', '714']
['24', '447', '457', '335', '616', '243', '125', '387']
['700', '757', '495', '289', '661', '90', '273', '896', '378', '33', '904', '759', '769']
['579', '605', '302', '428', '307', '956', '550', '147', '363']
['756', '183', '745', '538', '686', '334', '833']
['612', '793', '609', '952', '315', '773', '380', '524', '640', '156', '268', '228', '573']
['492', '188', '632', '153', '869', '111', '706', '610', '828', '278', '840']
['175', '901', '401', '871', '549', '448', '19', '989', '702']
['292', '553', '126', '938', '761', '618', '81', '739', '116']
['89', '716', '985', '53', '49', '967', '373', '865', '400', '673', '275', '209', '214']
['704', '146', '212', '916', '244', '642', '971']
['726', '88', '514', '192', '370', '120', '490', '996']
['349', '872', '211', '372', '318', '577', '450', '512', '59', '528', '575', '195', '330']
['106', '227', '680']
['274', '276', '352', '245', '301', '969']
['279', '130', '194', '475', '300', '890', '942', '200', '412', '545', '442']
['385', '645', '676', '402', '287', '8', '392', '253', '264', '615', '748']
['930', '874', '667']
['515', '713', '115', '558', '35', '929', '779', '754', '21', '804', '581', '69', '180']
['225', '93', '434', '668', '136', '943', '566', '750']
['742', '270', '792', '290', '995', '595', '201', '181', '672', '855', '760', '551', '596']
['39', '692', '859', '518', '613', '358', '316', '931', '519', '250']
['592', '593', '999', '332', '1', '98']
['981', '27', '723', '858', '491', '74', '530', '594', '341', '355']
['198', '707', '44', '555', '705', '802', '823', '31', '208', '215', '639', '28', '536']
['810', '454', '722', '850', '298', '912', '143', '822', '656', '914', '662', '294', '939']
['849', '695', '677', '744', '911', '397', '133', '670', '362', '571', '824', '236', '379']
['747', '306', '346', '867', '923', '47', '924', '533', '660', '166', '109', '513']
