['775', '777', '420', '653', '353', '471', '294', '19', '761', '56', '107', '994', '702', '79', '128']
['976', '166', '546', '395', '836', '525']
['413', '845', '764', '268', '9', '182', '25', '735', '83', '690', '221']
['749', '500', '656', '407', '196', '579', '867', '634', '227', '134', '673', '375', '982']
['915', '244', '497', '311', '42', '866', '956', '586', '275', '255', '713', '590', '396', '228']
['240', '758', '527', '534', '302', '218', '531', '949']
['74', '955', '926', '765', '567', '117', '655']
['674', '587', '457', '899', '284', '907', '708', '695', '71', '967']
['280', '438', '803', '5', '167', '422', '387', '883']
['68', '621', '636', '59', '561', '2', '90']
['100', '248', '21', '154', '772', '510', '886', '847', '503', '706']
['716', '516', '617', '378', '539', '192']
['352', '114', '789', '689', '651', '121', '466', '933', '308', '278', '229', '957', '963', '806', '336']
['163', '705', '843', '558', '897', '473', '443', '904', '718', '104', '295', '974']
['954', '36', '362', '469', '584', '112']
['103', '371', '184', '236', '953', '73', '696', '658', '254', '334', '181', '205']
['739', '920', '3', '88', '271', '519', '17', '50', '291', '212', '185']
['840', '414', '583', '426', '945', '63', '437', '858', '643', '374', '537', '149', '861', '343', '125']
['827', '771', '725', '144', '756', '410', '46', '499', '872']
['515', '175', '178', '92', '465', '379', '639', '881', '172', '488']
['781', '406', '109', '187', '646', '800', '757', '81', '901', '101', '711', '804', '348']
['678', '794', '835', '855', '741', '598', '707', '118', '102', '514', '64', '526', '242']
['988', '913', '990', '65', '792', '461', '82', '380', '895', '737']
['303', '859', '740', '193', '138']
['40', '502', '54', '124', '53', '501']
['828', '477', '613', '274', '266', '491', '864', '541', '344', '970', '932', '425']
['119', '421', '854', '723', '38', '292', '860', '575', '16', '238']
['372', '494', '950', '41', '568', '727', '474', '601', '641']
['795', '251', '936', '366', '283', '793', '557', '361', '530', '245', '918', '330', '400', '841', '610']
['661', '203', '927', '626', '995', '392', '23', '388', '555']
['951', '659', '219', '412', '816', '198', '677', '942', '298', '231', '58', '773']
['60', '652', '929', '719', '865', '179', '694', '570', '450', '768', '140', '813', '732', '818']
['460', '305', '715', '299', '906', '12', '495', '316', '386', '346', '532', '666', '533']
['726', '549', '941', '252', '164', '993', '89', '922', '664', '137', '32', '11', '424']
['616', '774', '314', '556', '645', '676', '258', '398', '508', '363', '108', '837', '26']
['310', '52', '657', '687']
['814', '540', '786', '273', '648', '566', '628', '72', '189', '216']
['434', '574', '368', '752', '663', '481', '383', '964', '176', '811', '650', '576', '894', '522', '432']
['667', '332', '93', '444', '832', '787', '614', '750', '958']
['637', '78', '359', '829', '61', '267', '902', '817', '875', '419', '978']
['738', '165', '27', '987', '300', '423', '654', '485']
['604', '647', '141', '18']
['599', '612', '887', '869', '180', '893', '394', '199']
['45', '582', '478', '260', '195', '746', '126', '884', '742', '997']
['99', '51', '452', '917', '826', '548', '55', '217', '712', '319', '111', '447', '662']
['882', '364', '766', '10', '780', '206', '97', '538', '155', '476', '234', '69', '445', '415']
['790', '110', '846', '863', '632', '416', '528', '399', '360']
['709', '885', '150', '592', '857', '607', '338']
['408', '390', '20', '856', '382', '808', '850', '597', '754', '369', '223', '47']
['730', '518', '282', '158', '965', '505', '670', '389', '943']
['966', '685', '468', '547', '697', '170', '529', '403', '810', '43', '891']
['171', '237', '446', '959', '433', '290', '209', '337', '960', '783']
['977', '269', '849', '618']
['105', '782', '805', '717', '799', '908']
['905', '484', '459', '87', '139', '842', '94', '962', '91', '594', '619', '823', '256']
['560', '731', '877', '623', '675', '710', '246']
['153', '660', '347', '257', '999', '351', '691', '496', '852', '349', '968', '760', '259', '272']
['992', '320', '822', '635', '467', '876', '458']
['57', '331', '896', '279', '7', '405', '631', '156']
['504', '925', '127', '39', '728', '923', '411', '521', '834', '683', '903', '961', '692']
['512', '161', '991', '429', '455', '729', '593']
['640', '401', '448', '449', '755', '871', '435', '931', '580', '748', '704', '309']
['249', '442', '924', '928', '890', '622', '487', '669', '264', '177', '233']
['262', '328', '381', '747', '393', '633', '239', '200', '952', '796']
['743', '680', '980', '507', '173', '930', '277', '168', '625', '778', '620', '483', '862']
['370', '721', '289', '439', '365', '24', '208', '456', '602', '451']
['213', '281', '188', '377', '37', '714', '169', '611', '148']
['609', '759', '542', '376', '356', '341', '397', '498', '75', '686']
['67', '418', '384', '190', '939', '475', '642', '453', '241']
['287', '509', '480', '373', '194', '606', '767', '819']
['751', '595', '776', '608', '159', '207']
['552', '681', '1', '627', '734', '222', '123', '77', '824', '211', '470']
['983', '545', '736', '554', '989', '270', '947']
['665', '116', '762', '147', '355', '679', '335', '85']
['48', '160', '441', '286', '523', '573', '934', '318', '247', '489', '44', '391', '135']
['115', '357', '638', '581', '937', '559', '464', '919', '830']
['404', '253', '132', '544', '853', '28', '744']
['339', '297', '649', '998', '605', '588', '342', '684', '4', '536', '315', '944', '971']
['263', '430', '779', '563', '848', '440', '131', '985', '6', '333']
['938', '146', '986', '880', '402', '700', '326', '30', '157']
['909', '672', '935', '996', '873', '162', '106', '888', '921']
['785', '22', '220', '801', '784', '174', '325', '307', '551', '900', '31', '191', '98', '33', '235']
['129', '293', '720', '524', '603', '96', '892']
['15', '463', '543', '770', '624', '870', '14']
['984', '812', '224', '472', '969', '312', '553', '322', '323', '29', '791', '34', '490', '409', '427']
['916', '910', '486']
['0', '565', '798', '844', '948', '313']
['462', '745', '698', '49', '70', '482', '350', '201', '321', '562', '668']
['644', '35', '136', '591', '13', '385', '797', '142', '62', '329']
['722', '143', '815']
['285', '688', '197', '973', '753', '84', '324', '914', '80', '831', '113', '825', '151']
['724', '550', '120', '66', '802', '600', '839', '301']
['578', '788', '296', '838', '763', '145', '615', '535', '261', '733', '564', '436', '358', '898', '183']
['589', '186', '517', '701', '454', '431', '975', '911']
['807', '202', '572', '210', '868', '122']
['682', '130', '946', '833', '86', '571', '821', '972', '133', '304']
['699', '820', '354', '276', '879', '288', '596', '204', '8', '769', '585', '878']
['152', '693', '671', '226', '979', '513', '345', '703', '250', '630', '492', '417', '340', '265', '214']
['506', '317', '851', '232', '520', '479', '577', '493', '511', '569', '981', '874', '306', '809', '889']
['76', '629', '327', '230', '940', '95', '428', '243', '225', '367', '215', '912']
