['374', '250', '940', '736']
['143']
['490', '29']
['603', '388']
['136', '551']
['766', '41']
['448', '271', '502']
['493', '155', '803']
['601', '642', '648', '463']
['360', '227', '28']
['152', '362', '860', '393']
['842', '577']
['680', '615', '952', '859', '248', '666']
['701', '651', '280', '274']
['793', '238', '484', '958']
[]
['76', '366']
['920', '983', '538', '354']
['307', '419']
['163']
['444', '617', '504', '486', '967', '3', '910']
['55', '121', '610']
['945', '415', '114']
['545', '790', '455']
['626', '869', '638', '135', '181']
['241', '874', '215']
['101']
['732', '781']
['901', '770', '985']
['255', '758', '742']
['376', '652', '739']
['14']
['269', '445', '221', '672']
['74', '23']
['744']
['296', '216', '97']
['223', '659', '286', '5', '583']
['780', '628', '312']
['798']
['855', '599', '826', '546', '517']
['849', '529', '970', '471', '540']
['678', '740', '775']
['779', '436', '665', '917', '955']
['722']
['0', '944', '829', '554', '794', '435']
['597', '434', '45', '897', '734', '110']
['714', '535']
['865', '344', '708', '516']
['697', '459', '417', '149', '875']
['58', '923']
['195', '715', '452']
['988', '39', '916']
['593', '930']
['339', '896', '574', '839', '8', '765']
['126', '153', '938', '412', '639', '727']
['679', '562', '282', '832']
['321', '508']
[]
['140', '220']
['65']
['884', '50', '745']
['658', '820']
[]
['950', '548']
['479', '721', '201', '662']
['844', '79', '531']
['866', '128', '605']
['497']
['868']
['386', '782']
['485', '968', '325', '596']
['225', '719', '112', '965']
['164', '378']
[]
['971', '682', '264', '676']
['556']
['291', '629', '300']
['976', '293', '433']
['298', '466', '856', '911', '395', '117', '132']
['696', '211', '243']
['731', '411', '893', '633']
['123', '816']
['425', '180', '876', '801', '404']
['694']
['569']
['984', '99', '418', '514']
['294', '394', '156']
['326', '936', '544']
['645', '465', '387', '9', '681']
['470', '473']
['242', '96', '6']
['951', '358', '726']
['933', '902', '797', '157', '539', '87']
['623', '919', '616']
['488', '122', '458']
['297', '808', '909']
['838', '560']
['669', '981']
['817', '15', '209', '863']
['391', '533']
['492']
['134', '204', '11']
['942']
[]
['627', '40', '59', '345']
['489', '789']
['256', '100', '306']
['509', '972', '606', '843', '871']
[]
['440', '728', '773', '22']
['882']
['18', '389', '258', '186', '287']
['861', '214']
['986', '441', '311', '353']
['667']
['372', '724', '290', '236']
['154', '704']
['924', '854']
['340']
['559']
['160', '476', '365', '604', '592', '857']
['565', '507', '660']
['1', '449', '288', '150', '643']
['330', '973', '474', '620']
['505', '698', '684']
[]
['283', '392']
['38', '329']
['846']
['400', '323', '193']
['834', '647']
['711', '275', '594']
['333', '467', '373', '461', '713']
['653']
['506', '7', '380', '991']
['371', '158', '530', '62', '249', '641']
['151', '120', '130', '88']
['141', '979', '655']
['431', '749', '757']
['84', '93', '327', '234']
['184', '161']
['270', '268', '737', '182', '57', '847']
['212']
['631']
['886', '185']
['747', '769', '657', '937', '139', '795']
['788', '206', '908', '480', '277']
['841', '630']
['413', '632', '428', '889', '532', '670']
['992']
['363', '113', '802', '289', '381', '273', '520']
['405', '989', '457', '355', '760', '299', '527', '430']
['189', '786', '964', '34', '932', '408']
['542', '862', '885']
['700', '447', '543', '904']
['460', '382', '69', '183']
['328', '49']
['423', '980', '361', '743']
['231', '43', '146', '347']
['279', '228', '119']
['595', '338']
['13', '416', '587']
['464', '956']
['52']
['699', '257', '646', '873', '127', '229', '671', '787']
['961', '83']
['809']
['888', '894']
['777', '636']
['481', '498', '95', '308']
['927', '755', '17']
['115', '784', '385']
['957', '561']
['63', '20', '926', '66']
['695', '334', '91', '12']
['915']
[]
['469', '792', '519']
['46']
['735']
['607', '978', '342']
['582', '178', '424']
['349', '959', '179']
['756']
['427', '746']
['851', '575', '148', '35', '92', '191', '663']
['822', '905', '491', '384']
['80', '331', '836', '640']
['585', '661', '446']
['292', '30', '982', '748']
['741', '913', '827', '703', '403', '712', '267', '173', '343', '515', '332']
['213', '729']
['142', '295', '44']
['245', '233', '611', '947', '796', '72', '707']
['716', '928', '990', '934']
['819', '337']
['805']
['494', '892', '997']
['495', '513', '500', '764', '899', '265']
['693', '837']
['356', '612', '239', '133', '89']
['316', '202', '525']
['429', '174', '586']
['24', '56', '656']
['774', '422']
['718', '259', '53', '963', '410']
['409']
['946', '159']
['883', '369', '759', '37', '674']
['232', '377', '686', '475']
['200', '194', '654']
['576', '900']
['806', '692', '284', '278']
['167', '818', '815']
['573', '322', '785', '668', '324', '625']
['725', '138']
['198', '996', '821']
['687', '547']
['528', '550', '887']
['124']
['262', '571', '720', '804']
['397', '830', '872']
['823', '176']
['106', '772', '943']
['81', '511']
['210', '226', '730']
['499', '526', '54', '613']
['994', '907']
['51', '791']
['246', '320', '70']
['567', '341']
['553', '683', '512', '549']
['33', '710', '314']
['116', '36', '903']
['375']
['456', '252', '118']
['753']
['761', '614', '898', '102', '568']
['925', '399', '244']
['664', '401', '602', '584']
['478', '771', '86', '811', '483', '814', '61']
['302', '240', '199', '109', '71']
['192', '853', '891', '437', '572']
[]
['879', '521', '251']
['807', '2', '852', '635', '218']
['472']
['987', '966', '26', '723']
['496', '350', '352', '477']
['709', '634']
['831', '534']
['870']
['317', '812']
['10', '276', '890', '767']
['166', '691']
['833', '914', '939']
['960', '303', '644', '383']
['261', '974', '993', '825']
['73']
['313', '738']
['835', '673', '346']
['172', '21', '367', '370']
['25', '64']
['598', '131', '414', '922', '462', '948']
['137', '266', '147']
['319', '717', '60', '995']
['407', '858']
['188', '439']
['702', '75', '768', '68']
[]
['368', '125', '536', '165']
['705', '589']
['175']
['177', '67', '47']
['170']
['398', '207']
['85', '438', '305', '523', '977']
['263', '187']
[]
[]
['468', '690', '541']
['580', '566', '689', '162']
['487']
['104', '864', '27']
['145', '608', '637', '77', '706', '570', '906', '253', '650', '442']
['618']
['762', '335', '301']
['196', '555', '205', '880']
['845', '454']
['171', '557', '828']
['621', '921', '390', '503']
['848', '281', '953', '799']
[]
['247']
['510']
['32', '783']
['675', '954', '867', '272']
['624']
['778', '351', '878', '754']
['16', '107']
['450', '619', '935', '850']
[]
['359']
['230', '622', '975', '309']
[]
['588', '94', '396', '4', '197', '824']
['108', '453', '685', '810']
['168', '379']
['254', '949', '420', '443']
['563', '558', '111', '649', '931', '203']
['518', '285', '78', '129']
['48', '688', '609', '98', '432', '169', '451']
['421', '918']
['776', '501', '750']
['482', '31', '222', '402']
['590', '677', '217']
['42', '877', '579', '813', '105']
['941', '144', '310', '235']
['82', '962', '260', '348']
['522', '591', '564', '224', '357']
['581', '929', '406']
['315']
[]
['600', '895', '364']
['537', '969', '751', '800']
['336', '881']
['763', '752', '840', '578']
['219', '733', '524', '190', '552']
[]
['237', '103']
['90', '426', '912']
['19', '304', '318', '208']
