['484', '590', '98', '455', '497']
['544', '534']
['336', '382', '255']
['405', '23']
['381', '398', '2', '596', '149', '132']
['361', '315']
['62']
['463', '251', '397', '456', '243', '564']
['413', '351', '54']
['429', '391']
['79', '291', '160', '317']
['156']
['321']
['392', '227']
['479', '355', '222']
['221', '371']
['523']
['543']
['344', '225', '383']
['566', '496', '39', '279']
['437', '72', '122', '552', '60', '450', '410']
['579']
['14', '520', '10', '495']
['335']
['127', '100']
['442', '464', '148']
['271', '580', '591', '541', '385']
['458', '465', '301', '27', '313']
['416', '515', '537']
['290', '136']
['16', '451', '589', '242', '324', '532']
['553', '259', '95', '441']
['109', '266', '12']
['81', '186', '19']
['424', '45', '195']
['85']
['396', '356']
['585', '11', '113']
['485', '367', '208', '140']
['116']
['150']
['257', '17', '154', '292']
['112', '435', '167']
['138']
['147', '238']
['65', '517', '209']
['161', '124', '346']
['4', '521']
['142', '440']
['406', '561', '531']
['307', '232', '287', '348']
['246', '13', '423', '82', '394']
['32']
['581']
['519', '379', '338', '64']
['421', '556', '63']
['509', '55']
['282', '134']
['514', '58']
['171', '340']
[]
['341', '366', '469', '141']
['364']
['200', '378', '322', '577']
['172', '309', '571', '409', '237']
['211', '119', '286', '560']
['412', '306']
['212', '488', '295']
['180', '164', '408']
['572', '57', '584']
['121']
['594', '299', '369']
['155', '400']
['487', '554', '542', '427']
['47', '258', '192']
['330', '284']
[]
['90', '387']
['223', '386', '18', '298']
['329', '189', '67', '25']
['407', '275', '93', '343']
['9', '368', '262', '568']
['75', '38']
['34', '288', '418']
['492', '220', '183', '177']
['188', '123']
['516', '281']
['587', '457', '215']
['117', '199', '535', '99', '447', '595']
['420']
['248', '354', '459']
['239', '83', '206']
['536', '250', '384', '304']
['236']
['151']
['502', '471']
['264', '107', '226', '404']
['305', '353', '578', '114']
['84', '94', '44', '474', '104']
['102', '339', '303']
['270', '529', '597', '240']
['540', '245', '76', '110', '163', '182']
['376', '510', '482']
['586', '210', '428', '300']
['547', '467', '359', '390', '173']
['15', '56', '470']
['415']
['133', '395', '414']
['326', '205', '219', '360', '325', '135']
['592']
['489', '139', '393']
['8', '22', '501']
['567', '443']
['289']
['105', '145', '40', '280', '170']
['30']
['473', '137']
['377', '179']
['526', '216', '217']
['431', '461', '28', '74']
['272', '61', '29', '37', '51', '582']
['332']
['403', '345']
['530', '481', '593']
[]
['444', '334', '372', '3', '153', '483']
['434', '234', '598', '166', '328', '126']
['201', '48', '347']
['563', '576', '433']
['178', '198', '230']
['533']
['445']
['565', '293', '370', '527']
['569', '152', '35', '249', '159']
['518', '77', '158']
['1', '41', '512', '115', '448']
['562', '430']
['168', '350', '302']
['425', '21', '500', '375', '224']
['194', '575']
['493', '165', '507']
['0']
['278', '588', '31']
['478', '129', '574']
['265', '559']
['33', '106']
[]
['78', '297']
['190', '599', '342']
['247', '252', '24', '573', '388', '506']
['108']
['233', '143', '101']
['20', '352', '373']
['42', '26', '169', '176', '558', '118']
['525', '468', '283']
['331', '196', '453', '311', '528']
[]
['97', '111', '337', '46', '436', '80', '207', '491']
['480']
[]
['439']
['43']
['204', '411']
['312', '253']
['380', '548', '402', '197']
['146', '538', '73', '241', '66']
['7', '550', '174', '235', '50']
['91', '86', '231', '268', '269', '490', '310', '524']
['191', '498', '263', '6', '157']
['88', '285', '314', '401', '357', '254', '261', '462']
['399', '193', '260']
['175', '229']
['49', '308', '446']
['185', '162']
['551', '365', '503']
['323', '417', '184', '52', '320', '583']
['87', '327', '570', '92']
['449', '557', '522', '555', '475']
[]
['103', '454', '274', '432', '476']
['187', '499', '296']
['362', '267', '545', '294']
['277', '318', '53']
['505']
['228', '539']
['125', '494', '256', '244', '70', '316']
['59', '460', '181', '128']
['319', '422', '276', '504']
['389', '466', '452', '96']
['374', '513', '130']
['89', '426', '333', '508']
['546', '36']
['472', '69', '486', '419']
['511', '144', '363', '203', '349']
['71', '131', '5']
['273']
['218', '438']
['214']
['120', '477', '358']
['68', '202', '213', '549']
