['503', '831', '80', '433', '796', '530']
['817', '490', '199']
['670', '409', '219', '996']
['454', '515', '256', '842', '988']
['565', '196', '1', '932', '548', '780', '229', '681', '814']
['411', '70', '129', '195']
['829', '126', '439', '957']
['465', '212', '945', '751', '892', '948', '840']
['348', '3', '267', '92', '204', '188', '578']
['484', '669', '58', '978', '926']
['415', '110', '220', '610', '712']
['621', '253']
['915', '73', '613']
['671', '63', '791', '143', '147', '40']
['765', '271', '720', '230', '446']
['210', '646', '357']
['53', '474', '381', '543']
['836', '277', '311', '5', '371']
['299', '942', '864', '963', '977', '298']
['879', '43', '148', '425', '441', '320']
['747', '734', '732', '226', '273', '898', '554', '159', '390', '824']
['728', '387', '32', '811']
['580', '448', '460', '293', '455']
['602', '98', '21', '924']
['521', '36']
['418', '985', '303', '417']
['243', '339', '736', '783', '583', '356', '481', '851', '403', '245']
['865', '626', '421', '845', '309', '459', '961']
['9', '275', '951']
['893', '434', '647', '943', '661', '923']
['655', '396', '536', '239', '862', '592', '121', '905', '955']
['211', '798', '605', '894', '820']
['826', '777', '766', '821']
['508', '172', '556', '285', '392']
['868', '866', '998', '514', '694']
['581', '24', '375', '422']
['657', '100', '825', '457']
['891', '506', '917']
['300', '628', '633', '347']
['540']
['847']
['352', '175', '504', '967', '552', '322', '295', '697']
['501', '507', '512']
['929', '41']
['355', '746', '88']
['232', '762', '14', '692']
['266', '760', '6', '470', '145']
['49', '20', '144']
['882', '426', '37']
['209', '804', '269', '333', '472']
['563', '906', '741', '566', '174', '921']
['938', '779', '550', '664', '386', '106']
['758', '227', '164', '370']
['238', '318']
['190', '637', '860', '687', '555', '615', '33', '807']
['398', '13', '600', '708', '206']
['331', '18', '819']
['700', '45', '56']
['135', '755', '952']
['255', '336']
['704']
['450', '184', '723', '745', '265']
['869', '995', '133', '378', '520']
['302', '776', '568', '895', '719', '429']
['789', '214', '969', '993', '496']
['28', '393', '739', '249', '449', '83', '729']
['142', '828', '576', '54', '795', '726']
['221', '468', '559', '325', '345', '237', '359']
['567', '89', '679', '319']
['785', '640', '486', '281', '574']
['705', '338']
['899', '435', '30', '432', '321', '672']
['650', '797', '702', '914', '156', '346', '413']
['711', '136', '385', '205', '813', '326']
['416', '10', '547', '395']
['674', '312', '71']
[]
['585', '944', '968', '927', '251']
['919', '855', '327', '524', '270', '823', '171', '730', '539', '342']
['122', '289', '17', '863', '803']
['903', '648', '874', '437', '768', '262']
['686', '713', '706', '809', '557']
['246', '194']
['983', '114', '78', '928', '912']
['718', '165', '611', '283', '75', '695', '213']
['631', '925', '976']
['400', '193', '200', '479']
['525', '570', '55', '107']
['201', '463', '532', '843', '152', '676', '992']
['286', '373', '485']
['408', '82', '242', '419']
['330', '180', '634', '970', '794']
['614', '769', '815', '949', '412']
['666', '260']
['818', '731']
['170', '837', '940', '67', '146']
['683', '108', '658', '363', '113']
['630', '593', '161', '724', '69', '617']
['678', '117', '461', '844', '274', '233']
['183', '916', '876', '284', '7', '39', '877', '368']
['725', '328', '241', '294', '793', '118']
['701', '380', '771', '685', '391', '577', '909', '4']
['499', '68', '509', '81', '97', '838']
['442', '872', '471', '607', '349', '179']
['656', '76', '586', '693', '773', '698', '167', '546']
['154', '94', '598', '873']
['166', '608', '653', '258']
['735', '23', '972', '808', '119', '596', '364', '531', '523']
['850', '343', '900', '95', '240', '975', '575']
['93']
['476', '715', '911']
['477', '353', '444', '367']
['871', '603', '982']
['859', '595', '116', '369', '280', '529']
['374', '643', '849', '46', '217', '846', '257', '964']
['491', '956', '452']
['224', '953', '438']
['801', '26', '87', '757', '822']
['788', '858', '272', '738', '652']
['660', '208', '854', '480', '160', '830']
['483', '264', '447', '495', '922', '31', '109', '767']
['907', '410', '131']
['340', '737']
['157', '641', '560', '740', '986', '124']
['323', '510', '654', '749']
['856', '104', '379', '279', '482', '127', '699', '579', '177']
['169', '649', '691', '632', '22', '827', '526']
['254', '493', '717', '937', '896', '835']
['756', '857', '350', '816']
['215', '313', '553', '888']
['261', '263', '399']
['959', '834', '149']
['582', '259', '878', '696', '901', '372']
['0', '354', '902', '65', '316', '389', '155', '140']
['810', '252', '497', '639', '848', '763', '290']
['197', '651', '282', '569', '42']
['74', '383', '511', '707', '538']
['187', '85', '886', '918']
['805', '984', '388', '806', '103', '625', '770']
['675', '79', '475']
['875', '742', '64', '62', '930', '750']
['48', '561']
['464', '47', '933', '880', '786', '19']
['186', '774', '297', '443', '665']
['125', '690', '150', '401', '881']
['16', '623', '207', '60']
['382', '344', '799']
['572', '52', '424']
['308', '487', '590', '584', '622', '365', '722']
['709', '941', '542', '153', '329', '458']
['587', '591', '86', '677', '721', '620', '2']
['489', '366', '991', '178']
['324', '588', '551', '420', '990']
['191', '112', '775', '151', '173', '519', '792', '710']
['714', '800', '636', '310']
['629', '884', '682', '997', '315', '77', '778']
['853', '488', '397', '223']
['138', '218', '362', '423', '663', '492', '181', '594']
['15', '606']
['781']
['478']
['291', '38']
['545', '360', '716', '351', '394']
['198', '867', '307', '306', '222', '549']
['456', '498', '59', '402', '934', '782']
['102', '44', '91', '601', '473', '332']
['513', '612', '680', '571', '225', '662', '141', '833']
['889', '973', '684', '644', '761', '445', '887', '989', '754']
['939', '11', '96', '965', '163', '946', '635', '137', '772', '958']
['667', '182', '428', '910', '337', '645', '502', '839', '334', '980']
['57', '317', '688', '305']
['516', '841']
['535', '527', '250', '812', '627']
['469', '974', '236', '168']
['29', '430', '920', '35', '440', '870', '517']
['748', '904', '247', '673', '335', '123', '505']
['130', '618', '384', '885']
['203', '90', '744', '619', '913', '544', '994', '784']
['66', '522', '597']
['616', '278', '314', '987', '234', '431', '12']
['466', '599', '764']
['8', '406', '609', '301', '453', '134', '287']
['558', '642', '518', '528', '99']
['292', '936', '624', '451', '407']
['50', '727', '981', '638']
['753', '276', '908', '176', '950', '743', '111', '467', '304']
['25', '202', '244', '414', '966', '139', '101', '960']
['235', '861', '27', '790', '999', '494']
['377', '962', '589', '689', '733', '935']
['162', '883', '51', '802', '296', '436', '61']
['158', '832', '132', '84', '759']
['852', '971', '288', '500', '562', '34']
['897', '216', '979', '358', '659', '604', '189']
['341', '268', '534', '462', '541', '537']
['72', '105', '533', '115', '231', '954', '668']
['120', '128', '947', '787']
['703', '228', '573']
['405', '185']
['931', '564', '427', '361']
['752', '890', '192', '404', '248', '376']
