['498', '231', '278', '8', '234', '186', '464', '344', '336', '339', '370', '79', '154', '217', '427', '414', '106', '438', '299', '280', '72', '325', '436', '233', '423', '491', '123', '311', '319', '468', '288', '5']
['449', '100', '19', '387', '241', '192', '333']
['92', '421', '98', '353']
['60', '185', '45', '400', '182', '105', '285', '383', '380', '97', '180', '242', '460', '149', '68', '472', '28', '459', '69', '382', '227', '80', '184', '324', '64', '247', '342', '20', '356', '104', '136', '437', '196', '18', '194', '364', '237', '377', '133']
['493', '401', '458', '284', '448', '489', '321']
['476', '275', '210', '40', '211', '409', '303', '477', '167']
['135', '109', '488', '30', '115', '451', '219', '59', '479', '32', '430']
['121', '469', '153', '22', '7', '88', '86', '442', '188', '195', '426', '447', '252', '176', '408', '445', '205', '197', '29', '411', '450', '271', '462', '335', '376', '260', '175', '160', '146', '264', '391', '341', '373', '385', '457', '139', '110', '323', '212', '420', '254', '295', '163', '66', '313', '202']
['338', '207', '263', '309']
['56', '394', '371', '397', '425', '216', '3', '76', '302', '446', '57', '10', '322', '218', '200', '201', '93', '268', '222', '443', '228', '156', '300', '221', '95', '354', '125', '145', '390', '407', '102', '415', '404', '126', '279', '62', '296', '368', '190', '471', '474', '223', '162', '337', '478', '225', '290', '467']
['298', '441', '251', '396', '347', '351', '147', '358', '131', '41', '112', '497', '0', '107', '495', '245', '340', '35', '142', '14', '191', '367', '259', '54', '422', '165', '253', '434', '130', '378', '58', '440', '433', '12', '51', '232', '209', '164', '238', '47', '265']
['277', '403', '282', '398', '229', '343', '49', '470', '132', '4', '17', '267', '152', '55', '70', '84', '482', '416', '118', '44', '13', '490', '137', '199', '352', '301', '173', '287', '82', '236', '257', '330', '34', '38', '113', '11', '189', '431']
['419', '444', '393', '405', '122', '466', '48', '270', '174', '214']
['248', '52']
['392', '312', '349', '74', '108', '6', '306', '151']
['486', '432', '461', '91', '67', '23', '318', '256', '249']
['178', '481', '369', '283', '350', '204', '24', '177', '384', '42', '155', '166', '120', '83', '9', '424', '114', '413', '329', '150', '157', '346', '273', '334', '27', '357', '286', '244']
['240', '359', '246']
['480']
['63']
['226']
['53', '193', '73', '320', '65', '314', '269', '483', '206', '485', '172', '487', '315', '439', '455', '31', '141', '127', '326', '492', '386', '85', '129', '454', '15', '81', '317', '215', '138', '111', '181', '328', '116', '435', '179']
['230', '374', '208', '484', '2', '293', '281', '78']
['161', '21', '389', '187', '331', '399']
['94', '90', '494', '198']
['144', '452', '417', '365', '96', '258', '134']
['255', '310', '366', '406', '171', '327', '87', '332', '388', '348', '119', '463', '39', '361', '16']
['43', '250', '381', '1', '304', '473', '274', '345', '235', '475', '140', '379', '89', '499', '158', '456', '213', '159', '276', '77', '453', '124', '266', '355', '429', '289', '243', '372', '103', '143', '360', '465', '496', '224', '46', '418', '362', '262', '239', '395', '261']
['33', '71', '148', '50', '26', '61', '363', '292', '203', '101', '308', '99', '402', '297', '294', '37', '183', '375', '170', '169', '316', '412', '428', '75', '410']
['220', '305', '272']
['291', '36', '128', '307', '25', '168', '117']
