['9', '55', '136', '141']
['151', '245']
['104', '114']
['53', '145']
['1', '25', '225', '273']
['97', '276']
['240']
['163', '296', '330', '399']
['222', '354', '385']
['242']
['35', '89', '358']
['183']
[]
['192', '355']
['132']
['264']
['129']
['261']
['185', '186']
['137', '322', '360']
['6', '254', '277', '331']
['158']
['94', '320', '352']
[]
['105']
['79']
['260', '279', '298']
['75', '84', '211']
['39', '299']
['205', '394']
['43', '113', '134', '269']
['38', '315', '334']
['101', '117']
['119', '349', '350']
['162', '309', '318']
[]
['237', '375']
['62', '238', '302']
['146', '321']
[]
['364']
['36', '42']
['345', '348']
[]
['323']
['123']
['230', '395']
['221']
['54', '210']
['14', '231']
['71', '341', '361']
['168', '319', '337']
['293']
['69']
['64', '235']
['41', '138']
['233', '378']
['373']
['92']
['24', '325']
[]
['295', '347', '381']
['156']
['19', '22', '200', '357']
['106', '286', '382']
['82', '86']
['12', '372']
['7', '66']
['278']
['107', '160', '393']
[]
['27', '112', '300']
['256', '398']
['90', '232', '292', '311']
['195', '376', '387']
['37']
[]
['207', '267']
['46', '91', '191']
['161', '243', '289', '338']
['150', '159', '266']
['28', '148', '356']
[]
['147']
['13', '197']
['239']
['103']
['44', '313']
['215', '291']
['255']
['329', '343']
['50', '164']
['219', '270']
[]
['362']
['23', '248']
['110', '174', '383']
['88', '201', '333']
['111', '170', '209', '217']
['157', '305', '326']
['26', '241', '263']
['17', '57', '78']
['327']
['18', '40']
['99', '109', '258', '377']
['121', '173', '281']
['8']
['31', '307']
['172', '308']
['213']
[]
['73', '102', '140']
[]
['67']
['198', '234', '257']
[]
['116']
['310', '379']
['128', '149', '206']
['58', '76', '317', '397']
['203', '212', '226', '342']
['188']
['175']
['20', '83']
[]
['229', '265']
['214', '353', '391']
['49', '339']
['15', '155']
['125', '204', '274', '316']
['366']
['251', '369']
['16', '304']
['52', '72', '388']
['80', '247', '253']
['56', '184']
['177', '178']
['48', '133', '328']
['216', '282', '370', '389']
[]
['32']
['60']
['218', '249', '371']
['351', '396']
['98', '118']
['202', '332']
[]
['165', '187']
['259', '287']
['5', '29', '208', '268', '335']
[]
['74', '127', '367']
['236', '386']
['0', '47', '120', '297', '301']
[]
['224']
[]
['4', '21', '70', '96', '131', '272']
['220']
[]
[]
[]
['346']
[]
['45', '336']
['10', '93', '143', '166', '368']
['34', '100', '122', '190']
['68', '153', '182', '223', '365']
['3', '81', '179', '246']
['108', '144', '275', '306']
['87', '271']
['126']
['51']
['374']
['252', '384']
['115', '142', '176', '180', '194']
['167', '193', '390']
['392']
[]
['59', '95', '283']
['340']
['77', '139']
['11', '33']
['135']
['30', '344']
['2', '61', '124']
['63', '169']
['284', '294']
['181', '228', '244']
['290', '380']
['171', '250']
['199', '280']
['65', '85', '303']
['196', '262', '363']
['152', '189', '312']
['359']
['154', '227']
[]
['314', '324']
['130', '285', '288']
