['58', '114']
['194', '14', '160', '7', '146']
['1', '35', '227', '148', '78']
['124', '179', '192']
['153']
['133']
['206', '155', '101']
['154']
['63', '100']
['164']
['33']
['149', '118', '97', '177', '102']
['249']
['121', '234', '134']
['41']
['130']
['222', '157', '107', '137']
['44', '20']
['127', '23']
['104']
['241', '185']
['17', '236', '195']
['224']
['79', '184', '108', '159', '18']
['152', '139']
['233', '201']
['147']
['65']
['113', '229']
['45']
['76', '220']
['228', '55']
['226']
['246']
['105']
['247', '82']
['232']
['132', '29']
['86', '106', '144', '158', '12']
['94', '136']
['50', '129']
['60']
['169', '173', '240', '56']
['218']
['21']
['242']
['59']
['37', '235']
['203', '5', '191']
['73']
['2', '69', '162']
['43', '95']
['166', '140', '161', '145', '22', '39']
['34']
['182']
['62', '180']
['110', '89', '198']
['178']
['112']
['183']
['138', '172', '215']
['163']
['90']
['245', '213']
['239', '186', '131']
['156', '70', '128', '24', '66']
['3', '111']
['211']
['36', '248', '47', '9']
['77']
['13', '26', '151']
['54']
['6']
['221', '103']
['88']
['16', '42', '217']
['46']
['126', '190']
['38']
['171', '53', '75']
['210']
['193', '83']
['231']
['0']
['99', '32']
['135']
['123']
['10']
['197']
['150', '8']
['199']
['52', '168']
['170', '84', '71']
['27', '115']
['181', '204', '57', '93']
['25', '176', '91']
['230']
['117', '15']
['120', '67', '223', '189', '165']
['200', '85']
['96']
['49', '4']
['202']
['64']
['237', '68', '142']
['238']
['212', '196', '28']
['219', '141', '143']
['188', '225']
['175', '209', '167']
['31', '244']
['72', '87']
['116', '208']
['214', '30']
['109', '61']
['48', '92', '207']
['11', '74']
['51', '243', '125']
['216']
['81', '119']
['98']
['80', '19']
['122']
['174']
['40']
['205', '187']
