['8', '37', '100', '105', '126', '139', '150', '157', '166', '176', '218', '238', '262', '266', '297']
['16', '46', '48', '54', '73', '76', '85', '102', '127', '128', '144', '163', '210', '241', '258', '283']
['26', '27', '52', '65', '74', '84', '122', '129', '152', '206', '207', '247', '274', '289']
['9', '25', '45', '50', '51', '75', '90', '107', '137', '173', '185', '196', '198', '201', '204', '208', '279']
['6', '20', '38', '99', '119', '120', '155', '186', '246', '248', '251', '260', '263', '271', '273', '285']
['7', '24', '62', '121', '153', '175', '188', '223', '230', '242', '268', '269', '284', '286', '296', '298']
['29', '78', '88', '96', '110', '125', '132', '138', '142', '148', '169', '236', '252', '270', '281']
['39', '42', '44', '79', '81', '82', '101', '103', '113', '130', '168', '181', '202', '213', '228', '278', '293']
['10', '17', '41', '68', '89', '97', '106', '170', '171', '178', '191', '194', '199', '209', '224', '225', '226', '232', '233', '240']
['11', '21', '23', '36', '49', '124', '141', '154', '164', '200', '205', '211', '215', '219', '264', '272', '299']
['14', '15', '18', '31', '32', '47', '67', '86', '123', '135', '143', '162', '212', '214', '216', '250']
['4', '30', '56', '131', '146', '158', '159', '165', '187', '245', '255', '259']
['28', '43', '55', '70', '83', '94', '118', '133', '156', '161', '183', '192', '203', '237', '243', '265', '275', '290']
['5', '61', '66', '115', '136', '167', '190', '231', '288', '294', '295']
['13', '19', '22', '145', '149', '160', '177', '197', '220', '222', '229', '239', '253', '276', '292']
['12', '35', '80', '91', '93', '104', '114', '116', '147', '151', '234', '235', '249', '261', '277', '282', '291']
['53', '58', '60', '64', '92', '95', '108', '112', '117', '172', '217', '221', '244', '287']
['33', '34', '40', '63', '71', '72', '77', '140', '174', '179', '182', '254', '257']
['1', '2', '57', '59', '69', '87', '109', '111', '134', '227']
['3', '98', '180', '184', '189', '193', '195', '256', '267', '280', '300']
