['s337', 's482', 's102', 's475', 's336', 's42', 's39', 's4', 's361', 's53']
['s466', 's345', 's38', 's230', 's66', 's58', 's166', 's61', 's15', 's224']
['s220', 's84', 's495', 's392', 's394', 's311', 's254', 's411', 's244', 's489']
['s364', 's405', 's126', 's452', 's418', 's51', 's232', 's484']
['s103', 's447', 's483', 's245', 's95', 's358', 's6', 's153', 's271', 's8']
['s273', 's12', 's183', 's315', 's219', 's355', 's243', 's164', 's457', 's225']
['s151', 's436', 's387', 's267', 's158', 's41', 's130', 's75', 's490', 's481']
['s346', 's44', 's46', 's242', 's278', 's432', 's85', 's91', 's420', 's247']
['s114', 's388', 's177', 's423', 's305', 's393', 's117', 's82', 's314', 's472']
['s381', 's246', 's147', 's87', 's145', 's252', 's250', 's296', 's141']
['s494', 's404', 's94', 's371', 's119', 's464', 's403', 's425', 's390', 's124']
['s445', 's217', 's440', 's353', 's193', 's303', 's382', 's348', 's498', 's70']
['s142', 's168', 's22', 's185', 's3', 's317', 's402', 's492', 's201', 's21']
['s79', 's40', 's446', 's339', 's31', 's406', 's65', 's71', 's43', 's156']
['s398', 's69', 's389', 's50', 's290', 's227']
['s417', 's493', 's52', 's330', 's116', 's25', 's265', 's81', 's146', 's213']
['s60', 's491', 's444', 's262', 's310', 's10', 's203', 's442', 's111', 's458']
['s190', 's68', 's319', 's277', 's181', 's433', 's214', 's479', 's163', 's152']
['s401', 's248', 's89', 's463', 's395', 's264', 's14', 's233', 's274', 's23']
['s429', 's400', 's215', 's453', 's473', 's373', 's115', 's55', 's98', 's229']
['s368', 's93', 's101', 's234', 's100', 's155', 's169', 's341', 's123', 's20']
['s326', 's78', 's385', 's218', 's363', 's258', 's35', 's207', 's18', 's281']
['s365', 's178', 's456', 's32', 's196', 's470', 's64', 's356', 's443', 's335']
['s291', 's455', 's80', 's56', 's397', 's283', 's293', 's226', 's106', 's92']
['s374', 's197', 's321', 's222', 's487', 's300', 's128', 's343']
['s372', 's237', 's59', 's216', 's29', 's279', 's414', 's268', 's184', 's54']
['s97', 's206', 's477', 's438', 's148', 's320', 's266', 's171', 's136', 's96']
['s47', 's131', 's270', 's212', 's167', 's282', 's340', 's351', 's86', 's122']
['s74', 's357', 's107', 's333', 's5', 's379', 's288', 's299', 's476']
['s104', 's350', 's198', 's67', 's249', 's228', 's478', 's412', 's112', 's110']
['s45', 's460', 's36', 's439', 's378', 's62', 's284', 's231', 's332', 's187']
['s497', 's72', 's83', 's205', 's204', 's342', 's259', 's172', 's57', 's422']
['s210', 's377', 's129', 's307', 's338', 's109', 's360']
['s467', 's289', 's287', 's0', 's113', 's180', 's285', 's160', 's461', 's309']
['s238', 's157', 's386', 's34', 's295', 's37', 's347', 's313', 's263', 's137']
['s194', 's449', 's99', 's280', 's407', 's275', 's451', 's367', 's182', 's235']
['s437', 's441', 's499', 's324', 's424']
['s421', 's428', 's410', 's133', 's192', 's150', 's209', 's256', 's419', 's308']
['s11', 's240', 's175', 's292', 's176', 's154', 's431', 's188', 's127', 's327']
['s302', 's298', 's239', 's416', 's450', 's161', 's312', 's415', 's276', 's253']
['s435', 's191', 's30', 's170', 's427', 's286', 's16', 's143', 's331', 's462']
['s380', 's269', 's189', 's149', 's426', 's135', 's27', 's13', 's383', 's366']
['s369', 's28', 's322', 's208', 's73', 's399', 's132', 's7', 's77', 's496']
['s469', 's241', 's211', 's471', 's261', 's474', 's459', 's120', 's344', 's396']
['s301', 's140', 's354', 's370', 's430', 's108', 's468', 's159', 's352', 's1']
['s257', 's391', 's76', 's17', 's408', 's448', 's118', 's144', 's272', 's488']
['s199', 's139', 's359', 's306', 's63', 's105', 's125', 's221', 's26', 's485']
['s376', 's375', 's19', 's24', 's174', 's195', 's236', 's325', 's384', 's349']
['s134', 's465', 's480', 's49', 's223', 's413', 's409', 's334', 's434']
['s294', 's165', 's121', 's186', 's202', 's88', 's255', 's329', 's454']
['s90', 's304', 's33', 's328', 's162', 's318', 's179', 's362', 's323', 's486']
['s48', 's173', 's138', 's260', 's297', 's9', 's251', 's316', 's200', 's2']
