['012', '036', '046', '066', '095', '137', '150', '159', '166', '203', '221', '243', '269', '278', '291', '325', '339', '342', '384', '386', '414', '428', '453', '461', '469']
['013', '037', '134', '162', '171', '175', '185', '188', '210', '263', '277', '307', '357', '375', '382', '413', '470', '474', '477', '488']
['026', '090', '105', '172', '178', '183', '196', '205', '211', '350', '373', '395', '396', '398', '408', '424', '425', '446', '466', '476', '478', '482', '493']
['057', '067', '078', '112', '115', '143', '155', '179', '190', '214', '255', '260', '300', '328', '346', '419', '420', '443', '455', '465', '496', '497']
['018', '030', '033', '044', '070', '089', '168', '181', '234', '301', '317', '324', '363', '434', '460', '471', '472', '499']
['006', '016', '055', '074', '075', '081', '083', '109', '130', '144', '215', '219', '244', '248', '259', '276', '295', '365', '371', '410', '467']
['028', '051', '091', '117', '119', '161', '200', '225', '246', '320', '323', '344', '394', '486', '491', '492']
['021', '039', '045', '073', '094', '096', '108', '140', '193', '216', '233', '294', '299', '329', '335', '341', '343', '366', '378', '390', '407', '447', '456', '463', '483']
['000', '071', '084', '100', '106', '107', '113', '158', '173', '189', '192', '230', '241', '245', '258', '279', '283', '297', '308', '361', '391', '403', '406', '422', '444']
['009', '022', '025', '043', '093', '139', '141', '142', '154', '157', '197', '204', '223', '239', '240', '247', '265', '296', '298', '312', '326', '327', '334', '381', '392']
['011', '031', '065', '068', '087', '129', '146', '147', '165', '170', '176', '184', '187', '213', '257', '267', '285', '290', '292', '304', '331', '349', '362', '364', '426']
['004', '041', '050', '060', '076', '082', '097', '135', '149', '169', '174', '177', '206', '207', '227', '254', '268', '318', '345', '372', '387', '401', '411', '435', '437']
['040', '047', '049', '054', '116', '124', '133', '152', '164', '212', '220', '232', '249', '262', '282', '302', '309', '330', '340', '352', '393', '418', '429']
['020', '059', '086', '101', '118', '194', '237', '256', '266', '286', '306', '319', '332', '336', '347', '348', '360', '397', '400', '423', '427', '440', '441', '454', '473']
['002', '010', '019', '024', '035', '072', '121', '198', '199', '229', '242', '261', '273', '274', '287', '311', '353', '355', '374', '389', '405', '412', '415', '416', '448']
['014', '023', '034', '061', '103', '123', '125', '153', '167', '208', '228', '250', '252', '275', '284', '354', '358', '376', '421', '436', '449', '452', '468', '479']
['008', '015', '080', '114', '120', '126', '127', '151', '182', '201', '218', '293', '305', '379', '433', '450', '485', '489']
['001', '027', '029', '032', '038', '058', '064', '069', '085', '104', '145', '160', '180', '222', '224', '238', '310', '316', '321', '338', '370', '377', '385', '402', '404']
['007', '052', '056', '088', '092', '098', '156', '191', '217', '226', '231', '253', '271', '272', '289', '313', '359', '367', '380', '383', '388', '445', '451', '458', '464']
['042', '077', '111', '136', '148', '195', '202', '235', '288', '315', '368', '417', '439', '462', '480', '487', '490', '494', '498']
['003', '005', '063', '079', '122', '132', '138', '186', '209', '236', '251', '281', '303', '322', '351', '356', '399', '430', '431', '459', '495']
['017', '048', '053', '062', '099', '102', '110', '128', '131', '163', '264', '270', '280', '314', '333', '337', '369', '409', '432', '438', '442', '457', '475', '481', '484']
