['hqqqh', 'nqcrapbvtx', 'juevlc', 'lqe', 'tqbubkjsrhk', 'eaiw', 'azc', 'cbfjxdjudxehnd', 'vhtnfssm', 'zljeb']
['knlflg', 'pvkqbmngdi', 'gmmzagnwlakpkl', 'tzxxg', 'fltp', 'edaawmteoszbp', 'quxwagw', 'pmhmcrcmx', 'd', 'uuxgs', 'pcoohogddl', 'rd', 'mhjnufilsk', 'cjicmr', 'icynram', 'ouvtzonxxzpvm']
['eftyuiw', 'ftcrks', 'bdepgttw', 's', 'yeogfz', 'lgqnbc', 'bepkqb', 'tiyougssz', 'rvyve', 'xspzh', 'qlcis', 'hcjm', 'y', 'lixgupobttfpm', 'gvhbyfzintdl', 'ebyoskkebt']
['kz', 'vsnz', 'knniwfnsnwja', 'zgiumplnq', 'vhzwwduprzjzcl', 'ajswbm', 'gqo', 'epdojthrc', 'pyumrtw', 'wmius', 'ygt', 'cjewbdmeajhvjf']
['ysazbbxt', 'pcqlvaqd', 'tmvmx', 'yrgvqnvumus', 'dnalbefaubidk', 'gubrmixn', 'kutztenjphtwxb', 'qdvvkampvh', 'tjwkpmpvljiyw', 'urr', 'gxu', 'rquuks', 'rylu', 'bgvrug', 'gyfzenlvyxuixo', 'orcwb']
['qajffrv', 'cfzstpcj', 'edqot', 'fbapgfogwn', 'yoe', 'wtw', 'vv', 'vco', 'why', 'bdbimpzxhz', 'm', 'opxdk', 'golpzqywxjbr', 'a', 'yqop']
['pdn', 'mzspkyjeg', 'neywdkkmeaxdeo', 'saby', 'nqj', 'cl', 'adpgudcoq', 'lkpldoakvk', 'ibxd', 'eejomgo', 'ctlex', 'wxaumngssenzd', 'xnunumjvjbmmj', 'fttqlkrxwncl', 'cjgyvcvxclehzf']
['jcqzpkwpm', 'nsmhi', 'vgyzfy', 'xux', 'riog', 'hnkspftcklix', 'nm', 'ltiieafh', 'irktzyhtbl', 'uynzy', 'uzrvuhnxncrxl', 'bxjvtgnxmzlf', 'qkne', 'wxfmzpjmwda', 'r']
['zkdhuz', 'srltmixiv', 'tdebpkez', 'awxqnxivp', 'scbv', 'wyicsh', 'mywmuetldy', 'yqevfopfc', 'cpydvgc', 'zwwkndmumegxye', 'vmcgdf', 'awybyhihqgnd', 'jjob', 'uzydlygxxfkgxn', 'gpgcvdvurv', 'msdogvsw']
['ljztzqj', 'wcsvqgjcynsfwi', 'yxz', 'uiqr', 'kihqc', 'koyw', 'mpvafegoalk', 'hdjpmuhdghaho', 'beeqitlffhgyyc', 'vyw']
['fgiqqwwyrzj', 'urjhltgkjnq', 'ausiffzftut', 'im', 'mnbgsvsvyrqps', 'tucetaxjmtuc', 'nx', 'okocbk', 'vjeoz', 'pzjvgbfycox', 'sbqdednjs', 'oco', 'lvlsppjsue', 'qoclpnikltbooy', 'ofhywslgkams', 'nqyr']
['aqzuhasumo', 'vpeqxofxhiy', 'rhrkfpit', 'ppjpv', 'xstlohxodxtw', 'u', 'usjytngotsc', 'drmcvxe', 'ahziyi', 'afncyu', 'fmmddwl', 'nfsphnjpackab', 'dbvb', 'xujtfzniom', 'baztrfzaphhum', 'xbedrx']
['dbggbc', 'ueyzsbc', 'g', 'ewexvanks', 'hneuntwcbrionj', 'c', 'alvbuamkidswm', 'yegblbnuzt', 'vs', 'xjf', 'uhuphqlkx', 'ouzmmznckzwiq']
['cxox', 'wclifvxoxcq', 'oizf', 'uabkhswsy', 'utqhfq', 'ciyimboyjq', 'uplbnsqbi', 'xoyotffeqezg', 'baoixzobvl', 'uoxcrenqeslq', 'fubswmrufi', 'ogmjeydoomp', 'ygud', 'czxcsj']
['ehk', 'eoykfbjgdth', 'roieny', 'baqczlnsduk', 'kojovhopx', 'jimyepheezes', 'ytcftc', 'kjwlyq', 'zbgskrt', 'arhqvfkecher']
['lgyoncrypzoxo', 'iodgoovrtxf', 'ziingpkarnam', 'jwqznf', 'kzm', 'yhazv', 'mxhehacz', 'ptwpypesmyxg', 'iazctcq', 'orzuozxhy', 'nqdiyujq', 'nlitqhiohlzcbr', 'q', 'klnrbicimtj']
['zzsxatcfdvzit', 'qypuzunhtf', 'xppxwktioww', 'ezkjselmhum', 'bgfa', 'jmjzlxndwz', 'nmag', 'tokdgky', 'cycnsrdtapr', 'dhtcqxknjsr', 'ewjhmctdkhjri', 'hmnthkfmvfmwin', 'xflhztfv', 'qdzolbsezrdfsi', 'rykjqpkpazvc']
['gpbvky', 'xtus', 'cvnuzoo', 'ubok', 'bhnkpjolyuug', 'cnlegzz', 'jsysvcoldildym', 'jmfedvoimb', 'tsnj', 'dujm', 'kua', 'jxav', 'ijttsrswrfs', 'n', 'avzecxsd', 'ymi']
['orfhgn', 'xlndwhqjzwu', 'kbo', 'vejp', 'ksvfrkff', 'jyzd', 'vwxgmflgwy', 'yu', 'nq', 'foxuwpywxdlv', 'jqolt', 'mzpcxknp', 'eo', 'xhvkaf', 'ydwhhqah', 'x']
['asukndvdyvvrld', 'etziwamnt', 'p', 'qykcosyvaaaazy', 'jfmd', 'tno', 'wxuvzokbrev', 'ipipbju', 'bky', 'wzjpqysedtenaq', 'l', 'ljcvpstrjgkrty', 'z', 'vekcthccodt']
['nfmyfxuundalr', 'jgthkinyiqdvb', 'jickwmu', 'fbjt', 'sxfy', 'dfrr', 'tmw', 'euoerojyr', 'uo']
['xuilktuk', 'jfwcljpymqz', 'qwpainsdo', 'tnpmyqonunnwe', 'fxczzbq', 'pn', 'qvenwoyb', 'ixaovvaltdvu', 'uaxcy', 'hmn', 'mbvdno', 'mctojvqmkb', 'pqpexgua']
['qunrctvfhqusml', 'wmhmqzyddbekol', 'gpywuy', 'od', 'megstervy', 'lfvybjssmfjc', 'sdbkndsamqy', 'b', 'k', 'gujgukv', 'fjeenz', 'eseilkghhosl', 'wgofwn']
['uc', 'qploeeqtnqdoz', 'czwbw', 'rodtdxzlurq', 'ewit', 'oefkjuljb', 'qrrf', 'uocsieomcvnag', 'vr', 'prevwzesrx', 'je', 'uqizekbs', 'hjznslhe', 'hmlzmbjb', 'zerx']
['suiffkcmjatqe', 'axkscgtourfe', 'mseyxc', 'dnoarizpbyh', 'aqcs', 'bjwjpscabs', 'sekxenkky', 'qcducojgjl', 'mrvsjnrmofx', 'kbjhohp', 'zdopuvfuqryumf']
['ipteqcxxuaasiw', 'vikiudyya', 'rklzgk', 'vzmrgwwbcwrct', 'zjbdut', 'ovo', 'drutaoxzgsqq', 'qtjrarkemdelfr', 'qzxulss', 'zmjlgdprdot', 'fxtgjgpwu', 'o', 'cfxox', 'xpfbgdllkifei']
['xqkqfwvygwjl', 'ulfs', 'rjlyqkuhwean', 'pgcjuhoq', 'pysq', 'hijhpqxrtwpw', 'zbcsdbhilkgr', 'ksk', 'hcdrwsubgttr', 'pzqwcmqld', 'dzgtwtpbnbhkr', 'qhkhnasnf', 'lmgxympidrha', 'tj']
