['471', '447', '437', '417', '388', '346', '333', '324', '317', '280', '262', '240', '214', '205', '192', '158', '144', '141', '99', '97', '69', '55', '30', '14']
['470', '446', '349', '321', '312', '308', '298', '295', '273', '220', '206', '176', '126', '108', '101', '70', '6']
['457', '393', '378', '311', '305', '300', '287', '278', '272', '133', '110', '106', '88', '87', '85', '75', '59', '58', '37']
['426', '416', '405', '371', '368', '340', '328', '304', '293', '269', '228', '223', '183', '155', '137', '63', '40', '28', '18']
['465', '453', '450', '439', '413', '394', '315', '249', '182', '166', '159', '120', '49', '23', '12', '11', '5']
['477', '467', '428', '409', '408', '402', '400', '374', '353', '339', '268', '264', '239', '235', '224', '207', '188', '118', '112', '73', '16']
['455', '432', '392', '366', '364', '322', '283', '258', '237', '184', '180', '163', '160', '139', '89']
['462', '444', '438', '410', '389', '387', '375', '343', '302', '290', '267', '250', '189', '154', '148', '142', '140', '138', '117', '105', '93', '76', '36', '20', '0']
['483', '412', '399', '383', '377', '376', '370', '325', '310', '294', '291', '253', '242', '238', '225', '209', '204', '200', '186', '175', '122', '92', '80', '77', '61', '39', '25', '9', '1']
['474', '461', '458', '440', '390', '344', '342', '341', '329', '326', '286', '279', '260', '244', '243', '236', '218', '187', '185', '171', '157', '156', '149', '102', '91', '64', '35', '32', '4']
['472', '452', '418', '415', '396', '354', '337', '336', '318', '313', '307', '299', '296', '270', '226', '216', '198', '193', '191', '179', '152', '134', '121', '119', '57', '27', '17']
['479', '442', '433', '423', '407', '401', '386', '348', '334', '314', '309', '306', '277', '276', '256', '229', '215', '165', '111', '96', '82', '72', '48', '46', '45', '22']
['443', '436', '434', '429', '367', '359', '350', '331', '319', '271', '263', '251', '234', '221', '201', '181', '174', '153', '143', '131', '90', '65', '54']
['463', '424', '397', '382', '365', '289', '246', '227', '217', '197', '177', '164', '151', '136', '135', '123', '86', '83', '60', '56', '43', '42', '29', '10', '7']
['481', '473', '464', '459', '448', '411', '362', '285', '284', '254', '241', '222', '210', '196', '172', '130', '128', '109', '94', '78', '71', '68', '67', '13']
['469', '460', '449', '422', '380', '360', '358', '330', '316', '275', '255', '233', '231', '208', '199', '129', '125', '107', '62', '47', '34', '15']
['475', '468', '403', '369', '363', '357', '356', '332', '301', '282', '265', '190', '178', '104', '50', '33']
['482', '456', '454', '451', '445', '425', '419', '414', '398', '379', '338', '323', '303', '261', '259', '245', '173', '167', '162', '145', '113', '98', '81', '79']
['476', '431', '427', '395', '391', '385', '327', '292', '266', '257', '252', '230', '212', '211', '194', '170', '124', '116', '103', '100', '95', '38', '31', '19']
['441', '406', '372', '347', '335', '288', '281', '248', '195', '168', '147', '115', '66', '44', '21', '3']
['480', '478', '420', '404', '361', '351', '345', '297', '274', '247', '232', '202', '161', '132', '127', '84', '52', '24']
['466', '435', '430', '421', '384', '381', '373', '355', '352', '320', '219', '213', '203', '169', '150', '146', '114', '74', '53', '51', '41', '26', '8', '2']
