['476', '292']
['112', '295', '171', '312', '61']
['153', '107', '459', '46', '448']
['168', '37', '487']
['67', '98', '367', '181', '140']
['345', '387', '220', '143', '337', '363', '294', '173', '12', '493']
['213', '254', '2', '338', '326', '42']
['78', '319', '10', '478']
['16', '283', '106']
['122', '96', '13', '84', '455', '466', '370', '399']
['323', '413', '127', '36', '375', '146']
['482', '85', '390', '39', '162', '244', '176']
['394', '99', '484']
['44', '288', '454']
['348', '189']
['253', '20', '54', '496']
['74', '408', '83']
['322', '56', '142', '216', '404', '274', '179']
['151', '333', '188', '236', '358', '373', '293', '102', '420']
['450', '71', '139', '310', '266', '158', '185']
['72', '209', '464', '429', '481']
['334', '157', '401']
['467', '35', '218', '11']
['149', '211', '305', '490', '303']
['55', '113', '164', '245']
['66', '344', '376', '437', '57', '421', '327', '223', '136', '480', '148', '349']
['264', '214', '325', '290', '497']
['45', '392', '281']
['63', '31', '430', '461']
['335', '41', '121', '123', '130', '479']
['332', '82', '68', '0']
[]
['30', '411', '89', '318']
['170', '239', '100', '227', '79', '24', '316', '154']
['416', '27', '255', '201', '386']
['445', '402', '321']
['117', '73', '499', '191', '33', '366', '165', '203', '396']
['144', '409', '380']
['105', '350', '259', '433', '178', '64']
['306', '9', '261', '412', '270', '477', '70', '138']
['365', '234', '251', '307', '208']
['1', '159', '488', '352', '364']
['400', '258', '225']
['354', '88', '199', '125', '460', '229', '241', '128', '297', '465']
['353', '398', '65', '444', '110', '14', '242']
['235', '372', '462', '452', '435']
['197', '277', '382', '237', '434']
['92', '436', '205', '330', '97', '262', '202', '428', '243']
['221', '269', '103', '119', '361', '58', '475']
['5', '302', '53', '200', '473', '233']
['28', '86', '355', '267', '15', '438']
['172', '25', '304', '190']
['47', '252', '120']
['495', '272', '391', '486', '492']
['418', '427', '34']
['485', '232', '424', '75', '442']
['417', '192', '59', '314']
['439', '397', '257', '457', '451', '22']
['135', '359', '231', '134', '383', '256', '90']
['377', '268', '360']
['4', '104', '440', '403', '133']
['494', '193', '342', '212', '115', '346']
['276', '19', '156', '111', '385']
['422', '423', '309', '286', '17']
['95', '52', '21', '94', '263']
['279', '180', '116']
['23', '291', '183', '389', '247', '109', '463']
['161', '328']
['167', '299', '32', '298', '431']
['379', '453', '340', '238', '108']
['198', '356', '7', '26', '458', '381', '265', '166']
['491', '341', '449', '471', '177', '141']
['160']
['483']
['49', '155', '217', '406', '308']
['29', '152', '3', '204', '414', '275', '62']
['224', '393', '129', '248']
['447', '362', '240']
['230', '77']
['339', '215', '278', '6', '124', '184', '150']
['317', '174', '271', '384', '206', '410', '207']
['368', '378', '175']
['43', '432']
['210', '357', '260']
['324', '80', '470', '50', '60', '226', '131', '182', '222']
['441', '469', '285', '287']
['456', '468', '101', '147', '371']
['93', '474', '498', '195', '38', '395', '320', '405', '329']
['415', '145', '284', '300', '118', '246', '331', '194', '351', '296']
['313']
['388', '280', '76', '250']
['91', '48', '132', '336', '8', '315', '69']
['472', '289', '81', '419', '426', '228']
['282', '374', '407', '249']
['114', '126', '186', '137', '311']
['18', '425', '40']
['489', '51', '343', '446']
['443', '347', '273', '169', '219']
['369', '87', '163', '187', '301', '196']
