['50', '61', '74', '142', '194', '223', '233', '255', '327', '361', '409']
['226', '241', '384', '441', '499']
['78', '214', '217', '250', '286', '405', '419', '457', '459', '468', '481']
['17', '26', '55', '219', '262', '309', '325', '372', '431', '446', '449']
['58', '110', '229', '425', '475']
['47', '59', '95', '177', '188', '213', '289', '334', '340', '363', '387']
['40', '66', '89', '123', '163', '259', '264', '271', '281', '318', '344']
['7', '9', '52', '131', '221', '224', '279', '335', '378', '383', '437']
['16', '24', '72', '153', '179', '204', '208', '426', '428', '448', '474']
['6', '70', '101', '132', '135', '175', '201', '305', '347', '350', '487']
['60', '62', '75', '100', '137', '143', '149', '257', '282', '351', '359']
['102', '152', '185', '228', '246', '375', '420', '427', '461', '463', '497']
['41', '49', '85', '122', '124', '136', '154', '192', '209', '220', '308']
['13', '44', '46', '77', '134', '247', '284', '304', '397', '452', '453']
['440']
['3', '22', '53', '87', '128', '244', '352', '393', '401', '422', '460']
['67', '121', '168', '169', '317', '345', '365', '421', '443', '458', '465']
['57', '76', '117', '125', '138', '261', '265', '287', '294', '321', '324']
['8', '158', '193', '252', '297', '337', '355', '370', '400', '402', '413']
['36', '37', '71', '79', '106', '116', '205', '206', '267', '369', '416']
['25', '94', '96', '157', '236', '256', '376', '399', '415', '417', '435']
['51', '113', '118', '141', '170', '182', '198', '307', '315', '390']
['28', '211', '258', '362', '367', '379', '388', '451', '490', '493', '496']
['4', '31', '56', '80', '98', '104', '164', '167', '234', '322', '406']
['0', '81', '108', '155', '159', '323', '423', '464', '479', '484', '498']
['42', '319', '366', '368', '414', '469', '470', '473', '491', '492']
['14', '15', '29', '33', '285', '364', '394', '445', '472', '483', '494']
['83', '127', '129', '161', '197', '278', '303', '339', '386', '424', '433']
['86', '130', '173', '242', '254', '326', '336', '391', '403', '404', '408']
['63', '64', '191', '207', '240', '268', '273', '343', '412', '477', '489']
['5', '11', '39', '180', '189', '218', '235', '269', '348', '442', '455']
['82', '109', '150', '160', '248', '313', '392', '398', '411', '438', '456']
['90', '93', '126', '225', '243', '266', '277', '385', '395', '407', '439']
['105', '139', '215', '227', '249', '280', '306', '314', '342', '418', '476']
['30', '162', '212', '239', '288', '312', '332']
['283', '296', '330', '410']
['97', '103', '176', '231', '270', '292', '333', '341', '354', '432', '434']
['19', '43', '68', '107', '251', '253', '272', '276', '353', '374', '377']
['10', '27', '114', '119', '230', '260', '274', '311', '328', '436', '478']
['18', '35', '48', '144', '174', '178', '196', '232', '290', '298', '382']
['20', '34', '45', '166', '172', '181', '184', '238', '275', '485', '486']
['23', '73', '147', '156', '171', '203', '329', '349', '447', '450', '471']
['21', '115', '120', '183', '237', '310', '331', '389', '396', '462', '488']
['54', '91', '92', '202', '216', '222', '293', '301', '357', '429']
['2', '38', '187', '199', '291', '320', '444', '454', '466', '467', '480']
['1', '69', '84', '99', '299', '300', '356', '373', '380', '430', '495']
['88', '111', '112', '145', '146', '190', '200', '263', '302', '371', '381']
['210']
['195', '245', '295', '316', '338', '346', '482']
['12', '32', '65', '133', '140', '148', '151', '165', '186', '358', '360']
