['224', '325', '356', '358', '360', '361', '366', '375', '381', '387', '389', '386', '391', '392', '396', '397', '398', '406', '487']
['442']
['60', '144', '145', '152', '155', '156', '157', '161', '162', '163', '165', '177', '187', '250', '288', '415', '459', '468', '477']
['424']
['421']
['2', '3', '5', '6', '13', '32', '52', '93', '132', '133', '213', '290', '334', '340', '363', '383', '393', '449', '466']
['17', '21', '22', '23', '24', '29', '31', '127', '164', '262', '265', '271', '281', '319', '349', '409', '450', '460', '483']
['185', '357']
['368', '379', '420', '426', '428', '431', '439', '441', '448', '462', '464', '470', '472', '479', '481', '486']
['347']
['64', '128', '138', '140', '225', '226', '228', '229', '230', '234', '235', '236', '237', '259', '282', '348', '359', '407', '467']
['463']
['70', '82', '104', '106', '107', '112', '113', '119', '120', '121', '115', '130', '154', '189', '209', '222', '308', '374', '412']
['453']
['191']
['401']
['101', '135', '223', '242', '244', '246', '247', '248', '251', '254', '255', '257', '258', '318', '345', '365', '422', '458', '497']
['1', '4', '7', '16', '72', '110', '111', '129', '261', '266', '287', '295', '322', '324', '350', '369', '427', '485', '499']
['39', '40', '37', '44', '47', '49', '50', '53', '54', '159', '184', '252', '300', '337', '355', '371', '402', '404', '465']
['370']
['62', '141', '146', '148', '150', '171', '175', '178', '179', '181', '182', '183', '238', '256', '377', '399', '416', '435', '476']
['18', '26', '34', '35', '36', '38', '43', '114', '125', '142', '169', '186', '192', '218', '307', '316', '388', '400', '446']
['294', '310', '311', '314', '320', '321', '312', '323', '327', '329', '330', '331', '332', '335', '362', '367', '380', '384', '495']
['10']
['484']
['478']
['239', '269', '276', '283', '284', '285', '286', '299', '302', '303', '304', '298', '305', '306', '364', '394', '445', '474', '492']
['20', '83', '85', '86', '90', '87', '91', '94', '95', '126', '131', '158', '194', '280', '296', '339', '425', '433', '437']
['8', '12', '14', '15', '81', '124', '160', '231', '263', '326', '336', '403', '410', '414', '418', '461', '471', '475']
['147', '172', '174', '176', '195', '197', '198', '199', '200', '193', '201', '202', '203', '241', '268', '273', '344', '489', '493']
['455']
['491']
['61', '71', '73', '75', '77', '78', '79', '80', '74', '116', '227', '243', '267', '279', '390', '395', '408', '440', '469']
['56', '63', '65', '66', '67', '68', '102', '137', '204', '221', '249', '278', '309', '315', '343', '482', '473', '496', '498']
['25', '108', '143', '166', '167', '215', '219', '240', '289', '313', '338', '413', '417', '419', '423', '430', '436', '438', '457']
['411']
['0', '9', '51', '46', '48', '55', '57', '58', '84', '92', '173', '232', '270', '292', '333', '342', '354', '432', '434']
['103', '136', '188', '206', '207', '208', '211', '212', '214', '216', '217', '253', '260', '272', '277', '353', '373', '378', '376']
['328']
['11', '19', '27', '28', '30', '33', '42', '139', '168', '180', '196', '233', '291', '301', '385', '443', '444', '447', '451']
['275']
['351']
['488']
['429']
['454']
['274', '352', '452', '456']
['41', '45', '76', '88', '105', '109', '117', '118', '122', '123', '134', '190', '205', '264', '293', '372', '382', '405', '490']
['210']
['59', '69', '89', '96', '97', '98', '99', '100', '149', '151', '153', '170', '220', '245', '297', '317', '341', '346', '494']
['480']
