['7', '45', '116', '131', '161', '185', '209', '234', '242', '274', '295', '296', '302']
['14', '27', '36', '37', '39', '41', '42', '72', '83', '132', '144', '147', '181', '224', '236', '240', '252', '254']
['16', '29', '86', '102', '115', '140', '163', '165', '166', '175', '179', '194', '202', '215', '233', '246', '269', '293']
['28', '31', '61', '62', '64', '168', '177', '207', '225', '260', '261', '268', '280', '310']
['17', '107', '143', '235', '284']
['10', '13', '38', '53', '71', '94', '120', '151', '164', '192', '199', '245', '257', '282']
['8', '11', '23', '25', '82', '87', '90', '98', '117', '149', '189', '217', '267', '272', '273']
['43', '57', '60', '85', '92', '125', '126', '160', '169', '200', '223', '237', '289']
['18', '24', '40', '58', '69', '81', '91', '108', '123', '128', '135', '142', '172', '178', '186', '203', '210', '218']
['19', '21', '56', '63', '73', '96', '231', '259', '265', '276', '285', '297', '298']
['32', '35', '44', '65', '75', '124', '216', '220', '250', '270', '312']
['6', '55', '66', '187', '188', '221', '247', '291']
['12', '103', '105', '121', '129', '139', '158', '212', '303', '305']
['0', '54', '74', '89', '93', '99', '145', '146', '193', '205', '222', '238', '249', '271', '287']
['2', '20', '70', '106', '114', '137', '141', '167', '191', '219', '228', '304', '309', '311']
['15', '46', '49', '118', '136', '155', '198', '204', '206', '241', '244', '248', '262', '263', '275', '279', '299']
['34', '47', '79', '88', '109', '130', '184', '196', '208', '266', '278', '290', '294']
['4', '33', '101', '112', '122', '153', '156', '232', '253', '292', '306', '307', '308']
['1', '9', '26', '59', '110', '173', '174', '180', '182', '213', '227', '230', '264', '283', '300', '301']
['22', '30', '67', '68', '76', '77', '100', '104', '127', '148', '152', '157', '159', '170', '195', '201', '226', '251']
['5', '48', '51', '84', '95', '133', '134', '154', '183', '243', '255', '256', '281', '313']
['3', '50', '52', '78', '97', '111', '113', '138', '171', '176', '211', '214', '277']
['80', '119', '150', '162', '190', '197', '229', '239', '258', '286', '288']
