['qufxqvh', 'noyikuy', 'pcrzoox', 'tdrolvx', 'fxswbii', 'vjpstks', 'hlkffeh', 'crmjrbf', 'mltjlsu', 'ymwwchd', 'brpqwlx']
['xlypwfl', 'gnlcixq', 'nndfzgt', 'vmrdoff', 'wznyiaw', 'pojnkue', 'eiuywkb', 'mqeymdi', 'nbftfsb', 'kvfjhzh', 'ylscqcm', 'uekjkik', 'dtfwkrc', 'rqdjqiq', 'dgvegls', 'poyacsv']
['whaalyx', 'dwfazac', 'mlehrqr', 'okdlbya', 'kuwyrgr', 'mbrlttj', 'laxdipx', 'bhbfrfj', 'gmultvj', 'oikctcj', 'weondbg', 'huzgikq', 'acgwdsb', 'qccnlus', 'jbhevly']
['iuddtax', 'lcmynyw', 'szriiex', 'nrctxxu', 'xabjjff', 'rbwdwlz', 'igvkuru', 'xaawrda', 'nzhlxzk', 'ulqqnrx', 'dcysunk', 'znskrzx']
['aytcnpm', 'qwcwszq', 'eezxrdd', 'qifpupk', 'aadjodd', 'gmapuez', 'vfebggx', 'quaahkj', 'rbpdoot', 'jzqcfee', 'hnpufhr', 'szlzdlt', 'crzdxig', 'zxtfzys', 'vxktmpe', 'gmqbbof']
['uitiunf', 'upucitb', 'hvnuihp', 'jnfpvkg', 'xcjwaaa', 'xxhgtbs', 'cvokrsd', 'jigaagt', 'lehooqa', 'fgubrui', 'qavmxlu', 'roothgi', 'vkrrkcg', 'vvadaaj']
['igtcqiv', 'gdvcboj', 'gdkxxon', 'capkmzr', 'ohgorzn', 'ptcbphe', 'asyegiw', 'uahwspd', 'mtbiczg', 'bpbiuoh', 'alvvzcr', 'hrmwoaf', 'cjhldsy', 'oayxvdx', 'wenwqgs']
['emqikpe', 'cmlcnuo', 'zmgjecs', 'glkfhro', 'pjsyeez', 'zexclum', 'tqjelgo', 'hxlagmh', 'kctacue', 'oqqfikf', 'aocuywp', 'sieoave', 'ebtqhua', 'bvvitzv', 'zxlpndu', 'xdofsvh']
['yvvwjem', 'kjhsxww', 'ultrowi', 'yiuitfo', 'jdufzkb', 'rorsdzp', 'azzpyql', 'omyynfi', 'vrvkaaa', 'dlfncva', 'ptpmisy', 'wxbassh', 'opcamxc', 'rljbssd', 'ehfkaur', 'bnuxlph']
['nsjgubf', 'lfxhllc', 'goxywvb', 'xxradgz', 'mcirxcd', 'dqbtiaw', 'puotspj', 'nrplxxf', 'uckdnaa', 'vbcaiur']
['owvackd', 'upzignf', 'zrimkhj', 'yfabxdu', 'grhnknx', 'ngznfds', 'ckbpvbd', 'fhflmkc', 'nlfhgdx', 'lucqgzc', 'yoqrhdw', 'kiwoauy', 'vuedrix', 'dsvowko', 'ljqttnn', 'ljxgjfb']
['dtmsxwk', 'vowjmgf', 'iudsrjy', 'cjyrens', 'vvwlixv', 'ljxjare', 'zvuccyi', 'edebgoj', 'njoxkmb', 'ozoxsck', 'tfsfpnw', 'bfonhts', 'fieuife', 'thidksk', 'jygmmrk', 'qimiqpx']
['kitxrio', 'jaikykc', 'newswsl', 'uuqtrnp', 'dmsftgx', 'hncniof', 'jhstklj', 'axxwrug', 'zfqckzr', 'nkylhqw', 'ljllxhw', 'jivtfds', 'ndqmeid']
['urudgpc', 'jwpfwqz', 'ntanocw', 'drtgipl', 'dnxxgal', 'jtkovjl', 'hylhzqr', 'fufnjyf', 'lmgvnku', 'ugpqnzn', 'atfmxqs', 'crclbim', 'wjosnfy', 'huwkfqk']
['mmsicju', 'efrtcpo', 'mirwseo', 'momhmut', 'nbhknmw', 'ynxyoyb', 'vvjtuhb', 'pxgrikq', 'qxwwqfk', 'ftbfwum']
['npbmbcl', 'coupfju', 'abxurqr', 'tjtezbn', 'gceicua', 'nqmwwmz', 'kadvzfh', 'pvwdbuk', 'uhhhxgy', 'frxrjcw', 'jojnukl', 'egfbifk', 'fzsjvuk', 'cutedox', 'lpzovzo']
['qgpciwf', 'uwgeeaz', 'fdccgyr', 'qqeafqd', 'nehlpbv', 'ydirvrp', 'spgwzqj', 'qhwwalp', 'bundjpw', 'dubzmmn', 'tjcagrq', 'dpgzdmu', 'vogmqqe', 'aslzxho', 'apuclff']
['zxijrwr', 'sfjvtxw', 'emvhlci', 'hutontm', 'xuppdvy', 'jxlxfoo', 'mbzuntj', 'ksjmenx', 'upgszso', 'atvqyki', 'ksrplzq', 'hscfpsc', 'jmjdmxv', 'aowxwvx', 'jnwitwp', 'dazkzcz']
['adzdoyj', 'jplsynx', 'kolwqja', 'mnxptfo', 'ypwfljl', 'bymyfhs', 'hqikiss', 'pcdlpcz', 'wellvsr', 'upxaolv', 'fhrabmr', 'clcozil', 'tgshqis', 'rroxpwu', 'wklasyt', 'bxtdbjc']
['bnyrwnb', 'iiybggp', 'jgbbizt', 'labghhm', 'ueyjznc', 'mclspox', 'ipxjgfz', 'pmckuxh', 'sgrvtpg', 'mgtzswf', 'fzplaod', 'gevooyy', 'hfzbxzo', 'odoqgfk']
['bbevbps', 'wdahnhw', 'owgzpow', 'gbuoffj', 'kzgbgcg', 'joerrak', 'lqjdzbc', 'dpmxdni', 'mqwftjq']
['zhdvxfc', 'rxngmkt', 'eghatxl', 'jcoguvu', 'aenkmpt', 'yqtlogi', 'ypncztk', 'rxnxrbl', 'djzcmeu', 'afvpuoz', 'itivxup', 'ygoytty', 'awftunn', 'shztxik']
['vshvlic', 'kpqzpfs', 'sfzipfj', 'zrhphdg', 'ytvwmpd', 'ekbghpg', 'fhuqtfp', 'bolryno', 'sipicas', 'xsjadss', 'ovyjjfm', 'wlhpnux', 'joqmipo']
['bkrlzdx', 'yssbhls', 'ofsoyop', 'etkmfom', 'hwprfxd', 'ulpkpaf', 'ktqbsnt', 'rqevvql', 'vahwsck', 'douqsoq', 'hlruggb', 'raymfyf', 'mtrmooo', 'vwcmgzh', 'pnnzbti']
['ebexhbz', 'ktyynlr', 'olzxpzb', 'bwxgkld', 'jbockfp', 'urujvnn', 'engjphl', 'cewygrc', 'reolqff', 'jrguwdk', 'idyyroc']
['lpzhylm', 'rfhgsrd', 'xxqfkzr', 'qlgkouj', 'uckaokp', 'ximpauw', 'rnluyib', 'ehcdgdr', 'ojujfds', 'otmayxy', 'amfrehb', 'skvsmyl', 'pkosxjv', 'ylnttkr']
['nvjeors', 'korcvcx', 'qerzkir', 'werprzm', 'ciynmhw', 'egezjtl', 'oegoznu', 'pwaalip', 'wqohgce', 'sfjkptj', 'liqhklu', 'bwpwdoy', 'wmodcaj', 'kuhueyd']
