['12', '36', '46', '66', '95', '137', '150', '159', '166', '203', '221', '243', '269', '278', '291', '325', '339', '342', '384', '386', '414', '428', '453', '469']
['13', '37', '134', '162', '171', '175', '185', '188', '210', '263', '277', '307', '357', '375', '382', '413', '477', '488']
['26', '90', '105', '172', '178', '183', '196', '205', '211', '350', '373', '395', '396', '398', '408', '424', '425', '446', '478']
['57', '67', '78', '112', '115', '143', '155', '179', '190', '214', '255', '260', '300', '328', '346', '419', '420', '443', '455', '465']
['18', '30', '33', '44', '70', '89', '168', '181', '234', '301', '317', '324', '337', '363', '434', '460', '471', '472', '499']
['6', '16', '55', '74', '75', '81', '83', '109', '130', '144', '215', '219', '244', '248', '259', '276', '295', '365', '371', '410', '467']
['28', '51', '91', '117', '119', '161', '200', '225', '246', '320', '323', '344', '394', '486']
['21', '39', '45', '73', '94', '96', '108', '140', '193', '216', '233', '294', '299', '329', '335', '341', '343', '366', '378', '390', '407', '447', '463', '483']
['0', '71', '84', '100', '106', '107', '113', '158', '173', '189', '192', '230', '241', '245', '258', '279', '283', '297', '308', '361', '391', '403', '406', '422', '444', '458', '474']
['9', '22', '25', '43', '93', '139', '141', '142', '154', '157', '197', '204', '223', '239', '240', '247', '265', '296', '298', '312', '326', '327', '334', '381', '392', '451', '479', '492']
['11', '31', '65', '68', '87', '129', '146', '147', '165', '170', '176', '184', '187', '213', '257', '267', '285', '290', '292', '304', '331', '349', '362', '364', '426', '456', '466', '491']
['4', '41', '50', '60', '76', '82', '97', '135', '149', '169', '174', '177', '206', '207', '227', '254', '268', '318', '345', '372', '387', '401', '411', '435', '437', '438', '461', '482', '485', '494']
['40', '47', '49', '54', '116', '124', '133', '152', '164', '212', '220', '232', '249', '262', '282', '302', '309', '330', '340', '352', '393', '418', '429']
['20', '59', '86', '101', '118', '194', '237', '256', '266', '286', '306', '319', '332', '336', '347', '348', '360', '397', '400', '423', '427', '440', '441', '454', '473', '476', '484', '487']
['2', '10', '19', '24', '35', '72', '121', '198', '199', '229', '242', '261', '273', '274', '287', '311', '353', '355', '374', '389', '405', '412', '415', '416', '448', '470', '497']
['14', '23', '34', '61', '103', '123', '125', '153', '167', '208', '228', '250', '252', '275', '284', '354', '358', '376', '421', '436', '449', '468']
['8', '15', '80', '114', '120', '126', '127', '151', '182', '201', '218', '293', '305', '379', '433', '450']
['1', '27', '29', '32', '38', '58', '64', '69', '85', '104', '145', '160', '180', '222', '224', '238', '310', '316', '321', '338', '370', '377', '385', '402', '404', '452', '489', '498']
['7', '52', '56', '88', '92', '98', '156', '191', '217', '226', '231', '253', '271', '272', '289', '313', '359', '367', '380', '383', '388', '445', '464', '493', '496']
['42', '77', '111', '136', '148', '195', '202', '235', '288', '315', '368', '417', '439', '462', '480', '490']
['3', '5', '63', '79', '122', '132', '138', '186', '209', '236', '251', '281', '303', '322', '351', '356', '399', '430', '431', '459', '495']
['17', '48', '53', '62', '99', '102', '110', '128', '131', '163', '264', '270', '280', '314', '333', '369', '409', '432', '442', '457', '475', '481']
