['Mariah', 'Caitlyn', 'Alicia', 'Jocelyn', 'Daniela', 'Rachael', 'Alison', 'Macy', 'Paola', 'Clarissa']
['Claire', 'Kelsey', 'Alexandria', 'Sabrina', 'Holly', 'Jasmin', 'Selena', 'Carolyn', 'Dana', 'Shayla']
['Ashlyn', 'Desiree', 'Alondra', 'Lisa', 'Ashlynn', 'Skye', 'Larissa', 'Marilyn', 'Barbara', 'Julianne']
['Monica', 'Carly', 'Bianca', 'Mya', 'Katlyn', 'Emilee', 'Georgia', 'Brandy', 'Francesca', 'Tyra']
['Carolina', 'Camille', 'Whitney', 'Priscilla', 'Celeste', 'Linda', 'Litzy', 'Melody', 'Alisha', 'Hunter']
['Brittney', 'Evelyn', 'Jamie', 'Rebekah', 'Patricia', 'Cierra', 'Kyla', 'Eve', 'Melina', 'Arielle']
['Jaqueline', 'Carmen', 'Vivian', 'Makenna', 'Madeleine', 'Natasha', 'Cecilia', 'Kassandra', 'Mercedes', 'Josie']
['Angela', 'Briana', 'Jada', 'Peyton', 'Hanna', 'Brenda', 'Mckenna', 'Kendall', 'Kara', 'Ashleigh']
['Katelynn', 'Nancy', 'Elena', 'Sandra', 'Kelsie', 'Kiersten', 'Kiera', 'Aurora', 'Alma', 'Chasity']
['Valerie', 'Serena', 'Mallory', 'April', 'Katrina', 'Logan', 'Callie', 'Addison', 'Heaven', 'Krystal']
['Sara', 'Courtney', 'Erin', 'Jacqueline', 'Jenna', 'Caroline', 'Alejandra', 'Kenya', 'Amari', 'Macey']
['Raven', 'Helen', 'Gina', 'Virginia', 'Tamara', 'Tatum', 'Susan', 'Yasmin', 'Tamia', 'Abbey']
['Angelica', 'Daisy', 'Kristen', 'Nia', 'Anastasia', 'Brenna', 'Kassidy', 'Ashlee', 'Alaina', 'Eliana']
['Tiana', 'Cassie', 'Kayleigh', 'Heidi', 'Ivy', 'Ashton', 'Clara', 'Zoey', 'Iris', 'Kaleigh']
['Hope', 'Karina', 'Payton', 'Cynthia', 'Jazmin', 'Carley', 'Tyler', 'Malia', 'Nora', 'Kailee']
['Paige', 'Christina', 'Trinity', 'Cassidy', 'Margaret', 'Audrey', 'Gabriela', 'Jillian', 'Heather', 'Bridget']
['Britney', 'Chelsea', 'Genesis', 'Julianna', 'Skyler', 'Alana', 'Elise', 'Kirsten', 'Liliana', 'Deanna']
['Kendra', 'Julie', 'Makenzie', 'Karla', 'Kathleen', 'Delaney', 'Alanna', 'Carlie', 'Sylvia', 'Clare']
['Dominique', 'Jayla', 'Tori', 'Kaitlynn', 'Lacey', 'Haleigh', 'Angelique', 'Irene', 'Madyson', 'Paulina']
['Adriana', 'Lillian', 'Kiara', 'Mckenzie', 'Meghan', 'Skylar', 'Adrianna', 'Denise', 'Mariana', 'Bryanna']
['Madelyn', 'Amaya', 'Maggie', 'Cameron', 'Kyra', 'Alissa', 'Miriam', 'Ciara', 'Marina', 'Meagan']
['Summer', 'Kaylie', 'Jaden', 'Madalyn', 'Athena', 'Adrienne', 'Shyanne', 'Kelli', 'Madelynn', 'Breana']
['Gloria', 'Jenny', 'Renee', 'Kierra', 'Brooklynn', 'Perla', 'Elisa', 'Eden', 'Miracle', 'Devin']
['Angel', 'Erika', 'Lily', 'Christine', 'Asia', 'Nina', 'Aubrey', 'Lauryn', 'Kate', 'Genevieve']
['Alexa', 'Kathryn', 'Leslie', 'Molly', 'Lydia', 'Bethany', 'Shannon', 'Baylee', 'Teresa', 'Ruth']
['Mia', 'Mikayla', 'Kelly', 'Miranda', 'Hayley', 'Michaela', 'Karen', 'Josephine', 'Shania', 'Kira']
['Jade', 'Kaitlin', 'Sofia', 'Diamond', 'Talia', 'Eliza', 'Harley', 'Mayra', 'Brisa', 'Cora']
['Faith', 'Jordyn', 'Joanna', 'Juliana', 'Fatima', 'Tiara', 'Mikaela', 'Hailee', 'Elisabeth', 'India']
['Kylie', 'Precious', 'Lexi', 'Annika', 'Regan', 'Johanna', 'Janae', 'Justine', 'Paris', 'Chelsey']
['Yesenia', 'Alexus', 'Tatiana', 'Haylee', 'Cindy', 'Sidney', 'Anne', 'Kristin', 'Marisa', 'Layla']
['Madeline', 'Autumn', 'Breanna', 'Ana', 'Tabitha', 'Lucy', 'Gillian', 'Lesly', 'Cara', 'Marisol']
['Amy', 'Jazmine', 'Tara', 'Gianna', 'Allyson', 'Gracie', 'Sadie', 'Kali', 'Ellen', 'Colleen']
['Danielle', 'Brooke', 'Michelle', 'Makayla', 'Kristina', 'Natalia', 'Valeria', 'Tia', 'Sydnee', 'Toni']
['Brooklyn', 'Lindsay', 'Ava', 'Camryn', 'Ariel', 'Naomi', 'Ruby', 'Ella', 'Lucia', 'Deborah']
['Casey', 'Aaliyah', 'Giselle', 'Bailee', 'Mckayla', 'Ayanna', 'Maddison', 'Jayda', 'Phoebe', 'Halle']
['Amber', 'Mary', 'Gabrielle', 'Sierra', 'Katelyn', 'Kennedy', 'Veronica', 'Isabelle', 'Fiona', 'Alina']
['Charlotte', 'Meredith', 'Eva', 'Esther', 'Deja', 'Jacquelyn', 'Ellie', 'Daniella', 'Lizbeth', 'Anahi']
['Amelia', 'Savanna', 'Reagan', 'Aliyah', 'Rylee', 'Dakota', 'Kasey', 'Tatyana', 'Theresa', 'Joy']
['Bailey', 'Melissa', 'Kaylee', 'Esmeralda', 'Gisselle', 'Julissa', 'Cheyanne', 'Marie', 'Eleanor', 'Martha']
['Shelby', 'Caitlin', 'Lesley', 'Lilly', 'Serenity', 'Karissa', 'Jane', 'Kaylin', 'Rhiannon', 'Madisyn']
['Cristina', 'Raquel', 'Monique', 'Jessie', 'Noelle', 'Carla', 'Janelle', 'Angie', 'Carrie', 'Elaina']
['Diana', 'Ariana', 'Maya', 'Melanie', 'Hallie', 'Sage', 'Ann', 'Nichole', 'Jayden', 'Sonia']
['Jordan', 'Andrea', 'Kimberly', 'Brittany', 'Vanessa', 'Guadalupe', 'Alayna', 'Charity', 'Annabelle', 'Emely']
['Avery', 'Kylee', 'Claudia', 'Abby', 'Wendy', 'Yasmine', 'Sharon', 'Alice', 'Tianna', 'Macie']
['Tessa', 'Kiana', 'Rose', 'Imani', 'Kailey', 'Annie', 'Rosa', 'Piper', 'Marlene', 'Tayler']
['Isabel', 'Arianna', 'Riley', 'Crystal', 'Krista', 'Janet', 'Carissa', 'Tania', 'Alyson', 'Kaila']
['Brandi', 'Allie', 'Viviana', 'Pamela', 'Zaria', 'Emilie', 'Felicia', 'Lorena', 'Kaley', 'Leilani']
['Marissa', 'Catherine', 'Zoe', 'Leah', 'Gabriella', 'Tiffany', 'Erica', 'Angelina', 'Sophie', 'Alexia']
['Laura', 'Nadia', 'Kamryn', 'Sasha', 'Chyna', 'Esperanza', 'Regina', 'Luz', 'Tierra', 'Cristal']
['Katie', 'Cheyenne', 'Cassandra', 'Lindsey', 'Destinee', 'Felicity', 'Taryn', 'Kiley', 'Jaclyn', 'Aileen']
