['12', '63', '64', '150', '155', '299']
['33', '34', '48', '49', '55', '99', '100', '166', '195', '316', '362', '377', '378']
['8', '19', '87', '88', '132', '133', '256', '274', '353', '354', '386']
['28', '29', '30', '76', '103', '104', '105', '120', '128', '248', '249', '250', '339', '350', '351', '352']
['10', '14', '15', '27', '106', '114', '140', '160', '175', '176', '177', '178', '193', '194', '226', '227', '277', '278', '279', '280', '281', '331', '335', '369', '370', '371', '372', '398', '399']
['9', '13', '61', '62', '70', '71', '72', '73', '91', '101', '116', '117', '135', '136', '143', '191', '192', '225', '228', '252', '253', '276', '283', '284', '348', '373', '374']
['66', '67', '68', '77', '78', '126', '151', '180', '181', '199', '200', '201', '222', '223', '224', '258', '286', '293', '308', '332', '333', '334', '336', '337', '387', '388', '389']
['37', '45', '46', '47', '65', '83', '84', '85', '94', '95', '96', '97', '98', '153', '154', '209', '210', '215', '216', '217', '251', '376', '379', '380', '381', '382', '383']
['3', '74', '75', '89', '90', '102', '112', '113', '119', '146', '147', '148', '161', '169', '170', '182', '185', '186', '187', '219', '220', '269', '270', '271', '272', '273', '319', '320', '321', '322']
['1', '24', '25', '26', '44', '109', '110', '127', '174', '204', '205', '206', '218', '245', '254', '255', '259', '260', '296', '298', '302', '303', '304', '305', '306', '307', '340', '341']
['0', '5', '38', '39', '92', '93', '183', '184', '300', '301', '363', '393', '394', '395', '396', '397']
['23', '40', '41', '80', '81', '141', '142', '152', '162', '163', '164', '165', '188', '189', '190', '196', '197', '198', '207', '261', '262', '294', '297', '342', '343', '344', '345', '346', '391', '392']
['56', '57', '58', '121', '122', '123', '221', '312', '313', '314', '355', '384', '385']
['17', '50', '51', '52', '53', '107', '108', '111', '157', '158', '159', '179', '211', '212', '213', '214', '242', '243', '244', '275', '323', '324', '325', '326', '327', '390']
['18', '59', '115', '149', '203', '349', '364', '365', '366', '367', '368', '375']
['11', '31', '32', '54', '79', '86', '156', '229', '230', '231', '285', '295']
['36', '42', '134', '137', '138', '139', '144', '145', '202', '240', '310', '311', '315', '317', '318']
['2', '35', '60', '118', '124', '125', '129', '130', '131', '208', '246', '247', '268', '282', '309', '338', '347']
['16', '22', '43', '171', '172', '173', '237', '238', '239', '257', '328', '329', '330', '356', '357', '358', '359', '360', '361']
['4', '6', '7', '20', '21', '69', '82', '167', '168', '232', '233', '234', '235', '236', '241', '263', '264', '265', '266', '267', '287', '288', '289', '290', '291', '292']
