['19', '111', '116', '180', '243', '273', '283']
['120', '303', '336', '345']
['209', '229', '271', '306', '363']
['8', '9', '107', '162', '291']
['3', '23', '30', '51', '59', '212', '334']
['66', '144', '193', '195']
['81', '135', '366']
['110', '167', '327']
['312', '357']
['42', '152']
['2', '71', '175', '179', '202', '261']
['187', '267', '299', '367']
['94', '205', '333']
['22', '37', '58', '198', '226', '310', '385']
['95', '265', '280', '343']
['196', '360']
['78', '182', '259']
['62', '132', '160', '242', '249', '258', '279']
['148', '232', '278', '371', '373']
['253', '275']
['12', '13', '17', '339', '374']
['21', '56', '70', '84', '157', '317', '320']
['105', '189', '300', '335']
['5', '24']
['46', '211', '307']
['106', '159', '257', '268']
['142']
['36', '64', '151', '169', '266']
['79', '201', '204', '208', '270']
['99', '136', '330']
['87', '134', '227', '269', '304', '361']
['53', '77', '156', '250', '326', '394']
['112', '197', '203', '234', '332', '364', '368']
['68', '113', '124', '238', '239']
['11', '119', '284', '325', '386', '396']
['217']
['166', '170', '251', '376']
['0', '18', '33', '125', '126', '176', '292']
['293', '372']
['69', '97', '309']
['26', '34']
['73', '85']
['10', '91', '118', '194']
['4', '88', '150', '214', '272', '342', '399']
['98', '388']
['32', '186', '247', '324', '340']
[]
['72', '254', '282']
['109', '147', '252']
['14', '29', '44', '82', '237', '296']
['143', '316', '355']
['52', '285', '337', '393']
['305']
['139', '218', '390']
['40', '129', '224', '276', '331']
['83', '191', '277', '290', '377']
['158', '163', '236', '308', '328', '347', '370']
['41', '164', '199']
['161', '185', '375']
['49', '117', '244', '369', '380', '398']
['16', '60', '351', '381']
['168', '216', '392']
['67', '108', '127', '138', '140', '313', '395']
['39', '45', '172', '210', '219']
['43', '61', '154', '188', '213', '231']
['90', '165', '173', '230', '262']
['25', '298', '362']
['15', '133', '137', '141', '241', '294', '379']
['256', '346', '358', '384']
['128', '215', '321', '382']
['54', '200']
['55', '225']
['63']
['171', '181']
['1', '103', '286', '287', '344', '352', '391']
['38', '75', '235', '318']
['146', '178', '245', '264', '359']
['28', '92', '102', '122', '145', '356']
['93', '183', '228', '383', '387', '389']
['289', '323', '365']
['301', '319']
['48', '57', '233', '297', '302']
['123', '397']
['74', '96', '295']
['27', '50', '121', '260', '322', '338', '353']
[]
['114', '207', '248']
['80', '89', '153', '174']
['6', '240', '314']
[]
['86', '190', '192', '274']
['20', '101', '329']
['65', '255', '350']
['35', '222', '263']
['149', '206']
['47', '104', '155', '354', '378']
['31', '221', '246', '349']
['76', '100', '115', '130', '131', '177', '184']
['7', '220', '223', '288', '311', '341']
['281', '315', '348']
