['0', '16', '144', '177', '219', '220', '225', '289', '331', '350', '386', '397', '407', '439', '446', '450', '454', '490']
['12', '74', '80', '97', '132', '141', '165', '174', '179', '249', '252', '265', '275', '277', '303', '348', '390', '434', '484', '486']
['15', '19', '31', '53', '84', '137', '143', '175', '223', '234', '259', '261', '271', '274', '328', '329', '330', '332', '382', '449']
['7', '21', '43', '58', '94', '156', '246', '269', '312', '416', '441', '474', '492']
['24', '81', '130', '183', '192', '268', '280', '304', '308', '334', '357', '377', '413', '426', '429', '475', '481', '497']
['34', '38', '45', '63', '90', '124', '129', '170', '171', '256', '263', '267', '311', '316', '366', '436', '468', '495', '496', '499']
['1', '9', '42', '72', '106', '138', '193', '211', '214', '239', '254', '282', '284', '286', '342', '384', '412', '431']
['44', '52', '118', '189', '258', '279', '287', '305', '320', '344', '419', '435', '440', '480', '485', '494']
['32', '47', '48', '61', '85', '150', '157', '166', '197', '201', '212', '230', '270', '325', '358', '360', '368', '400', '404']
['87', '125', '148', '208', '226', '250', '290', '293', '310', '347', '353', '367', '406', '432', '445', '453', '456', '470', '489', '493']
['8', '20', '23', '51', '64', '95', '111', '162', '191', '218', '240', '248', '253', '260', '403', '405', '459']
['29', '55', '114', '133', '169', '235', '278', '285', '336', '363', '373', '388', '414', '442', '452', '469']
['11', '67', '196', '273', '302', '399', '408', '424']
['69', '92', '100', '109', '163', '182', '203', '207', '257', '292', '323', '337', '339', '369', '376', '395', '443', '461']
['5', '56', '65', '91', '110', '153', '236', '243', '245', '322', '327', '335', '345', '374', '394', '401', '402', '448', '457', '472']
['26', '78', '116', '127', '128', '158', '167', '194', '202', '204', '215', '383', '387', '392', '422', '428']
['39', '154', '186', '237', '307', '317', '427']
['41', '121', '123', '145', '147', '149', '155', '180', '188', '313', '315', '361', '389', '396', '409', '423', '487', '488']
['2', '13', '54', '71', '115', '120', '131', '136', '262', '272', '295', '298', '352', '359', '371', '372', '415', '420', '447', '462']
['37', '50', '70', '160', '181', '190', '233', '241', '244', '266', '300', '318', '418']
['30', '75', '77', '79', '134', '135', '206', '264', '301', '341', '385', '391', '430', '437', '460', '476']
['35', '172', '228', '288', '324', '370', '466']
['60', '68', '102', '104', '122', '142', '151', '200', '217', '232', '238', '251', '411', '455', '464', '465']
['4', '10', '22', '27', '49', '99', '105', '107', '161', '229', '242', '276', '294', '333', '343', '351', '451', '463']
['17', '40', '73', '83', '108', '113', '185', '187', '216', '221', '255', '281', '309', '362', '364', '379', '393', '410', '444', '482']
['36', '59', '86', '89', '98', '117', '119', '139', '140', '176', '205', '210', '213', '319', '326', '380', '381', '425', '479', '491']
['6', '33', '46', '62', '66', '82', '164', '173', '224', '227', '296', '346', '354', '417', '473', '477', '483']
['14', '28', '93', '101', '112', '126', '178', '195', '199', '209', '299', '314', '356', '365', '375', '398', '421', '458', '471', '498']
['57', '103', '152', '184', '198', '291', '321', '338', '349', '438', '478']
['3', '18', '25', '76', '88', '96', '146', '159', '168', '222', '231', '247', '283', '297', '306', '340', '355', '378', '433', '467']
