['393', '374', '387', '243', '396', '167', '311', '155', '112', '319', '149', '357', '212', '284', '371', '0', '194', '160', '342', '233', '46', '102', '125', '208']
['263', '75', '272', '27', '380', '338', '76', '148', '261', '230', '395', '226', '93', '249', '275', '307', '220', '309', '372', '390', '344']
['16', '367', '113', '389', '109', '250', '355', '219', '384', '221', '81', '179', '53', '283', '227', '5', '122', '56']
['298', '77', '260', '29', '43', '13', '67', '172', '382', '256', '85', '163', '95', '143', '353', '170', '202', '58', '224', '79', '50', '22']
['364', '225', '9', '88', '73', '26', '32', '195', '39', '314', '291', '25', '255', '118', '146', '290', '61', '286', '104', '322', '268']
['10', '152', '191', '161', '318', '185', '244', '181', '205', '31', '369', '302', '368', '159', '34', '114', '99', '365', '352', '164']
['336', '241', '234', '232', '192', '111', '210', '7', '277', '183', '49', '40', '248', '121', '381', '92', '258', '136', '141']
['346', '281', '383', '213', '119', '117', '343', '193', '128', '20', '23', '186', '139', '115', '4', '1', '19', '394', '398', '358', '337', '101', '359', '204']
['108', '305', '331', '8', '228', '131', '199', '68', '350', '70', '69', '17', '154', '324', '215', '321', '168', '134', '333', '132', '347', '178', '264', '334']
['30', '262', '348', '137', '130', '14', '63', '377', '235', '271', '312', '361', '327', '38', '174', '124', '96', '151', '201']
['300', '98', '231', '82', '240', '166', '252', '184', '84', '317', '33', '12', '189', '349', '280', '216', '366', '294', '356', '340', '59', '397', '120', '266']
['388', '297', '83', '289', '24', '37', '269', '169', '110', '157', '21', '71', '376', '326', '207', '54']
['150', '177', '138', '60', '306', '285', '190', '182', '206', '246', '147', '28', '299', '11', '65', '242', '140', '328', '173', '385', '153']
['36', '259', '222', '135', '45', '89', '51', '354', '156', '304', '320', '47', '175', '345', '162']
['158', '339', '171', '78', '197', '329', '55', '48', '106', '293', '274', '209', '86', '308', '386', '87', '273']
['270', '133', '360', '42', '315', '323', '313', '129', '351', '74', '399', '287', '200', '145', '15', '187', '6', '217', '127', '279', '253', '229', '44', '239']
['94', '375', '276', '107', '278', '378', '237', '142', '257', '105', '116', '254', '267', '165', '236', '316', '211', '97', '265']
['198', '332', '223', '35', '370', '196', '126', '2', '310', '296', '392', '292', '66', '301', '176', '251', '245', '330']
['391', '325', '341', '123', '100', '91', '335', '247', '214', '52', '238', '57', '41', '18', '363', '379', '188', '282', '303']
['144', '295', '72', '218', '203', '362', '62', '3', '180', '64', '80', '90', '373', '288', '103']
