['BobbyPortis', 'PaulMillsap']
['SpencerDinwiddie', 'DamianLillard']
['JoseCalderon', 'MarcGasol']
['JamalMurray', 'DeyontaDavis']
['TyrekeEvans', 'CourtneyLee']
['WillBarton', 'JrueHoliday']
['ErsanIlyasova', 'DarrenCollison']
['CristianoFelicio', 'GaryHarris']
['EmmanuelMudiay', 'JaMychalGreen']
['MylesTurner', 'FrankNtilikina']
['KrisDunn', 'TreyLyles']
['JonasJerebko', 'AlecBurks']
['KyrieIrving', 'TrevorAriza']
['KristapsPorzingis', 'ShelvinMack']
['KarlAnthonyTowns', 'TJWarren']
['DAngeloRussell', 'LauriMarkkanen']
['DeAndreJordan']
['DelonWright', 'BradleyBeal']
['IanClark', 'MauriceHarkless']
['DeMarcusCousins', 'MarioHezonja']
['MasonPlumlee', 'BogdanBogdanovic']
['EvanFournier', 'NikolaVucevic']
['JoelEmbiid', 'GeorgeHill']
['JohnCollins', 'MarvinWilliams']
['KellyOlynyk', 'MichaelBeasley']
['DirkNowitzki', 'EvanTurner']
['MalcolmBrogdon', 'JaredDudley']
['GorguiDieng', 'AlexLen']
['ReggieBullock', 'LaMarcusAldridge']
['DarioSaric', 'JonasValanciunas']
['WesleyMatthews', 'LangstonGalloway']
['RondaeHollisJefferson', 'JRSmith']
['JoshHart', 'DevinBooker']
['ClintCapela', 'KhrisMiddleton']
['KyleKorver', 'WilsonChandler']
['JordanClarkson', 'JustinJackson']
['CoryJoseph', 'MarioChalmers']
['AnthonyTolliver', 'KlayThompson']
['KembaWalker', 'JarrettJack']
['AnthonyDavis', 'MarcinGortat']
['RajonRondo', 'JoshHuestis']
['RobertCovington', 'PascalSiakam']
['MarqueseChriss', 'DerrickFavors']
['PattyMills', 'PauGasol']
['JustiseWinslow', 'TysonChandler']
['AllenCrabbe', 'JoeYoung']
['BojanBogdanovic', 'BrookLopez']
['AndrewWiggins', 'CJMcCollum']
['TristanThompson', 'DannyGreen']
['DanielTheis', 'DariusMiller']
['NickYoung', 'EdDavis']
['JaylenBrown', 'JabariParker']
['AlJefferson', 'JeramiGrant']
['AndrewHarrison', 'JeffTeague']
['KyleKuzma', 'WillieCauleyStein']
['JaeCrowder', 'ManuGinobili']
['ChrisPaul', 'DillonBrooks']
['NeneHilario', 'DionWaiters']
['WesleyJohnson', 'TimotheLuwawuCabarrot']
['NikolaMirotic', 'GarrettTemple']
['JaysonTatum', 'KostaKoufos']
['JeremyLamb', 'NikolaJokic']
['JeffGreen', 'StephenCurry']
['StevenAdams', 'BismackBiyombo']
['SindariusThornwell', 'JamalCrawford']
['LanceStephenson', 'BlakeGriffin']
['JohnHenson', 'BuddyHield']
['KevinDurant', 'DomantasSabonis']
['JamesHarden', 'PatConnaughton']
['JerianGrant', 'TobiasHarris']
['LouWilliams', 'DraganBender']
['BamAdebayo', 'JJRedick']
['CoreyBrewer', 'JerrydBayless']
['JohnWall', 'MikeScott']
['EnesKanter', 'DJAugustin']
['CarisLeVert', 'AndreIguodala']
['DavidWest', 'JamesJohnson']
['IshSmith', 'KyleOQuinn']
['BrandonIngram', 'WesleyIwundu']
['BenMcLemore', 'SterlingBrown']
['DeMarDeRozan', 'RickyRubio']
['AronBaynes', 'DraymondGreen']
['AndreDrummond', 'TroyDaniels']
['PaulZipser', 'DavisBertans']
['NicolasBatum', 'AmirJohnson']
['JarrettAllen', 'MalikMonk']
['ThonMaker', 'JasonTerry']
['KevinLove', 'GeraldGreen']
['JonathonSimmons', 'TJMcConnell']
['ShabazzNapier', 'RodneyHood']
['ZachCollins', 'RudyGay']
['MaxiKleber', 'BenSimmons']
['DanteCunningham', 'TylerUlis']
['RyanAnderson', 'JarellMartin']
['FrankKaminsky', 'JusufNurkic']
['DwightHoward', 'OGAnunoby']
['CediOsman', 'JamesEnnis']
['AveryBradley', 'KyleAnderson']
['DewayneDedmon', 'PaulGeorge']
['SamDekker', 'AlexAbrines']
['MarcusSmart', 'MichaelKiddGilchrist']
['JoeHarris', 'ShaunLivingston']
['KentaviousCaldwellPope', 'TomasSatoransky']
['SkalLabissiere', 'OttoPorter']
['AlFarouqAminu', 'EkpeUdoh']
['PatrickPatterson', 'JoshJackson']
['AlHorford', 'DeMarreCarroll']
['RaymondFelton', 'RoyceONeale']
['AndreRoberson', 'MarkieffMorris']
['MikeMuscala', 'RichaunHolmes']
['IanMahinmi', 'JodieMeeks']
['TorreyCraig', 'JameerNelson']
['MalcolmDelaney', 'TyusJones']
['AustinRivers', 'JoshRichardson']
['ElfridPayton', 'DonovanMitchell']
['TimHardaway', 'RudyGobert']
['DenzelValentine', 'VictorOladipo']
['DavidNwaba', 'GiannisAntetokounmpo']
['TajGibson', 'RussellWestbrook']
['JimmyButler', 'ZachRandolph']
['LarryNance', 'SergeIbaka']
['DeAaronFox', 'FredVanVleet']
['EricBledsoe', 'NemanjaBjelica']
['MarcoBelinelli', 'QuincyAcy']
['TaureanWallerPrince', 'DwyaneWade']
['ShabazzMuhammad', 'KyleLowry']
['DennisSmith', 'DwightPowell']
['MichaelCarterWilliams', 'BrynForbes']
['GoranDragic', 'ETwaunMoore']
['LukeKennard', 'ThaddeusYoung']
['JustinHoliday', 'HassanWhiteside']
['TreveonGraham', 'PatrickMcCaw']
['LeBronJames', 'EricGordon']
['MarcusMorris', 'HarrisonBarnes']
['LucMbahaMoute', 'DejounteMurray']
['KentBazemore', 'JJBarea']
['MilosTeodosic', 'LonzoBall']
['DougMcDermott', 'CarmeloAnthony']
['YogiFerrell', 'PJTucker']
['DennisSchroder', 'MontrezlHarrell']
['RobinLopez', 'TylerJohnson']
['SemiOjeleye', 'JoeIngles']
['LanceThomas', 'AaronGordon']
['TylerZeller', 'ZazaPachulia']
['DevinHarris', 'JuliusRandle']
['ReggieJackson', 'JakobPoeltl']
['SalahMejri', 'TonySnell']
['StanleyJohnson', 'KellyOubre']
['WayneEllington', 'CJMiles']
['IsaiahTaylor', 'TerryRozier']
