['ON', 'DG', 'LT', 'SN', 'MW', 'GC', 'KV', 'GP', 'OF']
['QG', 'CX', 'PW', 'SK', 'J', 'KC']
['RF', 'NH', 'GO', 'EN']
['GR', 'JK', 'KI', 'Z', 'V']
['PY', 'HJ', 'BJ', 'SU', 'TA', 'QW', 'QH', 'HS', 'LM', 'PA']
['DK', 'RG', 'LO', 'OY']
['TF', 'RM', 'QB', 'JR']
['QS', 'KT', 'FM']
['RC', 'EC', 'MP']
['MU', 'GG', 'PR', 'LB', 'BU']
['CD', 'FI', 'GA', 'OA', 'ER', 'FW', 'OW']
['DM', 'JC', 'RJ', 'KU', 'QI']
['KJ', 'NI', 'GL', 'ED', 'QN', 'E', 'FN', 'CG', 'DL']
['GH', 'MA', 'SJ', 'EQ', 'ID', 'MM', 'SA']
['NC', 'IL', 'BO', 'KB']
['GU', 'RR']
['CU', 'RB', 'PH', 'FB', 'OZ', 'PO']
['JG', 'EG', 'PU', 'BG', 'HQ', 'IT', 'EX', 'QR']
['HE', 'PQ', 'NB', 'HT', 'BD', 'DH']
['H', 'DE']
['EF', 'RH', 'JA', 'HP', 'HX']
['OB', 'PL', 'LN', 'MK', 'OE', 'QF', 'F', 'DQ', 'FO']
['HC', 'DV', 'RL', 'FH']
['LW', 'HB']
['GV', 'BY']
['KH', 'CV', 'OL', 'HM', 'CB']
['NZ', 'QU']
['NY', 'CJ', 'OD', 'LE', 'B', 'RO']
['KY', 'NT', 'LY', 'PF', 'MG', 'QZ', 'SI']
['KA', 'GW', 'IP', 'LP', 'M', 'CK']
['MN', 'NX', 'PI', 'BI', 'PN', 'DR']
['JU', 'DO', 'FK', 'CW', 'NK', 'NW', 'BP', 'LL']
['QA', 'DY', 'CP', 'CH', 'IR', 'GN', 'FD']
['GJ', 'TB', 'QX', 'ET', 'QK', 'FR', 'KN']
['DS', 'MD', 'FZ', 'LX', 'NE', 'SE', 'GZ']
['LF']
['SO', 'SC', 'IU', 'PC', 'CO', 'FX']
['GB', 'OR', 'X', 'DD', 'II', 'BR', 'ES', 'SH', 'KQ', 'LG']
['SQ', 'JH', 'SB']
['BE', 'SL', 'FE', 'RY']
['JF', 'PK', 'DA']
['MZ', 'OH']
['CI', 'FY', 'NU', 'OU', 'KS']
['OC', 'KD', 'SZ', 'KO', 'RV', 'NS', 'DU']
['RK', 'JP', 'OO', 'HZ', 'SR', 'JQ']
['SP', 'FG', 'FT', 'MF', 'SS', 'FV', 'IM', 'HU']
['GK', 'RX']
['MT', 'LR', 'JL', 'EE']
['LS', 'EP', 'RZ', 'GE', 'QP']
['MQ', 'BL', 'MY', 'BV', 'PM', 'JM', 'OM']
['GX', 'FL', 'GY', 'L']
['BA', 'KG', 'QY', 'HK']
[]
['HH', 'JS', 'IX', 'HN']
['EW', 'OP', 'EO', 'KP', 'LC', 'RS', 'JX']
['MJ', 'EU', 'BQ', 'MC', 'RP']
['JN', 'HG', 'N', 'RQ', 'RA', 'ML', 'FQ', 'HL', 'W', 'R']
['EJ', 'IK', 'CE']
['CT', 'K', 'IJ']
['CC', 'SM', 'DT', 'HV', 'NN', 'TE', 'CS', 'SY']
['IY', 'LI', 'HA', 'PE']
['BS', 'GS', 'HO']
['KZ', 'LQ', 'HW', 'CL', 'IQ', 'DF', 'D', 'NA', 'IW']
['KR', 'PT', 'OX', 'DI', 'SG', 'LJ']
['IO', 'LU', 'SV', 'EZ', 'OJ']
['JY', 'QQ', 'P', 'NP', 'CM']
['BM', 'IA', 'GT', 'MR', 'TC']
['KX', 'U', 'FU', 'LD', 'BW', 'SF', 'BF']
['CZ', 'CN', 'BT']
['FS', 'NJ', 'EH']
['BB', 'OS', 'SX']
['EV', 'BN', 'DN']
['KE']
['MH', 'JI', 'HD']
['GI', 'G', 'RU', 'BZ', 'GQ', 'RT', 'NQ', 'IS']
['MI', 'ST', 'PD', 'CR']
['SW', 'A', 'KW', 'OI']
['MO', 'LK', 'O', 'MX', 'NO', 'FP', 'GF']
['JW', 'PZ', 'C', 'OT', 'SD']
['JO', 'HI', 'EK']
['IE', 'RE', 'IC', 'FA']
['NG', 'OV', 'CF', 'QM', 'JE', 'RI']
['JD', 'EY', 'JV']
['DX', 'KM', 'IN', 'QC']
['CQ', 'PJ', 'BH', 'IG', 'T', 'KL', 'BX', 'NM', 'EM', 'HF']
['TD']
['QV', 'IB', 'JT']
['IH', 'OK', 'PS', 'DB', 'Q']
['NV', 'MV', 'BC', 'JZ']
[]
['RW', 'DP', 'EI', 'IZ', 'QE']
['CA', 'EL', 'FC', 'HR', 'QD']
['OG', 'GM', 'CY', 'S', 'KF', 'QO', 'QL']
['MB', 'ME', 'PP', 'IV']
['PG', 'LA']
['QT', 'HY', 'GD', 'DJ', 'RD']
['JB', 'LH', 'QJ', 'EB', 'RN', 'DW']
['IF', 'Y', 'ND', 'FJ', 'OQ', 'I', 'PB', 'DC', 'NR', 'NF']
['LV', 'FF', 'BK', 'PX', 'LZ', 'JJ', 'PV', 'DZ', 'EA']
['MS', 'NL', 'KK']
