['Hildegard']
['Dawn', 'Latonya', 'Alonzo', 'Carol', 'Roger', 'Nancy', 'Douglas']
['Maybell', 'Jessica']
['Regina', 'Patsy', 'Jerome', 'Cynthia', 'Danielle', 'Felipe', 'Maxine']
['Larry', 'Marge', 'Jodi', 'Derrick', 'Brenda', 'Rueben', 'Aileen']
['Cheryl', 'Pat', 'Earl', 'William', 'Alice', 'Susan', 'Harold']
['Stacy', 'James', 'Antonietta', 'Charlotte', 'Wilfredo', 'Ray', 'Gerard']
['Harry', 'Mitchell', 'Andre', 'Josie', 'Gene', 'Leo', 'Luis']
['Shawn']
['Nicholas']
['Gladys']
['Kay']
['Dwayne', 'Daniel', 'Patricia', 'Allen', 'Cathleen', 'Linda', 'Arline']
['Trenton']
['Kim', 'Austin', 'Jeremy', 'Joel', 'Eric', 'Doretha', 'Edwin']
['Rebecca', 'Manuel']
['Zachary', 'Raquel', 'Emily', 'Oscar', 'Johnnie', 'Brian', 'Christian']
['Scotty']
['Melanie', 'Ethel', 'Sarah', 'Steven', 'Dan', 'Lacey', 'Barry']
['Horace']
['Albert']
['Lorenzo', 'Alvin', 'Kyle', 'Rachel', 'Vera', 'Lucille', 'Sally']
['Katie', 'Hugo', 'Heather', 'Teresa', 'Shirley', 'Samantha', 'Bobby']
['Wade']
['Houston', 'Katrina', 'Emerson', 'Nathaniel', 'Beverly', 'Devon', 'Christopher']
['Delia', 'Cindy', 'Victor', 'Joseph', 'Karen', 'Lorene']
['Frida']
['Aron']
['Evan', 'John', 'Clyde', 'Lisa', 'Casandra', 'Thomas']
['Barbara', 'Carina']
['Bessie', 'Newton']
['Minnie', 'Charles', 'Carl', 'Lucia', 'Sheila', 'Mari', 'Sam']
['Kelli', 'Walter', 'Pearl', 'Hillary', 'Weldon', 'Ted', 'Ruth']
['Melissa']
['Lori', 'Arthur']
['Kelly', 'Eva']
['Shaun', 'Brittany', 'Roberta', 'Emilee', 'Lillie', 'Lorena', 'Vance']
['Kathryne', 'Johnny', 'Dewayne', 'Laurie', 'Carolyn', 'Todd', 'Sulema']
['Phillip']
['Gail']
['Rena']
['Melony']
['Hazel', 'Reggie', 'Bruce', 'Barbra']
['Curtis']
['Jason', 'Pamela', 'Dennis', 'Roy', 'Kimberly', 'Paula', 'Ericka']
['Vicente', 'Phyllis', 'Nellie', 'Vicky', 'Peter', 'George', 'Geraldine']
['Norma', 'Benjamin', 'Christine', 'Julius', 'Roberto', 'Stephanie', 'Anna']
['Randy']
['Argentina', 'Kenny', 'Gerald', 'Marie', 'Fletcher', 'Laura', 'Molly']
['Mona', 'Ernest', 'Milton', 'Maryann', 'Thelma', 'Gordon', 'Beatrice']
['Gary', 'Olive']
['Sara', 'Carla']
['Sheldon']
['Rod', 'Katherine']
['Tracy', 'Peggy', 'Harriett', 'Leigh', 'Heidi', 'Kelvin', 'Patrice']
['Shane', 'Craig', 'Antoinette', 'Debbie', 'Mavis', 'Deandre', 'Julia']
['Rhonda']
['Desiree']
['Diane']
['Dolores', 'Ella', 'Shelly', 'Matt', 'Cyndy', 'Ralph', 'Maria']
['Alan', 'Tabatha', 'Fred', 'Debra', 'Janet', 'Marjorie', 'Kristen']
['Anthony', 'Cheri', 'Tiara', 'Mae', 'Elizabeth', 'Jacqueline', 'Deborah']
['Robin']
['Jane']
['Erica', 'Bernard', 'Edward', 'Louise', 'Janice', 'Juan', 'Chris']
['Sharon']
['Johnathan']
['Carlos']
['Dena', 'Judith', 'Megan', 'Justine', 'Betty', 'Jeffrey', 'Ivan']
['Lauren', 'Paul', 'Gregory', 'Lela', 'Quentin', 'Adrian', 'Cleo']
['Arturo', 'Rocio', 'Bernadette', 'Raymond', 'Rafael', 'Cameron', 'Lidia']
['Sheryl', 'Julie']
['Isabelle', 'Victoria']
['Lucy']
['Tomas']
['Renee']
['Joe', 'Kenneth', 'Maureen', 'Tonya', 'Billie', 'Cesar', 'Esperanza']
['Lakesha', 'Annie', 'Kristina', 'Randall', 'Philip', 'Jeffery', 'Anne']
['Darrin']
['Lydia', 'Cedric', 'Ronald', 'Mireya', 'Jim', 'Miriam']
['Ladonna', 'Stanley', 'Michael', 'Kathleen', 'Robert', 'Claudia', 'Brooks']
['Carroll', 'Blanche', 'Joy', 'Harriet', 'Carole', 'Donna', 'Lawrence']
['Irene', 'Leola', 'Marla', 'Frances', 'Angel', 'Jennifer', 'Chester']
['Porfirio']
['Beatriz']
['Helen', 'Lexie']
['Bonita']
['Erma', 'Daphne']
['Tommie', 'Keith', 'Richard']
['Claire', 'Gilbert', 'Pauline', 'Abdul', 'Fay', 'Eduardo', 'Lester']
['Kurt', 'Rick', 'Catherine', 'Elvera', 'Martin', 'Theresa', 'Crystal']
['Matthew']
['Bernie']
['Levi']
['Christiana', 'Mary', 'Ada', 'Lottie', 'Anita', 'Vickie', 'Lena']
['Tommy', 'Dorothy', 'Krista', 'Louis', 'Patrick', 'Jean', 'Andrea']
['Marcus']
['Mildred', 'Lowell', 'Alex', 'Brett', 'Jewell', 'Grace', 'Erik']
['Rory', 'Jessie', 'Timothy', 'Evelyn', 'Justin', 'Byron', 'Russel']
['Esther', 'Josephine', 'Matilda', 'Jonathon', 'Noma', 'Jerry', 'Vanessa']
['Warren', 'Iris']
['Tammy', 'Loretta', 'Damian', 'Ruthie', 'Clara', 'Darryl', 'Esta']
['Jonathan', 'Carmen']
['Colleen']
['Bernice']
['Doris', 'Wilbur', 'Jami', 'Joan', 'Mamie', 'Jammie', 'Marybeth']
['Clifford', 'Salvatore', 'Michelle', 'Antonio', 'Tim', 'Eunice', 'Gloria']
['Hector']
['Chelsea', 'Colin', 'Mei', 'Dottie', 'Donald', 'Lizzie', 'Gale']
['Cara']
['Terry']
['Martha']
['Isaac', 'Kathryn', 'Mario', 'David', 'Jewel', 'Ashley', 'Tom']
['Jayne', 'Jasmine', 'Mark', 'Stephen', 'Alberta', 'Joyce', 'Jeff']
['Marta', 'Marion', 'Carlton', 'Melvin', 'Carrie', 'Virgie', 'Toni']
['Myra']
['Monica']
['Henry', 'Tanya', 'Fredrick', 'Margaret', 'Guadalupe', 'Corinne', 'Virginia']
['Hilton', 'Samuel', 'Merle', 'Octavia', 'Frank', 'Joshua', 'Steve']
['Kristine', 'Jeanette']
['Shawna']
['Sandra', 'Shante', 'Adam', 'Brandon', 'Ricardo']
['Amanda']
['Wanda']
