['7', '31', '36', '95', '99', '104', '125', '138', '149', '156', '165', '175', '217', '237']
['15', '45', '47', '53', '72', '75', '81', '84', '101', '126', '127', '143', '209', '240']
['25', '26', '51', '64', '73', '83', '121', '128', '151', '205', '206', '246']
['8', '24', '44', '49', '50', '74', '89', '106', '136', '172', '184', '195', '197', '200', '203', '207']
['5', '19', '37', '98', '118', '119', '154', '185', '245', '247']
['6', '23', '61', '120', '152', '174', '187', '222', '229', '241']
['28', '77', '87', '109', '124', '131', '137', '140', '141', '147', '168', '235']
['38', '41', '43', '78', '80', '100', '102', '112', '129', '167', '180', '201', '212', '221', '227']
['9', '16', '40', '67', '88', '105', '169', '170', '177', '190', '193', '198', '208', '223', '224', '225', '231', '232', '239']
['10', '20', '22', '35', '48', '123', '153', '163', '199', '204', '210', '214', '218']
['13', '14', '17', '30', '46', '66', '85', '122', '134', '142', '161', '211', '213', '215', '248', '249']
['3', '29', '55', '130', '145', '157', '158', '164', '186', '244']
['27', '42', '54', '69', '82', '93', '117', '132', '155', '160', '182', '191', '202', '236', '242']
['4', '60', '65', '114', '135', '166', '189', '230']
['12', '18', '21', '144', '148', '159', '176', '196', '219', '228', '238']
['11', '34', '79', '90', '92', '103', '113', '115', '146', '150', '233', '234']
['52', '57', '59', '63', '91', '94', '107', '111', '116', '171', '216', '220', '243']
['32', '33', '39', '62', '70', '71', '76', '139', '162', '173', '178', '181']
['0', '1', '56', '58', '68', '86', '108', '110', '133', '226']
['2', '96', '97', '179', '183', '188', '192', '194']
