['38', '77', '94', '242', '259', '435', '443', '466', '473']
['23', '63', '65', '69', '114', '150', '247', '336', '344', '351', '386', '422']
['11', '20', '50', '61', '73', '80', '91', '97', '137', '186', '188', '189']
['19', '87', '123', '165', '187', '206', '224', '227', '239', '331', '340', '341']
['135', '158', '237', '330', '353', '436', '458', '476']
['2', '56', '67', '116', '205', '207', '215', '220', '228', '283', '286', '295']
['28', '53', '111', '128', '214', '226', '251', '257', '267', '332', '355', '380']
['24', '35', '37', '84', '144', '249', '262', '320', '384', '414', '455', '496']
['52', '99', '112', '173', '199', '244', '285', '290', '326', '363', '479', '493']
['15', '183', '198', '270', '294', '297', '339', '385', '388', '389', '413', '450']
['71', '95', '110', '121', '159', '217', '311', '352', '354', '394', '395', '399']
['177', '204', '211', '292', '348', '374', '391', '406', '416', '474', '475', '494']
['49', '70', '85', '93', '105', '125', '263', '272', '284', '324', '387', '407']
['41', '45', '118', '127', '235', '305', '421', '457', '467', '477']
['72', '142', '231', '358', '398', '411', '437', '490']
['103', '147', '156', '160', '210', '248', '250', '442', '480']
['32', '96', '100', '101', '129', '216', '222', '323', '376', '377', '424', '478']
['27', '31', '54', '58', '113', '139', '196', '197', '234', '253', '314', '319']
['9', '42', '154', '155', '175', '191', '243', '325', '433', '447', '453', '459']
['17', '33', '48', '57', '79', '83', '108', '170', '225', '229', '276', '382']
['18', '39', '81', '136', '145', '301', '383', '463', '468', '492']
['1', '88', '153', '162', '238', '240', '260', '312', '347', '378', '408', '434']
['13', '36', '75', '78', '131', '143', '184', '192', '258', '268', '372', '410']
['109', '149', '161', '176', '201', '212', '254', '266', '308', '345', '365', '418']
['22', '151', '166', '169', '181', '327', '338', '359', '396', '499']
['3', '21', '90', '104', '115', '164', '174', '282', '328', '350', '392', '393']
['29', '51', '163', '180', '190', '221', '223', '293', '302', '322', '334', '371']
['0', '7', '43', '62', '179', '200', '309', '404', '417', '429', '456', '485']
['40', '68', '89', '122', '138', '236', '269', '357', '375', '402', '445', '449']
['47', '98', '157', '261', '264', '271', '273', '287', '307', '337', '373', '390']
['12', '55', '133', '171', '209', '256', '299']
['64', '119', '141', '185', '255', '333', '400', '425', '427', '444', '481']
['30', '82', '193', '317', '343', '403', '409', '439', '460', '464', '484']
['148', '232', '252', '275', '288', '318', '349', '381', '420', '438', '454', '497']
['4', '25', '86', '130', '300', '306', '369', '465', '469', '491']
['74', '172', '208', '329', '362', '397', '471', '486']
['107', '124', '168', '246', '291', '296', '367', '379', '401', '412', '430', '462']
['44', '66', '76', '106', '117', '202', '213', '230', '274', '278', '279', '313']
['60', '92', '120', '132', '167', '178', '281', '289', '321', '366', '419', '431']
['14', '195', '218', '298', '335', '423', '482', '487', '489']
['10', '16', '26', '59', '102', '140', '146', '152', '203', '265', '277', '310']
['6', '194', '233', '360', '361', '370', '405', '451', '452', '472', '495']
['5', '46', '126', '134', '303', '304', '356', '364', '415', '428', '461', '488']
['34', '241', '245', '280', '316', '342', '368', '440', '446', '448', '470', '483']
['8', '182', '219', '315', '346', '426', '432', '441', '498']
