['14', '38', '146', '180', '211', '221', '231', '259', '276']
['18', '32', '78', '113', '129', '236', '253']
['40', '42', '68', '91', '94', '104', '128', '160', '161', '200', '234', '258', '284']
['22', '24', '43', '60', '72', '85', '86', '87', '140', '152', '155', '192', '197', '206', '213', '267', '297']
['0', '48', '67', '156', '248', '287']
['64', '74', '109', '115', '144', '157', '222', '232']
['21', '31', '44', '49', '88', '92', '103', '132', '243', '265', '298']
['45', '101', '165', '181', '218', '224', '244', '304']
['10', '34', '131', '134', '159', '177', '228', '239', '252', '269', '291', '292']
['17', '36', '47', '107', '193', '233', '274', '279', '288']
['7', '13', '28', '105', '198', '235', '278', '283']
['26', '52', '77', '98', '136', '261', '281']
['25', '116', '135', '139', '145', '169', '188', '209', '273']
['30', '65', '93', '118', '143', '185', '196', '225', '245', '263', '271', '275', '305']
['20', '58', '70', '81', '99', '121', '174', '207', '250', '254']
['2', '5', '51', '79', '122', '123', '130', '149', '178', '249', '270', '285', '306']
['1', '3', '11', '33', '39', '61', '76', '84', '90', '147', '151', '158', '163', '184', '204', '220', '227', '251']
['6', '37', '69', '73', '186', '187', '190', '203', '223', '230', '266', '301']
['12', '55', '59', '83', '102', '126', '137', '138', '141', '208', '210', '219', '246', '272', '280', '286']
['16', '27', '89', '112', '153', '154', '172', '199', '212', '215', '242', '262']
['9', '46', '80', '96', '97', '108', '117', '120', '142', '170', '201', '237', '260', '293', '302']
['214', '247', '257', '289', '295']
['8', '56', '71', '125', '148', '182', '195', '277', '300']
['50', '166', '194', '241', '299']
['19', '35', '57', '114', '162', '167', '171', '191', '226', '240', '256', '264', '268', '282']
['4', '15', '75', '95', '100', '110', '111', '124', '150', '173', '179', '216', '217']
['41', '53', '82', '168', '175', '183', '307']
['29', '62', '66', '119', '127', '176', '202', '205', '290', '296']
['23', '54', '63', '106', '133', '164', '189', '229', '238', '255', '294', '303']
