['5', '15', '51', '55', '66', '67', '81', '100', '112', '113', '119', '156', '175', '189', '199', '201', '211', '219', '223', '225', '230', '259', '276', '324', '405', '411', '443', '459', '485', '497']
['7', '18', '40', '44', '59', '78', '84', '88', '131', '151', '163', '165', '177', '178', '186', '194', '206', '233', '240', '243', '247', '285', '294', '323', '343', '349', '380', '396', '409', '486']
['2', '116', '120', '182', '220', '249', '287', '325', '375', '487']
['30', '43', '52', '115', '127', '140', '150', '152', '160', '173', '188', '207', '216', '221', '229', '260', '275', '278', '289', '321', '330', '335', '398', '400', '402', '424', '442', '452', '472', '492']
['70', '109', '111', '162', '176', '208', '215', '232', '239', '251', '262', '279', '290', '297', '299', '326', '337', '344', '372', '374', '391', '421', '430', '434', '435', '438', '460', '461', '466', '469']
['24', '69', '76', '85', '94', '101', '103', '105', '137', '148', '149', '154', '159', '210', '241', '244', '269', '280', '284', '301', '314', '352', '357', '368', '376', '378', '388', '433', '450', '474']
['4', '12', '28', '117', '135', '166', '172', '179', '185', '187', '191', '195', '273', '320', '334', '338', '351', '354', '366', '367', '389', '412', '429', '432', '439', '473', '480', '481', '494', '499']
['9', '17', '36', '50', '53', '56', '68', '75', '108', '192', '198', '213', '256', '303', '307', '317', '361', '440', '490', '495']
['23', '33', '65', '95', '98', '128', '138', '146', '147', '157', '171', '190', '222', '248', '291', '300', '328', '364', '369', '370', '410', '413', '436', '496']
['1', '8', '26', '31', '73', '118', '121', '129', '134', '155', '170', '193', '312', '340', '397', '431', '444', '458', '477', '489', '498']
['3', '27', '39', '114', '132', '174', '181', '184', '212', '226', '258', '264', '282', '302', '305', '333', '341', '356', '386', '392', '394', '403', '406', '415', '425', '445', '464', '467', '479', '484']
['16', '63', '71', '74', '89', '97', '107', '122', '142', '169', '180', '183', '257', '261', '267', '288', '414', '418', '420']
['38', '79', '126', '205', '242', '331', '362', '426', '453']
['11', '21', '42', '48', '60', '87', '93', '217', '228', '270', '286', '295', '342', '346', '348', '360', '363', '384']
['29', '34', '62', '64', '90', '91', '99', '130', '133', '139', '168', '202', '254', '266', '274', '313', '319', '373', '385', '387', '390', '417', '419', '447', '451']
['10', '77', '82', '86', '104', '106', '136', '141', '200', '218', '224', '227', '252', '263', '271', '292', '298', '310', '336', '381', '393', '399', '404', '437', '454', '455', '463', '482']
['19', '25', '54', '83', '102', '110', '144', '214', '235', '236', '245', '253', '268', '281', '296', '304', '315', '316', '327', '350', '377', '379', '382', '422', '423', '448', '457', '476', '478']
['6', '14', '41', '45', '47', '58', '72', '80', '92', '124', '125', '153', '196', '209', '265', '272', '283', '309', '329', '353', '355', '358', '365', '395', '416', '427', '428', '449', '465', '470']
['0', '35', '37', '143', '158', '161', '167', '204', '234', '238', '246', '255', '277', '293', '306', '311', '318', '345', '359', '371', '401', '441', '446', '456', '462', '471', '475', '483', '491', '493']
['13', '20', '22', '32', '46', '49', '57', '61', '96', '123', '145', '164', '197', '203', '231', '237', '250', '308', '322', '332', '339', '347', '383', '407', '408', '468', '488']
