['0', '20', '21', '22', '23', '24', '25', '26', '27', '28', '29', '134', '232', '233', '234', '235']
['3', '32', '136']
['9', '163', '164', '165', '166', '173', '174', '175', '176', '177', '178', '179', '180', '181', '182', '280']
['38', '155', '157', '167', '224']
['64', '67', '68', '226', '236', '237', '273', '283', '284', '288', '289', '291', '298', '299', '304', '305']
['63', '71', '75', '76', '92', '250', '254', '261', '262', '275', '276', '277', '278']
['1', '101', '102', '103', '104', '110', '111', '112', '113', '114', '115', '116', '117', '126', '129', '274']
['10']
['2', '11', '69', '77', '78', '79', '97', '98', '139', '140', '159', '160']
['141', '142', '143', '144', '201', '202', '251']
['130', '131', '137', '138', '151', '152', '153', '154', '208', '209', '210', '211', '212', '213', '228']
['108', '109', '156']
['40', '41', '42', '43', '48', '49', '50', '51', '52', '53', '54', '55', '56', '57', '227', '282']
['4', '8', '37', '44', '45', '58', '59', '60', '61', '255', '258']
['128']
['34', '259']
['125', '218', '221', '222', '279', '281', '285', '292', '293', '306', '307', '308', '309']
['70', '172', '256', '287', '297']
['12', '65', '94', '105', '118', '119', '198', '248', '290', '300', '301', '302', '303']
['249']
['15', '16', '17', '39', '62', '127', '145', '146', '265', '266', '267', '268', '269', '270']
['13', '14', '18', '19', '30', '100', '196', '197', '199', '200', '214', '215', '216', '294', '295', '296']
['72', '73', '74', '82', '83', '84', '85', '86', '87', '88', '89', '90', '91', '286']
['33', '35', '36', '187', '217', '219', '220', '223', '231', '244', '245', '246', '247']
['5', '6', '93', '95', '99', '106', '107', '120', '121', '122', '123', '170', '171', '257', '271', '272']
['161', '168', '169', '229', '230']
['31', '80', '81', '132', '148', '149', '150', '194', '195', '203', '204', '205', '206', '207', '252', '253']
['46', '47', '124']
['96', '162', '186', '189', '190', '193']
['66', '158', '183', '184', '185', '188', '191', '192', '225', '238', '239', '240', '241', '242', '243', '260']
['7', '133', '135', '147', '263', '264']
