['5', '69', '91', '214']
['66', '171', '283', '348', '365', '393', '435']
['43', '45', '101', '115', '119', '150', '235', '328', '409', '479']
['42', '53', '127', '209', '289', '353', '466']
['6', '50', '60', '80', '221', '278', '286', '343']
['62', '132', '153', '247', '253', '259', '275', '282', '314', '322']
['25', '63', '100', '201', '203', '213', '331', '362', '455']
['3', '77', '156', '188', '210', '237', '252', '316', '323', '488']
['12', '27', '167', '193', '332', '377', '451', '457']
['9', '76', '134', '212', '264', '453']
['10', '227', '234', '279', '344', '345', '401', '448', '470']
['72', '92', '294', '317', '363', '381', '436', '464', '478']
['7', '74', '110', '121', '125', '131', '364', '386', '416', '440']
['36', '64', '93', '158', '183', '219', '310', '311', '410', '476']
['83', '285', '452', '465', '474', '489']
['13', '22', '34', '44', '223', '302', '312', '396', '420', '443']
['29', '54', '68', '154', '192', '258', '262', '295', '337', '347']
['8', '18', '26', '28', '124', '129', '143', '174', '224', '250']
['33', '96', '146', '195', '315', '325', '411', '450']
['105', '169', '384']
['17', '176', '246', '383', '390', '458', '494']
['16', '48', '118', '137', '141', '144', '197', '244', '255', '281']
['85', '181', '329', '376', '492']
['59', '71', '142', '228', '276', '288', '388', '477']
['30', '123', '139', '189', '304', '375', '402', '431', '444', '445']
['39', '152', '216', '239', '265', '284', '333', '387', '397', '428']
['41', '104', '147', '254', '270', '373', '374', '379', '403', '442']
['15', '138', '159', '160', '166', '236', '271', '319', '324', '429']
['81', '163', '226', '240', '293', '418', '467']
['65', '199', '218', '355']
['82', '175', '257', '371', '413', '471', '484']
['40', '135', '232', '245', '251', '301', '405', '422', '497', '498']
['112', '122', '217', '274', '349', '358', '392', '491']
['97', '109', '117', '151', '194', '198', '205', '249', '263', '352']
['20', '78', '116', '495']
['145', '204', '296', '342', '380', '439', '461', '487', '496']
['113', '114', '168', '173', '177', '238', '243', '303', '321', '330']
['47', '130', '206', '269', '449', '472']
['4', '19', '75', '184', '208', '368', '462']
['23', '106', '149', '196', '231', '277', '305', '399', '437', '500']
['84', '95', '108', '202', '357', '367', '378', '446']
['21', '57', '306', '382', '419']
['140', '292', '414', '475']
['32', '98', '427', '482']
['58', '102', '157', '207', '298', '346', '356', '369', '385', '481']
['14', '31', '55', '67', '215', '230', '400', '426', '434']
['133', '148', '170', '179', '287', '290', '308', '338', '361', '372']
['51', '126', '165', '339', '359', '398', '423']
['52', '70', '103', '242', '248', '424', '425', '480']
['46', '79', '136', '182', '438', '456', '463', '493', '499']
['37', '38', '56', '120', '172', '222', '280', '309', '469']
['88', '89', '111', '256', '268', '351', '370', '432', '485', '486']
['1', '24', '49', '86', '90', '155', '229', '260', '430', '441']
['107', '161', '162', '180', '220', '241', '272', '313', '335', '433']
['35', '94', '99', '225', '326', '327', '336', '354', '473', '490']
['11', '61', '185', '186', '190', '191', '200', '211', '261', '299']
['233', '267', '291', '395', '412', '415']
['73', '164', '297', '366', '391', '408', '454', '468', '483']
['300', '320', '407', '459']
['318', '334', '360', '404', '447', '460']
['2', '128', '187', '273', '394', '406']
['87', '178', '266', '307', '340', '341', '350', '389', '417', '421']
