['29', '47', '48', '82', '99', '119', '171', '202', '214', '229', '258', '277', '287', '308', '312', '368', '371', '384', '397']
['4', '17', '45', '55', '76', '78', '80', '91', '101', '149', '188', '197', '198', '199', '222', '226', '248', '257', '261', '262']
['0', '6', '25', '44', '58', '73', '79', '144', '151', '166', '168', '181', '209', '212', '213', '228', '237', '266', '294', '302']
['15', '50', '68', '123', '142', '143', '147', '156', '247', '264', '331', '334', '345', '355', '398']
['7', '23', '24', '77', '81', '116', '191', '251', '259', '290', '292', '336', '356', '366', '372', '379', '381', '382', '383', '388']
['1', '3', '11', '30', '62', '63', '87', '111', '120', '138', '145', '167', '255', '272', '303', '309', '310', '313', '315', '328']
['20', '35', '49', '72', '95', '176', '185', '207', '239', '244', '298', '323', '329', '337', '352', '360', '391', '393']
['27', '39', '70', '71', '84', '137', '158', '159', '165', '217', '225', '274', '305', '317', '330', '351', '357', '361', '362', '369']
['36', '85', '107', '118', '129', '155', '169', '210', '240', '241', '370', '385', '387', '396']
['14', '19', '56', '74', '97', '106', '121', '162', '178', '271', '297', '335', '338', '359', '364', '367', '386', '390', '394', '399']
['32', '37', '57', '98', '105', '125', '127', '152', '153', '170', '246', '304', '306', '311', '324', '346', '349', '353', '363', '375']
['43', '66', '132', '174', '184', '206', '215', '220', '231', '233', '250', '276', '301', '316', '319', '326', '340', '343', '348', '350']
['8', '26', '52', '69', '88', '90', '108', '136', '140', '172', '182', '195', '218', '235', '236', '256', '260', '269', '283', '289']
['9', '16', '21', '75', '89', '103', '128', '133', '141', '150', '154', '160', '208', '238', '254', '270', '278', '279', '296', '300']
['5', '10', '13', '22', '28', '41', '86', '100', '102', '157', '173', '183', '193', '205', '216', '243', '265', '280', '286', '291']
['12', '33', '40', '51', '54', '93', '131', '139', '175', '189', '201', '230', '232', '282', '288', '322', '332', '342', '344', '365']
['2', '18', '53', '83', '113', '117', '122', '124', '130', '135', '148', '180', '196', '245', '275', '284', '293', '307', '314', '321']
['59', '109', '112', '146', '223', '234', '295', '299', '318', '320', '333', '339', '341', '354', '376', '377', '378', '380', '389', '392']
['31', '34', '38', '64', '65', '96', '115', '177', '186', '187', '194', '200', '203', '204', '221', '227', '242', '252', '253', '285']
['42', '46', '61', '92', '94', '104', '110', '114', '126', '134', '161', '163', '164', '179', '190', '192', '211', '249', '267', '273']
['60', '67', '219', '224', '263', '268', '281', '325', '327', '347', '358', '373', '374', '395']
