['6', '25', '46', '65', '109', '122', '181', '212', '290', '325', '332', '349', '375', '382', '385', '399', '422']
['9', '29', '58', '80', '89', '105', '112', '117', '120', '284', '288', '289', '439', '446', '456', '472', '477']
['70', '75', '94', '106', '107', '158', '198', '228', '240', '304', '372', '397', '437', '440', '447', '450', '467']
['55', '85', '98', '133', '155', '162', '205', '216', '281', '306', '308', '342', '353', '376', '408', '418', '419']
['12', '47', '53', '73', '74', '108', '110', '125', '126', '127', '154', '233', '260', '291', '330', '400', '454']
['71', '78', '167', '170', '267', '295', '336', '362', '364', '412', '483']
['28', '52', '59', '100', '111', '151', '156', '180', '193', '210', '229', '256', '264', '346', '350', '423', '424']
['31', '38', '104', '147', '160', '189', '230', '242', '250', '307', '318', '327', '370', '384', '409']
['2', '67', '144', '222', '225', '246', '323', '324', '331', '429', '430', '442', '489', '490', '498']
['15', '36', '45', '90', '124', '141', '153', '196', '259', '270', '322', '329', '374', '394', '415', '460', '487']
['21', '63', '83', '97', '134', '166', '176', '223', '224', '298', '388', '416', '481']
['72', '82', '88', '142', '150', '187', '209', '282', '348', '379', '441', '455', '488', '491']
['27', '32', '145', '211', '276', '279', '320', '344', '395', '402', '445', '451', '452', '457', '495']
['7', '18', '95', '123', '132', '179', '203', '206', '237', '268', '310', '380', '426', '470', '497']
['5', '157', '197', '235', '275', '285', '287', '299', '319', '369', '413', '432', '453', '492']
['37', '64', '81', '102', '161', '251', '262', '271', '297', '352', '366', '393', '425', '458', '469', '485']
['10', '11', '69', '87', '204', '215', '221', '243', '273', '345', '357', '371', '401', '414', '443', '475', '478']
['3', '24', '44', '60', '61', '130', '138', '152', '191', '238', '301', '326', '335', '339', '390', '433', '448']
['131', '185', '186', '188', '252', '263', '269', '283', '286', '312', '387', '411', '420', '428', '434', '449']
['16', '42', '66', '91', '96', '114', '121', '159', '168', '178', '190', '232', '248', '294', '351', '365', '389']
['1', '68', '84', '101', '118', '241', '244', '296', '317', '340', '417', '459', '468', '476', '486', '493']
['30', '39', '92', '169', '247', '253', '255', '278', '315', '338', '363', '377', '396', '398', '421', '431', '444']
['99', '355', '356', '368', '462', '474', '480', '499']
['0', '22', '33', '40', '76', '163', '192', '199', '227', '234', '254', '328', '392', '403', '465', '479', '496']
['19', '35', '49', '119', '129', '173', '175', '182', '194', '257', '272', '293', '300', '316', '358', '361', '391']
['17', '43', '79', '86', '93', '135', '137', '146', '171', '174', '219', '220', '236', '258', '265', '313', '333']
['41', '184', '261', '292', '314', '354', '427', '436', '463', '482', '484']
['4', '20', '51', '54', '113', '115', '177', '207', '280', '309', '311', '337', '373', '381', '435', '466', '471']
['57', '62', '103', '128', '164', '200', '214', '226', '231', '249', '303', '360', '406', '410', '461', '464', '473']
['14', '23', '26', '139', '148', '149', '165', '172', '217', '218', '245', '302', '321', '347', '404', '438']
['8', '50', '56', '77', '183', '202', '208', '213', '239', '266', '274', '277', '343', '367', '378', '405', '494']
['13', '34', '48', '116', '136', '140', '143', '195', '201', '305', '334', '341', '359', '383', '386', '407']
