['197', '222', '254', '374', '375', '376', '377', '378', '381', '384', '387', '388', '390', '392', '436', '440', '447', '448', '450', '452', '453', '454', '456', '457', '458', '459', '460', '465', '472', '479']
['1', '4', '5', '7', '8', '9', '11', '12', '15', '18', '19', '20', '23', '24', '26', '28', '30', '31', '32', '33', '38', '40', '97', '170', '171', '190', '192', '193', '195', '241']
['37', '42', '43', '45', '46', '48', '50', '51', '52', '54', '55', '56', '59', '60', '63', '64', '66', '67', '68', '98', '107', '108', '109', '111', '114', '115', '126', '191', '202', '280']
['27', '138', '139', '149', '153', '156', '157', '161', '163', '182', '183', '184', '185', '186', '187', '188', '189', '194', '196', '210', '214', '227', '238', '240', '259', '268', '289', '291', '292', '409']
['319', '320', '323', '324', '328', '329', '330', '331', '332', '333', '338', '342', '348', '353', '355', '393', '394', '395', '396', '397', '398', '399', '400', '401', '402', '403', '404', '481', '485', '486']
['101', '110', '142', '223', '224', '234', '266', '271', '274', '281', '285', '293', '294', '406', '410', '455']
['0', '2', '3', '10', '16', '17', '25', '100', '116', '122', '132', '168', '173', '211', '217', '225', '228', '230', '231', '235', '243', '245', '247', '249', '250', '256', '257', '276', '317', '478']
['13', '61', '74', '77', '78', '80', '81', '82', '85', '87', '88', '95', '96', '103', '104', '105', '106', '160', '164', '165', '167', '174', '177', '179', '181', '201', '209', '213', '246', '282']
['135', '218', '277', '334', '335', '336', '337', '339', '340', '356', '360', '364', '366', '368', '369', '370', '371', '372', '373', '414', '415', '419', '420', '421', '422', '425', '426', '427', '428', '429']
['69', '70', '71', '72', '73', '75', '76', '79', '83', '84', '86', '89', '90', '91', '92', '93', '94', '150', '154', '155', '162', '166', '169', '175', '176', '178', '253', '255', '278', '284']
['151', '220', '264', '310', '311', '312', '313', '314', '318', '321', '322', '325', '326', '327', '432', '434', '441', '442', '443', '444', '445', '446', '471', '477', '482', '483', '487', '488', '489', '490']
['41', '44', '47', '113', '119', '129', '134', '137', '141', '206', '216', '221', '233', '248', '262', '263']
['99', '120', '143', '180', '200', '205', '212', '226', '244', '252', '258', '261', '267', '270', '286', '288']
['6', '112', '133', '145', '147', '152', '283', '290', '408']
['34', '35', '36', '39', '121', '125', '127', '130', '131', '158', '159', '203', '242']
['341', '343', '344', '345', '346', '347', '349', '350', '351', '352', '354', '357', '358', '359', '361', '362', '363', '365', '367', '405', '416', '417', '418', '423', '424', '435', '437', '438', '439', '451']
['29', '57', '102', '117', '123', '140', '148', '198', '199', '219', '229', '236', '239', '273', '287', '295', '296', '298', '299', '300', '301', '302', '303', '307', '308', '407', '411', '412', '413', '433']
['232', '260', '431']
['14', '21', '22', '49', '53', '58', '62', '65', '118', '124', '128', '136', '144', '146', '172', '204', '207', '208', '215', '237', '251', '265', '269', '272', '275', '279', '430', '449']
['297', '304', '305', '306', '309', '315', '316', '379', '380', '382', '383', '385', '386', '389', '391', '461', '462', '463', '464', '466', '467', '468', '469', '470', '473', '474', '475', '476', '480', '484']
