['Jarno1', 'Lidia4', 'Albino1', 'Sue2', 'Rosalino0', 'Rebecca2', 'Ione9', 'Enzo3', 'Damiana2', 'Donatella7', 'Ermes4', 'Sibilla4', 'Carlo1', 'Folco8', 'Ethan3', 'Jari0', 'Folco0', 'Laerte9', 'Miriana7', 'Enzo6']
['Mecren5', 'Fatima9', 'Thea4', 'Joshua0', 'Giorgio6', 'Marcella3', 'Evangelista9', 'Nico6', 'Demi9', 'Assia4', 'Trevis3', 'Erminia8', 'Hector0', 'Emanuel3', 'Cira8', 'Artes8', 'Romeo2', 'Maika6', 'Ileana5', 'Cleros5']
['Liborio4', 'Danuta0', 'Rita6', 'Domiziano7', 'Costantino7', 'Luigi7', 'Anselmo3', 'Santo3', 'Ivano3', 'Joseph3', 'Cleopatra7', 'Loredana0', 'Gianleonardo6', 'Walter3', 'Iacopo2', 'Gioacchino7', 'Danthon5', 'Amerigo1', 'Alighieri1', 'Giovanna3']
['Ludovico2', 'Ian2', 'Cleopatra8', 'Mattia1', 'Maggiore3', 'Deborah2', 'Concetta1', 'Diamante6', 'Mariagiulia3', 'Amedeo5', 'Jari2', 'Kai5', 'Osea0', 'Miriam7', 'Renato5', 'Davide8', 'Soriana6', 'Erminia5', 'Gregorio7', 'Elda2']
['Giobbe6', 'Pablo7', 'Luce0', 'Pietro1', 'Miriana9', 'Anselmo8', 'Elsa1', 'Marina7', 'Sesto8', 'Augusto8', 'Alessio7', 'Eriberto7', 'Egisto1', 'Cassiopea9', 'Sebastian4', 'Antonino6', 'Rosalba1', 'Cassiopea3', 'Trevis2', 'Rosalba8']
['Osvaldo5', 'Carmela6', 'Fabio8', 'Anastasio3', 'Elda4', 'Tommaso8', 'Valdo9', 'Filomena3', 'Umberto9', 'Ercole8', 'Carmela3', 'Ulrico6', 'Assia0', 'Audenico0', 'Marina4', 'Jelena1', 'Mariano0', 'Nestore4', 'Moreno5', 'Alighiero7']
['Filomena4', 'Max1', 'Bortolo9', 'Mietta2', 'Ermes9', 'Mattia9', 'Mirko6', 'Sesto2', 'Concetta5', 'Benedetta1', 'Lazzaro2', 'Orfeo7', 'Fortunata0', 'Gioacchino6', 'Cirino1', 'Lidia6', 'Samira4', 'Modesto4', 'Graziano0', 'Edipo5']
['Marina6', 'Alberto5', 'Ercole9', 'Furio5', 'Terzo7', 'Pacifico0', 'Davide1', 'Kris3', 'Oretta9', 'Fabiano1', 'Sandro2', 'Olimpia3', 'Isabel1', 'Lisa0', 'Ubaldo2', 'Timoteo4', 'Xavier7', 'Erminia2', 'Nathan3', 'Mariagiulia9']
['Benedetta4', 'Cosetta2', 'Celeste3', 'Siro3', 'Amedeo6', 'Maika9', 'Gelsomina6', 'Maruska3', 'Jacopo3', 'Marzio6', 'Gianriccardo2', 'Joannes5', 'Bortolo5', 'Gianriccardo3', 'Antonio9', 'Bibiana6', 'Ian0', 'Eriberto9', 'Clodovea2', 'Lino4']
['Italo5', 'Osea1', 'Osea9', 'Caligola0', 'Renzo5', 'Mariagiulia0', 'Nestore8', 'Quasimodo0', 'Bettino1', 'Eusebio6', 'Bibiana4', 'Rosolino0', 'Elio3', 'Laerte5', 'Radames7', 'Emanuel1', 'Damiana9', 'Vinicio8', 'Pierfrancesco0', 'Ludovico9']
['Eustachio2', 'Concetta9', 'Battista3', 'Noel4', 'Luce6', 'Kayla9', 'Romeo4', 'Gaetano5', 'Noah0', 'Radames4', 'Karim1', 'Nathan9', 'Ettore0', 'Quirino1', 'Jack2', 'Aroldo4', 'Cleros7', 'Guendalina3', 'Sarita7', 'Italo9']
['Karim8', 'Demis2', 'Isabel6', 'Patrizio4', 'Odone9', 'Quarto3', 'Marzio4', 'Celeste4', 'Rosalino2', 'Benedetta5', 'Matteo9', 'Lidia0', 'Caio2', 'Tancredi4', 'Nabil5', 'Raniero0', 'Secondo5', 'Michele7', 'Rodolfo9', 'Cleopatra1']
['Miriam8', 'Siro8', 'Gianantonio3', 'Mauro7', 'Lauro3', 'Arcibaldo8', 'Folco4', 'Ercole2', 'Mirko4', 'Demi6', 'Primo3', 'Loretta4', 'Siro9', 'Tancredi6', 'Antimo9', 'Nazzareno0', 'Rocco9', 'Zaccaria2', 'Primo9', 'Tolomeo0']
['Arduino8', 'Cira7', 'Xavier5', 'Clodovea1', 'Caio6', 'Fiorenzo8', 'Sebastian2', 'Rosita1', 'Ariel9', 'Vania2', 'Edilio6', 'Nestore5', 'Laerte0', 'Marvin0', 'Amerigo5', 'Radames1', 'Giacobbe7', 'Fernando8', 'Ercole4', 'Bettino8']
['Odone4', 'Laura1', 'Giulietta7', 'Marieva8', 'Loredana6', 'Sasha7', 'Claudia1', 'Timoteo5', 'Mattia6', 'Tristano8', 'Jacopo4', 'Leonardo0', 'Edipo4', 'Fatima0', 'Fortunata6', 'Ursula5', 'Kayla3', 'Lia2', 'Timoteo9', 'Avide3']
['Michael4', 'Enrico1', 'Manfredi5', 'Thea5', 'Giorgio2', 'Joseph7', 'Erminio9', 'Trevis8', 'Marianita5', 'Siro2', 'Violante6', 'Deborah9', 'Gilda2', 'Sesto4', 'Amedeo1', 'Umberto6', 'Ausonio0', 'Piersilvio0', 'Alan9', 'Prisca3']
['Valdo2', 'Loretta1', 'Ercole1', 'Armando5', 'Ferdinando0', 'Gerlando9', 'Rosaria8', 'Marcella0', 'Eliziario6', 'Elsa0', 'Akira3', 'Claudia6', 'Emanuel7', 'Arduino5', 'Monia6', 'Tancredi5', 'Marianita1', 'Gianmarco5', 'Elga8', 'Tazio1']
['Ubaldo1', 'Jole3', 'Prisca2', 'Eustachio1', 'Giovanna5', 'Tolomeo6', 'Priamo0', 'Miriana4', 'Piersilvio3', 'Kris2', 'Enzo7', 'Mariagiulia4', 'Orfeo1', 'Fabio9', 'Nestore7', 'Marzio5', 'Gianantonio6', 'Maggiore2', 'Giacinto6', 'Rebecca6']
['Oretta5', 'Cleros2', 'Tristano5', 'Odone8', 'Odino9', 'Loris4', 'Orfeo9', 'Penelope7', 'Carmelo4', 'Erminio4', 'Edilio2', 'Iacopo1', 'Enzo0', 'Mietta1', 'Ethan7', 'Gianmaria7', 'Brigitta5', 'Sarita4', 'Noah6', 'Marianita7']
['Odino6', 'Giordano5', 'Umberto0', 'Marianita8', 'Pacifico5', 'Gregorio2', 'Orfeo5', 'Tazio7', 'Serse1', 'Flaviana6', 'Costanzo4', 'Elga3', 'Ethan9', 'Folco6', 'Baldassarre3', 'Doriana2', 'Marino8', 'Davide5', 'Nestore3', 'Caligola7']
['Silvano4', 'Adriano0', 'Teseo4', 'Cassiopea8', 'Anastasio7', 'Mietta0', 'Oreste0', 'Sirio1', 'Joshua3', 'Siro0', 'Orfeo4', 'Lamberto6', 'Adriano1', 'Nayade9', 'Diamante4', 'Laura9', 'Dylan9', 'Guido6', 'Monia8', 'Lorenzo9']
['Elio8', 'Leonardo1', 'Cleros6', 'Penelope5', 'Vania3', 'Ruth1', 'Raoul7', 'Gilda5', 'Gavino8', 'Marino4', 'Ilario9', 'Santo9', 'Samira6', 'Sirio6', 'Nathan2', 'Priamo8', 'Sabino2', 'Rebecca5', 'Gaetano4', 'Giancarlo3']
['Costanzo6', 'Alessandro3', 'Armando8', 'Cleopatra5', 'Vera2', 'Matilde9', 'Michael9', 'Cleros4', 'Dante5', 'Fatima2', 'Marieva7', 'Fiorenzo7', 'Folco3', 'Renzo6', 'Anselmo9', 'Nestore6', 'Rufo5', 'Dante0', 'Azue3', 'Arturo8']
['Sabatino1', 'Fiorentino3', 'Fabiano3', 'Brigitta8', 'Genziana8', 'Pablo9', 'Emidio9', 'Walter7', 'Lauro5', 'Muzio8', 'Walter1', 'Giorgio3', 'Liborio8', 'Nico1', 'Marzio7', 'Edilio5', 'Ferdinando6', 'Alessio3', 'Armando0', 'Sasha9']
['Guido1', 'Cesidia8', 'Gianantonio5', 'Eusebio3', 'Primo1', 'Giulio2', 'Mecren9', 'Secondo0', 'Irene7', 'Marcella4', 'Luigi4', 'Nicoletta3', 'Eriberto1', 'Demis1', 'Zelida4', 'Fiorenzo1', 'Leonardo7', 'Sue0', 'Demis3', 'Deborah4']
