['298', '291', '191', '102', '31', '30', '34', '335', '1', '135', '139', '379', '370', '396', '395', '83', '7', '183', '17', '16', '322', '320', '328', '202', '207', '77', '75', '126', '127', '129', '312', '311', '369', '365', '360', '380', '385', '386', '389', '64', '65', '168', '161', '353', '215', '287', '262', '54', '52', '117', '113', '307', '391', '154']
['48']
['199', '70']
['240', '325']
['400']
['18']
['173', '217']
['123']
['148']
['73']
['258']
['106', '15']
['292', '33']
['297', '195', '35', '25', '27', '208', '214', '283']
['109', '140', '141', '249', '223']
['277', '36', '394', '178', '189', '19', '203', '206']
['330', '28', '72', '128', '388', '162', '225', '5']
['334', '86']
['198', '104', '95', '232', '371', '372', '397', '2', '125', '250', '256', '216', '285']
['344', '345', '346', '347', '340', '341', '342', '343', '348', '349', '299', '296', '294', '295', '293', '290', '194', '197', '196', '190', '193', '192', '270', '271', '272', '273', '274', '275', '276', '278', '279', '108', '103', '100', '101', '107', '105', '39', '38', '32', '37', '339', '338', '337', '336', '331', '333', '332', '6', '99', '98', '91', '90', '93', '92', '94', '97', '96', '238', '239', '234', '235', '236', '237', '230', '231', '233', '146', '147', '144', '145', '142', '143', '149', '133', '132', '131', '130', '137', '136', '134', '138', '24', '26', '20', '21', '22', '23', '29', '378', '373', '375', '374', '377', '376', '393', '392', '88', '89', '82', '80', '81', '87', '84', '85', '245', '244', '247', '246', '241', '243', '242', '248', '179', '177', '176', '175', '174', '172', '171', '170', '253', '182', '180', '181', '186', '187', '184', '185', '188', '11', '10', '13', '12', '14', '62', '323', '321', '326', '327', '324', '329', '201', '200', '205', '204', '209', '76', '74', '71', '79', '78', '8', '68', '120', '121', '122', '124', '319', '318', '313', '310', '317', '316', '315', '314', '3', '368', '366', '367', '364', '362', '363', '361', '381', '382', '383', '384', '387', '60', '61', '259', '66', '67', '252', '69', '251', '257', '254', '255', '169', '164', '165', '166', '167', '160', '163', '9', '357', '356', '355', '354', '352', '351', '350', '359', '358', '212', '213', '210', '211', '218', '219', '289', '288', '4', '281', '280', '282', '284', '286', '263', '261', '260', '267', '266', '265', '264', '269', '268', '59', '58', '55', '57', '56', '51', '50', '53', '63', '115', '114', '116', '111', '110', '112', '119', '118', '308', '309', '300', '301', '302', '303', '304', '305', '306', '229', '228', '227', '226', '224', '222', '221', '220', '390', '151', '150', '153', '152', '155', '157', '156', '159', '158', '399', '398', '49', '46', '47', '44', '45', '42', '43', '40', '41']
