['Lucio', 'Della', 'Devin', 'Naomi', 'Jaime', 'Candy', 'Adele', 'Steve', 'Issac', 'Nelda', 'Mitzi', 'Marla', 'Mikel', 'Moses', 'Leona', 'Margo', 'Malik', 'Claud', 'Daisy', 'Jamar', 'Clark', 'Lyman', 'Tasha', 'Freda', 'Odell', 'Sheri', 'Davis', 'Erick', 'Corey', 'Kathy', 'Monty', 'Dwain', 'Leila', 'Willy', 'Shaun', 'Linda', 'Dante', 'Mason', 'Audra', 'Leann', 'Homer', 'Tyron', 'Lacey', 'Robin', 'Pedro', 'Moshe', 'Terri', 'Merle', 'Clint', 'Pearl']
['Erika']
['Ernie', 'Chris', 'Edwin']
['Julia', 'Maura', 'Ellen', 'Elmer', 'Sadie', 'Karin', 'Trent', 'Greta', 'Wally', 'Staci', 'Cyrus', 'Chang', 'Basil', 'Alvin', 'Bryon', 'Ariel', 'Wilma', 'Amado', 'Rhoda', 'Brian', 'Clyde', 'Brady', 'Jamel', 'Brock', 'Fidel', 'Sonja', 'Teddy', 'Billy', 'Shane', 'Craig', 'Tanya', 'Janis', 'Jacob', 'Cliff', 'Alice', 'Berta', 'Benny']
['Holly', 'Mitch', 'Emily']
['Elvin']
['Jonah', 'James', 'Ronny']
['Mable', 'Zelma', 'Becky', 'David', 'Janet', 'Lydia', 'Doris', 'Tommy', 'Cindy', 'Donny', 'Dixie', 'Kayla', 'Melba', 'Wendi', 'Renee', 'Maria', 'Queen', 'Brent', 'Kevin', 'Bette', 'Dusty', 'Arlen', 'Kirby', 'Betsy', 'Elena', 'Orval', 'Clara', 'Mario', 'Joann', 'Randi', 'Elvia', 'Amber', 'Rufus', 'Randy', 'Grant', 'Karen', 'Verna', 'Sofia']
['Perry', 'Elias', 'Erica', 'Donna', 'Roman']
['Barry']
['Terry', 'Lauri', 'Bobbi', 'Carla', 'Vilma', 'Buddy', 'Chase', 'Marci', 'Patti', 'Tessa', 'Effie', 'Annie', 'Sammy', 'Ruben', 'Major', 'Adela', 'Eddie']
['Jayne', 'Emery', 'Bryan', 'Britt', 'Casey', 'Ebony', 'Ahmad', 'Wyatt', 'Louis', 'Maude', 'Jared', 'Chong', 'Mandy', 'Bryce', 'Sandy', 'Katie', 'Rusty', 'Wendy', 'Sonny', 'Robyn', 'Flora', 'Daron', 'Julio', 'Garry', 'Nadia', 'Deann', 'Percy', 'April', 'Brant', 'Jason']
['Roxie']
['Vicky']
['Hyman', 'Pansy']
['Viola']
['Joyce']
['Myron']
['Allan', 'Tracy', 'Ollie', 'Quinn', 'Roger', 'Ervin', 'Aline', 'Felix', 'Josie', 'Lorie', 'Marcy', 'Cesar', 'Laura', 'Bruno', 'Marty', 'Gayle', 'Nikki', 'Essie', 'Elsie', 'Hazel', 'Rhett', 'Darin', 'Helga', 'Dario', 'Ilene', 'Leroy', 'Danny', 'Aaron', 'Peter', 'Hilda', 'Sally', 'Fritz', 'Mamie', 'Alton', 'Tonia', 'Wanda', 'Lanny', 'Kelly', 'Debra', 'Timmy', 'Olive', 'Misty', 'Micah', 'Tonya', 'Nancy', 'Twila']
['Josef', 'Irvin', 'Carly', 'Avery', 'Paige', 'Lorna', 'Sybil', 'Tammi']
