['Colton', 'Evan', 'Luis', 'Elliot', 'Tucker', 'Israel', 'Griffin', 'Colt', 'Rafael', 'Theo']
['Anthony', 'Julian', 'Angel', 'Gavin', 'Ayden', 'Axel', 'Rowan', 'Kaleb', 'Mark', 'Nicolas']
['Henry', 'David', 'Bryson', 'Santiago', 'Wesley', 'Ashton', 'King', 'Judah', 'Brady', 'Dallas']
['Luke', 'Caleb', 'Leo', 'Carson', 'Carlos', 'Kingston', 'Maddox', 'Jesse', 'Killian', 'Francisco']
['James', 'Greyson', 'Xavier', 'George', 'Timothy', 'Maximus', 'Brooks', 'Thiago', 'Damien', 'Phoenix']
['Oliver', 'Joseph', 'Jonathan', 'Maverick', 'Bentley', 'Brian', 'Emerson', 'Reid']
['Jack', 'Hudson', 'Jose', 'Cole', 'Brantley', 'Joel', 'Omar', 'Derek', 'Leon', 'Riley']
['Jayden', 'Owen', 'Eli', 'Landon', 'Nathaniel', 'Brody', 'Lukas', 'Aidan', 'Jax', 'Holden']
['Roman', 'Blake', 'Finn', 'Karter', 'Messiah', 'Zion', 'Kyrie', 'Knox', 'Enzo', 'Emilio']
['Ethan', 'Carter', 'Lincoln', 'Chase', 'Abel', 'Cayden', 'Arthur', 'Jake', 'Adriel', 'Tanner']
['Jacob', 'Nolan', 'Ezekiel', 'Parker', 'Vincent', 'Jesus', 'Graham', 'Zane', 'Kaden', 'Josue']
['Kevin', 'Abraham', 'Milo', 'Chance', 'Martin', 'Beckham']
['Charles', 'Austin', 'Everett', 'Tristan', 'Ryder', 'Diego', 'Kaiden', 'Alan', 'Waylon', 'Zayden']
['Jaxon', 'Jeremiah', 'Ezra', 'Eric', 'Oscar', 'Dawson', 'River', 'Sean', 'Andre', 'Stephen']
['Logan', 'Alexander', 'Jeremy', 'Lorenzo', 'Clayton', 'Amari', 'Iker', 'Karson', 'Eduardo']
['Elijah', 'Lucas', 'Levi', 'Ian', 'Kayden', 'Zachary', 'Maxwell', 'Calvin', 'Beau', 'Bryce']
['Andrew', 'Alex', 'Malachi', 'Marcus', 'Kenneth', 'Bradley', 'Cody', 'Rylan']
['Mateo', 'Thomas', 'Hunter', 'Adam', 'Patrick', 'Jasper', 'Bryan', 'Gunner', 'Walter', 'Louis']
['Daniel', 'Christopher', 'Aaron', 'Isaiah', 'Adrian', 'Dominic', 'Emmett', 'Avery', 'Beckett', 'Barrett']
['am', 'John', 'Joshua', 'Josiah', 'Jace', 'Silas', 'Justin', 'Luca', 'Gael', 'Charlie']
['Aiden', 'Cameron', 'Jaxson', 'Bennett', 'Ryker', 'Juan', 'Emmanuel', 'Jonah', 'Andres', 'Erick']
['William', 'Grayson', 'Leonardo', 'Micah', 'Preston', 'Kyle', 'Myles', 'Javier', 'Corbin', 'Tobias']
['Samuel', 'Jordan', 'Jason', 'Tyler', 'Weston', 'Miles', 'Harrison', 'Brandon', 'Damian', 'Camden']
['Jackson', 'Ryan', 'Sawyer', 'Jayce', 'Amir', 'Victor', 'Richard', 'Rhett', 'Steven', 'Paul']
['Theodore', 'Jameson', 'Max', 'Giovanni', 'Antonio', 'Dean', 'Emiliano', 'Colin', 'Matias', 'Legend']
['Noah', 'Benjamin', 'Wyatt', 'Isaac', 'Connor', 'Asher', 'Cooper', 'Xander', 'Hayden', 'Alejandro']
['Sebastian', 'Nathan', 'Christian', 'Elias', 'Kai', 'Jude', 'Grant', 'August', 'Peter', 'Caden']
['Mason', 'Michael', 'Dylan', 'Gabriel', 'Easton', 'Declan', 'Braxton', 'Jaden', 'Zander', 'Remington']
['Nicholas', 'Ivan', 'Edward', 'Miguel', 'Paxton', 'Felix', 'Archer', 'Manuel', 'Cash', 'Ace']
['Matthew', 'Robert', 'Brayden', 'Elliott', 'Matteo', 'Jorge', 'Simon', 'Kameron', 'Finley', 'Nash']
