['283']
['173']
['54']
['150']
['38']
['63']
['251', '360']
['192']
['272']
['224']
['41']
['72']
['34']
['18']
['102']
['91']
['314']
['255']
['228']
['235', '344']
['101', '217']
['77']
['347']
['337']
['230']
['53', '233', '303']
['236']
['92', '106', '339']
['60', '170']
['285']
['118']
['96']
['195']
['243']
['24']
['203']
['327']
['56']
['8', '79', '179']
['346']
['189']
['165']
['161']
['302']
['7']
['97', '123', '237']
['286']
['340']
['58']
['317']
['356']
['334']
['93']
['19', '274']
['10', '82', '247']
['287']
['45']
['197']
['205', '288']
['76']
['187', '207']
['325']
['138']
['116']
['357']
['86']
['332']
['210']
['151']
['198']
['214', '301']
['154']
['259']
['239']
['67', '149']
['324']
['184']
['186']
['222']
['13']
['309']
['75', '264']
['182']
['354']
['348']
['39']
['270']
['245']
['155']
['12']
['202']
['52']
['129']
['225']
['240']
['103']
['1']
['37']
['315']
['29', '148']
['248']
['105']
['349']
['219']
['68']
['261']
['321']
['51', '176']
['4']
['316']
['306']
['64', '191']
['107', '318']
['181']
['99']
['250']
['180']
['284', '355', '359']
['329']
['49']
['152']
['257']
['298']
['204']
['124']
['134']
['114', '227', '231', '268', '273']
['139']
['328']
['211']
['178']
['40']
['168', '269']
['326', '350']
['215']
['244']
['48']
['43', '246']
['174']
['140']
['36']
['263']
['282']
['234']
['333']
['238']
['31']
['21', '32', '218']
['59']
['281']
['62']
['220']
['229']
['183']
['23', '166']
['343']
['119']
['304']
['216']
['277']
['253', '260']
['156']
['297']
['265']
['271']
['146', '158', '351']
['5']
['46']
['226']
['65']
['113']
['6', '130']
['136']
['341']
['104']
['232']
['22']
['163']
['190']
['98']
['81', '125', '162', '267']
['153']
['120']
['25']
['85']
['111', '132']
['172']
['55']
['185']
['115']
['331']
['342']
['42', '193']
['290']
['221']
['313']
['361']
['127']
['159']
['199']
['35', '300']
['20', '209']
['241', '275']
['2']
['276']
['160']
['28']
['293']
['3']
['141']
['266']
['143']
['117']
['69']
['100']
['33', '208', '312']
['78']
['142', '147', '256']
['71', '133']
['167']
['258']
['57']
['188', '320']
['44']
['311']
['74', '80', '157']
['16', '84', '362']
['310']
['87']
['279']
['50']
['345']
['83']
['17']
['292']
['305']
['201', '323']
['70']
['144']
['11']
['110', '145']
['108']
['169']
['109']
['15', '89']
['61']
['137', '175', '336']
['352']
['135']
['319']
['278']
['289', '295']
['9']
['338']
['296']
['73', '90', '164', '299']
['252', '262']
['94', '213']
['66']
['126', '308']
['322']
['88']
['223']
['254']
['26', '171']
['95']
['131']
['14', '280']
['128']
['200', '242']
['177']
['330']
['335']
['249']
['353']
['121']
['112', '294']
['291']
['206']
['27', '307']
['196']
['0']
['30']
['122']
['194']
['47', '212', '358']
