['65']
['446']
['160', '378']
['161', '212', '312', '362', '381']
['69']
['49']
['414']
['134', '170']
['426']
['267', '484']
['82']
['331', '431']
['22', '76', '92', '249', '316']
['304', '419']
['139', '216', '341']
['437']
['15', '87', '273']
['32', '36', '211', '221', '234', '434']
['57', '192', '403']
['28', '108', '322', '339']
['62', '195', '412', '471', '477']
['129']
['27', '84', '186', '334']
['30', '338']
['11', '17', '153']
['101', '191']
['238', '355']
['102', '360']
['7', '85', '208', '258', '351', '382']
['42', '86', '272']
['168']
['29', '90', '148', '301', '368', '498']
['116', '271', '315']
['127', '210', '372']
['375']
['209', '295']
['391']
['398', '423']
['16', '93', '174', '329', '365']
['463']
['70', '112', '224']
['218', '349']
['21', '359']
['38', '166', '236', '343']
['204', '291', '292', '481']
['187']
['125', '131', '177', '314', '465']
['215', '313']
['1', '45', '142', '147']
['228', '332']
['8', '41', '95', '340']
['428', '489']
['150', '206', '232', '278']
['138']
['135']
['44', '47', '126', '344']
['34', '104', '325', '348']
['132']
['80', '261']
['494']
['60', '422']
['327']
['346']
['71', '448']
['279']
['78', '277', '377']
['383']
['9', '283']
['121', '164', '299', '323']
['23', '67', '253']
['235', '389']
['354']
['63', '120', '182', '305']
['280', '308', '488']
['257', '300', '393', '474']
['370', '438']
['133', '196', '252', '254', '363', '416', '493']
['77']
['50', '58']
['124', '151', '453', '461']
['19', '55']
['361', '415', '492']
['3']
['141', '445', '462']
['183']
['140']
['181']
['143', '298']
['179']
['159', '270', '384', '455', '475']
['61', '137', '145', '289', '473']
['117', '237']
['309', '324']
['91', '118', '173']
['100', '154']
['103', '231']
['376']
['357']
['226', '456']
['264', '466']
['353', '457', '499']
['51', '243', '347', '486']
['320', '432']
['476']
['68', '81', '162']
['213']
['66', '88']
['450']
['497']
['79', '97', '115']
['26', '43', '251', '333', '358']
['406', '442']
['248', '397']
['303']
['37', '113', '296']
['441']
['99', '175', '287', '424', '479']
['337']
['13', '155', '352', '407']
['6']
['199', '447']
['12']
['64', '165', '227', '386', '402']
['202']
['163', '454', '495']
['96', '297']
['239']
['48', '75', '172', '418']
['54', '247', '263']
['189', '225', '274', '367']
['39']
['230']
['482']
['451']
['269', '288', '443']
['262']
['31', '152', '380', '395']
['350']
['429']
['369']
['72']
['18', '203', '394', '440', '449', '483']
['109', '217', '388']
['171', '176', '265', '356']
['2', '107', '201']
['5']
['336', '410']
['390']
['73', '136', '452']
['250']
['40', '74', '306', '409', '430', '439', '478', '485', '487']
['427']
['491']
['469']
['110']
['326', '364']
['10', '275', '374']
['496']
['56', '167', '207']
['229', '255']
['25']
['342']
['46', '396']
['286']
['14', '89', '244', '259', '421', '490']
['35']
['293']
['266', '480']
['20', '205', '468']
['156', '233', '399']
['105', '146', '400', '464']
['214']
['4', '190', '285', '467']
['178']
['392']
['282']
['245', '321']
['385']
['106', '246', '319']
['188', '193', '223', '284', '307', '417']
['128', '240', '371']
['94', '149', '256']
['335']
['98', '111', '379']
['387']
['194']
['413']
['222']
['241', '460', '470']
['294', '433']
['200', '242', '311']
['24', '411']
['373']
['119', '180', '260', '404', '459']
['144', '219', '276', '345']
['169', '185', '197', '330', '401']
['302']
['52', '444']
['59', '425']
['220']
['83', '157', '405', '435', '436']
['458']
['198']
['122', '130']
['158', '318']
['281']
['114', '123', '317']
['53', '268']
['184']
['310', '366', '420', '472']
['0']
['408']
['33', '290', '328']
