['ABY', 'ADM', 'AEI', 'AGG', 'AGH', 'AGP', 'AHL', 'AIS', 'ALE', 'AMC', 'AMT', 'ANS', 'AOM', 'AON', 'AQJ']
['AAH', 'AAW', 'AAX', 'ABB', 'ABM', 'ACV', 'AIW', 'AJC', 'AJG', 'AKG', 'ALD', 'ANN', 'AOB', 'APH', 'APU', 'AQU']
['ACK', 'ADA', 'AJS', 'AKD', 'AKE', 'AKX', 'AOC', 'AQQ', 'ARB', 'ASL', 'ATR']
['AAY', 'ADW', 'ADX', 'AEB', 'AJF', 'AKT', 'ALG', 'ANE', 'ANK', 'APV', 'ARH']
['AAC', 'AAJ', 'AAS', 'ACJ', 'ADR', 'AEW', 'AEX', 'AFE', 'AFY', 'AGC', 'AIV', 'AKP', 'ANP', 'AOI']
['ADS', 'AEO', 'AEU', 'AFQ', 'AJM', 'AJR', 'AKU', 'ALQ', 'ANH', 'ANT', 'ASE', 'ATJ', 'ATO']
['ABW', 'ACU', 'AER', 'AFA', 'AGE', 'AHI', 'AIE', 'AJX', 'AMV', 'AMW', 'AMY', 'ANO', 'ANW', 'AOP', 'APP', 'APW', 'ATS']
['AAU', 'AAV', 'ACO', 'AEA', 'AEN', 'AGB', 'AGO', 'AHD', 'AIU', 'AMH', 'ANC', 'ANY', 'AQT', 'ARC', 'ASA', 'ATE']
['ABI', 'ADN', 'AGD', 'AHC', 'AIA', 'AIY', 'AJH', 'AOY', 'ARU', 'ASX']
['AAR', 'ADG', 'ADY', 'AHK', 'AIC', 'AIG', 'AIH', 'AIJ', 'AIO', 'AKN', 'APG', 'ATI']
['ABR', 'ADF', 'AEH', 'AEY', 'AGT', 'AHE', 'AJL', 'AMG', 'AOA', 'AOX', 'APX', 'AQL', 'ARO', 'ARY', 'ASB', 'ASK', 'ATF']
['AAB', 'AGR', 'AHF', 'AHX', 'AKL', 'ALB', 'ALK', 'AMD', 'APB', 'ARP', 'AST', 'ASU']
['AAN', 'ACI', 'ADC', 'AIX', 'AJA', 'AKQ', 'ALA', 'ALV', 'ALW', 'AMK', 'AQP', 'ASI']
['ADT', 'AFS', 'AHS', 'AIN', 'AJI', 'ALN', 'ALX', 'AMJ', 'AQH', 'ARA', 'ARD', 'ASM', 'ATD']
['AAK', 'AEJ', 'AGM', 'AJJ', 'AJO', 'AKF', 'AKI', 'AKK', 'ALS', 'ALU', 'AMS', 'AMU', 'AOL', 'AQB', 'AQG']
['AAF', 'ACB', 'ACG', 'ACH', 'AEQ', 'AGK', 'AMN', 'APA', 'ARQ', 'ASP', 'ASS', 'ATA', 'ATV']
['ABD', 'ACF', 'AEV', 'AGN', 'AIR', 'AJE', 'AJU', 'ANG', 'AOT']
['AAQ', 'AAT', 'ABK', 'AFB', 'AGA', 'AIB', 'AOJ', 'ARJ', 'ATK']
['AAA', 'AHW', 'AIP', 'AOQ', 'APD', 'AQC', 'AQM', 'ART', 'ASO', 'ATC']
['ABX', 'ADO', 'AFC', 'AFT', 'AJQ', 'AMI', 'AML', 'ANJ', 'AQK', 'ARN', 'ARS', 'ASD']
['ABJ', 'ABT', 'ACC', 'ADD', 'AHU', 'AKC', 'AOK', 'APS', 'ARG', 'ARM', 'ATY']
['ABG', 'ABV', 'ACE', 'AFI', 'AFK', 'AGQ', 'AIM', 'ANA', 'AND', 'AOF', 'APJ', 'APT', 'ASV']
['ACS', 'ADE', 'ADP', 'AEK', 'AGL', 'AJD', 'AKO', 'ANR', 'AOG', 'AQA', 'ARW', 'ASC', 'ASJ', 'ASY', 'ATG', 'ATL']
['AAE', 'AAO', 'ABP', 'AFF', 'AGJ', 'AHM', 'AID', 'ALC', 'ALL', 'ANX', 'AOH', 'AOO', 'AQX', 'ARF', 'ARK']
['AAP', 'ABO', 'ACY', 'ADU', 'AED', 'AES', 'AFP', 'AGF', 'AGU', 'ANQ', 'AOS', 'APN', 'AQE', 'AQF', 'ARI']
['ABQ', 'ABU', 'ACN', 'ACP', 'AEM', 'AGW', 'AHA', 'AKS', 'AKV', 'ALH', 'ANL', 'ANM', 'AOW', 'API', 'APY', 'ARX']
['ABL', 'ABN', 'AEG', 'AFD', 'AFU', 'AFW', 'AHB', 'AHV', 'AIF', 'AJN', 'AJV', 'AKA', 'AKB', 'ALI', 'ARR', 'ATN']
['AAD', 'AAI', 'ABS', 'ADL', 'AFN', 'AHG', 'AJW', 'AOD', 'APE', 'AQY', 'ASQ']
['ACA', 'AFG', 'AGV', 'AHY', 'AIK', 'AKH', 'AMR', 'ANU', 'AOV', 'AQW', 'ASF', 'ASN', 'ASR']
['AAL', 'AAM', 'ACD', 'AEL', 'AET', 'AGS', 'AHR', 'AIQ', 'AJP', 'AJY', 'AMF', 'AMX', 'APR', 'ARE', 'ASW', 'ATH']
['ABA', 'ACM', 'AHH', 'AIT', 'AJB', 'AKM', 'ALT']
['ACL', 'AEC', 'AFJ', 'AGX', 'AHJ', 'AHT', 'AKR', 'ALM', 'AQD', 'AQS', 'ATU']
['AAG', 'ABC', 'ABH', 'ACT', 'ACW', 'AEE', 'AFH', 'AFR', 'ALF', 'AME', 'APK', 'APL', 'ATM', 'ATT']
['ADB', 'ALJ', 'AMP', 'ANV', 'AOR', 'AOU', 'AQO', 'ATP', 'ATQ', 'ATW']
['ABE', 'ABF', 'ADH', 'AFL', 'AJK', 'AKW', 'ALP', 'ALY', 'AMA', 'AMB', 'AMM', 'APM', 'ASG', 'ASH']
['ACQ', 'ACX', 'ADK', 'ADQ', 'AEF', 'AFM', 'AHO', 'AHQ', 'AKJ', 'AOE']
['AHP', 'AII', 'ALO', 'APQ', 'AQI', 'AQN', 'ATX']
['ADI', 'ADJ', 'ADV', 'AEP', 'ALR', 'AMO', 'AMQ', 'ANF', 'AQR', 'ARV']
['AFO', 'AFV', 'AGI', 'AHN', 'AIL', 'AKY', 'ANB', 'APO', 'ARL']
['ACR', 'AFX', 'AGY', 'AJT', 'ANI', 'APC', 'APF', 'AQV', 'ATB']
