['1', '5', '11', '14', '59', '71', '80', '84', '98', '122', '130', '170', '171', '194', '253', '280', '282', '347', '390', '392', '448', '468']
['19', '68', '82', '126', '168', '178', '207', '331', '363', '365', '391', '422', '438', '454', '484']
['47', '65', '117', '135', '158', '250', '259', '281', '312', '314', '342', '354', '372', '374', '395', '408', '461', '481']
['3', '29', '36', '40', '60', '67', '75', '78', '97', '106', '141', '148', '179', '190', '202', '247', '255', '269', '307', '393', '405', '432', '472', '473', '485']
['16', '21', '96', '103', '124', '139', '187', '191', '208', '240', '260', '283', '286', '327', '351', '356', '367', '371', '388', '406', '417', '430', '440', '443', '460', '466', '487', '495']
['37', '61', '66', '70', '77', '87', '102', '140', '169', '184', '193', '266', '268', '297', '349', '419', '426', '427', '428', '456', '465', '499']
['34', '42', '58', '62', '73', '138', '175', '215', '248', '257', '275', '321', '328', '387', '437', '453', '462', '463']
['45', '49', '53', '104', '107', '118', '133', '153', '159', '163', '197', '209', '231', '235', '261', '263', '264', '291', '311', '339', '350', '409', '433', '444', '450', '457', '471']
['23', '54', '79', '136', '146', '162', '180', '192', '285', '287', '298', '299', '309', '329', '358', '360', '394', '397', '399', '416', '418', '441']
['25', '50', '63', '149', '157', '160', '172', '241', '243', '254', '319', '336', '344', '400', '404', '455', '480', '488']
['12', '17', '74', '86', '108', '115', '167', '200', '213', '272', '273', '288', '294', '304', '308', '313', '337', '346', '385', '445']
['9', '26', '35', '127', '137', '147', '154', '196', '204', '223', '226', '295', '335', '355', '361', '369', '370', '439', '458', '494']
['38', '44', '90', '110', '123', '166', '212', '220', '246', '262', '310', '380', '402', '411', '420', '442']
['4', '43', '55', '69', '81', '91', '92', '129', '131', '152', '165', '230', '236', '320', '325', '341', '378', '383', '467', '491', '493', '496']
['6', '22', '41', '113', '116', '176', '183', '201', '203', '205', '242', '271', '274', '300', '317', '322', '330', '359', '376', '384', '407', '429', '483']
['28', '46', '94', '174', '211', '227', '258', '276', '290', '305', '353', '357', '366', '375', '377', '379', '451', '469', '478', '490']
['13', '48', '76', '105', '109', '119', '134', '195', '234', '293', '316', '326', '334', '368', '421', '482']
['7', '27', '32', '33', '99', '101', '112', '125', '142', '218', '222', '233', '252', '265', '389', '401', '423', '447', '500']
['2', '18', '121', '150', '161', '173', '177', '206', '221', '249', '251', '279', '292', '301', '318', '345', '364', '396', '398', '435', '449', '452', '464', '475', '498']
['10', '83', '95', '144', '156', '185', '214', '224', '232', '239', '245', '296', '410', '412', '414', '446', '486', '492']
['30', '52', '56', '57', '72', '111', '186', '189', '217', '219', '229', '302', '303', '315', '413', '474']
['15', '39', '88', '181', '228', '238', '284', '324', '340', '362', '373', '386', '415', '431', '434', '436', '476', '489', '497']
['85', '93', '128', '132', '143', '151', '155', '182', '267', '277', '323', '332', '333', '382', '424']
['8', '20', '24', '51', '100', '114', '145', '198', '210', '216', '225', '256', '270', '348', '403', '459', '470', '477', '479']
['31', '64', '89', '120', '164', '188', '199', '237', '244', '278', '289', '306', '338', '343', '352', '381', '425']
