['181', '399', '204', '51', '157', '232', '327', '381', '147', '65', '446', '246', '390', '80', '213', '285', '451', '353', '394', '401', '92']
['159', '346', '372', '133', '88', '140', '444', '161', '29', '315', '258', '370', '439', '303', '189', '337', '407', '343']
['298', '99', '419', '280', '322', '375', '383', '473', '175', '172', '304', '9', '250', '321', '72', '180', '479', '291', '237', '434']
['234', '50', '31', '75', '290', '306', '126', '152', '169', '464', '124', '130', '230', '274', '369', '90', '366', '112', '276', '301', '245', '30', '376', '281']
['182', '100', '233', '318', '227', '162', '224', '440', '63', '325', '137', '217', '333', '287', '239', '397', '197', '302', '264', '66', '323', '257', '145', '177', '143', '44']
['199', '187', '406', '91', '21', '295', '117', '39', '170', '421', '354', '417', '377', '319', '416', '279', '465', '210', '34', '111', '243', '78']
['43', '46', '41', '426', '13', '179', '47', '367', '191', '59', '386', '119', '460', '365', '384', '314', '265', '229', '241', '428', '269', '332', '128', '261', '216']
['433', '389', '102', '277', '195', '74', '123', '359', '455', '247', '83', '329', '155', '68', '331', '36', '87']
['52', '431', '379', '396', '139', '141', '427', '203', '300', '441', '256', '339', '184', '73', '49', '292', '6', '443']
['351', '122', '458', '228', '134', '19', '120', '37', '311', '271', '135', '391', '56', '23', '93', '107', '208', '334', '196', '461', '309']
['430', '158', '168', '395', '12', '273', '412', '71', '452', '223', '97', '349', '297', '345', '266', '344']
['360', '200', '58', '368', '338', '103', '251', '81', '54', '202', '214', '193', '475', '267', '252', '415', '38', '438', '268', '284', '40', '288', '138', '308', '402']
['371', '131', '188', '0', '69', '478', '320', '457', '262', '378', '435', '115', '194', '61', '293', '307', '235']
['127', '89', '313', '85', '424', '312', '165', '76', '192', '144', '28', '244', '361', '393', '27', '466', '442', '467', '176', '64', '454', '459', '392', '414', '449']
['171', '4', '35', '316', '105', '388', '205', '341', '352', '84', '463', '363', '286', '225', '476', '450', '178', '98', '8', '163', '79', '57', '470', '10']
['215', '104', '477', '151', '254', '437', '385', '410', '423', '114', '469', '3', '11', '33', '1']
['148', '198', '16', '456', '242', '96', '77', '255', '26', '263', '121', '206', '160', '142', '317', '190', '471', '326', '17', '411', '348', '60', '222', '357']
['260', '118', '125', '387', '106', '18', '94', '153', '259', '132', '174', '350', '5', '201']
['154', '110', '358', '42', '236', '95', '409', '240', '220', '167', '211', '278', '22', '462', '146', '472', '209', '129', '15', '328', '238', '2']
['86', '101', '400', '340', '356', '212', '108', '14', '82', '48', '116', '429', '420', '408', '249']
['403', '289', '53', '219', '275', '364', '405', '382', '136', '149', '32', '150', '373', '335', '62']
['474', '109', '404', '445', '7', '221', '70', '248', '164', '447', '294', '310', '374', '342', '67', '270', '218']
['253', '186', '305', '283', '207', '324', '272', '55', '185', '25', '173', '113', '468', '183', '436', '45', '20', '418', '336']
['296', '299', '166', '282', '156', '413', '330', '425', '362', '432', '355', '448', '226', '398', '347', '453', '231', '380', '422', '24']
