['Carson', 'Sharlene', 'Hilario', 'Angeline', 'Deana', 'Danita', 'Martin', 'Shelton', 'Aaron', 'Dewitt', 'Roxane', 'Kylie', 'Claretha', 'Anabel', 'Randall', 'Susan', 'Nohemi']
['Eve', 'Arcelia', 'Kimbra', 'Jami', 'Osvaldo']
['Marci', 'Millicent', 'Jade', 'Antonina']
['Kitty', 'Chun', 'Ocie', 'Kasey', 'Garland', 'Naida', 'Eustolia', 'Marquis', 'Tamisha', 'Emmanuel', 'Stephani', 'Carolee', 'Marvis', 'Rolando', 'Raul', 'Valorie', 'Joan', 'Elicia', 'Robert', 'Alicia', 'Dewayne', 'Charisse', 'Sheldon', 'Camelia', 'Chester', 'Eufemia', 'Enola', 'Cleotilde']
['An', 'Amada', 'Riley', 'Junior']
['Chan', 'Pinkie', 'Randa', 'Retta']
['Jeremy', 'Dorene', 'Darwin', 'Irma', 'Rachael', 'Leilani', 'Alvin', 'Tanisha', 'Neida', 'Harvey', 'Cristi', 'Terry', 'Jennie', 'Frederic', 'Kirstin', 'Murray', 'Selma', 'Tai', 'Renea', 'Vernon', 'Lyndon', 'Taneka', 'Antonette', 'Mariano', 'Tamala', 'Houston']
['Horace', 'Hiroko']
['Clinton', 'Princess', 'Felix', 'Porter', 'Latoya']
['Zena', 'June']
['Kristopher', 'Dong', 'Tina', 'Lana', 'Eloisa', 'Vivien', 'Wes', 'Oma', 'Elliott']
['Kurtis', 'Tiffani', 'Elvia', 'Chas', 'Charmaine', 'Jina', 'Trena', 'Orval', 'Meagan', 'Alex', 'Kelly', 'Kris', 'Jacque', 'Johnny', 'Lizabeth', 'Sharilyn', 'Renetta', 'Altagracia', 'Edmond', 'Imogene', 'Pearlie', 'Jay', 'Sharan', 'Nathalie', 'Nadia', 'Oswaldo', 'Florencio', 'Hortense']
['Tarah', 'Dusti']
['Marvin', 'Claudie', 'Xavier', 'Loura', 'Helene', 'Lamonica', 'German', 'Allena']
['Tressa', 'Darnell', 'Bertha']
['Nicole', 'Byron', 'Clarence', 'Carmon', 'Beverley', 'Garret', 'Louella', 'Michaela', 'Hassan', 'Nieves']
['Annabel', 'Clarissa', 'Toya', 'Sharell', 'Kay', 'Russell', 'Alfred']
['Alexa', 'Xuan', 'Sherwood', 'Kyung', 'Laraine', 'Lauren', 'Marilynn', 'Marcie', 'Leontine', 'Almeta', 'Trey']
['Refugio', 'Gerardo']
['Ok', 'Piedad', 'Ryann', 'Alethia']
['Eugene', 'Jan', 'Lucas', 'Heide', 'Earnest', 'Ron', 'Lucia', 'Vincenzo', 'Lisa', 'Milissa', 'Pa']
['Cortney', 'Oneida', 'Kareem', 'Florinda', 'Audie', 'Stanley', 'Jesus', 'Marion', 'Lyn', 'Freddie', 'Percy', 'Sharla', 'Alexandra', 'Merrill', 'Hui', 'Naomi', 'Dion', 'Spencer', 'Rita']
['Saul', 'Marquitta', 'Inga', 'Honey', 'Jefferey', 'Tracie', 'Marcella', 'Hillary', 'Debora', 'Oscar', 'Miranda', 'Lezlie', 'Annamarie', 'Grant', 'Travis', 'Ella', 'Logan', 'Verona', 'Clara', 'Chang', 'Dora', 'In', 'Artie']
['Joanne', 'Jae', 'Christiane', 'Esperanza', 'Deirdre', 'Tammi', 'Tyisha', 'Brendon']
['Rima', 'Treena', 'Marlo', 'Jeffrey', 'Alane', 'Joelle', 'Leila', 'Glenda', 'Irena', 'Adah', 'Delmar', 'Vernia', 'Rodrigo', 'Flavia', 'Glenna', 'Hayden']
['Zoraida', 'Mariette', 'Ema', 'Gerard']
['Kendall', 'Clifton', 'Lola', 'Griselda', 'Elenora', 'Loren', 'Chance', 'Joye', 'Louise', 'Darrel', 'Janetta', 'Clarinda', 'Nickolas', 'Mariah', 'Isabel', 'Loria', 'Jama', 'Clarice', 'Easter', 'Dorthea', 'Vada', 'Leonida', 'Herlinda', 'Leonard', 'Stanford', 'Jeanette']
['Yevette', 'Kristi', 'Olevia', 'Elena', 'Bonnie', 'Lorelei', 'Savanna', 'Lilly', 'Lue', 'Son', 'Laticia', 'Alton', 'Winford', 'Doyle', 'Caitlyn', 'Lasonya', 'Shonda', 'Reita', 'Gisela', 'Destiny', 'Phylis', 'Margart', 'Odell', 'Antoinette', 'Latia', 'Susannah', 'Juliet']
['Rachel', 'Whitney', 'Alvera', 'Raleigh']
['Madison', 'Cassie', 'Aretha', 'Kim', 'Rosalee', 'Theo', 'Rosalba', 'Elfrieda', 'Dagmar', 'Hershel', 'Tameika', 'Lashay', 'Fanny', 'Ambrose', 'Shavon', 'Danial', 'Elvie', 'Angella', 'Clyde', 'Hyun', 'Shaun', 'Marcos']
