['25', '40', '61', '76', '83', '102', '136', '138', '142', '161', '164', '220', '248', '281', '282', '341', '401', '432', '434', '440', '482', '489', '491', '492', '494']
['10', '11', '15', '36', '90', '104', '113', '129', '131', '157', '162', '197', '226', '377', '418', '428', '455', '488']
['311', '368', '374', '411', '454', '463', '471']
['12', '41', '87', '119', '168', '181', '216', '218', '236', '297', '309', '310', '329', '389', '403', '421', '424', '444']
['13', '192', '242', '287', '317', '344', '410', '420', '429', '431', '438', '448', '460', '479', '495']
['45', '376', '442', '462', '465']
['122', '123', '150', '179', '183', '331', '335', '483']
['69', '84', '114', '194', '228', '239', '240', '264', '400']
['19', '98', '199', '222', '361', '473', '484']
['47', '433', '485']
['392', '464']
['204', '458']
['457']
['299', '481']
['109', '214', '296', '348']
['34', '70', '79', '254', '314', '393', '427']
['49', '93']
['97', '132', '144', '196', '251', '320', '359', '381', '387', '452']
['184']
['151', '152', '230', '478']
['4', '154', '456']
['8', '44', '105', '302']
['112', '126', '219', '363', '497']
['14', '96', '149', '167', '225', '249', '326', '350', '426', '476', '493']
['6', '21', '48', '101', '115', '140', '147', '190', '207', '269', '270', '276', '278', '291', '364', '383', '450', '453']
['64', '80', '174', '206', '223', '307', '370', '372', '373', '380', '413', '416', '423']
['221', '266', '371']
['171', '271', '398']
['134', '201', '362', '379', '414', '437', '466']
['46', '407']
['31', '77', '92', '124', '166', '255', '357', '409', '499']
['127', '279', '315', '468']
['188', '273', '301', '352', '486']
['59', '85', '294']
['26', '51', '60', '65', '66', '71', '108', '121', '143', '146', '163', '227', '237', '246', '280', '284', '290', '306', '325', '328', '333', '356', '415', '443', '461']
['94', '153', '165', '193', '334', '375', '419', '477', '498']
['73', '91', '130', '155', '159', '241', '253', '259', '295', '298', '324', '441', '470']
['74', '170', '263', '332']
['58', '89', '173', '243', '274', '351', '391']
['172', '267', '340', '397']
['0', '5', '7', '55', '78', '215', '277', '288', '318', '337', '378', '386', '388', '395', '406', '474', '475']
['9', '30', '32', '33', '42', '43', '56', '133', '231', '308', '322', '338', '402', '417', '439', '449', '459']
['3', '16', '38', '50', '53', '81', '82', '116', '118', '135', '156', '177', '200', '209', '212', '213', '229', '256', '261', '283', '345', '382', '405', '451', '472']
['54', '67', '107', '160', '169', '234', '353', '354', '355', '384', '425', '435', '436', '496']
['17', '24', '72', '75', '88', '95', '99', '175', '189', '191', '198', '205', '210', '238', '244', '252', '305', '336', '346', '358', '396']
['2', '23', '27', '28', '29', '68', '139', '178', '187', '233', '257', '260', '262', '265', '275', '312', '313', '323', '330', '342', '408', '445']
['35', '62', '100', '110', '111', '117', '120', '202', '208', '250', '285', '289', '304', '319', '327', '347', '447', '467']
['20', '103', '106', '137', '148', '180', '185', '195', '203', '211', '217', '247', '286', '292', '367', '369', '399', '469', '487']
['22', '39', '57', '125', '128', '145', '158', '182', '224', '235', '258', '268', '300', '303', '316', '339', '343', '349', '360', '365', '394', '404', '446', '480', '490']
['1', '18', '37', '52', '63', '86', '141', '176', '186', '232', '245', '272', '293', '321', '366', '385', '390', '412', '422', '430']
