['63', '135', '153', '165', '263', '264', '322', '326', '375', '441', '483']
['53', '70', '76', '164', '198', '219', '255', '301', '349', '356', '391']
['38', '152', '250', '285', '320', '485', '490', '497']
['71', '85', '108', '167', '214', '230', '276', '278', '297', '358', '431']
['88', '173', '205', '398', '407', '467', '472']
['29', '34', '43', '57', '68', '90', '97', '213', '225', '252', '309']
['56', '100', '124', '148', '201', '289', '312', '331', '360', '409', '442']
['15', '37', '40', '82', '117', '119', '292', '314', '344', '363', '373']
['33', '111', '233', '313', '389']
['6', '144', '237', '241', '245', '368', '425', '464', '473']
['73', '121', '235', '246', '270', '271', '319', '321', '395', '411', '430']
['1', '12', '207', '290', '332', '461', '498']
['42', '50', '65', '118', '123', '150', '171', '215', '265', '291', '324']
['32', '193', '284', '311', '447', '448', '453', '482']
['7', '194', '231', '295', '340', '376', '413', '465']
['5', '13', '113', '141', '202', '204', '267', '380', '406', '418', '420']
['26', '126', '308', '372', '417', '493']
['25', '30', '44', '128', '161', '195', '306', '357', '400', '435', '456']
['54', '143', '146', '176', '229', '384', '397', '476', '480', '488']
['175', '302', '366', '434', '462', '487']
['83', '183', '210', '352', '364', '387', '438', '445', '496']
['39', '132', '147', '310', '383', '469']
['48', '64', '107', '112', '268', '329', '440']
['89', '234', '369', '374']
['106', '178', '294', '342', '353', '378']
['17', '27', '47', '127', '273', '298', '443', '458', '494']
['11', '58', '81', '220', '259', '282', '354', '429', '446', '449', '466']
['35', '45', '84', '160', '341', '370']
['69', '91', '95', '286', '379', '401', '419', '439', '479']
['78', '80', '186', '262', '367', '386', '416', '481']
['41', '159', '337', '396', '424', '444']
['145', '172', '381', '451', '471', '477', '492']
['21', '60', '120', '133', '232', '248', '359', '468', '499']
['16', '122', '206', '260', '277', '293', '316', '345', '460', '475']
['4', '109', '129', '136', '149', '156', '157', '162', '180', '403', '454']
['66', '158', '211', '257', '269', '296', '325', '421', '459', '474']
['3', '130', '131', '242', '266', '317', '318', '371', '412', '423', '450']
['2', '10', '62', '96', '101', '188', '303', '333', '405', '428', '452']
['9', '94', '98', '163', '181', '203', '209', '228', '249', '300', '415']
['74', '114', '155', '218', '336', '422', '478']
['8', '288', '327', '330', '335', '385', '414', '436']
['20', '28', '55', '77', '244', '283', '299', '347', '390', '489']
['19', '102', '110', '350', '362', '377', '463', '470', '484']
['22', '92', '253', '254', '274', '346', '365', '392', '491']
['14', '179', '338', '343', '433', '437', '457', '486']
['51', '59', '61', '87', '104', '134', '224', '256', '334', '339', '393']
['18', '46', '79', '86', '151', '177', '227', '239', '243', '394', '404']
['0', '52', '168', '185', '208', '238', '307', '361', '410', '495']
['24', '139', '154', '199', '217', '221', '236', '287', '304', '315', '408']
['23', '31', '75', '125', '137', '140', '169', '196', '197', '226', '305']
['49', '116', '142', '174', '182', '222', '223', '258', '355', '382']
['67', '72', '166', '170', '189', '190', '216', '261', '275', '388', '402']
['138', '184', '191', '192', '272', '348', '351', '426', '427', '432', '455']
['36', '103', '187', '212', '240', '247', '251', '279', '281', '323', '399']
['93', '99', '105', '115', '200', '280', '328']
