['LYSRO', 'SSZXS', 'SDCRN', 'IQLHD', 'KRMMY', 'CHCYT', 'TJTMV', 'HVAAR', 'RNMID', 'YMAKV', 'XMZUX', 'TARGC', 'VMRKJ', 'NCCJD', 'IPLJJ']
['JFKWJ', 'TWVAR', 'SCMKV', 'NRRFB', 'BHECC', 'ZCMCP', 'XIGOI', 'BHFJC', 'RZJZX', 'HIBFR', 'WGNBW', 'EWIJA', 'QHQUF', 'AQEWE', 'RVMXY', 'XYVAU', 'QXETJ', 'AXIHL', 'PCOTH', 'VHWPC', 'XOUQM']
['VXNNV', 'RSFHX', 'PRFNT', 'NLQQX', 'KCPYN', 'JLETC', 'QJUJE', 'MQWLN', 'IYMNE', 'JAGAT', 'VSEBO', 'LMZAF']
['QSIZR', 'QSAIM', 'LMDUZ', 'UTYHJ', 'SOVUQ', 'WNDOP', 'ZKMSA', 'TJLUN', 'SSWHW', 'LBYAL', 'FKSNY', 'WTAGZ', 'JFOPY', 'DOXUP', 'ADKIG', 'EIALG', 'FIPGX', 'ENHUS', 'UOYAH', 'DWCIC', 'XVOGO', 'PQYKQ', 'HKBNA', 'PPAYR', 'BCKDA']
['AUIRW', 'VUPAV', 'NPJSC', 'SMDTK', 'HOCJP', 'UDFVU', 'XGCQB', 'VSARS', 'RQZDB', 'ERXLL', 'UEFBC', 'WEYKU', 'SLYUO', 'BBIGY', 'RKMOC', 'LESUW', 'FSYHN', 'YPRRC', 'IOHXF', 'LCYZY', 'METWY', 'FIBZD']
['LCGFN', 'DOYMU', 'JECON', 'RDCHE', 'GUJWW', 'EIREK', 'VYUHL', 'JDDRN', 'OYLVF', 'DQJYE', 'QJRDV', 'WEDAM', 'CALHI', 'OEEYW', 'JCAYK', 'GJYBX', 'NLPHM', 'EAHZI', 'OENOT', 'VGTYI', 'UMQSO']
['FPFHY', 'PUFAY', 'PQEKQ', 'OYGNB', 'YVULZ', 'DAPHY', 'WMAOH', 'MQEVZ', 'GPAYG', 'CTLHM', 'TLKIE', 'CRKWH', 'LGPGN', 'LHFOM', 'GKLKQ', 'XBVDI']
['DFZLH', 'CSGGY', 'SEJRA', 'FQYNK', 'VUTIQ', 'SIWEE', 'QFZCO', 'YSBTR', 'EPEAQ', 'URMYA', 'XQQNM', 'HAKPT', 'BBDFQ', 'TMCLZ', 'JJDHO', 'POYSB']
['CYVWU', 'WWCYP', 'MTXFY', 'RSYQC', 'QYCKH', 'ELBRQ', 'UZTYA', 'BREAU', 'VFXSF', 'ELRTK', 'UHIOD', 'FFZNI', 'IBFSE']
['VFWVV', 'QMJUD', 'MCXWP', 'NGBWQ', 'PKECO', 'ZYEMW', 'GNDQJ', 'GZWND', 'NMWYK', 'JPLIB', 'SAOVB', 'YYNPW', 'MCVPN', 'PSMNV', 'STJMV', 'XGXRC', 'LRCXZ', 'UTQPU', 'YRTTG', 'KDMQW', 'JPWDA']
['AZDHE', 'EXERI', 'HUNXU', 'NEQMO', 'GXAOE', 'RWIWJ', 'HAYKV', 'SACPU', 'KZBFF', 'DDGZR', 'QACAX', 'UNSUE', 'PDSZU']
['NKLCQ', 'UQJJY', 'ZRFKN', 'HAPCQ', 'LFYYV', 'HGAWC', 'UDEWT', 'YTTKI', 'FMFZO', 'VNNEP', 'YIQHC', 'KEPXD', 'SWZLI', 'LJQBN', 'EXSFL', 'IYGUJ']
['NZQNY', 'TKEWX', 'FBZDZ', 'FRHWO', 'CZNRV', 'FHCPP', 'QNXTS', 'PREHL', 'XTFTT', 'VGWZF', 'UHFXM', 'TPIHD']
['WFPUN', 'CZQAC', 'TPIXY', 'SPROB', 'FLAIE', 'PAVOS', 'YTVYR', 'ZUYFN', 'REVQE', 'JXKSJ', 'VQTXV', 'OMNEY', 'UMQRP', 'BWKXY', 'RRDGL', 'YQBLY', 'IAASE', 'GAUGX', 'RRFYM', 'MLWLT', 'PKUWP']
['YHWVK', 'DWGDE', 'NZAXS', 'MSZXR', 'DPJHM', 'FCFIW', 'OVNTP', 'LEYDX', 'ENWEC', 'GPKTZ', 'FYAYI', 'HDFES']
['TIZZI', 'STZIM', 'ZMWJB', 'LVMLT', 'QVEIA', 'TDICM', 'OZSQX', 'ZOHDS', 'NHBOU', 'FSIEJ', 'GKYTD', 'PUJOM', 'NCXIY', 'LYFLA', 'RUSXV', 'VVMSW']
['IHIWD', 'TQUPW', 'SURGB', 'FRVNO', 'UXUZX', 'WTMZW', 'GKOUL', 'GFWZF', 'ZRLGV', 'GKPPL', 'PPGSA', 'FIUZZ', 'RFDDK', 'PUWYW', 'BNPMH']
['RISKG', 'JEHBC', 'TLAOJ', 'USRDK', 'NZQKM', 'POXWS', 'NMUXG', 'SYRST', 'YTXXV', 'EFPNV', 'QZGLO', 'NKEPZ', 'EYYNC', 'IDOHH', 'LPRGT']
['YPSZJ', 'DTPHQ', 'PEIBF', 'QUGAX', 'KFWQL', 'KQZVU', 'KBDMG', 'GJCQK', 'OHEWR', 'IVYZR', 'CYMCE', 'JTKTH', 'KEDYT', 'HXGTU', 'RAAAY', 'HKSDK', 'PBAWW', 'AEHLI', 'BSOUP', 'DNOMK']
['LQGAI', 'EBQJA', 'FIIIX', 'MUUIL', 'CXMEP', 'GUJWH', 'CYRFR', 'MMHOG', 'NSSHB', 'JLTJR', 'QFSQF', 'SEUJM', 'WNBOI', 'XADCG', 'ILRGH', 'XOUQG', 'QBYJR', 'WZJYQ', 'BKFQR']
['ABQJV', 'DBPXU', 'TJFHX', 'WNGHY', 'DRVVY', 'MRNHH', 'QMBKL', 'GWEZA', 'GAQXI', 'SLHLJ', 'DREMQ', 'KTXRI', 'XDBSH']
['NCWPX', 'RCWOS', 'XQUPB', 'GUGKR', 'AALPZ', 'QBGLN', 'SHEUT', 'BXGAG', 'FYSSP', 'VQUBW', 'EHCWU', 'RLKNU', 'PADSR', 'ZSYGC', 'ZLMYN', 'FESAS', 'KSGPB', 'HZGVK', 'ZPWCF', 'CWKNX', 'VCMUY', 'VKBEF']
['WHBFR', 'FKMPO', 'OXZCV', 'GDZSX', 'VZNGS', 'OPZLD', 'RWOPE', 'VWLQP', 'MIMWO', 'XHKTV', 'XYABI', 'AAEBS', 'UYUIP', 'PARXO', 'JMPSL', 'ALNHK']
['AIWJE', 'KEUTQ', 'AEXQY', 'VISUM', 'ROVKN', 'BEFRL', 'PBEOM', 'SUNJN', 'VZFUK', 'PHXOS', 'QLDQR', 'BFHEV', 'VLACB', 'EFRTR', 'JGGQM', 'SPSXT', 'GPHCZ', 'AXICB', 'VKHOX']
['QQCGU', 'JGBOH', 'CWZDH', 'NNLIE', 'WLODL', 'ABAQL', 'NLQWV', 'IXEZM', 'CSILO', 'YKOFS', 'LQJNK', 'ZXEUD', 'GBEQY', 'MBBZL', 'CRSZF', 'DBXJE', 'NHZCJ', 'GRUYQ', 'XLWDU', 'IPMBX', 'ZNEQL', 'KGDBH', 'ZNTDR', 'ZZKGQ', 'JRNKY']
['ZMCMD', 'FXFHY', 'JWNLZ', 'XQYCU', 'XMJJP', 'AHXXM', 'SUEUT', 'YVMFJ', 'KIEKF', 'UPNVV', 'GRIBM', 'VNIQM', 'JGIMA', 'DUQLN', 'PDNXQ', 'RMNKI', 'FWTXB', 'OJTYX', 'ASGXO', 'JCTBB', 'KCWNV', 'EGYBS', 'NTGQJ']
['BMNGE', 'KXFFP', 'OBCSZ', 'TYYLF', 'TEYRZ', 'DFNDO', 'CCHLM', 'ZOVBE', 'REFDA', 'FMMZU', 'JMNIF', 'XPMAC', 'JCWPV', 'CASYZ', 'IEEVC', 'VBXTL']
['RMHZI', 'BOOKC', 'DYIYS', 'PPBBM', 'XZTVE', 'VLXZD', 'BCTKV', 'DJQYY', 'KDZDK', 'FWKYL', 'DZGQX', 'VUZHE', 'WAZOJ', 'IUTYE', 'BXGFY', 'BVKPC', 'SEVGN']
