['386']
['371']
['70']
['39']
['178']
['80']
['22']
['289']
['213']
['11']
['67']
['5']
['391']
['97']
['116']
['74']
['239']
['409']
['60']
['52']
['259']
['416']
['258']
['316']
['108']
['287']
['216']
['146']
['7']
['396']
['347']
['400']
['332']
['223']
['64']
['149']
['3']
['107']
['51']
['50']
['324']
['15']
['260']
['19']
['65']
['112']
['376']
['307']
['102']
['224']
['229']
['99']
['282']
['262']
['243']
['58']
['71']
['95']
['35']
['270']
['271']
['361']
['132']
['275']
['298']
['411']
['379']
['393']
['93']
['230']
['328']
['136']
['210']
['139']
['281']
['380']
['277']
['261']
['96']
['354']
['90']
['290']
['248']
['318']
['227']
['6']
['273']
['327']
['264']
['329']
['292']
['85']
['92']
['440']
['249', '252', '254', '263', '267', '274', '285', '291', '293', '295', '296', '301', '321', '325', '335', '336', '337', '339', '342', '346', '348', '350', '352', '355', '356', '357', '362', '364', '368', '369', '370', '373', '374', '375', '377', '378', '381', '382', '383', '384', '385', '388', '390', '394', '395', '398', '399', '401', '403', '404', '406', '407', '408', '414', '417', '418', '419', '421', '422', '423', '426', '428', '429', '430', '433', '435', '436', '437', '438', '439', '441', '442', '443', '446']
['432']
['84']
['220']
['233']
['234', '331']
['41']
['82', '322']
['286']
['104']
['207']
['365']
['444']
['86']
['410']
['106']
['231']
['303']
['284']
['225']
['358']
['111']
['78']
['272']
['305']
['360']
['397']
['236']
['69']
['283']
['98']
['280']
['238']
['88']
['17']
['297']
['226']
['310']
['105']
['59']
['235']
['110']
['255']
['100']
['294']
['37']
['103']
['434']
['363']
['83']
['251']
['313']
['13']
['68']
['349']
['21']
['54']
['366']
['253']
['250']
['1']
['56']
['309']
['245']
['257']
['228', '240', '276', '288', '302', '304', '314', '315', '317', '319', '320', '340', '341', '343', '344', '345', '353', '359', '367', '372', '387', '392', '405', '413', '420', '425', '427', '431', '445']
['76']
['338']
['246']
['299']
['91']
['28']
['308']
['45']
['34']
['200']
['256']
['101']
['94', '330']
['311']
['29']
['412']
['2']
['415']
['134']
['300']
['33']
['72']
['312']
['47']
['62']
['209']
['9']
['232']
['66']
['269']
['279']
['244']
['389']
['87']
['115']
['23', '25', '27', '44', '81', '113', '124', '128', '142', '144', '158', '159', '162', '163', '164', '167', '168', '171', '174', '177', '184', '193', '323']
['75']
['242']
['10', '12', '14', '20', '24', '26', '30', '49', '61', '73', '77', '79', '117', '118', '121', '122', '125', '129', '131', '137', '141', '143', '145', '147', '148', '151', '152', '155', '156', '157', '161', '165', '166', '169', '173', '175', '180', '181', '183', '187', '189', '196', '201', '206', '215', '218', '221']
['160', '172', '186', '194']
['109']
['351']
['16']
['333']
['241']
['268', '334']
['43']
['266', '326']
['424']
['89']
['237']
['247']
['18', '32', '36', '42', '48', '55', '57', '114', '119', '120', '130', '138', '140', '150', '154', '170', '176', '179', '185', '188', '190', '191', '192', '195', '203', '205', '211', '217', '222']
['265']
['31']
['38', '46', '123', '127', '133', '135', '153']
['219']
['4', '8', '40', '63', '197', '198', '199', '202', '204', '208', '214']
['126']
['278']
['182', '212']
['53']
['306']
['402']
