['50']
['76', '99', '304', '65', '129', '134']
['48', '95', '220', '312', '82', '187', '317', '272']
['118', '203', '42', '77']
['192', '107', '18', '33', '90', '110']
['89', '120', '152', '34', '325']
['0', '5', '171', '195', '294', '181', '211', '273']
['148', '216', '231', '9']
['6', '236']
['27', '126', '219', '235', '290']
['36', '86', '115', '136', '146', '7', '190', '224', '292']
['170', '251', '288', '300', '180', '229', '98']
['93', '177', '311', '310']
['92', '159', '173', '210', '83', '265', '38']
['106', '268', '319', '218']
['182', '188', '323', '176', '297']
['237', '299', '197', '242', '259', '282']
['4', '49', '308', '314']
['47', '17', '51', '12', '35', '135', '258', '45']
['44', '155', '276']
['130', '29', '53', '103', '116', '189']
['151', '261', '291', '1', '256', '267']
['75', '121', '223', '238', '274', '205']
['10', '37', '58', '137', '279', '315']
['252', '285', '301', '133']
['43', '222', '226', '19']
['124', '52', '101']
['138', '183', '207', '289', '309', '246', '233']
['243', '303', '241', '263']
['56', '60', '275', '186', '295']
['31', '145', '162', '225']
['91', '105', '165', '172', '74', '185']
['8', '270']
['97', '123', '163', '79', '293']
['287', '327', '113', '156', '169']
['78', '122', '131', '141', '217', '73']
['307', '109', '68', '249']
['191', '198', '283', '64', '100']
['164', '215', '239', '321', '80', '22']
['20', '154', '254', '157']
['24', '84', '168', '204', '266', '67', '296', '14', '140']
['3', '143', '240', '284', '316', '212', '281']
['15', '102', '119', '128', '175', '277', '201', '21']
['55', '153', '262', '63', '196', '230', '234', '127', '72']
['41', '200', '278', '96', '247']
['88', '271', '313', '174', '139', '194']
['322', '108', '199']
['57', '228', '11', '149', '81']
['70', '2', '117']
['66', '132', '206', '214', '227', '260', '257', '69', '40']
['160', '209', '23', '85', '158', '62', '71', '13', '221']
['184', '32', '94', '112', '179', '245']
['39', '46', '54', '248', '324', '255', '61', '306', '26']
['147', '193', '213', '264', '269', '318', '144', '25']
['16', '28', '30', '250', '298', '87']
['104', '208', '244', '150', '202', '286', '302']
['232', '320', '326', '59', '111']
['305']
['114', '125', '161', '178', '280', '166', '167', '253', '142']
