['11', '87', '122', '169', '226', '253', '283', '330', '336', '387', '441']
['41', '114', '158', '192', '306', '325', '358', '384', '434']
['44', '97', '128', '135', '164', '196', '311', '314', '367', '419']
['20', '79', '86', '124', '138', '184', '435', '469']
['102', '119', '209', '343', '360', '380', '439']
['49', '58', '59', '98', '154', '185', '194', '282', '461']
['33', '103', '107', '203', '206', '317', '321', '365', '401', '490']
['30', '74', '129', '420', '454', '468', '497']
['152', '197', '217', '228', '375', '429', '463']
['106', '198', '252', '299', '305', '335', '395']
['38', '62', '258', '363', '481']
['99', '140', '235', '242', '308', '372']
['54', '65', '137', '181', '207', '292', '333', '340', '359', '493', '498']
['43', '77', '104', '127', '142', '205', '269', '271', '327', '381', '388', '400', '458', '467']
['141', '144', '168', '260', '411', '428', '457', '483']
['17', '75', '88', '130', '132', '133', '171', '178', '182', '216', '230', '270', '494']
['0', '42', '46', '55', '89', '136', '231', '280', '315', '362', '391', '416', '431', '449', '465']
['45', '95', '115', '256', '266', '307', '422']
['40', '47', '72', '116', '150', '245', '248', '294', '296', '316']
['15', '29', '82', '246', '268', '278', '338', '482']
['5', '9', '50', '63', '170', '195', '259', '289', '302', '357']
['19', '22', '51', '111', '208', '236', '277', '309', '450', '477']
['69', '279', '354', '383', '398', '413', '414', '437', '456', '470', '476']
['24', '34', '105', '183', '224', '233', '265', '272', '291', '369', '445']
['149', '160', '167', '222', '250', '342', '426', '480']
['71', '348', '364', '425']
['12', '96', '234', '251', '284', '339', '374', '473']
['36', '139', '202', '212', '232', '243', '373', '392', '479']
['32', '39', '91', '101', '145', '204', '249', '322', '324', '379', '415', '423', '471']
['2', '90', '92', '180', '189', '214', '239', '326', '385']
['48', '118', '162', '276', '285', '386', '452', '474']
['60', '67', '93', '94', '112', '191']
['110', '172', '223', '261', '288', '304', '320', '328', '347', '351', '399', '408', '451', '485', '491']
['125', '213', '254', '255', '297', '356', '407', '459']
['35', '73', '186', '187', '188', '240', '273', '403', '405', '406', '460']
['108', '177', '215', '247', '298', '300', '313', '323', '393', '409', '427', '489']
['13', '31', '64', '100', '120', '193', '275', '287', '368']
['109', '151', '166', '227', '290', '303', '344', '382', '440', '455']
['8', '21', '53', '70', '78', '219', '221', '318', '377', '396']
['56', '146', '176', '244', '257', '345', '376', '495']
['14', '134', '165', '179', '190', '200', '210', '293', '301', '337', '366', '433', '447', '462']
['10', '16', '26', '28', '175', '199', '237', '241', '263', '341', '371', '412']
['25', '52', '201', '262', '312', '346', '397', '418', '488', '496']
['6', '18', '80', '143', '156', '157', '238', '274', '310', '421', '492']
['1', '4', '123', '147', '153', '267', '370', '389', '417']
['27', '81', '126', '155', '211', '264', '349', '402', '410', '472', '475', '486', '487']
['23', '66', '85', '148', '163', '229', '319', '332', '355', '361', '404', '430', '448']
['57', '61', '121', '295', '350', '394', '442', '464', '499']
['84', '131', '159', '218', '390', '432', '438', '466', '478']
['3', '7', '37', '68', '83', '117', '161', '174', '220', '281', '329', '331', '352', '436', '443', '444', '446', '453', '484']
['76', '113', '173', '225', '286', '334', '353', '378', '424']
