['65', '83', '175', '177', '179', '200', '211', '213', '215', '245']
['55', '57', '59', '61', '63', '82', '84', '86', '88', '90']
['1', '3', '5', '7', '9', '146', '184', '186', '188']
['20', '92', '100', '102', '104', '106', '108', '128', '137', '236']
['56', '121', '123', '125', '256', '258', '260']
['109', '111', '113', '115', '117', '118', '120', '122', '124', '126']
['76', '78', '80', '226', '228', '230', '232', '234']
['10', '12', '14', '16', '18', '49', '51', '53']
['91', '93', '95', '97', '99', '235', '237', '239', '241', '243']
['19', '21', '23', '25', '27', '190', '192', '194', '196', '198']
['29', '112', '114', '116', '164', '191']
['2', '31', '33', '35', '46', '48', '50', '52', '54', '263']
['148', '150', '152', '182', '238', '240', '242', '265', '267', '269']
['94', '96', '98', '110']
['22', '24', '26', '74', '103', '105', '107', '130', '132', '134']
['199', '201', '203', '205', '207', '253', '255', '257', '259', '261']
['28', '30', '32', '34', '36', '37', '39', '41', '43', '45']
['11', '119', '193', '195', '197', '244', '246', '248', '250', '252']
['38', '101', '136', '138', '140', '142', '144', '155', '209', '254']
['64', '66', '68', '70', '72', '73', '75', '77', '79', '81']
['154', '156', '158', '160', '162', '172', '174', '176', '178', '180']
['163', '165', '167', '169', '171', '262', '264', '266', '268', '270']
['13', '15', '17', '166', '168', '170', '220', '222', '224']
['85', '87', '89', '181', '183', '185', '187', '189']
['47', '58', '60', '62', '67', '69', '71']
['127', '129', '131', '133', '135', '157', '159', '161']
['40', '42', '44', '202', '204', '206', '247', '249', '251']
['4', '6', '8', '145', '147', '149', '151', '153', '173', '218']
['139', '141', '143', '217', '219', '221', '223', '225', '227']
['208', '210', '212', '214', '216', '229', '231', '233']
