['8', '37', '100', '105', '139', '150', '157', '166', '176', '203', '218', '238', '266', '297', '312', '316', '328', '332', '350', '356', '374']
['16', '46', '48', '54', '73', '76', '82', '85', '102', '127', '128', '163', '210', '241', '248', '258', '283', '329', '338', '378', '384']
['26', '27', '52', '65', '74', '84', '122', '129', '152', '206', '207', '247', '274', '289', '323', '337', '349', '354', '375', '376', '390']
['9', '25', '45', '50', '51', '75', '90', '107', '137', '173', '185', '196', '198', '201', '204', '208', '262', '269', '279', '311', '343']
['6', '20', '38', '99', '119', '155', '186', '246', '251', '260', '263', '271', '273', '285', '306', '324', '325', '397', '399']
['7', '24', '62', '121', '138', '144', '153', '175', '188', '209', '223', '242', '268', '284', '314', '320', '353', '364', '379', '383']
['29', '78', '88', '96', '110', '125', '132', '148', '169', '236', '252', '270', '281', '310', '368', '394']
['39', '42', '44', '79', '81', '101', '103', '113', '130', '165', '168', '181', '202', '213', '228', '237', '261', '293', '301', '304', '330']
['10', '17', '41', '68', '89', '97', '106', '170', '171', '178', '191', '194', '199', '224', '225', '226', '232', '308', '331', '361', '372']
['11', '21', '23', '36', '49', '67', '120', '124', '141', '142', '154', '200', '205', '211', '215', '219', '240', '272', '298', '299', '305']
['14', '15', '18', '31', '32', '47', '64', '86', '123', '135', '143', '162', '182', '214', '216', '250', '303', '319', '335', '340', '360']
['4', '30', '56', '131', '146', '158', '187', '231', '245', '255', '259', '278', '336', '362', '387', '389', '391', '398']
['28', '43', '55', '70', '83', '94', '118', '133', '156', '161', '183', '192', '230', '233', '243', '265', '309', '341', '367', '371']
['5', '61', '66', '115', '136', '167', '190', '264', '288', '294', '295', '313', '347', '352', '382', '388', '396', '400']
['13', '19', '22', '145', '149', '160', '177', '197', '220', '222', '229', '239', '253', '276', '286', '292', '307', '326', '348', '363']
['12', '35', '80', '91', '93', '104', '114', '116', '147', '151', '234', '235', '249', '277', '282', '291', '296', '321', '322', '333', '344']
['53', '58', '60', '92', '95', '108', '112', '117', '172', '212', '217', '221', '244', '287', '318', '327', '334', '345', '358']
['33', '34', '40', '63', '71', '72', '77', '140', '174', '179', '254', '257', '302', '315', '355', '357', '373', '380', '386', '393']
['1', '2', '57', '59', '69', '87', '109', '111', '134', '159', '164', '227', '339', '342', '351', '359', '365', '369', '381', '385', '392']
['3', '98', '126', '180', '184', '189', '193', '195', '256', '267', '275', '280', '290', '300', '317', '346', '366', '370', '377', '395']
