['30', '5', '588', '231', '763', '125', '262', '573', '83', '761', '20', '657', '242', '728', '240', '522', '803', '652', '63', '758', '265']
['818', '69', '455', '57', '660', '4', '407', '562', '721', '442', '524', '334', '24', '333', '373']
['152', '597', '309', '668', '661', '65', '756', '209', '434', '96', '235', '136', '175', '191', '212']
['268', '50', '344', '279', '788', '618', '706', '732', '403', '109', '526', '833', '296', '466', '804', '245']
['367', '26', '160', '19', '556', '463', '178', '801', '459', '121', '810', '368', '794', '272', '436']
['460', '722', '699', '97', '133', '663', '774', '545', '431', '671', '416', '58', '143', '126', '496', '408']
['190', '639', '353', '142', '695', '805', '644', '693', '389', '477', '795', '445', '729', '111', '123', '589', '800']
['523', '220', '59', '406', '381', '139', '814', '306', '677', '827', '683', '285', '702', '347']
['365', '361', '386', '205', '757', '543', '505', '807', '153', '159', '180', '826', '419', '67', '560', '664', '755']
['476', '176', '563', '310', '226', '369', '46', '51', '680', '385', '9', '140', '425']
['712', '822', '541', '229', '792', '31', '186', '227', '137', '554', '203', '185', '446', '472', '478', '659', '95', '249']
['787', '61', '441', '555', '444', '294', '8', '643', '513', '301', '404', '158', '676', '399', '656', '223', '599', '269', '718', '204', '3', '528']
['646', '326', '10', '824', '549', '488', '247', '412', '302', '687', '435', '828', '713', '674', '92', '254', '307', '600']
['420', '192', '580', '402', '552', '609', '604', '433', '789', '610', '41', '536', '286', '537', '120', '483', '512']
['303', '507', '773', '387', '454', '84', '638', '93', '497', '564', '184', '611']
['267', '162', '627', '443', '737', '15', '574', '356', '225', '770', '723']
['357', '527', '0', '129', '197', '7', '727', '161', '343', '777', '447', '831', '470']
['134', '692', '743', '248', '596', '375', '614', '391', '735', '650', '647', '315', '502', '39', '253', '734', '217', '606', '547', '585', '239', '401', '417', '437', '250']
['508', '313', '169', '91', '405', '438', '414', '409', '825', '341', '45', '380', '546', '598', '22', '591', '838', '579', '578', '561', '601', '52', '132', '711']
['43', '18', '645', '811', '464', '60', '641', '112', '77', '198', '519', '400', '752', '501']
['48', '622', '270', '188', '264', '779', '633', '540', '461', '202', '71', '329', '518', '108']
['684', '740', '760', '559', '500', '799', '490', '172', '594', '241', '686', '670', '328', '424', '382', '662', '211', '708', '625', '232', '603', '16', '685']
['271', '421', '474', '415', '349', '62', '634', '55', '208', '288', '337', '542', '448', '157', '224', '101', '196']
['797', '539', '568', '278', '428', '110', '165', '829', '605', '429', '802', '167', '623', '33']
['836', '275', '782', '64', '608', '17', '481', '530', '42', '298', '215', '150', '710']
['707', '36', '256', '25', '450', '293', '648', '806', '258', '360', '234', '230', '741', '815', '2', '471', '628', '103']
['785', '257', '823', '548', '615', '819', '617', '716', '649', '703', '694', '255']
['378', '87', '151', '138', '27', '44', '439', '13', '495', '791', '535', '290', '426', '780', '354', '88', '534', '813', '90']
['21', '305', '14', '720', '607', '619', '697', '146', '629', '392', '658', '410', '487', '469', '163', '11', '289', '690', '621', '114']
['233', '317', '193', '372', '115', '89', '733', '80', '746', '221', '170', '667', '475', '717', '319', '321', '452', '491']
['631', '79', '691', '768', '484', '237', '72', '730', '821', '322', '515', '655', '418', '86', '635']
['705', '164', '590', '244', '187', '154', '748', '558', '128', '149', '678', '340', '550', '592', '525', '38']
['565', '118', '174', '796', '834', '107', '390', '569', '620', '49', '171', '281', '411', '514', '820', '397', '74', '383', '124', '581', '377', '316', '776', '719']
['521', '616', '698', '637', '144', '81', '510', '263', '299', '273', '457', '575', '506', '238', '222', '499', '832']
['131', '458', '520', '681', '529', '762', '145', '467', '346', '532', '106', '839', '830', '246', '651', '304', '473', '654', '277', '456', '673', '742', '835', '731', '122', '363', '219', '179', '394']
['259', '504', '778', '371', '750', '793', '261', '749', '199', '6', '104', '116', '53', '68', '282', '284']
['243', '168', '586', '29', '503', '576', '398', '345', '544', '665', '396', '584', '194', '640', '236', '130', '280', '12', '709', '177']
['318', '228', '714', '517', '486', '632', '494', '516', '47', '370', '566', '200', '771', '570', '99', '837', '352', '295', '498', '323', '767', '374']
['682', '817', '745', '251', '759', '812', '342', '330', '577', '350', '725', '612', '183', '669']
['127', '781', '325', '119', '449', '595', '636', '451', '260', '283', '355', '75', '218', '32', '653', '423', '56', '195', '511']
['753', '292', '156', '173', '214', '102', '769', '379', '364']
['462', '816', '66', '492', '338', '312', '715', '182', '395', '427', '335', '376']
['783', '754', '348', '362', '384', '808', '672', '311', '430', '291', '688', '94', '113', '613']
['40', '583', '784', '809', '37', '744', '432', '764', '135', '509', '765', '751', '786', '314', '701', '339', '359', '189', '468', '28', '206', '100', '736']
['572', '422', '465', '54', '489', '216', '388', '642', '274', '567', '666', '726', '485', '626', '704', '453']
['366', '593', '700', '320', '724', '166', '155', '480', '327', '336', '772', '105', '287']
['98', '78', '148', '739', '297', '553', '738', '117', '82', '675', '571', '73', '679']
['531', '790', '482', '358', '300', '696', '413', '493', '210', '538', '147', '181', '331', '1']
['266', '533', '34', '602', '85', '630', '689', '70', '747', '207', '35', '624', '141', '351', '324', '276', '332']
['393', '252', '582', '775', '766', '798', '551', '308', '213', '201', '557', '479', '440', '76', '587', '23']
