['942', '264', '120', '295', '506', '231', '6', '498', '171', '431', '910', '444', '493', '261', '409', '304', '138', '48', '511', '902', '717', '114', '357', '303', '419', '301']
['400', '882', '326', '310', '318', '535', '881', '495', '208', '366', '291', '128', '496', '354', '504', '713', '847', '815', '853', '346', '603']
['435', '874', '808', '257', '165', '939', '29', '870', '709', '150', '489', '643', '275', '592', '660', '828', '934', '170', '169', '532', '237', '802', '824', '879', '700', '235', '488', '374', '843', '509', '110']
['236', '529', '462', '704', '906', '297', '194', '136', '430', '154', '396', '639', '533', '106', '167', '415', '159', '30', '220', '776', '691', '103', '425', '553', '81', '716', '213', '7', '51', '943', '233']
['840', '134', '398', '559', '841', '382', '278', '697', '26', '761', '710', '594', '102', '422', '437', '541', '771', '369', '203', '111', '739', '671', '253', '597', '914', '175', '624']
['173', '362', '358', '731', '947', '142', '719', '329', '845', '418', '762', '184', '124', '556', '669', '468', '584', '62', '838', '281', '60', '543', '200', '319', '665', '547', '384', '667', '707', '90', '64', '65', '958', '780', '748', '243', '205', '499', '621', '59']
['130', '937', '796', '736', '578', '93', '623', '424', '180', '526', '153', '115', '42', '672', '334', '133', '181', '63', '92', '854', '869', '28', '816', '157', '936', '383', '724', '814', '292', '66']
['33', '127', '546', '626', '862', '784', '116', '770', '525', '839', '921', '73', '381', '852', '327', '680', '267', '550', '393', '407', '76', '332', '925', '938', '473', '80', '99', '830', '302', '563', '91', '322']
['871', '246', '174', '160', '452', '604', '959', '554', '392', '795', '442', '36', '416', '84', '659', '576', '629', '19', '55', '75', '834', '530', '104', '950', '895', '706', '478', '9', '350']
['549', '653', '395', '139', '202', '162', '436', '472', '152', '678', '377', '664', '141', '255', '158', '94', '600', '293', '538', '68', '642', '305', '752', '555', '372', '638', '723', '866', '467', '727', '483', '406']
['222', '179', '931', '265', '747', '751', '351', '67', '2', '924', '625', '818', '735', '617', '10', '49', '272', '826', '89', '218', '953', '548', '487', '349', '428', '361', '214', '750', '183', '143', '698', '385', '773', '602', '923']
['83', '510', '288', '670', '955', '534', '260', '149', '588', '904', '825', '567', '590', '284', '408', '144', '865', '360', '560', '342', '574', '804', '661', '432', '315', '224', '634', '893', '786', '403', '61', '782', '117', '50']
['812', '561', '274', '410', '225', '252', '363', '289', '954', '161', '516', '484', '317', '945', '34', '204', '688', '40', '765', '57', '558', '37', '744', '741', '449', '414', '622', '515', '652', '353', '412']
['41', '244', '781', '481', '5', '514', '148', '523', '699', '191', '209', '344', '690', '24', '420', '22', '926', '313', '944', '589', '564', '803', '569', '725', '756', '518', '628', '941', '283', '823', '579', '572', '176', '31', '888', '732']
['848', '794', '884', '933', '445', '745', '908', '285', '245', '863', '227', '32', '542', '783', '911', '673', '779', '827', '800', '778', '266', '899', '746', '651', '86', '3', '166', '630']
['909', '583', '913', '126', '79', '618', '201', '806', '72', '494', '743', '861', '52', '649', '503', '740', '469', '960', '792', '897', '168', '464', '355', '199', '898', '537', '570', '703', '612', '859', '648', '25', '212', '655', '263', '679']
['338', '557', '901', '38', '459', '758', '239', '571', '842', '140', '78', '307', '711', '341', '775', '279', '187', '858', '178', '896', '587', '876']
['598', '88', '689', '636', '471', '868', '519', '58', '82', '461', '475', '857', '241', '524', '8', '586', '702', '951', '320', '507', '646', '919', '753', '777', '805', '306', '330', '668', '609', '930', '512']
['434', '728', '482', '316', '662', '95', '448', '788', '513', '196', '809', '247', '720', '733', '940', '889', '712', '573', '601', '787', '676', '836', '715', '856', '692', '440', '273', '927', '577', '677', '186', '195', '46', '610', '734', '323']
['645', '71', '721', '456', '605', '729', '299', '348', '423', '935', '193', '439', '769', '387', '321', '270', '821', '397', '813', '221', '217', '446', '386', '43', '477']
['336', '957', '738', '790', '801', '211', '324', '596', '757', '70', '819', '566', '855', '552', '686', '633', '15', '337', '785', '892', '21', '426', '912']
['928', '599', '880', '722', '328', '631', '276', '540', '294', '380', '427', '695', '54', '486', '311', '339', '730', '872', '359', '404', '458', '219', '421', '269', '454', '905', '69', '810', '441', '916']
['85', '188', '259', '641', '768', '952', '109', '883', '443', '616', '189', '39', '333', '793', '650', '851', '635', '565', '877', '657', '216', '113', '177', '539', '182', '885', '105', '887', '107', '835', '797', '16', '932']
['287', '18', '198', '867', '453', '388', '891', '831', '371', '490', '379', '701', '365', '254', '545', '640', '17', '343', '694', '726', '309', '190', '759', '767', '271', '277', '696', '155', '595', '240', '206', '118', '749', '531']
['230', '674', '296', '367', '846', '465', '714', '568', '280', '457', '119', '375', '654', '585', '378', '620', '391', '849', '591', '820', '685', '755', '608', '666', '450', '101', '658', '485', '429', '56', '922', '705', '491', '238', '844', '637', '675', '682', '370', '873', '248', '822', '500', '156', '929', '4']
['234', '373', '956', '832', '163', '593', '108', '522', '364', '345', '551', '737', '100', '681', '268', '917', '580', '850', '433', '807', '708', '766', '502', '920', '300', '131', '742', '98', '12', '121', '683', '798', '581', '282', '611']
['607', '286', '135', '527', '197', '123', '903', '693', '145', '582', '614', '447', '833', '356', '352', '97', '405', '644', '536', '860', '251', '298', '402', '242', '480', '262', '476', '837', '0', '13', '718', '501', '615']
['505', '760', '389', '619', '401', '684', '474', '112', '817', '129', '331', '417', '438', '562', '53', '132', '754', '575', '122', '463', '290', '864', '918', '226', '77', '946', '411', '520', '789', '347', '368', '228', '258', '210', '900', '774', '890', '44']
['20', '35', '460', '27', '1', '799', '413', '87', '875', '613', '451', '335', '508', '763', '192', '151', '915', '886', '229', '47', '256', '232', '466', '96', '376', '772']
['250', '627', '325', '479', '811', '528', '185', '656', '23', '137', '249', '207', '172', '907', '125', '74', '606', '517', '663', '223', '829', '14', '314', '312']
['146', '340', '215', '455', '687', '894', '390', '308', '492', '764', '948', '544', '399', '147', '521', '791', '394', '878', '647', '949', '497', '45', '164', '632', '11', '470']
