['24', '714', '824', '77', '979', '663', '849', '692', '536', '938', '96', '505', '380', '520', '184', '677', '701', '590', '72', '974', '337', '419', '803', '218', '888', '705', '314']
['598', '671', '753', '101', '80', '554', '422', '118', '959', '550', '92', '365', '508', '883', '966', '791', '195', '905', '797', '144', '313', '146', '66', '853', '406', '16']
['439', '68', '763', '740', '401', '534', '384', '438', '185', '794', '727', '300', '811', '76', '939', '432', '232', '30', '4', '343', '426', '180', '793', '363', '362']
['171', '976', '845', '56', '427', '414', '416', '901', '88', '368', '773', '507', '906', '716', '8', '449', '278', '37']
['765', '344', '244', '242', '869', '626', '369', '29', '890', '131', '965', '226', '10', '182', '733', '235', '817', '415', '145', '0']
['957', '177', '84', '11', '551', '165', '725', '802', '53', '55', '175', '848', '667', '932', '440', '963', '331', '795', '750', '17', '345', '720', '120', '665', '766', '874', '207', '43', '216']
['202', '589', '85', '634', '952', '887', '462', '162', '209', '500', '847', '347', '712', '62', '569', '86', '866', '629', '611', '467']
['691', '329', '333', '14', '348', '661', '206', '341', '747', '804', '477', '52', '290', '779', '934', '885', '397', '748', '892', '167', '402', '490', '762', '709', '49', '217', '61', '641', '135']
['814', '760', '316', '222', '546', '544', '236', '83', '39', '212', '312', '395', '295', '844', '559', '22', '913', '843', '616', '789', '822', '99', '429', '681', '444', '499', '683', '215', '519']
['678', '767', '850', '151', '527', '367', '138', '267', '143', '539', '587', '254', '126', '782', '673', '517', '475', '15', '946', '515', '435', '137', '393', '233', '900']
['898', '780', '916', '525', '65', '852', '21', '159', '907', '238', '136', '90', '188', '846', '302', '580', '834', '840', '741', '606', '771', '40', '798', '685', '381', '75', '134', '826', '44']
['31', '303', '154', '597', '659', '420', '991', '620', '208', '460', '838', '917', '557', '157', '69', '394', '962', '108', '903', '142', '915', '566', '164', '133', '973', '768', '662', '881', '350']
['688', '672', '729', '383', '529', '174', '586', '669', '270', '58', '457', '630', '461', '280', '664', '875', '775', '304', '542', '985', '693', '564']
['570', '339', '756', '481', '261', '454', '612', '141', '230', '289', '390', '305', '317', '805', '739', '271', '326', '293', '912', '778', '862', '977', '904']
['169', '816', '823', '622', '503', '577', '482', '258', '987', '821', '501', '921', '751', '686', '385', '679', '675', '123', '452', '595']
['87', '676', '926', '237', '478', '603', '227', '223', '800', '378', '211', '700', '288', '744', '940', '251', '125', '953', '309', '986', '324']
['47', '988', '489', '774', '722', '645', '649', '389', '728', '605', '192', '59', '194', '338', '323', '308', '240']
['607', '25', '472', '417', '127', '187', '285', '674', '710', '891', '856', '670', '694', '954', '115', '614', '106', '615', '352', '920']
['860', '893', '330', '273', '418', '971', '924', '975', '832', '807', '726', '882', '109', '978', '933', '613', '299', '922', '186', '502']
['12', '18', '63', '810', '964', '718', '857', '738', '421', '35', '361', '884', '609', '453', '32', '914', '358', '110', '213', '943', '179']
['654', '568', '409', '197', '189', '130', '624', '876', '785', '528', '650', '335', '480', '646', '599', '631', '284', '972', '153', '228', '927', '632', '149', '360', '695', '140', '981', '229', '355']
['224', '721', '495', '19', '190', '2', '5', '638', '20', '820', '74', '51', '947', '897', '835', '349', '465', '666', '813', '148']
['608', '647', '239', '895', '9', '54', '315', '64', '706', '949', '504', '538', '960', '320', '717', '567', '214', '941']
['450', '479', '877', '196', '200', '277', '719', '168', '119', '430', '735', '33', '880', '777', '257', '297', '471', '296', '578', '968', '156', '545', '336']
['91', '776', '625', '944', '713', '521', '283', '637', '837', '558', '772', '423', '387', '593', '909', '266', '403']
['400', '829', '150', '221', '494', '812', '23', '623', '627', '36', '591', '859', '97', '955', '117', '644', '276', '516', '752', '445', '651', '93', '26', '264', '375', '473', '770', '176']
['602', '657', '269', '287', '448', '746', '166', '328', '294', '376', '825', '737', '980', '755', '193', '572', '234', '855', '459', '437', '989', '878', '680', '982']
['113', '155', '491', '783', '925', '398', '754', '311', '6', '610', '356', '94', '327']
['298', '560', '396', '601', '124', '458', '937', '476', '576', '582', '160', '111', '618', '407', '584', '936', '908', '819', '340']
['442', '466', '255', '865', '364', '553', '256', '220', '574', '573', '129', '910', '404', '769', '366', '918', '841', '923', '868', '513', '103', '334']
['46', '50', '447', '684', '523', '1', '522', '619', '105', '286', '204', '836', '828', '548', '158', '225', '279', '552', '621', '498', '537', '556', '132', '930', '571']
['492', '801', '268', '357', '392', '786', '38', '332', '374', '715', '263', '198', '512']
['732', '703', '161', '428', '67', '781', '470', '594', '533', '575', '961', '183', '399', '98', '410', '588', '690', '628', '787', '152', '531', '412', '983', '851']
['788', '484', '210', '653', '831', '371', '386', '697', '660', '34', '265', '687', '707', '71', '682']
['532', '704', '431', '863', '652', '318', '643', '658', '260', '73', '592', '992', '524', '764', '114', '617', '45']
['81', '275', '219', '241', '351', '434', '13', '443', '488', '635', '535', '60', '474', '724', '259', '871']
['948', '496', '379', '911', '249', '456', '867', '248', '112', '147', '107', '919', '497', '565', '894', '640', '526', '842', '102', '321', '252', '346', '301', '42']
['549', '723', '702', '792', '931', '181', '600', '698', '468', '139', '493', '203', '585', '353', '604', '41', '696', '827', '830', '95', '377', '281', '172', '451', '116']
['48', '243', '205', '945', '511', '736', '958', '935', '902', '541', '889', '342', '319', '291', '561', '104', '928', '282', '950', '191', '540', '758', '455', '247']
['3', '757', '253', '808', '28', '262', '245', '929', '530', '833', '306', '563', '790', '543', '441', '655', '969', '469', '742', '809', '373', '388', '173', '734', '307', '689', '359', '633', '759']
['648', '699', '509', '413', '745', '121', '711', '639', '246', '70', '761', '870', '57', '861', '463', '815', '743', '596', '408', '514', '122', '446', '411']
['372', '970', '486', '967', '839', '82', '78', '668', '100', '886', '636', '274', '7', '231', '799', '292', '201', '899', '984', '956', '583', '464', '990', '128', '864', '436']
['731', '642', '951', '562', '879', '382', '872', '796', '405', '749', '325', '424', '896', '370', '163', '250', '322', '518', '433', '425', '79', '89']
['806', '784', '178', '483', '272', '354', '310', '510', '170', '873', '547', '858', '199', '391', '730', '818', '555', '579', '485', '656', '506', '581', '27', '854', '942', '708', '487']
