['349', '596', '102', '597', '161', '593', '163', '541', '415', '24', '35', '468', '572', '20', '130', '550', '274', '98', '369', '94', '477', '149', '534', '93']
['52', '302', '307', '459', '246', '113', '234', '479', '37', '373', '364', '385', '83', '138', '328', '591', '317']
['403', '516', '549', '478', '59', '395', '205', '54', '231', '268', '29', '179', '437', '402', '341', '587', '436', '515', '438', '48', '84']
['304', '12', '103', '346', '176', '420', '167', '258', '548', '545', '134', '241', '422', '446', '389', '22', '301', '250', '581', '542', '509', '497', '492', '283', '383', '240']
['576', '27', '142', '145', '119', '61', '462', '261', '58', '521', '0', '452', '370', '471', '487', '214', '128', '556', '575', '166', '233', '531', '199', '204', '216', '272', '344', '153', '589', '543']
['294', '21', '101', '493', '228', '371', '418', '14', '70', '279', '165', '476', '252', '6', '251', '289', '486', '350', '568', '453', '584', '288', '435', '595', '570', '248']
['397', '412', '38', '143', '434', '132', '536', '505', '406', '460', '374', '2', '284', '386', '50', '106', '334', '562', '484', '578', '361', '464', '44', '208', '273', '298', '391']
['51', '522', '226', '64', '118', '188', '439', '60', '271', '532', '458', '187', '419', '182', '372', '99', '270', '567', '351', '338', '447', '8', '63', '267', '193', '585', '86', '355', '318', '490']
['558', '524', '220', '441', '368', '280', '79', '299', '410', '540', '390', '496', '561', '275', '426', '470', '73', '11', '190', '9', '88', '359', '7', '495', '400', '141']
['97', '377', '499', '135', '77', '399', '555', '181', '565', '481', '174', '213', '116', '160', '327', '76', '46', '123', '18', '177', '428', '218', '579']
['196', '219', '501', '329', '480', '13', '367', '28', '286', '262', '203', '285', '417', '47', '185', '332', '449', '451', '265', '169', '295', '151', '150', '178', '430', '384']
['276', '404', '331', '546', '4', '112', '586', '80', '320', '345', '290', '49', '440', '224', '56', '475', '309', '388', '210', '573', '194', '65']
['82', '488', '140', '183', '125', '257', '504', '380', '393', '3', '443', '482', '424', '514', '580', '574', '473', '442', '552', '538', '375', '110', '147', '87', '445', '198']
['348', '551', '319', '277', '431', '25', '409', '485', '376', '238', '247', '523', '253', '330', '408', '201', '245', '312', '212', '469', '244', '42', '360', '266', '74', '236', '68']
['53', '527', '230', '466', '394', '407', '62', '382', '411', '310', '156', '173', '158', '184', '314', '325', '225', '95', '398', '259', '554', '590', '401', '136', '511', '461']
['31', '108', '365', '535', '17', '362', '144', '36', '256', '588', '223', '278', '122', '67', '506', '237', '146', '316', '582', '518', '159', '507', '525', '547']
['537', '207', '127', '191', '40', '533', '115', '66', '232', '92', '530', '107', '519', '366', '170', '243']
['598', '339', '175', '164', '500', '109', '202', '342', '192', '457', '168', '352', '281', '55', '72', '1', '5', '200', '292', '347', '10', '413', '379', '114']
['69', '180', '321', '529', '311', '124', '16', '491', '539', '39', '381', '423', '105', '157', '354', '463', '303', '78', '357', '544', '249', '489', '512', '427', '306', '152', '186', '429']
['41', '448', '308', '494', '300', '26', '396', '324', '45', '444', '322', '162', '229', '96', '323', '129', '483', '171', '217', '553', '197', '583', '287']
['71', '455', '235', '392', '90', '30', '19', '34', '517', '343', '33', '242', '293', '148', '117', '557', '432', '594', '474', '206', '337']
['215', '239', '378', '254', '560', '528', '333', '172', '472', '566', '264', '416', '421', '456', '467', '255', '363', '131', '133']
['297', '291', '23', '195', '450', '154', '121', '526', '315', '139', '100', '340', '155', '520', '111', '43', '326', '85', '296', '414', '571', '221', '189']
['120', '563', '81', '222', '282', '503', '305', '353', '356', '425', '32', '405', '498', '269', '211', '335', '465', '433', '510', '387', '89', '592', '577']
['137', '91', '104', '57', '227', '209', '513', '559', '564', '15', '75', '126', '313', '263', '260', '454', '508', '599', '502', '358', '569', '336']
